Analysis & Synthesis report for delenie
Mon May 17 18:58:41 2021
Quartus II Version 9.0 Build 132 02/25/2009 SJ Full Version


---------------------
; Table of Contents ;
---------------------
  1. Legal Notice
  2. Analysis & Synthesis Summary
  3. Analysis & Synthesis Settings
  4. Registers Removed During Synthesis
  5. Source assignments for CT1:inst9|lpm_counter:lpm_counter_component
  6. Source assignments for st2:inst22|lpm_counter:lpm_counter_component
  7. Parameter Settings for User Entity Instance: RG2:inst3|lpm_ff:lpm_ff_component
  8. Parameter Settings for User Entity Instance: SM1:inst2|lpm_add_sub:lpm_add_sub_component
  9. Parameter Settings for User Entity Instance: XOR11:inst1|lpm_xor:lpm_xor_component
 10. Parameter Settings for User Entity Instance: RG1:inst|lpm_shiftreg:lpm_shiftreg_component
 11. Parameter Settings for User Entity Instance: CT1:inst9|lpm_counter:lpm_counter_component
 12. Parameter Settings for User Entity Instance: RG3:inst7|lpm_shiftreg:lpm_shiftreg_component
 13. Parameter Settings for User Entity Instance: xor3:inst39|lpm_xor:lpm_xor_component
 14. Parameter Settings for User Entity Instance: SM2:inst19|lpm_add_sub:lpm_add_sub_component
 15. Parameter Settings for User Entity Instance: RG4:inst21|lpm_ff:lpm_ff_component
 16. Parameter Settings for User Entity Instance: xor8:inst40|lpm_xor:lpm_xor_component
 17. Parameter Settings for User Entity Instance: st2:inst22|lpm_counter:lpm_counter_component
 18. Parameter Settings for User Entity Instance: orr:inst8|LPM_OR:lpm_or_component
 19. Parameter Settings for User Entity Instance: xor8:inst49|lpm_xor:lpm_xor_component
 20. lpm_shiftreg Parameter Settings by Entity Instance
 21. Analysis & Synthesis Messages



----------------
; Legal Notice ;
----------------
Copyright (C) 1991-2009 Altera Corporation
Your use of Altera Corporation's design tools, logic functions 
and other software and tools, and its AMPP partner logic 
functions, and any output files from any of the foregoing 
(including device programming or simulation files), and any 
associated documentation or information are expressly subject 
to the terms and conditions of the Altera Program License 
Subscription Agreement, Altera MegaCore Function License 
Agreement, or other applicable license agreement, including, 
without limitation, that your use is for the sole purpose of 
programming logic devices manufactured by Altera and sold by 
Altera or its authorized distributors.  Please refer to the 
applicable agreement for further details.



+-------------------------------------------------------------------------------+
; Analysis & Synthesis Summary                                                  ;
+------------------------------------+------------------------------------------+
; Analysis & Synthesis Status        ; Successful - Mon May 17 18:58:41 2021    ;
; Quartus II Version                 ; 9.0 Build 132 02/25/2009 SJ Full Version ;
; Revision Name                      ; delenie                                  ;
; Top-level Entity Name              ; delenie                                  ;
; Family                             ; Cyclone III                              ;
; Total logic elements               ; N/A until Partition Merge                ;
;     Total combinational functions  ; N/A until Partition Merge                ;
;     Dedicated logic registers      ; N/A until Partition Merge                ;
; Total registers                    ; N/A until Partition Merge                ;
; Total pins                         ; N/A until Partition Merge                ;
; Total virtual pins                 ; N/A until Partition Merge                ;
; Total memory bits                  ; N/A until Partition Merge                ;
; Embedded Multiplier 9-bit elements ; N/A until Partition Merge                ;
; Total PLLs                         ; N/A until Partition Merge                ;
+------------------------------------+------------------------------------------+


+----------------------------------------------------------------------------------------------------------+
; Analysis & Synthesis Settings                                                                            ;
+----------------------------------------------------------------+--------------------+--------------------+
; Option                                                         ; Setting            ; Default Value      ;
+----------------------------------------------------------------+--------------------+--------------------+
; Device                                                         ; EP3C5F256C6        ;                    ;
; Top-level entity name                                          ; delenie            ; delenie            ;
; Family name                                                    ; Cyclone III        ; Stratix II         ;
; Use Generated Physical Constraints File                        ; Off                ;                    ;
; Use smart compilation                                          ; Off                ; Off                ;
; Restructure Multiplexers                                       ; Auto               ; Auto               ;
; Create Debugging Nodes for IP Cores                            ; Off                ; Off                ;
; Preserve fewer node names                                      ; On                 ; On                 ;
; Disable OpenCore Plus hardware evaluation                      ; Off                ; Off                ;
; Verilog Version                                                ; Verilog_2001       ; Verilog_2001       ;
; VHDL Version                                                   ; VHDL93             ; VHDL93             ;
; State Machine Processing                                       ; Auto               ; Auto               ;
; Safe State Machine                                             ; Off                ; Off                ;
; Extract Verilog State Machines                                 ; On                 ; On                 ;
; Extract VHDL State Machines                                    ; On                 ; On                 ;
; Ignore Verilog initial constructs                              ; Off                ; Off                ;
; Iteration limit for constant Verilog loops                     ; 5000               ; 5000               ;
; Iteration limit for non-constant Verilog loops                 ; 250                ; 250                ;
; Add Pass-Through Logic to Inferred RAMs                        ; On                 ; On                 ;
; Parallel Synthesis                                             ; Off                ; Off                ;
; DSP Block Balancing                                            ; Auto               ; Auto               ;
; NOT Gate Push-Back                                             ; On                 ; On                 ;
; Power-Up Don't Care                                            ; On                 ; On                 ;
; Remove Redundant Logic Cells                                   ; Off                ; Off                ;
; Remove Duplicate Registers                                     ; On                 ; On                 ;
; Ignore CARRY Buffers                                           ; Off                ; Off                ;
; Ignore CASCADE Buffers                                         ; Off                ; Off                ;
; Ignore GLOBAL Buffers                                          ; Off                ; Off                ;
; Ignore ROW GLOBAL Buffers                                      ; Off                ; Off                ;
; Ignore LCELL Buffers                                           ; Off                ; Off                ;
; Ignore SOFT Buffers                                            ; On                 ; On                 ;
; Limit AHDL Integers to 32 Bits                                 ; Off                ; Off                ;
; Optimization Technique                                         ; Balanced           ; Balanced           ;
; Carry Chain Length                                             ; 70                 ; 70                 ;
; Auto Carry Chains                                              ; On                 ; On                 ;
; Auto Open-Drain Pins                                           ; On                 ; On                 ;
; Perform WYSIWYG Primitive Resynthesis                          ; Off                ; Off                ;
; Auto ROM Replacement                                           ; On                 ; On                 ;
; Auto RAM Replacement                                           ; On                 ; On                 ;
; Auto DSP Block Replacement                                     ; On                 ; On                 ;
; Auto Shift Register Replacement                                ; Auto               ; Auto               ;
; Auto Clock Enable Replacement                                  ; On                 ; On                 ;
; Strict RAM Replacement                                         ; Off                ; Off                ;
; Allow Synchronous Control Signals                              ; On                 ; On                 ;
; Force Use of Synchronous Clear Signals                         ; Off                ; Off                ;
; Auto RAM Block Balancing                                       ; On                 ; On                 ;
; Auto RAM to Logic Cell Conversion                              ; Off                ; Off                ;
; Auto Resource Sharing                                          ; Off                ; Off                ;
; Allow Any RAM Size For Recognition                             ; Off                ; Off                ;
; Allow Any ROM Size For Recognition                             ; Off                ; Off                ;
; Allow Any Shift Register Size For Recognition                  ; Off                ; Off                ;
; Use LogicLock Constraints during Resource Balancing            ; On                 ; On                 ;
; Ignore translate_off and synthesis_off directives              ; Off                ; Off                ;
; Timing-Driven Synthesis                                        ; Off                ; Off                ;
; Show Parameter Settings Tables in Synthesis Report             ; On                 ; On                 ;
; Ignore Maximum Fan-Out Assignments                             ; Off                ; Off                ;
; Synchronization Register Chain Length                          ; 2                  ; 2                  ;
; PowerPlay Power Optimization                                   ; Normal compilation ; Normal compilation ;
; HDL message level                                              ; Level2             ; Level2             ;
; Suppress Register Optimization Related Messages                ; Off                ; Off                ;
; Number of Removed Registers Reported in Synthesis Report       ; 100                ; 100                ;
; Number of Inverted Registers Reported in Synthesis Report      ; 100                ; 100                ;
; Clock MUX Protection                                           ; On                 ; On                 ;
; Auto Gated Clock Conversion                                    ; Off                ; Off                ;
; Block Design Naming                                            ; Auto               ; Auto               ;
; SDC constraint protection                                      ; Off                ; Off                ;
; Synthesis Effort                                               ; Auto               ; Auto               ;
; Allows Asynchronous Clear Usage For Shift Register Replacement ; On                 ; On                 ;
; Analysis & Synthesis Message Level                             ; Medium             ; Medium             ;
+----------------------------------------------------------------+--------------------+--------------------+


+---------------------------------------------------------------------------------+
; Registers Removed During Synthesis                                              ;
+----------------------------------------+----------------------------------------+
; Register name                          ; Reason for Removal                     ;
+----------------------------------------+----------------------------------------+
; UA:inst33|pc[4..31]                    ; Stuck at GND due to stuck port data_in ;
; Total Number of Removed Registers = 28 ;                                        ;
+----------------------------------------+----------------------------------------+


+--------------------------------------------------------------------+
; Source assignments for CT1:inst9|lpm_counter:lpm_counter_component ;
+---------------------------+-------+------+-------------------------+
; Assignment                ; Value ; From ; To                      ;
+---------------------------+-------+------+-------------------------+
; SUPPRESS_DA_RULE_INTERNAL ; a101  ; -    ; -                       ;
; SUPPRESS_DA_RULE_INTERNAL ; s102  ; -    ; -                       ;
; SUPPRESS_DA_RULE_INTERNAL ; s103  ; -    ; -                       ;
+---------------------------+-------+------+-------------------------+


+---------------------------------------------------------------------+
; Source assignments for st2:inst22|lpm_counter:lpm_counter_component ;
+---------------------------+-------+------+--------------------------+
; Assignment                ; Value ; From ; To                       ;
+---------------------------+-------+------+--------------------------+
; SUPPRESS_DA_RULE_INTERNAL ; a101  ; -    ; -                        ;
; SUPPRESS_DA_RULE_INTERNAL ; s102  ; -    ; -                        ;
; SUPPRESS_DA_RULE_INTERNAL ; s103  ; -    ; -                        ;
+---------------------------+-------+------+--------------------------+


+--------------------------------------------------------------------------------+
; Parameter Settings for User Entity Instance: RG2:inst3|lpm_ff:lpm_ff_component ;
+------------------------+-------------+-----------------------------------------+
; Parameter Name         ; Value       ; Type                                    ;
+------------------------+-------------+-----------------------------------------+
; LPM_WIDTH              ; 21          ; Untyped                                 ;
; LPM_AVALUE             ; UNUSED      ; Untyped                                 ;
; LPM_SVALUE             ; UNUSED      ; Untyped                                 ;
; LPM_FFTYPE             ; DFF         ; Untyped                                 ;
; DEVICE_FAMILY          ; Cyclone III ; Untyped                                 ;
; CBXI_PARAMETER         ; NOTHING     ; Untyped                                 ;
; AUTO_CARRY_CHAINS      ; ON          ; AUTO_CARRY                              ;
; IGNORE_CARRY_BUFFERS   ; OFF         ; IGNORE_CARRY                            ;
; AUTO_CASCADE_CHAINS    ; ON          ; AUTO_CASCADE                            ;
; IGNORE_CASCADE_BUFFERS ; OFF         ; IGNORE_CASCADE                          ;
+------------------------+-------------+-----------------------------------------+
Note: In order to hide this table in the UI and the text report file, please set the "Show Parameter Settings Tables in Synthesis Report" option in "Analysis and Synthesis Settings -> More Settings" to "Off".


+------------------------------------------------------------------------------------------+
; Parameter Settings for User Entity Instance: SM1:inst2|lpm_add_sub:lpm_add_sub_component ;
+------------------------+-------------+---------------------------------------------------+
; Parameter Name         ; Value       ; Type                                              ;
+------------------------+-------------+---------------------------------------------------+
; LPM_WIDTH              ; 21          ; Untyped                                           ;
; LPM_REPRESENTATION     ; SIGNED      ; Untyped                                           ;
; LPM_DIRECTION          ; ADD         ; Untyped                                           ;
; ONE_INPUT_IS_CONSTANT  ; NO          ; Untyped                                           ;
; LPM_PIPELINE           ; 0           ; Untyped                                           ;
; MAXIMIZE_SPEED         ; 5           ; Untyped                                           ;
; REGISTERED_AT_END      ; 0           ; Untyped                                           ;
; OPTIMIZE_FOR_SPEED     ; 5           ; Untyped                                           ;
; USE_CS_BUFFERS         ; 1           ; Untyped                                           ;
; CARRY_CHAIN            ; MANUAL      ; Untyped                                           ;
; CARRY_CHAIN_LENGTH     ; 48          ; CARRY_CHAIN_LENGTH                                ;
; DEVICE_FAMILY          ; Cyclone III ; Untyped                                           ;
; USE_WYS                ; OFF         ; Untyped                                           ;
; STYLE                  ; FAST        ; Untyped                                           ;
; CBXI_PARAMETER         ; add_sub_nsh ; Untyped                                           ;
; AUTO_CARRY_CHAINS      ; ON          ; AUTO_CARRY                                        ;
; IGNORE_CARRY_BUFFERS   ; OFF         ; IGNORE_CARRY                                      ;
; AUTO_CASCADE_CHAINS    ; ON          ; AUTO_CASCADE                                      ;
; IGNORE_CASCADE_BUFFERS ; OFF         ; IGNORE_CASCADE                                    ;
+------------------------+-------------+---------------------------------------------------+
Note: In order to hide this table in the UI and the text report file, please set the "Show Parameter Settings Tables in Synthesis Report" option in "Analysis and Synthesis Settings -> More Settings" to "Off".


+------------------------------------------------------------------------------------+
; Parameter Settings for User Entity Instance: XOR11:inst1|lpm_xor:lpm_xor_component ;
+----------------+-------+-----------------------------------------------------------+
; Parameter Name ; Value ; Type                                                      ;
+----------------+-------+-----------------------------------------------------------+
; LPM_WIDTH      ; 21    ; Untyped                                                   ;
; LPM_SIZE       ; 2     ; Untyped                                                   ;
+----------------+-------+-----------------------------------------------------------+
Note: In order to hide this table in the UI and the text report file, please set the "Show Parameter Settings Tables in Synthesis Report" option in "Analysis and Synthesis Settings -> More Settings" to "Off".


+-------------------------------------------------------------------------------------------+
; Parameter Settings for User Entity Instance: RG1:inst|lpm_shiftreg:lpm_shiftreg_component ;
+------------------------+-------------+----------------------------------------------------+
; Parameter Name         ; Value       ; Type                                               ;
+------------------------+-------------+----------------------------------------------------+
; LPM_WIDTH              ; 20          ; Untyped                                            ;
; LPM_DIRECTION          ; RIGHT       ; Untyped                                            ;
; LPM_AVALUE             ; UNUSED      ; Untyped                                            ;
; LPM_SVALUE             ; UNUSED      ; Untyped                                            ;
; DEVICE_FAMILY          ; Cyclone III ; Untyped                                            ;
; AUTO_CARRY_CHAINS      ; ON          ; AUTO_CARRY                                         ;
; IGNORE_CARRY_BUFFERS   ; OFF         ; IGNORE_CARRY                                       ;
; AUTO_CASCADE_CHAINS    ; ON          ; AUTO_CASCADE                                       ;
; IGNORE_CASCADE_BUFFERS ; OFF         ; IGNORE_CASCADE                                     ;
+------------------------+-------------+----------------------------------------------------+
Note: In order to hide this table in the UI and the text report file, please set the "Show Parameter Settings Tables in Synthesis Report" option in "Analysis and Synthesis Settings -> More Settings" to "Off".


+------------------------------------------------------------------------------------------+
; Parameter Settings for User Entity Instance: CT1:inst9|lpm_counter:lpm_counter_component ;
+------------------------+-------------+---------------------------------------------------+
; Parameter Name         ; Value       ; Type                                              ;
+------------------------+-------------+---------------------------------------------------+
; AUTO_CARRY_CHAINS      ; ON          ; AUTO_CARRY                                        ;
; IGNORE_CARRY_BUFFERS   ; OFF         ; IGNORE_CARRY                                      ;
; AUTO_CASCADE_CHAINS    ; ON          ; AUTO_CASCADE                                      ;
; IGNORE_CASCADE_BUFFERS ; OFF         ; IGNORE_CASCADE                                    ;
; LPM_WIDTH              ; 5           ; Untyped                                           ;
; LPM_DIRECTION          ; UP          ; Untyped                                           ;
; LPM_MODULUS            ; 0           ; Untyped                                           ;
; LPM_AVALUE             ; UNUSED      ; Untyped                                           ;
; LPM_SVALUE             ; UNUSED      ; Untyped                                           ;
; LPM_PORT_UPDOWN        ; PORT_UNUSED ; Untyped                                           ;
; DEVICE_FAMILY          ; Cyclone III ; Untyped                                           ;
; CARRY_CHAIN            ; MANUAL      ; Untyped                                           ;
; CARRY_CHAIN_LENGTH     ; 48          ; CARRY_CHAIN_LENGTH                                ;
; NOT_GATE_PUSH_BACK     ; ON          ; NOT_GATE_PUSH_BACK                                ;
; CARRY_CNT_EN           ; SMART       ; Untyped                                           ;
; LABWIDE_SCLR           ; ON          ; Untyped                                           ;
; USE_NEW_VERSION        ; TRUE        ; Untyped                                           ;
; CBXI_PARAMETER         ; cntr_6cj    ; Untyped                                           ;
+------------------------+-------------+---------------------------------------------------+
Note: In order to hide this table in the UI and the text report file, please set the "Show Parameter Settings Tables in Synthesis Report" option in "Analysis and Synthesis Settings -> More Settings" to "Off".


+--------------------------------------------------------------------------------------------+
; Parameter Settings for User Entity Instance: RG3:inst7|lpm_shiftreg:lpm_shiftreg_component ;
+------------------------+-------------+-----------------------------------------------------+
; Parameter Name         ; Value       ; Type                                                ;
+------------------------+-------------+-----------------------------------------------------+
; LPM_WIDTH              ; 10          ; Untyped                                             ;
; LPM_DIRECTION          ; LEFT        ; Untyped                                             ;
; LPM_AVALUE             ; UNUSED      ; Untyped                                             ;
; LPM_SVALUE             ; UNUSED      ; Untyped                                             ;
; DEVICE_FAMILY          ; Cyclone III ; Untyped                                             ;
; AUTO_CARRY_CHAINS      ; ON          ; AUTO_CARRY                                          ;
; IGNORE_CARRY_BUFFERS   ; OFF         ; IGNORE_CARRY                                        ;
; AUTO_CASCADE_CHAINS    ; ON          ; AUTO_CASCADE                                        ;
; IGNORE_CASCADE_BUFFERS ; OFF         ; IGNORE_CASCADE                                      ;
+------------------------+-------------+-----------------------------------------------------+
Note: In order to hide this table in the UI and the text report file, please set the "Show Parameter Settings Tables in Synthesis Report" option in "Analysis and Synthesis Settings -> More Settings" to "Off".


+------------------------------------------------------------------------------------+
; Parameter Settings for User Entity Instance: xor3:inst39|lpm_xor:lpm_xor_component ;
+----------------+-------+-----------------------------------------------------------+
; Parameter Name ; Value ; Type                                                      ;
+----------------+-------+-----------------------------------------------------------+
; LPM_WIDTH      ; 1     ; Signed Integer                                            ;
; LPM_SIZE       ; 3     ; Signed Integer                                            ;
+----------------+-------+-----------------------------------------------------------+
Note: In order to hide this table in the UI and the text report file, please set the "Show Parameter Settings Tables in Synthesis Report" option in "Analysis and Synthesis Settings -> More Settings" to "Off".


+-------------------------------------------------------------------------------------------+
; Parameter Settings for User Entity Instance: SM2:inst19|lpm_add_sub:lpm_add_sub_component ;
+------------------------+-------------+----------------------------------------------------+
; Parameter Name         ; Value       ; Type                                               ;
+------------------------+-------------+----------------------------------------------------+
; LPM_WIDTH              ; 5           ; Untyped                                            ;
; LPM_REPRESENTATION     ; SIGNED      ; Untyped                                            ;
; LPM_DIRECTION          ; ADD         ; Untyped                                            ;
; ONE_INPUT_IS_CONSTANT  ; NO          ; Untyped                                            ;
; LPM_PIPELINE           ; 0           ; Untyped                                            ;
; MAXIMIZE_SPEED         ; 5           ; Untyped                                            ;
; REGISTERED_AT_END      ; 0           ; Untyped                                            ;
; OPTIMIZE_FOR_SPEED     ; 5           ; Untyped                                            ;
; USE_CS_BUFFERS         ; 1           ; Untyped                                            ;
; CARRY_CHAIN            ; MANUAL      ; Untyped                                            ;
; CARRY_CHAIN_LENGTH     ; 48          ; CARRY_CHAIN_LENGTH                                 ;
; DEVICE_FAMILY          ; Cyclone III ; Untyped                                            ;
; USE_WYS                ; OFF         ; Untyped                                            ;
; STYLE                  ; FAST        ; Untyped                                            ;
; CBXI_PARAMETER         ; add_sub_4ai ; Untyped                                            ;
; AUTO_CARRY_CHAINS      ; ON          ; AUTO_CARRY                                         ;
; IGNORE_CARRY_BUFFERS   ; OFF         ; IGNORE_CARRY                                       ;
; AUTO_CASCADE_CHAINS    ; ON          ; AUTO_CASCADE                                       ;
; IGNORE_CASCADE_BUFFERS ; OFF         ; IGNORE_CASCADE                                     ;
+------------------------+-------------+----------------------------------------------------+
Note: In order to hide this table in the UI and the text report file, please set the "Show Parameter Settings Tables in Synthesis Report" option in "Analysis and Synthesis Settings -> More Settings" to "Off".


+---------------------------------------------------------------------------------+
; Parameter Settings for User Entity Instance: RG4:inst21|lpm_ff:lpm_ff_component ;
+------------------------+-------------+------------------------------------------+
; Parameter Name         ; Value       ; Type                                     ;
+------------------------+-------------+------------------------------------------+
; LPM_WIDTH              ; 5           ; Untyped                                  ;
; LPM_AVALUE             ; UNUSED      ; Untyped                                  ;
; LPM_SVALUE             ; UNUSED      ; Untyped                                  ;
; LPM_FFTYPE             ; DFF         ; Untyped                                  ;
; DEVICE_FAMILY          ; Cyclone III ; Untyped                                  ;
; CBXI_PARAMETER         ; NOTHING     ; Untyped                                  ;
; AUTO_CARRY_CHAINS      ; ON          ; AUTO_CARRY                               ;
; IGNORE_CARRY_BUFFERS   ; OFF         ; IGNORE_CARRY                             ;
; AUTO_CASCADE_CHAINS    ; ON          ; AUTO_CASCADE                             ;
; IGNORE_CASCADE_BUFFERS ; OFF         ; IGNORE_CASCADE                           ;
+------------------------+-------------+------------------------------------------+
Note: In order to hide this table in the UI and the text report file, please set the "Show Parameter Settings Tables in Synthesis Report" option in "Analysis and Synthesis Settings -> More Settings" to "Off".


+------------------------------------------------------------------------------------+
; Parameter Settings for User Entity Instance: xor8:inst40|lpm_xor:lpm_xor_component ;
+----------------+-------+-----------------------------------------------------------+
; Parameter Name ; Value ; Type                                                      ;
+----------------+-------+-----------------------------------------------------------+
; LPM_WIDTH      ; 4     ; Signed Integer                                            ;
; LPM_SIZE       ; 2     ; Signed Integer                                            ;
+----------------+-------+-----------------------------------------------------------+
Note: In order to hide this table in the UI and the text report file, please set the "Show Parameter Settings Tables in Synthesis Report" option in "Analysis and Synthesis Settings -> More Settings" to "Off".


+-------------------------------------------------------------------------------------------+
; Parameter Settings for User Entity Instance: st2:inst22|lpm_counter:lpm_counter_component ;
+------------------------+-------------+----------------------------------------------------+
; Parameter Name         ; Value       ; Type                                               ;
+------------------------+-------------+----------------------------------------------------+
; AUTO_CARRY_CHAINS      ; ON          ; AUTO_CARRY                                         ;
; IGNORE_CARRY_BUFFERS   ; OFF         ; IGNORE_CARRY                                       ;
; AUTO_CASCADE_CHAINS    ; ON          ; AUTO_CASCADE                                       ;
; IGNORE_CASCADE_BUFFERS ; OFF         ; IGNORE_CASCADE                                     ;
; LPM_WIDTH              ; 5           ; Signed Integer                                     ;
; LPM_DIRECTION          ; UP          ; Untyped                                            ;
; LPM_MODULUS            ; 0           ; Untyped                                            ;
; LPM_AVALUE             ; UNUSED      ; Untyped                                            ;
; LPM_SVALUE             ; UNUSED      ; Untyped                                            ;
; LPM_PORT_UPDOWN        ; PORT_UNUSED ; Untyped                                            ;
; DEVICE_FAMILY          ; Cyclone III ; Untyped                                            ;
; CARRY_CHAIN            ; MANUAL      ; Untyped                                            ;
; CARRY_CHAIN_LENGTH     ; 48          ; CARRY_CHAIN_LENGTH                                 ;
; NOT_GATE_PUSH_BACK     ; ON          ; NOT_GATE_PUSH_BACK                                 ;
; CARRY_CNT_EN           ; SMART       ; Untyped                                            ;
; LABWIDE_SCLR           ; ON          ; Untyped                                            ;
; USE_NEW_VERSION        ; TRUE        ; Untyped                                            ;
; CBXI_PARAMETER         ; cntr_fqj    ; Untyped                                            ;
+------------------------+-------------+----------------------------------------------------+
Note: In order to hide this table in the UI and the text report file, please set the "Show Parameter Settings Tables in Synthesis Report" option in "Analysis and Synthesis Settings -> More Settings" to "Off".


+--------------------------------------------------------------------------------+
; Parameter Settings for User Entity Instance: orr:inst8|LPM_OR:lpm_or_component ;
+------------------------+-------------+-----------------------------------------+
; Parameter Name         ; Value       ; Type                                    ;
+------------------------+-------------+-----------------------------------------+
; AUTO_CARRY_CHAINS      ; ON          ; AUTO_CARRY                              ;
; IGNORE_CARRY_BUFFERS   ; OFF         ; IGNORE_CARRY                            ;
; AUTO_CASCADE_CHAINS    ; ON          ; AUTO_CASCADE                            ;
; IGNORE_CASCADE_BUFFERS ; OFF         ; IGNORE_CASCADE                          ;
; LPM_WIDTH              ; 1           ; Signed Integer                          ;
; LPM_SIZE               ; 4           ; Signed Integer                          ;
; CARRY_CHAIN_LENGTH     ; 48          ; CARRY_CHAIN_LENGTH                      ;
; CARRY_CHAIN            ; MANUAL      ; Untyped                                 ;
; CASCADE_CHAIN          ; MANUAL      ; Untyped                                 ;
; DEVICE_FAMILY          ; Cyclone III ; Untyped                                 ;
+------------------------+-------------+-----------------------------------------+
Note: In order to hide this table in the UI and the text report file, please set the "Show Parameter Settings Tables in Synthesis Report" option in "Analysis and Synthesis Settings -> More Settings" to "Off".


+------------------------------------------------------------------------------------+
; Parameter Settings for User Entity Instance: xor8:inst49|lpm_xor:lpm_xor_component ;
+----------------+-------+-----------------------------------------------------------+
; Parameter Name ; Value ; Type                                                      ;
+----------------+-------+-----------------------------------------------------------+
; LPM_WIDTH      ; 4     ; Signed Integer                                            ;
; LPM_SIZE       ; 2     ; Signed Integer                                            ;
+----------------+-------+-----------------------------------------------------------+
Note: In order to hide this table in the UI and the text report file, please set the "Show Parameter Settings Tables in Synthesis Report" option in "Analysis and Synthesis Settings -> More Settings" to "Off".


+----------------------------------------------------------------------------+
; lpm_shiftreg Parameter Settings by Entity Instance                         ;
+----------------------------+-----------------------------------------------+
; Name                       ; Value                                         ;
+----------------------------+-----------------------------------------------+
; Number of entity instances ; 2                                             ;
; Entity Instance            ; RG1:inst|lpm_shiftreg:lpm_shiftreg_component  ;
;     -- LPM_WIDTH           ; 20                                            ;
;     -- LPM_DIRECTION       ; RIGHT                                         ;
; Entity Instance            ; RG3:inst7|lpm_shiftreg:lpm_shiftreg_component ;
;     -- LPM_WIDTH           ; 10                                            ;
;     -- LPM_DIRECTION       ; LEFT                                          ;
+----------------------------+-----------------------------------------------+


+-------------------------------+
; Analysis & Synthesis Messages ;
+-------------------------------+
Info: *******************************************************************
Info: Running Quartus II Analysis & Synthesis
    Info: Version 9.0 Build 132 02/25/2009 SJ Full Version
    Info: Processing started: Mon May 17 18:58:38 2021
Info: Command: quartus_map --read_settings_files=on --write_settings_files=off delenie -c delenie
Info: Found 1 design units, including 1 entities, in source file UA1.v
    Info: Found entity 1: UA
Info: Found 1 design units, including 1 entities, in source file delenie.bdf
    Info: Found entity 1: delenie
Info: Found 2 design units, including 1 entities, in source file res.vhd
    Info: Found design unit 1: res-SYN
    Info: Found entity 1: res
Info: Elaborating entity "delenie" for the top level hierarchy
Info: Elaborating entity "UA" for hierarchy "UA:inst33"
Warning (10762): Verilog HDL Case Statement warning at UA1.v(47): can't check case statement for completeness because the case expression has too many possible states
Warning: Using design file RG2.tdf, which is not specified as a design file for the current project, but contains definitions for 1 design units and 1 entities in project
    Info: Found entity 1: RG2
Info: Elaborating entity "RG2" for hierarchy "RG2:inst3"
Info: Elaborating entity "lpm_ff" for hierarchy "RG2:inst3|lpm_ff:lpm_ff_component"
Info: Elaborated megafunction instantiation "RG2:inst3|lpm_ff:lpm_ff_component"
Info: Instantiated megafunction "RG2:inst3|lpm_ff:lpm_ff_component" with the following parameter:
    Info: Parameter "LPM_TYPE" = "LPM_FF"
    Info: Parameter "LPM_WIDTH" = "21"
    Info: Parameter "LPM_FFTYPE" = "DFF"
Warning: Using design file SM1.tdf, which is not specified as a design file for the current project, but contains definitions for 1 design units and 1 entities in project
    Info: Found entity 1: SM1
Info: Elaborating entity "SM1" for hierarchy "SM1:inst2"
Info: Elaborating entity "lpm_add_sub" for hierarchy "SM1:inst2|lpm_add_sub:lpm_add_sub_component"
Info: Elaborated megafunction instantiation "SM1:inst2|lpm_add_sub:lpm_add_sub_component"
Info: Instantiated megafunction "SM1:inst2|lpm_add_sub:lpm_add_sub_component" with the following parameter:
    Info: Parameter "LPM_TYPE" = "LPM_ADD_SUB"
    Info: Parameter "LPM_HINT" = "ONE_INPUT_IS_CONSTANT=NO,CIN_USED=YES"
    Info: Parameter "LPM_WIDTH" = "21"
    Info: Parameter "LPM_REPRESENTATION" = "SIGNED"
    Info: Parameter "LPM_DIRECTION" = "ADD"
Info: Found 1 design units, including 1 entities, in source file db/add_sub_nsh.tdf
    Info: Found entity 1: add_sub_nsh
Info: Elaborating entity "add_sub_nsh" for hierarchy "SM1:inst2|lpm_add_sub:lpm_add_sub_component|add_sub_nsh:auto_generated"
Warning: Using design file XOR11.tdf, which is not specified as a design file for the current project, but contains definitions for 1 design units and 1 entities in project
    Info: Found entity 1: XOR11
Info: Elaborating entity "XOR11" for hierarchy "XOR11:inst1"
Info: Elaborating entity "lpm_xor" for hierarchy "XOR11:inst1|lpm_xor:lpm_xor_component"
Info: Elaborated megafunction instantiation "XOR11:inst1|lpm_xor:lpm_xor_component"
Info: Instantiated megafunction "XOR11:inst1|lpm_xor:lpm_xor_component" with the following parameter:
    Info: Parameter "LPM_TYPE" = "LPM_XOR"
    Info: Parameter "LPM_WIDTH" = "21"
    Info: Parameter "LPM_SIZE" = "2"
Warning: Using design file RG1.tdf, which is not specified as a design file for the current project, but contains definitions for 1 design units and 1 entities in project
    Info: Found entity 1: RG1
Info: Elaborating entity "RG1" for hierarchy "RG1:inst"
Info: Elaborating entity "lpm_shiftreg" for hierarchy "RG1:inst|lpm_shiftreg:lpm_shiftreg_component"
Info: Elaborated megafunction instantiation "RG1:inst|lpm_shiftreg:lpm_shiftreg_component"
Info: Instantiated megafunction "RG1:inst|lpm_shiftreg:lpm_shiftreg_component" with the following parameter:
    Info: Parameter "LPM_TYPE" = "LPM_SHIFTREG"
    Info: Parameter "LPM_WIDTH" = "20"
    Info: Parameter "LPM_DIRECTION" = "RIGHT"
Warning: Using design file CT1.tdf, which is not specified as a design file for the current project, but contains definitions for 1 design units and 1 entities in project
    Info: Found entity 1: CT1
Info: Elaborating entity "CT1" for hierarchy "CT1:inst9"
Info: Elaborating entity "lpm_counter" for hierarchy "CT1:inst9|lpm_counter:lpm_counter_component"
Info: Elaborated megafunction instantiation "CT1:inst9|lpm_counter:lpm_counter_component"
Info: Instantiated megafunction "CT1:inst9|lpm_counter:lpm_counter_component" with the following parameter:
    Info: Parameter "LPM_TYPE" = "LPM_COUNTER"
    Info: Parameter "LPM_WIDTH" = "5"
    Info: Parameter "LPM_DIRECTION" = "UP"
    Info: Parameter "LPM_PORT_UPDOWN" = "PORT_UNUSED"
Info: Found 1 design units, including 1 entities, in source file db/cntr_6cj.tdf
    Info: Found entity 1: cntr_6cj
Info: Elaborating entity "cntr_6cj" for hierarchy "CT1:inst9|lpm_counter:lpm_counter_component|cntr_6cj:auto_generated"
Warning: Using design file RG3.tdf, which is not specified as a design file for the current project, but contains definitions for 1 design units and 1 entities in project
    Info: Found entity 1: RG3
Info: Elaborating entity "RG3" for hierarchy "RG3:inst7"
Info: Elaborating entity "lpm_shiftreg" for hierarchy "RG3:inst7|lpm_shiftreg:lpm_shiftreg_component"
Info: Elaborated megafunction instantiation "RG3:inst7|lpm_shiftreg:lpm_shiftreg_component"
Info: Instantiated megafunction "RG3:inst7|lpm_shiftreg:lpm_shiftreg_component" with the following parameter:
    Info: Parameter "LPM_TYPE" = "LPM_SHIFTREG"
    Info: Parameter "LPM_WIDTH" = "10"
    Info: Parameter "LPM_DIRECTION" = "LEFT"
Warning: Entity "xor3" obtained from "C:/Users/user/OneDrive/Рабочий стол/Нова папка (2)/Divvvv/DivO/xor3.vhd" instead of from Quartus II megafunction library
Warning: Using design file xor3.vhd, which is not specified as a design file for the current project, but contains definitions for 2 design units and 1 entities in project
    Info: Found design unit 1: xor3-SYN
    Info: Found entity 1: xor3
Info: Elaborating entity "xor3" for hierarchy "xor3:inst39"
Info: Elaborating entity "lpm_xor" for hierarchy "xor3:inst39|lpm_xor:lpm_xor_component"
Info: Elaborated megafunction instantiation "xor3:inst39|lpm_xor:lpm_xor_component"
Info: Instantiated megafunction "xor3:inst39|lpm_xor:lpm_xor_component" with the following parameter:
    Info: Parameter "LPM_WIDTH" = "1"
    Info: Parameter "LPM_SIZE" = "3"
    Info: Parameter "LPM_TYPE" = "LPM_XOR"
    Info: Parameter "LPM_HINT" = "UNUSED"
Warning: Using design file SM2.tdf, which is not specified as a design file for the current project, but contains definitions for 1 design units and 1 entities in project
    Info: Found entity 1: SM2
Warning (12300): Found the following files while searching for definition of entity "SM2", but did not use these files because already using a different file containing the entity definition
    Warning: File: SM2.vhd
Info: Elaborating entity "SM2" for hierarchy "SM2:inst19"
Info: Elaborating entity "lpm_add_sub" for hierarchy "SM2:inst19|lpm_add_sub:lpm_add_sub_component"
Info: Elaborated megafunction instantiation "SM2:inst19|lpm_add_sub:lpm_add_sub_component"
Info: Instantiated megafunction "SM2:inst19|lpm_add_sub:lpm_add_sub_component" with the following parameter:
    Info: Parameter "LPM_TYPE" = "LPM_ADD_SUB"
    Info: Parameter "LPM_HINT" = "ONE_INPUT_IS_CONSTANT=NO,CIN_USED=YES"
    Info: Parameter "LPM_WIDTH" = "5"
    Info: Parameter "LPM_REPRESENTATION" = "SIGNED"
    Info: Parameter "LPM_DIRECTION" = "ADD"
Info: Found 1 design units, including 1 entities, in source file db/add_sub_4ai.tdf
    Info: Found entity 1: add_sub_4ai
Info: Elaborating entity "add_sub_4ai" for hierarchy "SM2:inst19|lpm_add_sub:lpm_add_sub_component|add_sub_4ai:auto_generated"
Warning: Using design file RG4.tdf, which is not specified as a design file for the current project, but contains definitions for 1 design units and 1 entities in project
    Info: Found entity 1: RG4
Warning (12300): Found the following files while searching for definition of entity "RG4", but did not use these files because already using a different file containing the entity definition
    Warning: File: RG4.vhd
Info: Elaborating entity "RG4" for hierarchy "RG4:inst21"
Info: Elaborating entity "lpm_ff" for hierarchy "RG4:inst21|lpm_ff:lpm_ff_component"
Info: Elaborated megafunction instantiation "RG4:inst21|lpm_ff:lpm_ff_component"
Info: Instantiated megafunction "RG4:inst21|lpm_ff:lpm_ff_component" with the following parameter:
    Info: Parameter "LPM_TYPE" = "LPM_FF"
    Info: Parameter "LPM_WIDTH" = "5"
    Info: Parameter "LPM_FFTYPE" = "DFF"
Warning: Entity "xor8" obtained from "C:/Users/user/OneDrive/Рабочий стол/Нова папка (2)/Divvvv/DivO/xor8.vhd" instead of from Quartus II megafunction library
Warning: Using design file xor8.vhd, which is not specified as a design file for the current project, but contains definitions for 2 design units and 1 entities in project
    Info: Found design unit 1: xor8-SYN
    Info: Found entity 1: xor8
Info: Elaborating entity "xor8" for hierarchy "xor8:inst40"
Info: Elaborating entity "lpm_xor" for hierarchy "xor8:inst40|lpm_xor:lpm_xor_component"
Info: Elaborated megafunction instantiation "xor8:inst40|lpm_xor:lpm_xor_component"
Info: Instantiated megafunction "xor8:inst40|lpm_xor:lpm_xor_component" with the following parameter:
    Info: Parameter "LPM_WIDTH" = "4"
    Info: Parameter "LPM_SIZE" = "2"
    Info: Parameter "LPM_TYPE" = "LPM_XOR"
    Info: Parameter "LPM_HINT" = "UNUSED"
Warning: Using design file st2.vhd, which is not specified as a design file for the current project, but contains definitions for 2 design units and 1 entities in project
    Info: Found design unit 1: st2-SYN
    Info: Found entity 1: st2
Info: Elaborating entity "st2" for hierarchy "st2:inst22"
Info: Elaborating entity "lpm_counter" for hierarchy "st2:inst22|lpm_counter:lpm_counter_component"
Info: Elaborated megafunction instantiation "st2:inst22|lpm_counter:lpm_counter_component"
Info: Instantiated megafunction "st2:inst22|lpm_counter:lpm_counter_component" with the following parameter:
    Info: Parameter "lpm_direction" = "UP"
    Info: Parameter "lpm_port_updown" = "PORT_UNUSED"
    Info: Parameter "lpm_type" = "LPM_COUNTER"
    Info: Parameter "lpm_width" = "5"
Info: Found 1 design units, including 1 entities, in source file db/cntr_fqj.tdf
    Info: Found entity 1: cntr_fqj
Info: Elaborating entity "cntr_fqj" for hierarchy "st2:inst22|lpm_counter:lpm_counter_component|cntr_fqj:auto_generated"
Warning: Using design file orr.vhd, which is not specified as a design file for the current project, but contains definitions for 2 design units and 1 entities in project
    Info: Found design unit 1: orr-SYN
    Info: Found entity 1: orr
Info: Elaborating entity "orr" for hierarchy "orr:inst8"
Info: Elaborating entity "LPM_OR" for hierarchy "orr:inst8|LPM_OR:lpm_or_component"
Info: Elaborated megafunction instantiation "orr:inst8|LPM_OR:lpm_or_component"
Info: Instantiated megafunction "orr:inst8|LPM_OR:lpm_or_component" with the following parameter:
    Info: Parameter "LPM_WIDTH" = "1"
    Info: Parameter "LPM_SIZE" = "4"
    Info: Parameter "LPM_TYPE" = "LPM_OR"
    Info: Parameter "LPM_HINT" = "UNUSED"


