  3-я лабораторная.cpp
C:\Users\user\OneDrive\Рабочий стол\Учёба\2-й курс\Технологии программирования\3-я лабораторная\3-я лабораторная\3-я лабораторная.cpp(54,1): error C2429: для функция языка "Инструкции INIT в if/switch" нужен флаг компилятора "/std:c++17"
C:\Users\user\OneDrive\Рабочий стол\Учёба\2-й курс\Технологии программирования\3-я лабораторная\3-я лабораторная\3-я лабораторная.cpp(611,27): warning C4244: =: преобразование "TCHAR" в "char", возможна потеря данных
C:\Users\user\OneDrive\Рабочий стол\Учёба\2-й курс\Технологии программирования\3-я лабораторная\3-я лабораторная\3-я лабораторная.cpp(624,26): warning C4244: аргумент: преобразование "TCHAR" в "const _Elem", возможна потеря данных
          with
          [
              _Elem=char
          ]
C:\Users\user\OneDrive\Рабочий стол\Учёба\2-й курс\Технологии программирования\3-я лабораторная\3-я лабораторная\3-я лабораторная.cpp(627,28): warning C4244: аргумент: преобразование "TCHAR" в "_Elem", возможна потеря данных
          with
          [
              _Elem=char
          ]
C:\Users\user\OneDrive\Рабочий стол\Учёба\2-й курс\Технологии программирования\3-я лабораторная\3-я лабораторная\3-я лабораторная.cpp(630,29): warning C4244: аргумент: преобразование "TCHAR" в "_Elem", возможна потеря данных
          with
          [
              _Elem=char
          ]
C:\Users\user\OneDrive\Рабочий стол\Учёба\2-й курс\Технологии программирования\3-я лабораторная\3-я лабораторная\3-я лабораторная.cpp(633,30): warning C4244: аргумент: преобразование "TCHAR" в "_Elem", возможна потеря данных
          with
          [
              _Elem=char
          ]
C:\Users\user\OneDrive\Рабочий стол\Учёба\2-й курс\Технологии программирования\3-я лабораторная\3-я лабораторная\3-я лабораторная.cpp(673,42): warning C4244: аргумент: преобразование "TCHAR" в "_Elem", возможна потеря данных
          with
          [
              _Elem=char
          ]
C:\Users\user\OneDrive\Рабочий стол\Учёба\2-й курс\Технологии программирования\3-я лабораторная\3-я лабораторная\3-я лабораторная.cpp(676,43): warning C4244: аргумент: преобразование "TCHAR" в "_Elem", возможна потеря данных
          with
          [
              _Elem=char
          ]
C:\Users\user\OneDrive\Рабочий стол\Учёба\2-й курс\Технологии программирования\3-я лабораторная\3-я лабораторная\3-я лабораторная.cpp(679,41): warning C4244: аргумент: преобразование "TCHAR" в "_Elem", возможна потеря данных
          with
          [
              _Elem=char
          ]
C:\Users\user\OneDrive\Рабочий стол\Учёба\2-й курс\Технологии программирования\3-я лабораторная\3-я лабораторная\3-я лабораторная.cpp(374,18): error C2429: для функция языка "структурированные привязки" нужен флаг компилятора "/std:c++17"
C:\Users\user\OneDrive\Рабочий стол\Учёба\2-й курс\Технологии программирования\3-я лабораторная\3-я лабораторная\3-я лабораторная.cpp(1083,18): error C2429: для функция языка "структурированные привязки" нужен флаг компилятора "/std:c++17"
C:\Users\user\OneDrive\Рабочий стол\Учёба\2-й курс\Технологии программирования\3-я лабораторная\3-я лабораторная\3-я лабораторная.cpp(1184,53): error C2429: для функция языка "Инструкции INIT в if/switch" нужен флаг компилятора "/std:c++17"
