Analysis & Synthesis report for UAcourseProject
Mon May 31 16:32:47 2021
Quartus II Version 9.0 Build 132 02/25/2009 SJ Full Version


---------------------
; Table of Contents ;
---------------------
  1. Legal Notice
  2. Analysis & Synthesis Summary
  3. Analysis & Synthesis Settings
  4. Analysis & Synthesis Source Files Read
  5. Analysis & Synthesis Resource Usage Summary
  6. Analysis & Synthesis Resource Utilization by Entity
  7. General Register Statistics
  8. Source assignments for ct4pm:UAinst2|lpm_counter:lpm_counter_component
  9. Parameter Settings for User Entity Instance: dc4:UAinst|lpm_decode:lpm_decode_component
 10. Parameter Settings for User Entity Instance: ct4pm:UAinst2|lpm_counter:lpm_counter_component
 11. Parameter Settings for User Entity Instance: reg:inst31|lpm_ff:lpm_ff_component
 12. Analysis & Synthesis Messages



----------------
; Legal Notice ;
----------------
Copyright (C) 1991-2009 Altera Corporation
Your use of Altera Corporation's design tools, logic functions 
and other software and tools, and its AMPP partner logic 
functions, and any output files from any of the foregoing 
(including device programming or simulation files), and any 
associated documentation or information are expressly subject 
to the terms and conditions of the Altera Program License 
Subscription Agreement, Altera MegaCore Function License 
Agreement, or other applicable license agreement, including, 
without limitation, that your use is for the sole purpose of 
programming logic devices manufactured by Altera and sold by 
Altera or its authorized distributors.  Please refer to the 
applicable agreement for further details.



+--------------------------------------------------------------------------+
; Analysis & Synthesis Summary                                             ;
+-------------------------------+------------------------------------------+
; Analysis & Synthesis Status   ; Successful - Mon May 31 16:32:47 2021    ;
; Quartus II Version            ; 9.0 Build 132 02/25/2009 SJ Full Version ;
; Revision Name                 ; UAcourseProject                          ;
; Top-level Entity Name         ; UAcourseProject                          ;
; Family                        ; Stratix II                               ;
; Logic utilization             ; N/A                                      ;
;     Combinational ALUTs       ; 15                                       ;
;     Dedicated logic registers ; 8                                        ;
; Total registers               ; 8                                        ;
; Total pins                    ; 26                                       ;
; Total virtual pins            ; 0                                        ;
; Total block memory bits       ; 0                                        ;
; DSP block 9-bit elements      ; 0                                        ;
; Total PLLs                    ; 0                                        ;
; Total DLLs                    ; 0                                        ;
+-------------------------------+------------------------------------------+


+----------------------------------------------------------------------------------------------------------+
; Analysis & Synthesis Settings                                                                            ;
+----------------------------------------------------------------+--------------------+--------------------+
; Option                                                         ; Setting            ; Default Value      ;
+----------------------------------------------------------------+--------------------+--------------------+
; Top-level entity name                                          ; UAcourseProject    ; UAcourseProject    ;
; Family name                                                    ; Stratix II         ; Stratix II         ;
; Use Generated Physical Constraints File                        ; Off                ;                    ;
; Use smart compilation                                          ; Off                ; Off                ;
; Restructure Multiplexers                                       ; Auto               ; Auto               ;
; Create Debugging Nodes for IP Cores                            ; Off                ; Off                ;
; Preserve fewer node names                                      ; On                 ; On                 ;
; Disable OpenCore Plus hardware evaluation                      ; Off                ; Off                ;
; Verilog Version                                                ; Verilog_2001       ; Verilog_2001       ;
; VHDL Version                                                   ; VHDL93             ; VHDL93             ;
; State Machine Processing                                       ; Auto               ; Auto               ;
; Safe State Machine                                             ; Off                ; Off                ;
; Extract Verilog State Machines                                 ; On                 ; On                 ;
; Extract VHDL State Machines                                    ; On                 ; On                 ;
; Ignore Verilog initial constructs                              ; Off                ; Off                ;
; Iteration limit for constant Verilog loops                     ; 5000               ; 5000               ;
; Iteration limit for non-constant Verilog loops                 ; 250                ; 250                ;
; Add Pass-Through Logic to Inferred RAMs                        ; On                 ; On                 ;
; Parallel Synthesis                                             ; Off                ; Off                ;
; DSP Block Balancing                                            ; Auto               ; Auto               ;
; NOT Gate Push-Back                                             ; On                 ; On                 ;
; Power-Up Don't Care                                            ; On                 ; On                 ;
; Remove Redundant Logic Cells                                   ; Off                ; Off                ;
; Remove Duplicate Registers                                     ; On                 ; On                 ;
; Ignore CARRY Buffers                                           ; Off                ; Off                ;
; Ignore CASCADE Buffers                                         ; Off                ; Off                ;
; Ignore GLOBAL Buffers                                          ; Off                ; Off                ;
; Ignore ROW GLOBAL Buffers                                      ; Off                ; Off                ;
; Ignore LCELL Buffers                                           ; Off                ; Off                ;
; Ignore SOFT Buffers                                            ; On                 ; On                 ;
; Limit AHDL Integers to 32 Bits                                 ; Off                ; Off                ;
; Optimization Technique                                         ; Balanced           ; Balanced           ;
; Carry Chain Length                                             ; 70                 ; 70                 ;
; Auto Carry Chains                                              ; On                 ; On                 ;
; Auto Open-Drain Pins                                           ; On                 ; On                 ;
; Perform WYSIWYG Primitive Resynthesis                          ; Off                ; Off                ;
; Auto ROM Replacement                                           ; On                 ; On                 ;
; Auto RAM Replacement                                           ; On                 ; On                 ;
; Auto DSP Block Replacement                                     ; On                 ; On                 ;
; Auto Shift Register Replacement                                ; Auto               ; Auto               ;
; Auto Clock Enable Replacement                                  ; On                 ; On                 ;
; Strict RAM Replacement                                         ; Off                ; Off                ;
; Allow Synchronous Control Signals                              ; On                 ; On                 ;
; Force Use of Synchronous Clear Signals                         ; Off                ; Off                ;
; Auto RAM Block Balancing                                       ; On                 ; On                 ;
; Auto RAM to Logic Cell Conversion                              ; Off                ; Off                ;
; Auto Resource Sharing                                          ; Off                ; Off                ;
; Allow Any RAM Size For Recognition                             ; Off                ; Off                ;
; Allow Any ROM Size For Recognition                             ; Off                ; Off                ;
; Allow Any Shift Register Size For Recognition                  ; Off                ; Off                ;
; Use LogicLock Constraints during Resource Balancing            ; On                 ; On                 ;
; Ignore translate_off and synthesis_off directives              ; Off                ; Off                ;
; Timing-Driven Synthesis                                        ; Off                ; Off                ;
; Show Parameter Settings Tables in Synthesis Report             ; On                 ; On                 ;
; Ignore Maximum Fan-Out Assignments                             ; Off                ; Off                ;
; Synchronization Register Chain Length                          ; 2                  ; 2                  ;
; PowerPlay Power Optimization                                   ; Normal compilation ; Normal compilation ;
; HDL message level                                              ; Level2             ; Level2             ;
; Suppress Register Optimization Related Messages                ; Off                ; Off                ;
; Number of Removed Registers Reported in Synthesis Report       ; 100                ; 100                ;
; Number of Inverted Registers Reported in Synthesis Report      ; 100                ; 100                ;
; Clock MUX Protection                                           ; On                 ; On                 ;
; Auto Gated Clock Conversion                                    ; Off                ; Off                ;
; Block Design Naming                                            ; Auto               ; Auto               ;
; SDC constraint protection                                      ; Off                ; Off                ;
; Synthesis Effort                                               ; Auto               ; Auto               ;
; Allows Asynchronous Clear Usage For Shift Register Replacement ; On                 ; On                 ;
; Analysis & Synthesis Message Level                             ; Medium             ; Medium             ;
+----------------------------------------------------------------+--------------------+--------------------+


+----------------------------------------------------------------------------------------------------------------------------------------------------------------+
; Analysis & Synthesis Source Files Read                                                                                                                         ;
+----------------------------------+-----------------+------------------------------------+----------------------------------------------------------------------+
; File Name with User-Entered Path ; Used in Netlist ; File Type                          ; File Name with Absolute Path                                         ;
+----------------------------------+-----------------+------------------------------------+----------------------------------------------------------------------+
; UAcourseProject.bdf              ; yes             ; User Block Diagram/Schematic File  ; C:/Users/user/OneDrive/Рабочий стол/ТАВТ/УАv.1/UAcourseProject.bdf   ;
; dc4.vhd                          ; yes             ; Auto-Found Wizard-Generated File   ; C:/Users/user/OneDrive/Рабочий стол/ТАВТ/УАv.1/dc4.vhd               ;
; lpm_decode.tdf                   ; yes             ; Megafunction                       ; c:/altera/90/quartus/libraries/megafunctions/lpm_decode.tdf          ;
; declut.inc                       ; yes             ; Megafunction                       ; c:/altera/90/quartus/libraries/megafunctions/declut.inc              ;
; altshift.inc                     ; yes             ; Megafunction                       ; c:/altera/90/quartus/libraries/megafunctions/altshift.inc            ;
; lpm_compare.inc                  ; yes             ; Megafunction                       ; c:/altera/90/quartus/libraries/megafunctions/lpm_compare.inc         ;
; lpm_constant.inc                 ; yes             ; Megafunction                       ; c:/altera/90/quartus/libraries/megafunctions/lpm_constant.inc        ;
; aglobal90.inc                    ; yes             ; Megafunction                       ; c:/altera/90/quartus/libraries/megafunctions/aglobal90.inc           ;
; db/decode_u7f.tdf                ; yes             ; Auto-Generated Megafunction        ; C:/Users/user/OneDrive/Рабочий стол/ТАВТ/УАv.1/db/decode_u7f.tdf     ;
; ct4pm.vhd                        ; yes             ; Auto-Found Wizard-Generated File   ; C:/Users/user/OneDrive/Рабочий стол/ТАВТ/УАv.1/ct4pm.vhd             ;
; lpm_counter.tdf                  ; yes             ; Megafunction                       ; c:/altera/90/quartus/libraries/megafunctions/lpm_counter.tdf         ;
; lpm_decode.inc                   ; yes             ; Megafunction                       ; c:/altera/90/quartus/libraries/megafunctions/lpm_decode.inc          ;
; lpm_add_sub.inc                  ; yes             ; Megafunction                       ; c:/altera/90/quartus/libraries/megafunctions/lpm_add_sub.inc         ;
; cmpconst.inc                     ; yes             ; Megafunction                       ; c:/altera/90/quartus/libraries/megafunctions/cmpconst.inc            ;
; lpm_counter.inc                  ; yes             ; Megafunction                       ; c:/altera/90/quartus/libraries/megafunctions/lpm_counter.inc         ;
; dffeea.inc                       ; yes             ; Megafunction                       ; c:/altera/90/quartus/libraries/megafunctions/dffeea.inc              ;
; alt_synch_counter.inc            ; yes             ; Megafunction                       ; c:/altera/90/quartus/libraries/megafunctions/alt_synch_counter.inc   ;
; alt_synch_counter_f.inc          ; yes             ; Megafunction                       ; c:/altera/90/quartus/libraries/megafunctions/alt_synch_counter_f.inc ;
; alt_counter_f10ke.inc            ; yes             ; Megafunction                       ; c:/altera/90/quartus/libraries/megafunctions/alt_counter_f10ke.inc   ;
; alt_counter_stratix.inc          ; yes             ; Megafunction                       ; c:/altera/90/quartus/libraries/megafunctions/alt_counter_stratix.inc ;
; db/cntr_uti.tdf                  ; yes             ; Auto-Generated Megafunction        ; C:/Users/user/OneDrive/Рабочий стол/ТАВТ/УАv.1/db/cntr_uti.tdf       ;
; reg.vhd                          ; yes             ; Auto-Found Wizard-Generated File   ; C:/Users/user/OneDrive/Рабочий стол/ТАВТ/УАv.1/reg.vhd               ;
; lpm_ff.tdf                       ; yes             ; Megafunction                       ; c:/altera/90/quartus/libraries/megafunctions/lpm_ff.tdf              ;
+----------------------------------+-----------------+------------------------------------+----------------------------------------------------------------------+


+-----------------------------------------------------------------------------------------------------------------------------------+
; Analysis & Synthesis Resource Usage Summary                                                                                       ;
+-----------------------------------------------+-----------------------------------------------------------------------------------+
; Resource                                      ; Usage                                                                             ;
+-----------------------------------------------+-----------------------------------------------------------------------------------+
; Estimated ALUTs Used                          ; 15                                                                                ;
; Dedicated logic registers                     ; 8                                                                                 ;
;                                               ;                                                                                   ;
; Estimated ALUTs Unavailable                   ; 0                                                                                 ;
;                                               ;                                                                                   ;
; Total combinational functions                 ; 15                                                                                ;
; Combinational ALUT usage by number of inputs  ;                                                                                   ;
;     -- 7 input functions                      ; 0                                                                                 ;
;     -- 6 input functions                      ; 1                                                                                 ;
;     -- 5 input functions                      ; 1                                                                                 ;
;     -- 4 input functions                      ; 3                                                                                 ;
;     -- <=3 input functions                    ; 10                                                                                ;
;                                               ;                                                                                   ;
; Combinational ALUTs by mode                   ;                                                                                   ;
;     -- normal mode                            ; 12                                                                                ;
;     -- extended LUT mode                      ; 0                                                                                 ;
;     -- arithmetic mode                        ; 3                                                                                 ;
;     -- shared arithmetic mode                 ; 0                                                                                 ;
;                                               ;                                                                                   ;
; Estimated ALUT/register pairs used            ; 15                                                                                ;
;                                               ;                                                                                   ;
; Total registers                               ; 8                                                                                 ;
;     -- Dedicated logic registers              ; 8                                                                                 ;
;     -- I/O registers                          ; 0                                                                                 ;
;                                               ;                                                                                   ;
; Estimated ALMs:  partially or completely used ; 8                                                                                 ;
;                                               ;                                                                                   ;
; I/O pins                                      ; 26                                                                                ;
; Maximum fan-out node                          ; ct4pm:UAinst2|lpm_counter:lpm_counter_component|cntr_uti:auto_generated|safe_q[2] ;
; Maximum fan-out                               ; 9                                                                                 ;
; Total fan-out                                 ; 91                                                                                ;
; Average fan-out                               ; 1.86                                                                              ;
+-----------------------------------------------+-----------------------------------------------------------------------------------+


+-----------------------------------------------------------------------------------------------------------------------------------------------------------------------------------------------------------------------------------------------------------------------------------+
; Analysis & Synthesis Resource Utilization by Entity                                                                                                                                                                                                                               ;
+-------------------------------------------+-------------------+--------------+-------------------+--------------+---------+-----------+-----------+------+--------------+------------------------------------------------------------------------------------------+--------------+
; Compilation Hierarchy Node                ; LC Combinationals ; LC Registers ; Block Memory Bits ; DSP Elements ; DSP 9x9 ; DSP 18x18 ; DSP 36x36 ; Pins ; Virtual Pins ; Full Hierarchy Name                                                                      ; Library Name ;
+-------------------------------------------+-------------------+--------------+-------------------+--------------+---------+-----------+-----------+------+--------------+------------------------------------------------------------------------------------------+--------------+
; |UAcourseProject                          ; 15 (6)            ; 8 (0)        ; 0                 ; 0            ; 0       ; 0         ; 0         ; 26   ; 0            ; |UAcourseProject                                                                         ; work         ;
;    |ct4pm:UAinst2|                        ; 4 (0)             ; 3 (0)        ; 0                 ; 0            ; 0       ; 0         ; 0         ; 0    ; 0            ; |UAcourseProject|ct4pm:UAinst2                                                           ; work         ;
;       |lpm_counter:lpm_counter_component| ; 4 (0)             ; 3 (0)        ; 0                 ; 0            ; 0       ; 0         ; 0         ; 0    ; 0            ; |UAcourseProject|ct4pm:UAinst2|lpm_counter:lpm_counter_component                         ; work         ;
;          |cntr_uti:auto_generated|        ; 4 (4)             ; 3 (3)        ; 0                 ; 0            ; 0       ; 0         ; 0         ; 0    ; 0            ; |UAcourseProject|ct4pm:UAinst2|lpm_counter:lpm_counter_component|cntr_uti:auto_generated ; work         ;
;    |dc4:UAinst|                           ; 5 (0)             ; 0 (0)        ; 0                 ; 0            ; 0       ; 0         ; 0         ; 0    ; 0            ; |UAcourseProject|dc4:UAinst                                                              ; work         ;
;       |lpm_decode:lpm_decode_component|   ; 5 (0)             ; 0 (0)        ; 0                 ; 0            ; 0       ; 0         ; 0         ; 0    ; 0            ; |UAcourseProject|dc4:UAinst|lpm_decode:lpm_decode_component                              ; work         ;
;          |decode_u7f:auto_generated|      ; 5 (5)             ; 0 (0)        ; 0                 ; 0            ; 0       ; 0         ; 0         ; 0    ; 0            ; |UAcourseProject|dc4:UAinst|lpm_decode:lpm_decode_component|decode_u7f:auto_generated    ; work         ;
;    |reg:inst31|                           ; 0 (0)             ; 5 (0)        ; 0                 ; 0            ; 0       ; 0         ; 0         ; 0    ; 0            ; |UAcourseProject|reg:inst31                                                              ; work         ;
;       |lpm_ff:lpm_ff_component|           ; 0 (0)             ; 5 (5)        ; 0                 ; 0            ; 0       ; 0         ; 0         ; 0    ; 0            ; |UAcourseProject|reg:inst31|lpm_ff:lpm_ff_component                                      ; work         ;
+-------------------------------------------+-------------------+--------------+-------------------+--------------+---------+-----------+-----------+------+--------------+------------------------------------------------------------------------------------------+--------------+
Note: For table entries with two numbers listed, the numbers in parentheses indicate the number of resources of the given type used by the specific entity alone. The numbers listed outside of parentheses indicate the total resources of the given type used by the specific entity and all of its sub-entities in the hierarchy.


+------------------------------------------------------+
; General Register Statistics                          ;
+----------------------------------------------+-------+
; Statistic                                    ; Value ;
+----------------------------------------------+-------+
; Total registers                              ; 8     ;
; Number of registers using Synchronous Clear  ; 3     ;
; Number of registers using Synchronous Load   ; 0     ;
; Number of registers using Asynchronous Clear ; 3     ;
; Number of registers using Asynchronous Load  ; 0     ;
; Number of registers using Clock Enable       ; 3     ;
; Number of registers using Preset             ; 0     ;
+----------------------------------------------+-------+


+------------------------------------------------------------------------+
; Source assignments for ct4pm:UAinst2|lpm_counter:lpm_counter_component ;
+---------------------------+-------+------+-----------------------------+
; Assignment                ; Value ; From ; To                          ;
+---------------------------+-------+------+-----------------------------+
; SUPPRESS_DA_RULE_INTERNAL ; a101  ; -    ; -                           ;
; SUPPRESS_DA_RULE_INTERNAL ; s102  ; -    ; -                           ;
; SUPPRESS_DA_RULE_INTERNAL ; s103  ; -    ; -                           ;
+---------------------------+-------+------+-----------------------------+


+-----------------------------------------------------------------------------------------+
; Parameter Settings for User Entity Instance: dc4:UAinst|lpm_decode:lpm_decode_component ;
+------------------------+------------+---------------------------------------------------+
; Parameter Name         ; Value      ; Type                                              ;
+------------------------+------------+---------------------------------------------------+
; LPM_WIDTH              ; 3          ; Signed Integer                                    ;
; LPM_DECODES            ; 8          ; Signed Integer                                    ;
; LPM_PIPELINE           ; 0          ; Untyped                                           ;
; CASCADE_CHAIN          ; MANUAL     ; Untyped                                           ;
; DEVICE_FAMILY          ; Stratix II ; Untyped                                           ;
; CBXI_PARAMETER         ; decode_u7f ; Untyped                                           ;
; AUTO_CARRY_CHAINS      ; ON         ; AUTO_CARRY                                        ;
; IGNORE_CARRY_BUFFERS   ; OFF        ; IGNORE_CARRY                                      ;
; AUTO_CASCADE_CHAINS    ; ON         ; AUTO_CASCADE                                      ;
; IGNORE_CASCADE_BUFFERS ; OFF        ; IGNORE_CASCADE                                    ;
+------------------------+------------+---------------------------------------------------+
Note: In order to hide this table in the UI and the text report file, please set the "Show Parameter Settings Tables in Synthesis Report" option in "Analysis and Synthesis Settings -> More Settings" to "Off".


+----------------------------------------------------------------------------------------------+
; Parameter Settings for User Entity Instance: ct4pm:UAinst2|lpm_counter:lpm_counter_component ;
+------------------------+------------+--------------------------------------------------------+
; Parameter Name         ; Value      ; Type                                                   ;
+------------------------+------------+--------------------------------------------------------+
; AUTO_CARRY_CHAINS      ; ON         ; AUTO_CARRY                                             ;
; IGNORE_CARRY_BUFFERS   ; OFF        ; IGNORE_CARRY                                           ;
; AUTO_CASCADE_CHAINS    ; ON         ; AUTO_CASCADE                                           ;
; IGNORE_CASCADE_BUFFERS ; OFF        ; IGNORE_CASCADE                                         ;
; LPM_WIDTH              ; 3          ; Signed Integer                                         ;
; LPM_DIRECTION          ; DEFAULT    ; Untyped                                                ;
; LPM_MODULUS            ; 0          ; Untyped                                                ;
; LPM_AVALUE             ; UNUSED     ; Untyped                                                ;
; LPM_SVALUE             ; UNUSED     ; Untyped                                                ;
; LPM_PORT_UPDOWN        ; PORT_USED  ; Untyped                                                ;
; DEVICE_FAMILY          ; Stratix II ; Untyped                                                ;
; CARRY_CHAIN            ; MANUAL     ; Untyped                                                ;
; CARRY_CHAIN_LENGTH     ; 48         ; CARRY_CHAIN_LENGTH                                     ;
; NOT_GATE_PUSH_BACK     ; ON         ; NOT_GATE_PUSH_BACK                                     ;
; CARRY_CNT_EN           ; SMART      ; Untyped                                                ;
; LABWIDE_SCLR           ; ON         ; Untyped                                                ;
; USE_NEW_VERSION        ; TRUE       ; Untyped                                                ;
; CBXI_PARAMETER         ; cntr_uti   ; Untyped                                                ;
+------------------------+------------+--------------------------------------------------------+
Note: In order to hide this table in the UI and the text report file, please set the "Show Parameter Settings Tables in Synthesis Report" option in "Analysis and Synthesis Settings -> More Settings" to "Off".


+---------------------------------------------------------------------------------+
; Parameter Settings for User Entity Instance: reg:inst31|lpm_ff:lpm_ff_component ;
+------------------------+------------+-------------------------------------------+
; Parameter Name         ; Value      ; Type                                      ;
+------------------------+------------+-------------------------------------------+
; LPM_WIDTH              ; 5          ; Signed Integer                            ;
; LPM_AVALUE             ; UNUSED     ; Untyped                                   ;
; LPM_SVALUE             ; UNUSED     ; Untyped                                   ;
; LPM_FFTYPE             ; DFF        ; Untyped                                   ;
; DEVICE_FAMILY          ; Stratix II ; Untyped                                   ;
; CBXI_PARAMETER         ; NOTHING    ; Untyped                                   ;
; AUTO_CARRY_CHAINS      ; ON         ; AUTO_CARRY                                ;
; IGNORE_CARRY_BUFFERS   ; OFF        ; IGNORE_CARRY                              ;
; AUTO_CASCADE_CHAINS    ; ON         ; AUTO_CASCADE                              ;
; IGNORE_CASCADE_BUFFERS ; OFF        ; IGNORE_CASCADE                            ;
+------------------------+------------+-------------------------------------------+
Note: In order to hide this table in the UI and the text report file, please set the "Show Parameter Settings Tables in Synthesis Report" option in "Analysis and Synthesis Settings -> More Settings" to "Off".


+-------------------------------+
; Analysis & Synthesis Messages ;
+-------------------------------+
Info: *******************************************************************
Info: Running Quartus II Analysis & Synthesis
    Info: Version 9.0 Build 132 02/25/2009 SJ Full Version
    Info: Processing started: Mon May 31 16:32:46 2021
Info: Command: quartus_map --read_settings_files=on --write_settings_files=off UAcourseProject -c UAcourseProject
Info: Found 1 design units, including 1 entities, in source file UAcourseProject.bdf
    Info: Found entity 1: UAcourseProject
Info: Found 2 design units, including 1 entities, in source file ilireset.vhd
    Info: Found design unit 1: ilireset-SYN
    Info: Found entity 1: ilireset
Info: Elaborating entity "UAcourseProject" for the top level hierarchy
Warning: No superset bus at connection
Warning: Primitive "NOT" of instance "inst4" not used
Warning: Primitive "NOT" of instance "inst5" not used
Warning: Using design file dc4.vhd, which is not specified as a design file for the current project, but contains definitions for 2 design units and 1 entities in project
    Info: Found design unit 1: dc4-SYN
    Info: Found entity 1: dc4
Info: Elaborating entity "dc4" for hierarchy "dc4:UAinst"
Info: Elaborating entity "lpm_decode" for hierarchy "dc4:UAinst|lpm_decode:lpm_decode_component"
Info: Elaborated megafunction instantiation "dc4:UAinst|lpm_decode:lpm_decode_component"
Info: Instantiated megafunction "dc4:UAinst|lpm_decode:lpm_decode_component" with the following parameter:
    Info: Parameter "lpm_decodes" = "8"
    Info: Parameter "lpm_type" = "LPM_DECODE"
    Info: Parameter "lpm_width" = "3"
Info: Found 1 design units, including 1 entities, in source file db/decode_u7f.tdf
    Info: Found entity 1: decode_u7f
Info: Elaborating entity "decode_u7f" for hierarchy "dc4:UAinst|lpm_decode:lpm_decode_component|decode_u7f:auto_generated"
Warning: Using design file ct4pm.vhd, which is not specified as a design file for the current project, but contains definitions for 2 design units and 1 entities in project
    Info: Found design unit 1: ct4pm-SYN
    Info: Found entity 1: ct4pm
Info: Elaborating entity "ct4pm" for hierarchy "ct4pm:UAinst2"
Info: Elaborating entity "lpm_counter" for hierarchy "ct4pm:UAinst2|lpm_counter:lpm_counter_component"
Info: Elaborated megafunction instantiation "ct4pm:UAinst2|lpm_counter:lpm_counter_component"
Info: Instantiated megafunction "ct4pm:UAinst2|lpm_counter:lpm_counter_component" with the following parameter:
    Info: Parameter "lpm_direction" = "UNUSED"
    Info: Parameter "lpm_port_updown" = "PORT_USED"
    Info: Parameter "lpm_type" = "LPM_COUNTER"
    Info: Parameter "lpm_width" = "3"
Info: Found 1 design units, including 1 entities, in source file db/cntr_uti.tdf
    Info: Found entity 1: cntr_uti
Info: Elaborating entity "cntr_uti" for hierarchy "ct4pm:UAinst2|lpm_counter:lpm_counter_component|cntr_uti:auto_generated"
Warning: Using design file reg.vhd, which is not specified as a design file for the current project, but contains definitions for 2 design units and 1 entities in project
    Info: Found design unit 1: reg-SYN
    Info: Found entity 1: reg
Info: Elaborating entity "reg" for hierarchy "reg:inst31"
Info: Elaborating entity "lpm_ff" for hierarchy "reg:inst31|lpm_ff:lpm_ff_component"
Info: Elaborated megafunction instantiation "reg:inst31|lpm_ff:lpm_ff_component"
Info: Instantiated megafunction "reg:inst31|lpm_ff:lpm_ff_component" with the following parameter:
    Info: Parameter "lpm_fftype" = "DFF"
    Info: Parameter "lpm_type" = "LPM_FF"
    Info: Parameter "lpm_width" = "5"
Warning: Output pins are stuck at VCC or GND
    Warning (13410): Pin "ctpin[4]" is stuck at VCC
    Warning (13410): Pin "ctpin[3]" is stuck at GND
    Warning (13410): Pin "ctpin[2]" is stuck at VCC
    Warning (13410): Pin "ctpin[1]" is stuck at GND
Info: Implemented 43 device resources after synthesis - the final resource count might be different
    Info: Implemented 6 input pins
    Info: Implemented 20 output pins
    Info: Implemented 17 logic cells
Info: Quartus II Analysis & Synthesis was successful. 0 errors, 11 warnings
    Info: Peak virtual memory: 247 megabytes
    Info: Processing ended: Mon May 31 16:32:47 2021
    Info: Elapsed time: 00:00:01
    Info: Total CPU time (on all processors): 00:00:01


