Flow report for UAcourseProject
Sun May 30 20:59:33 2021
Quartus II Version 9.1 Build 350 03/24/2010 Service Pack 2 SJ Web Edition


---------------------
; Table of Contents ;
---------------------
  1. Legal Notice
  2. Flow Summary
  3. Flow Settings
  4. Flow Non-Default Global Settings
  5. Flow Elapsed Time
  6. Flow OS Summary
  7. Flow Log



----------------
; Legal Notice ;
----------------
Copyright (C) 1991-2010 Altera Corporation
Your use of Altera Corporation's design tools, logic functions 
and other software and tools, and its AMPP partner logic 
functions, and any output files from any of the foregoing 
(including device programming or simulation files), and any 
associated documentation or information are expressly subject 
to the terms and conditions of the Altera Program License 
Subscription Agreement, Altera MegaCore Function License 
Agreement, or other applicable license agreement, including, 
without limitation, that your use is for the sole purpose of 
programming logic devices manufactured by Altera and sold by 
Altera or its authorized distributors.  Please refer to the 
applicable agreement for further details.



+------------------------------------------------------------------------------+
; Flow Summary                                                                 ;
+-------------------------------+----------------------------------------------+
; Flow Status                   ; Successful - Sun May 30 20:59:33 2021        ;
; Quartus II Version            ; 9.1 Build 350 03/24/2010 SP 2 SJ Web Edition ;
; Revision Name                 ; UAcourseProject                              ;
; Top-level Entity Name         ; UAcourseProject                              ;
; Family                        ; Stratix II                                   ;
; Met timing requirements       ; Yes                                          ;
; Logic utilization             ; < 1 %                                        ;
;     Combinational ALUTs       ; 18 / 12,480 ( < 1 % )                        ;
;     Dedicated logic registers ; 8 / 12,480 ( < 1 % )                         ;
; Total registers               ; 8                                            ;
; Total pins                    ; 27 / 343 ( 8 % )                             ;
; Total virtual pins            ; 0                                            ;
; Total block memory bits       ; 0 / 419,328 ( 0 % )                          ;
; DSP block 9-bit elements      ; 0 / 96 ( 0 % )                               ;
; Total PLLs                    ; 0 / 6 ( 0 % )                                ;
; Total DLLs                    ; 0 / 2 ( 0 % )                                ;
; Device                        ; EP2S15F484C3                                 ;
; Timing Models                 ; Final                                        ;
+-------------------------------+----------------------------------------------+


+-----------------------------------------+
; Flow Settings                           ;
+-------------------+---------------------+
; Option            ; Setting             ;
+-------------------+---------------------+
; Start date & time ; 05/30/2021 20:59:26 ;
; Main task         ; Compilation         ;
; Revision Name     ; UAcourseProject     ;
+-------------------+---------------------+


+------------------------------------------------------------------------------------------------------------------+
; Flow Non-Default Global Settings                                                                                 ;
+------------------------------------+------------------------------+---------------+-------------+----------------+
; Assignment Name                    ; Value                        ; Default Value ; Entity Name ; Section Id     ;
+------------------------------------+------------------------------+---------------+-------------+----------------+
; COMPILER_SIGNATURE_ID              ; 929349186414.162239756617748 ; --            ; --          ; --             ;
; IP_TOOL_NAME                       ; LPM_OR                       ; --            ; --          ; --             ;
; IP_TOOL_VERSION                    ; 9.1                          ; --            ; --          ; --             ;
; MISC_FILE                          ; ilireset.bsf                 ; --            ; --          ; --             ;
; MISC_FILE                          ; ilireset_inst.vhd            ; --            ; --          ; --             ;
; MISC_FILE                          ; ilireset.inc                 ; --            ; --          ; --             ;
; MISC_FILE                          ; ilireset.cmp                 ; --            ; --          ; --             ;
; PARTITION_COLOR                    ; 16764057                     ; --            ; --          ; Top            ;
; PARTITION_NETLIST_TYPE             ; SOURCE                       ; --            ; --          ; Top            ;
; USE_GENERATED_PHYSICAL_CONSTRAINTS ; Off                          ; --            ; --          ; eda_blast_fpga ;
+------------------------------------+------------------------------+---------------+-------------+----------------+


+-----------------------------------------------------------------------------------------------------------------------------+
; Flow Elapsed Time                                                                                                           ;
+-------------------------+--------------+-------------------------+---------------------+------------------------------------+
; Module Name             ; Elapsed Time ; Average Processors Used ; Peak Virtual Memory ; Total CPU Time (on all processors) ;
+-------------------------+--------------+-------------------------+---------------------+------------------------------------+
; Analysis & Synthesis    ; 00:00:01     ; 1.0                     ; 248 MB              ; 00:00:02                           ;
; Fitter                  ; 00:00:02     ; 1.0                     ; 285 MB              ; 00:00:03                           ;
; Assembler               ; 00:00:01     ; 1.0                     ; 244 MB              ; 00:00:01                           ;
; Classic Timing Analyzer ; 00:00:00     ; 1.0                     ; 173 MB              ; 00:00:00                           ;
; Total                   ; 00:00:04     ; --                      ; --                  ; 00:00:06                           ;
+-------------------------+--------------+-------------------------+---------------------+------------------------------------+


+------------------------------------------------------------------------------------------+
; Flow OS Summary                                                                          ;
+-------------------------+------------------+---------------+------------+----------------+
; Module Name             ; Machine Hostname ; OS Name       ; OS Version ; Processor type ;
+-------------------------+------------------+---------------+------------+----------------+
; Analysis & Synthesis    ; MSI              ; Windows Vista ; 6.2        ; x86_64         ;
; Fitter                  ; MSI              ; Windows Vista ; 6.2        ; x86_64         ;
; Assembler               ; MSI              ; Windows Vista ; 6.2        ; x86_64         ;
; Classic Timing Analyzer ; MSI              ; Windows Vista ; 6.2        ; x86_64         ;
+-------------------------+------------------+---------------+------------+----------------+


------------
; Flow Log ;
------------
quartus_map --read_settings_files=on --write_settings_files=off UAcourseProject -c UAcourseProject
quartus_fit --read_settings_files=off --write_settings_files=off UAcourseProject -c UAcourseProject
quartus_asm --read_settings_files=off --write_settings_files=off UAcourseProject -c UAcourseProject
quartus_tan --read_settings_files=off --write_settings_files=off UAcourseProject -c UAcourseProject --timing_analysis_only



