Analysis & Synthesis report for kursovoi
Thu Mar 29 13:12:56 2012
Quartus II Version 9.1 Build 350 03/24/2010 Service Pack 2 SJ Web Edition


---------------------
; Table of Contents ;
---------------------
  1. Legal Notice
  2. Analysis & Synthesis Summary
  3. Analysis & Synthesis Settings
  4. Parallel Compilation
  5. Analysis & Synthesis Source Files Read
  6. Analysis & Synthesis Resource Usage Summary
  7. Analysis & Synthesis Resource Utilization by Entity
  8. General Register Statistics
  9. Source assignments for CT2:inst30|lpm_counter:lpm_counter_component
 10. Source assignments for UA:inst45|Ct4pm:UAinst|lpm_counter:lpm_counter_component
 11. Source assignments for CT1:inst19|lpm_counter:lpm_counter_component
 12. Parameter Settings for User Entity Instance: vprs:inst35|LPM_OR:lpm_or_component
 13. Parameter Settings for User Entity Instance: CT2:inst30|lpm_counter:lpm_counter_component
 14. Parameter Settings for User Entity Instance: UA:inst45|Dc4:inst1|lpm_decode:lpm_decode_component
 15. Parameter Settings for User Entity Instance: UA:inst45|Ct4pm:UAinst|lpm_counter:lpm_counter_component
 16. Parameter Settings for User Entity Instance: UA:inst45|ant:inst|lpm_ff:lpm_ff_component
 17. Parameter Settings for User Entity Instance: SM2:inst17|lpm_add_sub:lpm_add_sub_component
 18. Parameter Settings for User Entity Instance: RG4:inst4|lpm_ff:lpm_ff_component
 19. Parameter Settings for User Entity Instance: pr_na_nol:inst10|LPM_OR:lpm_or_component
 20. Parameter Settings for User Entity Instance: RG2:inst2|lpm_shiftreg:lpm_shiftreg_component
 21. Parameter Settings for User Entity Instance: CT1:inst19|lpm_counter:lpm_counter_component
 22. Parameter Settings for User Entity Instance: RG1:inst|lpm_shiftreg:lpm_shiftreg_component
 23. Parameter Settings for User Entity Instance: ili:inst32|LPM_OR:lpm_or_component
 24. Parameter Settings for User Entity Instance: RG3:inst3|lpm_shiftreg:lpm_shiftreg_component
 25. Parameter Settings for User Entity Instance: SM1:inst5|lpm_add_sub:lpm_add_sub_component
 26. Parameter Settings for User Entity Instance: invert:inst16|LPM_XOR:lpm_xor_component
 27. Parameter Settings for User Entity Instance: MS1:inst6|LPM_MUX:lpm_mux_component
 28. Parameter Settings for User Entity Instance: ili10:inst43|LPM_OR:lpm_or_component
 29. Parameter Settings for User Entity Instance: ili9:inst44|LPM_OR:lpm_or_component
 30. lpm_shiftreg Parameter Settings by Entity Instance
 31. Analysis & Synthesis Messages



----------------
; Legal Notice ;
----------------
Copyright (C) 1991-2010 Altera Corporation
Your use of Altera Corporation's design tools, logic functions 
and other software and tools, and its AMPP partner logic 
functions, and any output files from any of the foregoing 
(including device programming or simulation files), and any 
associated documentation or information are expressly subject 
to the terms and conditions of the Altera Program License 
Subscription Agreement, Altera MegaCore Function License 
Agreement, or other applicable license agreement, including, 
without limitation, that your use is for the sole purpose of 
programming logic devices manufactured by Altera and sold by 
Altera or its authorized distributors.  Please refer to the 
applicable agreement for further details.



+-----------------------------------------------------------------------------------+
; Analysis & Synthesis Summary                                                      ;
+------------------------------------+----------------------------------------------+
; Analysis & Synthesis Status        ; Successful - Thu Mar 29 13:12:56 2012        ;
; Quartus II Version                 ; 9.1 Build 350 03/24/2010 SP 2 SJ Web Edition ;
; Revision Name                      ; kursovoi                                     ;
; Top-level Entity Name              ; kursovoi                                     ;
; Family                             ; Cyclone III                                  ;
; Total logic elements               ; 166                                          ;
;     Total combinational functions  ; 159                                          ;
;     Dedicated logic registers      ; 85                                           ;
; Total registers                    ; 85                                           ;
; Total pins                         ; 89                                           ;
; Total virtual pins                 ; 0                                            ;
; Total memory bits                  ; 0                                            ;
; Embedded Multiplier 9-bit elements ; 0                                            ;
; Total PLLs                         ; 0                                            ;
+------------------------------------+----------------------------------------------+


+----------------------------------------------------------------------------------------------------------------------+
; Analysis & Synthesis Settings                                                                                        ;
+----------------------------------------------------------------------------+--------------------+--------------------+
; Option                                                                     ; Setting            ; Default Value      ;
+----------------------------------------------------------------------------+--------------------+--------------------+
; Device                                                                     ; EP3C5E144C8        ;                    ;
; Top-level entity name                                                      ; kursovoi           ; kursovoi           ;
; Family name                                                                ; Cyclone III        ; Stratix II         ;
; Use Generated Physical Constraints File                                    ; Off                ;                    ;
; Use smart compilation                                                      ; Off                ; Off                ;
; Enable parallel Assembler and TimeQuest Timing Analyzer during compilation ; On                 ; On                 ;
; Enable compact report table                                                ; Off                ; Off                ;
; Restructure Multiplexers                                                   ; Auto               ; Auto               ;
; Create Debugging Nodes for IP Cores                                        ; Off                ; Off                ;
; Preserve fewer node names                                                  ; On                 ; On                 ;
; Disable OpenCore Plus hardware evaluation                                  ; Off                ; Off                ;
; Verilog Version                                                            ; Verilog_2001       ; Verilog_2001       ;
; VHDL Version                                                               ; VHDL_1993          ; VHDL_1993          ;
; State Machine Processing                                                   ; Auto               ; Auto               ;
; Safe State Machine                                                         ; Off                ; Off                ;
; Extract Verilog State Machines                                             ; On                 ; On                 ;
; Extract VHDL State Machines                                                ; On                 ; On                 ;
; Ignore Verilog initial constructs                                          ; Off                ; Off                ;
; Iteration limit for constant Verilog loops                                 ; 5000               ; 5000               ;
; Iteration limit for non-constant Verilog loops                             ; 250                ; 250                ;
; Add Pass-Through Logic to Inferred RAMs                                    ; On                 ; On                 ;
; Parallel Synthesis                                                         ; On                 ; On                 ;
; DSP Block Balancing                                                        ; Auto               ; Auto               ;
; NOT Gate Push-Back                                                         ; On                 ; On                 ;
; Power-Up Don't Care                                                        ; On                 ; On                 ;
; Remove Redundant Logic Cells                                               ; Off                ; Off                ;
; Remove Duplicate Registers                                                 ; On                 ; On                 ;
; Ignore CARRY Buffers                                                       ; Off                ; Off                ;
; Ignore CASCADE Buffers                                                     ; Off                ; Off                ;
; Ignore GLOBAL Buffers                                                      ; Off                ; Off                ;
; Ignore ROW GLOBAL Buffers                                                  ; Off                ; Off                ;
; Ignore LCELL Buffers                                                       ; Off                ; Off                ;
; Ignore SOFT Buffers                                                        ; On                 ; On                 ;
; Limit AHDL Integers to 32 Bits                                             ; Off                ; Off                ;
; Optimization Technique                                                     ; Balanced           ; Balanced           ;
; Carry Chain Length                                                         ; 70                 ; 70                 ;
; Auto Carry Chains                                                          ; On                 ; On                 ;
; Auto Open-Drain Pins                                                       ; On                 ; On                 ;
; Perform WYSIWYG Primitive Resynthesis                                      ; Off                ; Off                ;
; Auto ROM Replacement                                                       ; On                 ; On                 ;
; Auto RAM Replacement                                                       ; On                 ; On                 ;
; Auto DSP Block Replacement                                                 ; On                 ; On                 ;
; Auto Shift Register Replacement                                            ; Auto               ; Auto               ;
; Auto Clock Enable Replacement                                              ; On                 ; On                 ;
; Strict RAM Replacement                                                     ; Off                ; Off                ;
; Allow Synchronous Control Signals                                          ; On                 ; On                 ;
; Force Use of Synchronous Clear Signals                                     ; Off                ; Off                ;
; Auto RAM Block Balancing                                                   ; On                 ; On                 ;
; Auto RAM to Logic Cell Conversion                                          ; Off                ; Off                ;
; Auto Resource Sharing                                                      ; Off                ; Off                ;
; Allow Any RAM Size For Recognition                                         ; Off                ; Off                ;
; Allow Any ROM Size For Recognition                                         ; Off                ; Off                ;
; Allow Any Shift Register Size For Recognition                              ; Off                ; Off                ;
; Use LogicLock Constraints during Resource Balancing                        ; On                 ; On                 ;
; Ignore translate_off and synthesis_off directives                          ; Off                ; Off                ;
; Timing-Driven Synthesis                                                    ; On                 ; On                 ;
; Show Parameter Settings Tables in Synthesis Report                         ; On                 ; On                 ;
; Ignore Maximum Fan-Out Assignments                                         ; Off                ; Off                ;
; Synchronization Register Chain Length                                      ; 2                  ; 2                  ;
; PowerPlay Power Optimization                                               ; Normal compilation ; Normal compilation ;
; HDL message level                                                          ; Level2             ; Level2             ;
; Suppress Register Optimization Related Messages                            ; Off                ; Off                ;
; Number of Removed Registers Reported in Synthesis Report                   ; 5000               ; 5000               ;
; Number of Inverted Registers Reported in Synthesis Report                  ; 100                ; 100                ;
; Clock MUX Protection                                                       ; On                 ; On                 ;
; Auto Gated Clock Conversion                                                ; Off                ; Off                ;
; Block Design Naming                                                        ; Auto               ; Auto               ;
; SDC constraint protection                                                  ; Off                ; Off                ;
; Synthesis Effort                                                           ; Auto               ; Auto               ;
; Shift Register Replacement - Allow Asynchronous Clear Signal               ; On                 ; On                 ;
; Analysis & Synthesis Message Level                                         ; Medium             ; Medium             ;
; Disable Register Merging Across Hierarchies                                ; Auto               ; Auto               ;
; Resource Aware Inference For Block RAM                                     ; On                 ; On                 ;
+----------------------------------------------------------------------------+--------------------+--------------------+


Parallel compilation was disabled, but you have multiple processors available. Enable parallel compilation to reduce compilation time.
+-------------------------------------+
; Parallel Compilation                ;
+----------------------------+--------+
; Processors                 ; Number ;
+----------------------------+--------+
; Number detected on machine ; 2      ;
; Maximum allowed            ; 1      ;
+----------------------------+--------+


+------------------------------------------------------------------------------------------------------------------------------------------------------------+
; Analysis & Synthesis Source Files Read                                                                                                                     ;
+----------------------------------+-----------------+------------------------------------+------------------------------------------------------------------+
; File Name with User-Entered Path ; Used in Netlist ; File Type                          ; File Name with Absolute Path                                     ;
+----------------------------------+-----------------+------------------------------------+------------------------------------------------------------------+
; ../kursua/ant.vhd                ; yes             ; User Wizard-Generated File         ; C:/altera/91sp2/quartus/kursua/ant.vhd                           ;
; ../kursua/Ct4pm.vhd              ; yes             ; User Wizard-Generated File         ; C:/altera/91sp2/quartus/kursua/Ct4pm.vhd                         ;
; ../kursua/Dc4.vhd                ; yes             ; User Wizard-Generated File         ; C:/altera/91sp2/quartus/kursua/Dc4.vhd                           ;
; RG1.vhd                          ; yes             ; User Wizard-Generated File         ; C:/altera/91sp2/quartus/kursach/RG1.vhd                          ;
; RG2.vhd                          ; yes             ; User Wizard-Generated File         ; C:/altera/91sp2/quartus/kursach/RG2.vhd                          ;
; RG3.vhd                          ; yes             ; User Wizard-Generated File         ; C:/altera/91sp2/quartus/kursach/RG3.vhd                          ;
; RG4.vhd                          ; yes             ; User Wizard-Generated File         ; C:/altera/91sp2/quartus/kursach/RG4.vhd                          ;
; SM1.vhd                          ; yes             ; User Wizard-Generated File         ; C:/altera/91sp2/quartus/kursach/SM1.vhd                          ;
; MS1.vhd                          ; yes             ; User Wizard-Generated File         ; C:/altera/91sp2/quartus/kursach/MS1.vhd                          ;
; kursovoi.bdf                     ; yes             ; User Block Diagram/Schematic File  ; C:/altera/91sp2/quartus/kursach/kursovoi.bdf                     ;
; SM2.vhd                          ; yes             ; User Wizard-Generated File         ; C:/altera/91sp2/quartus/kursach/SM2.vhd                          ;
; CT1.vhd                          ; yes             ; User Wizard-Generated File         ; C:/altera/91sp2/quartus/kursach/CT1.vhd                          ;
; CT2.vhd                          ; yes             ; User Wizard-Generated File         ; C:/altera/91sp2/quartus/kursach/CT2.vhd                          ;
; vprs.vhd                         ; yes             ; User Wizard-Generated File         ; C:/altera/91sp2/quartus/kursach/vprs.vhd                         ;
; pr_na_nol.vhd                    ; yes             ; User Wizard-Generated File         ; C:/altera/91sp2/quartus/kursach/pr_na_nol.vhd                    ;
; invert.vhd                       ; yes             ; User Wizard-Generated File         ; C:/altera/91sp2/quartus/kursach/invert.vhd                       ;
; ili.vhd                          ; yes             ; User Wizard-Generated File         ; C:/altera/91sp2/quartus/kursach/ili.vhd                          ;
; ili10.vhd                        ; yes             ; User Wizard-Generated File         ; C:/altera/91sp2/quartus/kursach/ili10.vhd                        ;
; ili9.vhd                         ; yes             ; User Wizard-Generated File         ; C:/altera/91sp2/quartus/kursach/ili9.vhd                         ;
; UA.bdf                           ; yes             ; User Block Diagram/Schematic File  ; C:/altera/91sp2/quartus/kursach/UA.bdf                           ;
; lpm_or.tdf                       ; yes             ; Megafunction                       ; c:/altera/91sp2/quartus/libraries/megafunctions/lpm_or.tdf       ;
; lpm_counter.tdf                  ; yes             ; Megafunction                       ; c:/altera/91sp2/quartus/libraries/megafunctions/lpm_counter.tdf  ;
; db/cntr_6ii.tdf                  ; yes             ; Auto-Generated Megafunction        ; C:/altera/91sp2/quartus/kursach/db/cntr_6ii.tdf                  ;
; lpm_decode.tdf                   ; yes             ; Megafunction                       ; c:/altera/91sp2/quartus/libraries/megafunctions/lpm_decode.tdf   ;
; db/decode_lbf.tdf                ; yes             ; Auto-Generated Megafunction        ; C:/altera/91sp2/quartus/kursach/db/decode_lbf.tdf                ;
; db/cntr_4ii.tdf                  ; yes             ; Auto-Generated Megafunction        ; C:/altera/91sp2/quartus/kursach/db/cntr_4ii.tdf                  ;
; lpm_ff.tdf                       ; yes             ; Megafunction                       ; c:/altera/91sp2/quartus/libraries/megafunctions/lpm_ff.tdf       ;
; lpm_add_sub.tdf                  ; yes             ; Megafunction                       ; c:/altera/91sp2/quartus/libraries/megafunctions/lpm_add_sub.tdf  ;
; db/add_sub_d6i.tdf               ; yes             ; Auto-Generated Megafunction        ; C:/altera/91sp2/quartus/kursach/db/add_sub_d6i.tdf               ;
; lpm_shiftreg.tdf                 ; yes             ; Megafunction                       ; c:/altera/91sp2/quartus/libraries/megafunctions/lpm_shiftreg.tdf ;
; db/cntr_6cj.tdf                  ; yes             ; Auto-Generated Megafunction        ; C:/altera/91sp2/quartus/kursach/db/cntr_6cj.tdf                  ;
; db/add_sub_kii.tdf               ; yes             ; Auto-Generated Megafunction        ; C:/altera/91sp2/quartus/kursach/db/add_sub_kii.tdf               ;
; lpm_xor.tdf                      ; yes             ; Megafunction                       ; c:/altera/91sp2/quartus/libraries/megafunctions/lpm_xor.tdf      ;
; lpm_mux.tdf                      ; yes             ; Megafunction                       ; c:/altera/91sp2/quartus/libraries/megafunctions/lpm_mux.tdf      ;
; db/mux_p7e.tdf                   ; yes             ; Auto-Generated Megafunction        ; C:/altera/91sp2/quartus/kursach/db/mux_p7e.tdf                   ;
+----------------------------------+-----------------+------------------------------------+------------------------------------------------------------------+


+---------------------------------------------------------+
; Analysis & Synthesis Resource Usage Summary             ;
+---------------------------------------------+-----------+
; Resource                                    ; Usage     ;
+---------------------------------------------+-----------+
; Estimated Total logic elements              ; 166       ;
;                                             ;           ;
; Total combinational functions               ; 159       ;
; Logic element usage by number of LUT inputs ;           ;
;     -- 4 input functions                    ; 46        ;
;     -- 3 input functions                    ; 55        ;
;     -- <=2 input functions                  ; 58        ;
;                                             ;           ;
; Logic elements by mode                      ;           ;
;     -- normal mode                          ; 122       ;
;     -- arithmetic mode                      ; 37        ;
;                                             ;           ;
; Total registers                             ; 85        ;
;     -- Dedicated logic registers            ; 85        ;
;     -- I/O registers                        ; 0         ;
;                                             ;           ;
; I/O pins                                    ; 89        ;
; Maximum fan-out node                        ; clk~input ;
; Maximum fan-out                             ; 80        ;
; Total fan-out                               ; 946       ;
; Average fan-out                             ; 2.24      ;
+---------------------------------------------+-----------+


+----------------------------------------------------------------------------------------------------------------------------------------------------------------------------------------------------------------------------------------------------------------------+
; Analysis & Synthesis Resource Utilization by Entity                                                                                                                                                                                                                  ;
+----------------------------------------------+-------------------+--------------+-------------+--------------+---------+-----------+------+--------------+--------------------------------------------------------------------------------------------+--------------+
; Compilation Hierarchy Node                   ; LC Combinationals ; LC Registers ; Memory Bits ; DSP Elements ; DSP 9x9 ; DSP 18x18 ; Pins ; Virtual Pins ; Full Hierarchy Name                                                                        ; Library Name ;
+----------------------------------------------+-------------------+--------------+-------------+--------------+---------+-----------+------+--------------+--------------------------------------------------------------------------------------------+--------------+
; |kursovoi                                    ; 159 (15)          ; 85 (3)       ; 0           ; 0            ; 0       ; 0         ; 89   ; 0            ; |kursovoi                                                                                  ; work         ;
;    |CT1:inst19|                              ; 6 (0)             ; 5 (0)        ; 0           ; 0            ; 0       ; 0         ; 0    ; 0            ; |kursovoi|CT1:inst19                                                                       ; work         ;
;       |lpm_counter:lpm_counter_component|    ; 6 (0)             ; 5 (0)        ; 0           ; 0            ; 0       ; 0         ; 0    ; 0            ; |kursovoi|CT1:inst19|lpm_counter:lpm_counter_component                                     ; work         ;
;          |cntr_6cj:auto_generated|           ; 6 (6)             ; 5 (5)        ; 0           ; 0            ; 0       ; 0         ; 0    ; 0            ; |kursovoi|CT1:inst19|lpm_counter:lpm_counter_component|cntr_6cj:auto_generated             ; work         ;
;    |CT2:inst30|                              ; 8 (0)             ; 6 (0)        ; 0           ; 0            ; 0       ; 0         ; 0    ; 0            ; |kursovoi|CT2:inst30                                                                       ; work         ;
;       |lpm_counter:lpm_counter_component|    ; 8 (0)             ; 6 (0)        ; 0           ; 0            ; 0       ; 0         ; 0    ; 0            ; |kursovoi|CT2:inst30|lpm_counter:lpm_counter_component                                     ; work         ;
;          |cntr_6ii:auto_generated|           ; 8 (8)             ; 6 (6)        ; 0           ; 0            ; 0       ; 0         ; 0    ; 0            ; |kursovoi|CT2:inst30|lpm_counter:lpm_counter_component|cntr_6ii:auto_generated             ; work         ;
;    |RG1:inst|                                ; 10 (0)            ; 10 (0)       ; 0           ; 0            ; 0       ; 0         ; 0    ; 0            ; |kursovoi|RG1:inst                                                                         ; work         ;
;       |lpm_shiftreg:lpm_shiftreg_component|  ; 10 (10)           ; 10 (10)      ; 0           ; 0            ; 0       ; 0         ; 0    ; 0            ; |kursovoi|RG1:inst|lpm_shiftreg:lpm_shiftreg_component                                     ; work         ;
;    |RG2:inst2|                               ; 20 (0)            ; 20 (0)       ; 0           ; 0            ; 0       ; 0         ; 0    ; 0            ; |kursovoi|RG2:inst2                                                                        ; work         ;
;       |lpm_shiftreg:lpm_shiftreg_component|  ; 20 (20)           ; 20 (20)      ; 0           ; 0            ; 0       ; 0         ; 0    ; 0            ; |kursovoi|RG2:inst2|lpm_shiftreg:lpm_shiftreg_component                                    ; work         ;
;    |RG3:inst3|                               ; 21 (0)            ; 20 (0)       ; 0           ; 0            ; 0       ; 0         ; 0    ; 0            ; |kursovoi|RG3:inst3                                                                        ; work         ;
;       |lpm_shiftreg:lpm_shiftreg_component|  ; 21 (21)           ; 20 (20)      ; 0           ; 0            ; 0       ; 0         ; 0    ; 0            ; |kursovoi|RG3:inst3|lpm_shiftreg:lpm_shiftreg_component                                    ; work         ;
;    |RG4:inst4|                               ; 0 (0)             ; 5 (0)        ; 0           ; 0            ; 0       ; 0         ; 0    ; 0            ; |kursovoi|RG4:inst4                                                                        ; work         ;
;       |lpm_ff:lpm_ff_component|              ; 0 (0)             ; 5 (5)        ; 0           ; 0            ; 0       ; 0         ; 0    ; 0            ; |kursovoi|RG4:inst4|lpm_ff:lpm_ff_component                                                ; work         ;
;    |SM2:inst17|                              ; 12 (0)            ; 0 (0)        ; 0           ; 0            ; 0       ; 0         ; 0    ; 0            ; |kursovoi|SM2:inst17                                                                       ; work         ;
;       |lpm_add_sub:lpm_add_sub_component|    ; 12 (0)            ; 0 (0)        ; 0           ; 0            ; 0       ; 0         ; 0    ; 0            ; |kursovoi|SM2:inst17|lpm_add_sub:lpm_add_sub_component                                     ; work         ;
;          |add_sub_d6i:auto_generated|        ; 12 (12)           ; 0 (0)        ; 0           ; 0            ; 0       ; 0         ; 0    ; 0            ; |kursovoi|SM2:inst17|lpm_add_sub:lpm_add_sub_component|add_sub_d6i:auto_generated          ; work         ;
;    |UA:inst45|                               ; 41 (18)           ; 16 (1)       ; 0           ; 0            ; 0       ; 0         ; 0    ; 0            ; |kursovoi|UA:inst45                                                                        ; work         ;
;       |Ct4pm:UAinst|                         ; 8 (0)             ; 4 (0)        ; 0           ; 0            ; 0       ; 0         ; 0    ; 0            ; |kursovoi|UA:inst45|Ct4pm:UAinst                                                           ; work         ;
;          |lpm_counter:lpm_counter_component| ; 8 (0)             ; 4 (0)        ; 0           ; 0            ; 0       ; 0         ; 0    ; 0            ; |kursovoi|UA:inst45|Ct4pm:UAinst|lpm_counter:lpm_counter_component                         ; work         ;
;             |cntr_4ii:auto_generated|        ; 8 (8)             ; 4 (4)        ; 0           ; 0            ; 0       ; 0         ; 0    ; 0            ; |kursovoi|UA:inst45|Ct4pm:UAinst|lpm_counter:lpm_counter_component|cntr_4ii:auto_generated ; work         ;
;       |Dc4:inst1|                            ; 14 (0)            ; 0 (0)        ; 0           ; 0            ; 0       ; 0         ; 0    ; 0            ; |kursovoi|UA:inst45|Dc4:inst1                                                              ; work         ;
;          |lpm_decode:lpm_decode_component|   ; 14 (0)            ; 0 (0)        ; 0           ; 0            ; 0       ; 0         ; 0    ; 0            ; |kursovoi|UA:inst45|Dc4:inst1|lpm_decode:lpm_decode_component                              ; work         ;
;             |decode_lbf:auto_generated|      ; 14 (14)           ; 0 (0)        ; 0           ; 0            ; 0       ; 0         ; 0    ; 0            ; |kursovoi|UA:inst45|Dc4:inst1|lpm_decode:lpm_decode_component|decode_lbf:auto_generated    ; work         ;
;       |ant:inst|                             ; 1 (0)             ; 11 (0)       ; 0           ; 0            ; 0       ; 0         ; 0    ; 0            ; |kursovoi|UA:inst45|ant:inst                                                               ; work         ;
;          |lpm_ff:lpm_ff_component|           ; 1 (1)             ; 11 (11)      ; 0           ; 0            ; 0       ; 0         ; 0    ; 0            ; |kursovoi|UA:inst45|ant:inst|lpm_ff:lpm_ff_component                                       ; work         ;
;    |ili:inst32|                              ; 3 (0)             ; 0 (0)        ; 0           ; 0            ; 0       ; 0         ; 0    ; 0            ; |kursovoi|ili:inst32                                                                       ; work         ;
;       |lpm_or:lpm_or_component|              ; 3 (3)             ; 0 (0)        ; 0           ; 0            ; 0       ; 0         ; 0    ; 0            ; |kursovoi|ili:inst32|lpm_or:lpm_or_component                                               ; work         ;
;    |invert:inst16|                           ; 20 (0)            ; 0 (0)        ; 0           ; 0            ; 0       ; 0         ; 0    ; 0            ; |kursovoi|invert:inst16                                                                    ; work         ;
;       |lpm_xor:lpm_xor_component|            ; 20 (20)           ; 0 (0)        ; 0           ; 0            ; 0       ; 0         ; 0    ; 0            ; |kursovoi|invert:inst16|lpm_xor:lpm_xor_component                                          ; work         ;
;    |pr_na_nol:inst10|                        ; 3 (0)             ; 0 (0)        ; 0           ; 0            ; 0       ; 0         ; 0    ; 0            ; |kursovoi|pr_na_nol:inst10                                                                 ; work         ;
;       |lpm_or:lpm_or_component|              ; 3 (3)             ; 0 (0)        ; 0           ; 0            ; 0       ; 0         ; 0    ; 0            ; |kursovoi|pr_na_nol:inst10|lpm_or:lpm_or_component                                         ; work         ;
+----------------------------------------------+-------------------+--------------+-------------+--------------+---------+-----------+------+--------------+--------------------------------------------------------------------------------------------+--------------+
Note: For table entries with two numbers listed, the numbers in parentheses indicate the number of resources of the given type used by the specific entity alone. The numbers listed outside of parentheses indicate the total resources of the given type used by the specific entity and all of its sub-entities in the hierarchy.


+------------------------------------------------------+
; General Register Statistics                          ;
+----------------------------------------------+-------+
; Statistic                                    ; Value ;
+----------------------------------------------+-------+
; Total registers                              ; 85    ;
; Number of registers using Synchronous Clear  ; 20    ;
; Number of registers using Synchronous Load   ; 35    ;
; Number of registers using Asynchronous Clear ; 3     ;
; Number of registers using Asynchronous Load  ; 0     ;
; Number of registers using Clock Enable       ; 70    ;
; Number of registers using Preset             ; 0     ;
+----------------------------------------------+-------+


+---------------------------------------------------------------------+
; Source assignments for CT2:inst30|lpm_counter:lpm_counter_component ;
+---------------------------+-------+------+--------------------------+
; Assignment                ; Value ; From ; To                       ;
+---------------------------+-------+------+--------------------------+
; SUPPRESS_DA_RULE_INTERNAL ; a101  ; -    ; -                        ;
; SUPPRESS_DA_RULE_INTERNAL ; s102  ; -    ; -                        ;
; SUPPRESS_DA_RULE_INTERNAL ; s103  ; -    ; -                        ;
+---------------------------+-------+------+--------------------------+


+---------------------------------------------------------------------------------+
; Source assignments for UA:inst45|Ct4pm:UAinst|lpm_counter:lpm_counter_component ;
+---------------------------+-------+------+--------------------------------------+
; Assignment                ; Value ; From ; To                                   ;
+---------------------------+-------+------+--------------------------------------+
; SUPPRESS_DA_RULE_INTERNAL ; a101  ; -    ; -                                    ;
; SUPPRESS_DA_RULE_INTERNAL ; s102  ; -    ; -                                    ;
; SUPPRESS_DA_RULE_INTERNAL ; s103  ; -    ; -                                    ;
+---------------------------+-------+------+--------------------------------------+


+---------------------------------------------------------------------+
; Source assignments for CT1:inst19|lpm_counter:lpm_counter_component ;
+---------------------------+-------+------+--------------------------+
; Assignment                ; Value ; From ; To                       ;
+---------------------------+-------+------+--------------------------+
; SUPPRESS_DA_RULE_INTERNAL ; a101  ; -    ; -                        ;
; SUPPRESS_DA_RULE_INTERNAL ; s102  ; -    ; -                        ;
; SUPPRESS_DA_RULE_INTERNAL ; s103  ; -    ; -                        ;
+---------------------------+-------+------+--------------------------+


+----------------------------------------------------------------------------------+
; Parameter Settings for User Entity Instance: vprs:inst35|LPM_OR:lpm_or_component ;
+------------------------+-------------+-------------------------------------------+
; Parameter Name         ; Value       ; Type                                      ;
+------------------------+-------------+-------------------------------------------+
; AUTO_CARRY_CHAINS      ; ON          ; AUTO_CARRY                                ;
; IGNORE_CARRY_BUFFERS   ; OFF         ; IGNORE_CARRY                              ;
; AUTO_CASCADE_CHAINS    ; ON          ; AUTO_CASCADE                              ;
; IGNORE_CASCADE_BUFFERS ; OFF         ; IGNORE_CASCADE                            ;
; LPM_WIDTH              ; 1           ; Signed Integer                            ;
; LPM_SIZE               ; 4           ; Signed Integer                            ;
; CARRY_CHAIN_LENGTH     ; 48          ; CARRY_CHAIN_LENGTH                        ;
; CARRY_CHAIN            ; MANUAL      ; Untyped                                   ;
; CASCADE_CHAIN          ; MANUAL      ; Untyped                                   ;
; DEVICE_FAMILY          ; Cyclone III ; Untyped                                   ;
+------------------------+-------------+-------------------------------------------+
Note: In order to hide this table in the UI and the text report file, please set the "Show Parameter Settings Tables in Synthesis Report" option in "Analysis and Synthesis Settings -> More Settings" to "Off".


+-------------------------------------------------------------------------------------------+
; Parameter Settings for User Entity Instance: CT2:inst30|lpm_counter:lpm_counter_component ;
+------------------------+-------------+----------------------------------------------------+
; Parameter Name         ; Value       ; Type                                               ;
+------------------------+-------------+----------------------------------------------------+
; AUTO_CARRY_CHAINS      ; ON          ; AUTO_CARRY                                         ;
; IGNORE_CARRY_BUFFERS   ; OFF         ; IGNORE_CARRY                                       ;
; AUTO_CASCADE_CHAINS    ; ON          ; AUTO_CASCADE                                       ;
; IGNORE_CASCADE_BUFFERS ; OFF         ; IGNORE_CASCADE                                     ;
; LPM_WIDTH              ; 6           ; Signed Integer                                     ;
; LPM_DIRECTION          ; DEFAULT     ; Untyped                                            ;
; LPM_MODULUS            ; 0           ; Untyped                                            ;
; LPM_AVALUE             ; UNUSED      ; Untyped                                            ;
; LPM_SVALUE             ; UNUSED      ; Untyped                                            ;
; LPM_PORT_UPDOWN        ; PORT_USED   ; Untyped                                            ;
; DEVICE_FAMILY          ; Cyclone III ; Untyped                                            ;
; CARRY_CHAIN            ; MANUAL      ; Untyped                                            ;
; CARRY_CHAIN_LENGTH     ; 48          ; CARRY_CHAIN_LENGTH                                 ;
; NOT_GATE_PUSH_BACK     ; ON          ; NOT_GATE_PUSH_BACK                                 ;
; CARRY_CNT_EN           ; SMART       ; Untyped                                            ;
; LABWIDE_SCLR           ; ON          ; Untyped                                            ;
; USE_NEW_VERSION        ; TRUE        ; Untyped                                            ;
; CBXI_PARAMETER         ; cntr_6ii    ; Untyped                                            ;
+------------------------+-------------+----------------------------------------------------+
Note: In order to hide this table in the UI and the text report file, please set the "Show Parameter Settings Tables in Synthesis Report" option in "Analysis and Synthesis Settings -> More Settings" to "Off".


+--------------------------------------------------------------------------------------------------+
; Parameter Settings for User Entity Instance: UA:inst45|Dc4:inst1|lpm_decode:lpm_decode_component ;
+------------------------+-------------+-----------------------------------------------------------+
; Parameter Name         ; Value       ; Type                                                      ;
+------------------------+-------------+-----------------------------------------------------------+
; LPM_WIDTH              ; 4           ; Signed Integer                                            ;
; LPM_DECODES            ; 16          ; Signed Integer                                            ;
; LPM_PIPELINE           ; 0           ; Untyped                                                   ;
; CASCADE_CHAIN          ; MANUAL      ; Untyped                                                   ;
; DEVICE_FAMILY          ; Cyclone III ; Untyped                                                   ;
; CBXI_PARAMETER         ; decode_lbf  ; Untyped                                                   ;
; AUTO_CARRY_CHAINS      ; ON          ; AUTO_CARRY                                                ;
; IGNORE_CARRY_BUFFERS   ; OFF         ; IGNORE_CARRY                                              ;
; AUTO_CASCADE_CHAINS    ; ON          ; AUTO_CASCADE                                              ;
; IGNORE_CASCADE_BUFFERS ; OFF         ; IGNORE_CASCADE                                            ;
+------------------------+-------------+-----------------------------------------------------------+
Note: In order to hide this table in the UI and the text report file, please set the "Show Parameter Settings Tables in Synthesis Report" option in "Analysis and Synthesis Settings -> More Settings" to "Off".


+-------------------------------------------------------------------------------------------------------+
; Parameter Settings for User Entity Instance: UA:inst45|Ct4pm:UAinst|lpm_counter:lpm_counter_component ;
+------------------------+-------------+----------------------------------------------------------------+
; Parameter Name         ; Value       ; Type                                                           ;
+------------------------+-------------+----------------------------------------------------------------+
; AUTO_CARRY_CHAINS      ; ON          ; AUTO_CARRY                                                     ;
; IGNORE_CARRY_BUFFERS   ; OFF         ; IGNORE_CARRY                                                   ;
; AUTO_CASCADE_CHAINS    ; ON          ; AUTO_CASCADE                                                   ;
; IGNORE_CASCADE_BUFFERS ; OFF         ; IGNORE_CASCADE                                                 ;
; LPM_WIDTH              ; 4           ; Signed Integer                                                 ;
; LPM_DIRECTION          ; DEFAULT     ; Untyped                                                        ;
; LPM_MODULUS            ; 0           ; Untyped                                                        ;
; LPM_AVALUE             ; UNUSED      ; Untyped                                                        ;
; LPM_SVALUE             ; UNUSED      ; Untyped                                                        ;
; LPM_PORT_UPDOWN        ; PORT_USED   ; Untyped                                                        ;
; DEVICE_FAMILY          ; Cyclone III ; Untyped                                                        ;
; CARRY_CHAIN            ; MANUAL      ; Untyped                                                        ;
; CARRY_CHAIN_LENGTH     ; 48          ; CARRY_CHAIN_LENGTH                                             ;
; NOT_GATE_PUSH_BACK     ; ON          ; NOT_GATE_PUSH_BACK                                             ;
; CARRY_CNT_EN           ; SMART       ; Untyped                                                        ;
; LABWIDE_SCLR           ; ON          ; Untyped                                                        ;
; USE_NEW_VERSION        ; TRUE        ; Untyped                                                        ;
; CBXI_PARAMETER         ; cntr_4ii    ; Untyped                                                        ;
+------------------------+-------------+----------------------------------------------------------------+
Note: In order to hide this table in the UI and the text report file, please set the "Show Parameter Settings Tables in Synthesis Report" option in "Analysis and Synthesis Settings -> More Settings" to "Off".


+-----------------------------------------------------------------------------------------+
; Parameter Settings for User Entity Instance: UA:inst45|ant:inst|lpm_ff:lpm_ff_component ;
+------------------------+-------------+--------------------------------------------------+
; Parameter Name         ; Value       ; Type                                             ;
+------------------------+-------------+--------------------------------------------------+
; LPM_WIDTH              ; 11          ; Signed Integer                                   ;
; LPM_AVALUE             ; UNUSED      ; Untyped                                          ;
; LPM_SVALUE             ; UNUSED      ; Untyped                                          ;
; LPM_FFTYPE             ; DFF         ; Untyped                                          ;
; DEVICE_FAMILY          ; Cyclone III ; Untyped                                          ;
; CBXI_PARAMETER         ; NOTHING     ; Untyped                                          ;
; AUTO_CARRY_CHAINS      ; ON          ; AUTO_CARRY                                       ;
; IGNORE_CARRY_BUFFERS   ; OFF         ; IGNORE_CARRY                                     ;
; AUTO_CASCADE_CHAINS    ; ON          ; AUTO_CASCADE                                     ;
; IGNORE_CASCADE_BUFFERS ; OFF         ; IGNORE_CASCADE                                   ;
+------------------------+-------------+--------------------------------------------------+
Note: In order to hide this table in the UI and the text report file, please set the "Show Parameter Settings Tables in Synthesis Report" option in "Analysis and Synthesis Settings -> More Settings" to "Off".


+-------------------------------------------------------------------------------------------+
; Parameter Settings for User Entity Instance: SM2:inst17|lpm_add_sub:lpm_add_sub_component ;
+------------------------+-------------+----------------------------------------------------+
; Parameter Name         ; Value       ; Type                                               ;
+------------------------+-------------+----------------------------------------------------+
; LPM_WIDTH              ; 5           ; Signed Integer                                     ;
; LPM_REPRESENTATION     ; UNSIGNED    ; Untyped                                            ;
; LPM_DIRECTION          ; ADD         ; Untyped                                            ;
; ONE_INPUT_IS_CONSTANT  ; NO          ; Untyped                                            ;
; LPM_PIPELINE           ; 0           ; Untyped                                            ;
; MAXIMIZE_SPEED         ; 5           ; Untyped                                            ;
; REGISTERED_AT_END      ; 0           ; Untyped                                            ;
; OPTIMIZE_FOR_SPEED     ; 5           ; Untyped                                            ;
; USE_CS_BUFFERS         ; 1           ; Untyped                                            ;
; CARRY_CHAIN            ; MANUAL      ; Untyped                                            ;
; CARRY_CHAIN_LENGTH     ; 48          ; CARRY_CHAIN_LENGTH                                 ;
; DEVICE_FAMILY          ; Cyclone III ; Untyped                                            ;
; USE_WYS                ; OFF         ; Untyped                                            ;
; STYLE                  ; FAST        ; Untyped                                            ;
; CBXI_PARAMETER         ; add_sub_d6i ; Untyped                                            ;
; AUTO_CARRY_CHAINS      ; ON          ; AUTO_CARRY                                         ;
; IGNORE_CARRY_BUFFERS   ; OFF         ; IGNORE_CARRY                                       ;
; AUTO_CASCADE_CHAINS    ; ON          ; AUTO_CASCADE                                       ;
; IGNORE_CASCADE_BUFFERS ; OFF         ; IGNORE_CASCADE                                     ;
+------------------------+-------------+----------------------------------------------------+
Note: In order to hide this table in the UI and the text report file, please set the "Show Parameter Settings Tables in Synthesis Report" option in "Analysis and Synthesis Settings -> More Settings" to "Off".


+--------------------------------------------------------------------------------+
; Parameter Settings for User Entity Instance: RG4:inst4|lpm_ff:lpm_ff_component ;
+------------------------+-------------+-----------------------------------------+
; Parameter Name         ; Value       ; Type                                    ;
+------------------------+-------------+-----------------------------------------+
; LPM_WIDTH              ; 5           ; Signed Integer                          ;
; LPM_AVALUE             ; UNUSED      ; Untyped                                 ;
; LPM_SVALUE             ; UNUSED      ; Untyped                                 ;
; LPM_FFTYPE             ; DFF         ; Untyped                                 ;
; DEVICE_FAMILY          ; Cyclone III ; Untyped                                 ;
; CBXI_PARAMETER         ; NOTHING     ; Untyped                                 ;
; AUTO_CARRY_CHAINS      ; ON          ; AUTO_CARRY                              ;
; IGNORE_CARRY_BUFFERS   ; OFF         ; IGNORE_CARRY                            ;
; AUTO_CASCADE_CHAINS    ; ON          ; AUTO_CASCADE                            ;
; IGNORE_CASCADE_BUFFERS ; OFF         ; IGNORE_CASCADE                          ;
+------------------------+-------------+-----------------------------------------+
Note: In order to hide this table in the UI and the text report file, please set the "Show Parameter Settings Tables in Synthesis Report" option in "Analysis and Synthesis Settings -> More Settings" to "Off".


+---------------------------------------------------------------------------------------+
; Parameter Settings for User Entity Instance: pr_na_nol:inst10|LPM_OR:lpm_or_component ;
+------------------------+-------------+------------------------------------------------+
; Parameter Name         ; Value       ; Type                                           ;
+------------------------+-------------+------------------------------------------------+
; AUTO_CARRY_CHAINS      ; ON          ; AUTO_CARRY                                     ;
; IGNORE_CARRY_BUFFERS   ; OFF         ; IGNORE_CARRY                                   ;
; AUTO_CASCADE_CHAINS    ; ON          ; AUTO_CASCADE                                   ;
; IGNORE_CASCADE_BUFFERS ; OFF         ; IGNORE_CASCADE                                 ;
; LPM_WIDTH              ; 1           ; Signed Integer                                 ;
; LPM_SIZE               ; 10          ; Signed Integer                                 ;
; CARRY_CHAIN_LENGTH     ; 48          ; CARRY_CHAIN_LENGTH                             ;
; CARRY_CHAIN            ; MANUAL      ; Untyped                                        ;
; CASCADE_CHAIN          ; MANUAL      ; Untyped                                        ;
; DEVICE_FAMILY          ; Cyclone III ; Untyped                                        ;
+------------------------+-------------+------------------------------------------------+
Note: In order to hide this table in the UI and the text report file, please set the "Show Parameter Settings Tables in Synthesis Report" option in "Analysis and Synthesis Settings -> More Settings" to "Off".


+--------------------------------------------------------------------------------------------+
; Parameter Settings for User Entity Instance: RG2:inst2|lpm_shiftreg:lpm_shiftreg_component ;
+------------------------+-------------+-----------------------------------------------------+
; Parameter Name         ; Value       ; Type                                                ;
+------------------------+-------------+-----------------------------------------------------+
; LPM_WIDTH              ; 20          ; Signed Integer                                      ;
; LPM_DIRECTION          ; LEFT        ; Untyped                                             ;
; LPM_AVALUE             ; UNUSED      ; Untyped                                             ;
; LPM_SVALUE             ; UNUSED      ; Untyped                                             ;
; DEVICE_FAMILY          ; Cyclone III ; Untyped                                             ;
; AUTO_CARRY_CHAINS      ; ON          ; AUTO_CARRY                                          ;
; IGNORE_CARRY_BUFFERS   ; OFF         ; IGNORE_CARRY                                        ;
; AUTO_CASCADE_CHAINS    ; ON          ; AUTO_CASCADE                                        ;
; IGNORE_CASCADE_BUFFERS ; OFF         ; IGNORE_CASCADE                                      ;
+------------------------+-------------+-----------------------------------------------------+
Note: In order to hide this table in the UI and the text report file, please set the "Show Parameter Settings Tables in Synthesis Report" option in "Analysis and Synthesis Settings -> More Settings" to "Off".


+-------------------------------------------------------------------------------------------+
; Parameter Settings for User Entity Instance: CT1:inst19|lpm_counter:lpm_counter_component ;
+------------------------+-------------+----------------------------------------------------+
; Parameter Name         ; Value       ; Type                                               ;
+------------------------+-------------+----------------------------------------------------+
; AUTO_CARRY_CHAINS      ; ON          ; AUTO_CARRY                                         ;
; IGNORE_CARRY_BUFFERS   ; OFF         ; IGNORE_CARRY                                       ;
; AUTO_CASCADE_CHAINS    ; ON          ; AUTO_CASCADE                                       ;
; IGNORE_CASCADE_BUFFERS ; OFF         ; IGNORE_CASCADE                                     ;
; LPM_WIDTH              ; 5           ; Signed Integer                                     ;
; LPM_DIRECTION          ; UP          ; Untyped                                            ;
; LPM_MODULUS            ; 0           ; Untyped                                            ;
; LPM_AVALUE             ; UNUSED      ; Untyped                                            ;
; LPM_SVALUE             ; UNUSED      ; Untyped                                            ;
; LPM_PORT_UPDOWN        ; PORT_UNUSED ; Untyped                                            ;
; DEVICE_FAMILY          ; Cyclone III ; Untyped                                            ;
; CARRY_CHAIN            ; MANUAL      ; Untyped                                            ;
; CARRY_CHAIN_LENGTH     ; 48          ; CARRY_CHAIN_LENGTH                                 ;
; NOT_GATE_PUSH_BACK     ; ON          ; NOT_GATE_PUSH_BACK                                 ;
; CARRY_CNT_EN           ; SMART       ; Untyped                                            ;
; LABWIDE_SCLR           ; ON          ; Untyped                                            ;
; USE_NEW_VERSION        ; TRUE        ; Untyped                                            ;
; CBXI_PARAMETER         ; cntr_6cj    ; Untyped                                            ;
+------------------------+-------------+----------------------------------------------------+
Note: In order to hide this table in the UI and the text report file, please set the "Show Parameter Settings Tables in Synthesis Report" option in "Analysis and Synthesis Settings -> More Settings" to "Off".


+-------------------------------------------------------------------------------------------+
; Parameter Settings for User Entity Instance: RG1:inst|lpm_shiftreg:lpm_shiftreg_component ;
+------------------------+-------------+----------------------------------------------------+
; Parameter Name         ; Value       ; Type                                               ;
+------------------------+-------------+----------------------------------------------------+
; LPM_WIDTH              ; 10          ; Signed Integer                                     ;
; LPM_DIRECTION          ; RIGHT       ; Untyped                                            ;
; LPM_AVALUE             ; UNUSED      ; Untyped                                            ;
; LPM_SVALUE             ; UNUSED      ; Untyped                                            ;
; DEVICE_FAMILY          ; Cyclone III ; Untyped                                            ;
; AUTO_CARRY_CHAINS      ; ON          ; AUTO_CARRY                                         ;
; IGNORE_CARRY_BUFFERS   ; OFF         ; IGNORE_CARRY                                       ;
; AUTO_CASCADE_CHAINS    ; ON          ; AUTO_CASCADE                                       ;
; IGNORE_CASCADE_BUFFERS ; OFF         ; IGNORE_CASCADE                                     ;
+------------------------+-------------+----------------------------------------------------+
Note: In order to hide this table in the UI and the text report file, please set the "Show Parameter Settings Tables in Synthesis Report" option in "Analysis and Synthesis Settings -> More Settings" to "Off".


+---------------------------------------------------------------------------------+
; Parameter Settings for User Entity Instance: ili:inst32|LPM_OR:lpm_or_component ;
+------------------------+-------------+------------------------------------------+
; Parameter Name         ; Value       ; Type                                     ;
+------------------------+-------------+------------------------------------------+
; AUTO_CARRY_CHAINS      ; ON          ; AUTO_CARRY                               ;
; IGNORE_CARRY_BUFFERS   ; OFF         ; IGNORE_CARRY                             ;
; AUTO_CASCADE_CHAINS    ; ON          ; AUTO_CASCADE                             ;
; IGNORE_CASCADE_BUFFERS ; OFF         ; IGNORE_CASCADE                           ;
; LPM_WIDTH              ; 1           ; Signed Integer                           ;
; LPM_SIZE               ; 19          ; Signed Integer                           ;
; CARRY_CHAIN_LENGTH     ; 48          ; CARRY_CHAIN_LENGTH                       ;
; CARRY_CHAIN            ; MANUAL      ; Untyped                                  ;
; CASCADE_CHAIN          ; MANUAL      ; Untyped                                  ;
; DEVICE_FAMILY          ; Cyclone III ; Untyped                                  ;
+------------------------+-------------+------------------------------------------+
Note: In order to hide this table in the UI and the text report file, please set the "Show Parameter Settings Tables in Synthesis Report" option in "Analysis and Synthesis Settings -> More Settings" to "Off".


+--------------------------------------------------------------------------------------------+
; Parameter Settings for User Entity Instance: RG3:inst3|lpm_shiftreg:lpm_shiftreg_component ;
+------------------------+-------------+-----------------------------------------------------+
; Parameter Name         ; Value       ; Type                                                ;
+------------------------+-------------+-----------------------------------------------------+
; LPM_WIDTH              ; 20          ; Signed Integer                                      ;
; LPM_DIRECTION          ; LEFT        ; Untyped                                             ;
; LPM_AVALUE             ; UNUSED      ; Untyped                                             ;
; LPM_SVALUE             ; UNUSED      ; Untyped                                             ;
; DEVICE_FAMILY          ; Cyclone III ; Untyped                                             ;
; AUTO_CARRY_CHAINS      ; ON          ; AUTO_CARRY                                          ;
; IGNORE_CARRY_BUFFERS   ; OFF         ; IGNORE_CARRY                                        ;
; AUTO_CASCADE_CHAINS    ; ON          ; AUTO_CASCADE                                        ;
; IGNORE_CASCADE_BUFFERS ; OFF         ; IGNORE_CASCADE                                      ;
+------------------------+-------------+-----------------------------------------------------+
Note: In order to hide this table in the UI and the text report file, please set the "Show Parameter Settings Tables in Synthesis Report" option in "Analysis and Synthesis Settings -> More Settings" to "Off".


+------------------------------------------------------------------------------------------+
; Parameter Settings for User Entity Instance: SM1:inst5|lpm_add_sub:lpm_add_sub_component ;
+------------------------+-------------+---------------------------------------------------+
; Parameter Name         ; Value       ; Type                                              ;
+------------------------+-------------+---------------------------------------------------+
; LPM_WIDTH              ; 20          ; Signed Integer                                    ;
; LPM_REPRESENTATION     ; UNSIGNED    ; Untyped                                           ;
; LPM_DIRECTION          ; ADD         ; Untyped                                           ;
; ONE_INPUT_IS_CONSTANT  ; NO          ; Untyped                                           ;
; LPM_PIPELINE           ; 0           ; Untyped                                           ;
; MAXIMIZE_SPEED         ; 5           ; Untyped                                           ;
; REGISTERED_AT_END      ; 0           ; Untyped                                           ;
; OPTIMIZE_FOR_SPEED     ; 5           ; Untyped                                           ;
; USE_CS_BUFFERS         ; 1           ; Untyped                                           ;
; CARRY_CHAIN            ; MANUAL      ; Untyped                                           ;
; CARRY_CHAIN_LENGTH     ; 48          ; CARRY_CHAIN_LENGTH                                ;
; DEVICE_FAMILY          ; Cyclone III ; Untyped                                           ;
; USE_WYS                ; OFF         ; Untyped                                           ;
; STYLE                  ; FAST        ; Untyped                                           ;
; CBXI_PARAMETER         ; add_sub_kii ; Untyped                                           ;
; AUTO_CARRY_CHAINS      ; ON          ; AUTO_CARRY                                        ;
; IGNORE_CARRY_BUFFERS   ; OFF         ; IGNORE_CARRY                                      ;
; AUTO_CASCADE_CHAINS    ; ON          ; AUTO_CASCADE                                      ;
; IGNORE_CASCADE_BUFFERS ; OFF         ; IGNORE_CASCADE                                    ;
+------------------------+-------------+---------------------------------------------------+
Note: In order to hide this table in the UI and the text report file, please set the "Show Parameter Settings Tables in Synthesis Report" option in "Analysis and Synthesis Settings -> More Settings" to "Off".


+--------------------------------------------------------------------------------------+
; Parameter Settings for User Entity Instance: invert:inst16|LPM_XOR:lpm_xor_component ;
+----------------+-------+-------------------------------------------------------------+
; Parameter Name ; Value ; Type                                                        ;
+----------------+-------+-------------------------------------------------------------+
; LPM_WIDTH      ; 20    ; Signed Integer                                              ;
; LPM_SIZE       ; 2     ; Signed Integer                                              ;
+----------------+-------+-------------------------------------------------------------+
Note: In order to hide this table in the UI and the text report file, please set the "Show Parameter Settings Tables in Synthesis Report" option in "Analysis and Synthesis Settings -> More Settings" to "Off".


+----------------------------------------------------------------------------------+
; Parameter Settings for User Entity Instance: MS1:inst6|LPM_MUX:lpm_mux_component ;
+------------------------+-------------+-------------------------------------------+
; Parameter Name         ; Value       ; Type                                      ;
+------------------------+-------------+-------------------------------------------+
; AUTO_CARRY_CHAINS      ; ON          ; AUTO_CARRY                                ;
; IGNORE_CARRY_BUFFERS   ; OFF         ; IGNORE_CARRY                              ;
; AUTO_CASCADE_CHAINS    ; ON          ; AUTO_CASCADE                              ;
; IGNORE_CASCADE_BUFFERS ; OFF         ; IGNORE_CASCADE                            ;
; LPM_WIDTH              ; 10          ; Signed Integer                            ;
; LPM_SIZE               ; 2           ; Signed Integer                            ;
; LPM_WIDTHS             ; 1           ; Signed Integer                            ;
; LPM_PIPELINE           ; 0           ; Signed Integer                            ;
; CBXI_PARAMETER         ; mux_p7e     ; Untyped                                   ;
; DEVICE_FAMILY          ; Cyclone III ; Untyped                                   ;
+------------------------+-------------+-------------------------------------------+
Note: In order to hide this table in the UI and the text report file, please set the "Show Parameter Settings Tables in Synthesis Report" option in "Analysis and Synthesis Settings -> More Settings" to "Off".


+-----------------------------------------------------------------------------------+
; Parameter Settings for User Entity Instance: ili10:inst43|LPM_OR:lpm_or_component ;
+------------------------+-------------+--------------------------------------------+
; Parameter Name         ; Value       ; Type                                       ;
+------------------------+-------------+--------------------------------------------+
; AUTO_CARRY_CHAINS      ; ON          ; AUTO_CARRY                                 ;
; IGNORE_CARRY_BUFFERS   ; OFF         ; IGNORE_CARRY                               ;
; AUTO_CASCADE_CHAINS    ; ON          ; AUTO_CASCADE                               ;
; IGNORE_CASCADE_BUFFERS ; OFF         ; IGNORE_CASCADE                             ;
; LPM_WIDTH              ; 1           ; Signed Integer                             ;
; LPM_SIZE               ; 9           ; Signed Integer                             ;
; CARRY_CHAIN_LENGTH     ; 48          ; CARRY_CHAIN_LENGTH                         ;
; CARRY_CHAIN            ; MANUAL      ; Untyped                                    ;
; CASCADE_CHAIN          ; MANUAL      ; Untyped                                    ;
; DEVICE_FAMILY          ; Cyclone III ; Untyped                                    ;
+------------------------+-------------+--------------------------------------------+
Note: In order to hide this table in the UI and the text report file, please set the "Show Parameter Settings Tables in Synthesis Report" option in "Analysis and Synthesis Settings -> More Settings" to "Off".


+----------------------------------------------------------------------------------+
; Parameter Settings for User Entity Instance: ili9:inst44|LPM_OR:lpm_or_component ;
+------------------------+-------------+-------------------------------------------+
; Parameter Name         ; Value       ; Type                                      ;
+------------------------+-------------+-------------------------------------------+
; AUTO_CARRY_CHAINS      ; ON          ; AUTO_CARRY                                ;
; IGNORE_CARRY_BUFFERS   ; OFF         ; IGNORE_CARRY                              ;
; AUTO_CASCADE_CHAINS    ; ON          ; AUTO_CASCADE                              ;
; IGNORE_CASCADE_BUFFERS ; OFF         ; IGNORE_CASCADE                            ;
; LPM_WIDTH              ; 1           ; Signed Integer                            ;
; LPM_SIZE               ; 10          ; Signed Integer                            ;
; CARRY_CHAIN_LENGTH     ; 48          ; CARRY_CHAIN_LENGTH                        ;
; CARRY_CHAIN            ; MANUAL      ; Untyped                                   ;
; CASCADE_CHAIN          ; MANUAL      ; Untyped                                   ;
; DEVICE_FAMILY          ; Cyclone III ; Untyped                                   ;
+------------------------+-------------+-------------------------------------------+
Note: In order to hide this table in the UI and the text report file, please set the "Show Parameter Settings Tables in Synthesis Report" option in "Analysis and Synthesis Settings -> More Settings" to "Off".


+----------------------------------------------------------------------------+
; lpm_shiftreg Parameter Settings by Entity Instance                         ;
+----------------------------+-----------------------------------------------+
; Name                       ; Value                                         ;
+----------------------------+-----------------------------------------------+
; Number of entity instances ; 3                                             ;
; Entity Instance            ; RG2:inst2|lpm_shiftreg:lpm_shiftreg_component ;
;     -- LPM_WIDTH           ; 20                                            ;
;     -- LPM_DIRECTION       ; LEFT                                          ;
; Entity Instance            ; RG1:inst|lpm_shiftreg:lpm_shiftreg_component  ;
;     -- LPM_WIDTH           ; 10                                            ;
;     -- LPM_DIRECTION       ; RIGHT                                         ;
; Entity Instance            ; RG3:inst3|lpm_shiftreg:lpm_shiftreg_component ;
;     -- LPM_WIDTH           ; 20                                            ;
;     -- LPM_DIRECTION       ; LEFT                                          ;
+----------------------------+-----------------------------------------------+


+-------------------------------+
; Analysis & Synthesis Messages ;
+-------------------------------+
Info: *******************************************************************
Info: Running Quartus II Analysis & Synthesis
    Info: Version 9.1 Build 350 03/24/2010 Service Pack 2 SJ Web Edition
    Info: Processing started: Thu Mar 29 13:12:46 2012
Info: Command: quartus_map --read_settings_files=on --write_settings_files=off kursovoi -c kursovoi
Info: Found 2 design units, including 1 entities, in source file /altera/91sp2/quartus/kursua/ant.vhd
    Info: Found design unit 1: ant-SYN
    Info: Found entity 1: ant
Info: Found 2 design units, including 1 entities, in source file /altera/91sp2/quartus/kursua/asd.vhd
    Info: Found design unit 1: asd-SYN
    Info: Found entity 1: asd
Info: Found 2 design units, including 1 entities, in source file /altera/91sp2/quartus/kursua/ct4pm.vhd
    Info: Found design unit 1: ct4pm-SYN
    Info: Found entity 1: Ct4pm
Info: Found 2 design units, including 1 entities, in source file /altera/91sp2/quartus/kursua/dc4.vhd
    Info: Found design unit 1: dc4-SYN
    Info: Found entity 1: Dc4
Info: Found 2 design units, including 1 entities, in source file rg1.vhd
    Info: Found design unit 1: rg1-SYN
    Info: Found entity 1: RG1
Info: Found 2 design units, including 1 entities, in source file rg2.vhd
    Info: Found design unit 1: rg2-SYN
    Info: Found entity 1: RG2
Info: Found 2 design units, including 1 entities, in source file rg3.vhd
    Info: Found design unit 1: rg3-SYN
    Info: Found entity 1: RG3
Info: Found 2 design units, including 1 entities, in source file rg4.vhd
    Info: Found design unit 1: rg4-SYN
    Info: Found entity 1: RG4
Info: Found 2 design units, including 1 entities, in source file sm1.vhd
    Info: Found design unit 1: sm1-SYN
    Info: Found entity 1: SM1
Info: Found 2 design units, including 1 entities, in source file ms1.vhd
    Info: Found design unit 1: ms1-SYN
    Info: Found entity 1: MS1
Info: Found 1 design units, including 1 entities, in source file kursovoi.bdf
    Info: Found entity 1: kursovoi
Info: Found 2 design units, including 1 entities, in source file invertor.vhd
    Info: Found design unit 1: invertor-SYN
    Info: Found entity 1: invertor
Info: Found 2 design units, including 1 entities, in source file sm2.vhd
    Info: Found design unit 1: sm2-SYN
    Info: Found entity 1: SM2
Info: Found 2 design units, including 1 entities, in source file ct1.vhd
    Info: Found design unit 1: ct1-SYN
    Info: Found entity 1: CT1
Info: Found 2 design units, including 1 entities, in source file ct2.vhd
    Info: Found design unit 1: ct2-SYN
    Info: Found entity 1: CT2
Info: Found 2 design units, including 1 entities, in source file vprs.vhd
    Info: Found design unit 1: vprs-SYN
    Info: Found entity 1: vprs
Info: Found 2 design units, including 1 entities, in source file rg5.vhd
    Info: Found design unit 1: rg5-SYN
    Info: Found entity 1: rg5
Info: Found 2 design units, including 1 entities, in source file pr_na_nol.vhd
    Info: Found design unit 1: pr_na_nol-SYN
    Info: Found entity 1: pr_na_nol
Warning: Can't analyze file -- file UA.v is missing
Info: Found 2 design units, including 1 entities, in source file inv.vhd
    Info: Found design unit 1: inv-SYN
    Info: Found entity 1: inv
Info: Found 2 design units, including 1 entities, in source file invert.vhd
    Info: Found design unit 1: invert-SYN
    Info: Found entity 1: invert
Info: Found 2 design units, including 1 entities, in source file sdvig.vhd
    Info: Found design unit 1: sdvig-SYN
    Info: Found entity 1: sdvig
Info: Found 2 design units, including 1 entities, in source file zrg.vhd
    Info: Found design unit 1: zrg-SYN
    Info: Found entity 1: zrg
Info: Found 2 design units, including 1 entities, in source file ms2.vhd
    Info: Found design unit 1: ms2-SYN
    Info: Found entity 1: MS2
Info: Found 2 design units, including 1 entities, in source file ili.vhd
    Info: Found design unit 1: ili-SYN
    Info: Found entity 1: ili
Info: Found 2 design units, including 1 entities, in source file ili10.vhd
    Info: Found design unit 1: ili10-SYN
    Info: Found entity 1: ili10
Info: Found 2 design units, including 1 entities, in source file ili9.vhd
    Info: Found design unit 1: ili9-SYN
    Info: Found entity 1: ili9
Info: Found 1 design units, including 1 entities, in source file ua.bdf
    Info: Found entity 1: UA
Info: Elaborating entity "kursovoi" for the top level hierarchy
Warning: Primitive "OR2" of instance "inst20" not used
Info: Elaborating entity "vprs" for hierarchy "vprs:inst35"
Info: Elaborating entity "LPM_OR" for hierarchy "vprs:inst35|LPM_OR:lpm_or_component"
Info: Elaborated megafunction instantiation "vprs:inst35|LPM_OR:lpm_or_component"
Info: Instantiated megafunction "vprs:inst35|LPM_OR:lpm_or_component" with the following parameter:
    Info: Parameter "LPM_WIDTH" = "1"
    Info: Parameter "LPM_SIZE" = "4"
    Info: Parameter "LPM_TYPE" = "LPM_OR"
    Info: Parameter "LPM_HINT" = "UNUSED"
Info: Elaborating entity "CT2" for hierarchy "CT2:inst30"
Info: Elaborating entity "lpm_counter" for hierarchy "CT2:inst30|lpm_counter:lpm_counter_component"
Info: Elaborated megafunction instantiation "CT2:inst30|lpm_counter:lpm_counter_component"
Info: Instantiated megafunction "CT2:inst30|lpm_counter:lpm_counter_component" with the following parameter:
    Info: Parameter "lpm_direction" = "UNUSED"
    Info: Parameter "lpm_port_updown" = "PORT_USED"
    Info: Parameter "lpm_type" = "LPM_COUNTER"
    Info: Parameter "lpm_width" = "6"
Info: Found 1 design units, including 1 entities, in source file db/cntr_6ii.tdf
    Info: Found entity 1: cntr_6ii
Info: Elaborating entity "cntr_6ii" for hierarchy "CT2:inst30|lpm_counter:lpm_counter_component|cntr_6ii:auto_generated"
Info: Elaborating entity "UA" for hierarchy "UA:inst45"
Info: Elaborating entity "Dc4" for hierarchy "UA:inst45|Dc4:inst1"
Info: Elaborating entity "lpm_decode" for hierarchy "UA:inst45|Dc4:inst1|lpm_decode:lpm_decode_component"
Info: Elaborated megafunction instantiation "UA:inst45|Dc4:inst1|lpm_decode:lpm_decode_component"
Info: Instantiated megafunction "UA:inst45|Dc4:inst1|lpm_decode:lpm_decode_component" with the following parameter:
    Info: Parameter "lpm_decodes" = "16"
    Info: Parameter "lpm_type" = "LPM_DECODE"
    Info: Parameter "lpm_width" = "4"
Info: Found 1 design units, including 1 entities, in source file db/decode_lbf.tdf
    Info: Found entity 1: decode_lbf
Info: Elaborating entity "decode_lbf" for hierarchy "UA:inst45|Dc4:inst1|lpm_decode:lpm_decode_component|decode_lbf:auto_generated"
Info: Elaborating entity "Ct4pm" for hierarchy "UA:inst45|Ct4pm:UAinst"
Info: Elaborating entity "lpm_counter" for hierarchy "UA:inst45|Ct4pm:UAinst|lpm_counter:lpm_counter_component"
Info: Elaborated megafunction instantiation "UA:inst45|Ct4pm:UAinst|lpm_counter:lpm_counter_component"
Info: Instantiated megafunction "UA:inst45|Ct4pm:UAinst|lpm_counter:lpm_counter_component" with the following parameter:
    Info: Parameter "lpm_direction" = "UNUSED"
    Info: Parameter "lpm_port_updown" = "PORT_USED"
    Info: Parameter "lpm_type" = "LPM_COUNTER"
    Info: Parameter "lpm_width" = "4"
Info: Found 1 design units, including 1 entities, in source file db/cntr_4ii.tdf
    Info: Found entity 1: cntr_4ii
Info: Elaborating entity "cntr_4ii" for hierarchy "UA:inst45|Ct4pm:UAinst|lpm_counter:lpm_counter_component|cntr_4ii:auto_generated"
Info: Elaborating entity "ant" for hierarchy "UA:inst45|ant:inst"
Info: Elaborating entity "lpm_ff" for hierarchy "UA:inst45|ant:inst|lpm_ff:lpm_ff_component"
Info: Elaborated megafunction instantiation "UA:inst45|ant:inst|lpm_ff:lpm_ff_component"
Info: Instantiated megafunction "UA:inst45|ant:inst|lpm_ff:lpm_ff_component" with the following parameter:
    Info: Parameter "lpm_fftype" = "DFF"
    Info: Parameter "lpm_type" = "LPM_FF"
    Info: Parameter "lpm_width" = "11"
Info: Elaborating entity "SM2" for hierarchy "SM2:inst17"
Info: Elaborating entity "lpm_add_sub" for hierarchy "SM2:inst17|lpm_add_sub:lpm_add_sub_component"
Info: Elaborated megafunction instantiation "SM2:inst17|lpm_add_sub:lpm_add_sub_component"
Info: Instantiated megafunction "SM2:inst17|lpm_add_sub:lpm_add_sub_component" with the following parameter:
    Info: Parameter "lpm_direction" = "ADD"
    Info: Parameter "lpm_hint" = "ONE_INPUT_IS_CONSTANT=NO,CIN_USED=NO"
    Info: Parameter "lpm_representation" = "UNSIGNED"
    Info: Parameter "lpm_type" = "LPM_ADD_SUB"
    Info: Parameter "lpm_width" = "5"
Info: Found 1 design units, including 1 entities, in source file db/add_sub_d6i.tdf
    Info: Found entity 1: add_sub_d6i
Info: Elaborating entity "add_sub_d6i" for hierarchy "SM2:inst17|lpm_add_sub:lpm_add_sub_component|add_sub_d6i:auto_generated"
Info: Elaborating entity "RG4" for hierarchy "RG4:inst4"
Info: Elaborating entity "lpm_ff" for hierarchy "RG4:inst4|lpm_ff:lpm_ff_component"
Info: Elaborated megafunction instantiation "RG4:inst4|lpm_ff:lpm_ff_component"
Info: Instantiated megafunction "RG4:inst4|lpm_ff:lpm_ff_component" with the following parameter:
    Info: Parameter "lpm_fftype" = "DFF"
    Info: Parameter "lpm_type" = "LPM_FF"
    Info: Parameter "lpm_width" = "5"
Info: Elaborating entity "pr_na_nol" for hierarchy "pr_na_nol:inst10"
Info: Elaborating entity "LPM_OR" for hierarchy "pr_na_nol:inst10|LPM_OR:lpm_or_component"
Info: Elaborated megafunction instantiation "pr_na_nol:inst10|LPM_OR:lpm_or_component"
Info: Instantiated megafunction "pr_na_nol:inst10|LPM_OR:lpm_or_component" with the following parameter:
    Info: Parameter "LPM_WIDTH" = "1"
    Info: Parameter "LPM_SIZE" = "10"
    Info: Parameter "LPM_TYPE" = "LPM_OR"
    Info: Parameter "LPM_HINT" = "UNUSED"
Info: Elaborating entity "RG2" for hierarchy "RG2:inst2"
Info: Elaborating entity "lpm_shiftreg" for hierarchy "RG2:inst2|lpm_shiftreg:lpm_shiftreg_component"
Info: Elaborated megafunction instantiation "RG2:inst2|lpm_shiftreg:lpm_shiftreg_component"
Info: Instantiated megafunction "RG2:inst2|lpm_shiftreg:lpm_shiftreg_component" with the following parameter:
    Info: Parameter "lpm_direction" = "LEFT"
    Info: Parameter "lpm_type" = "LPM_SHIFTREG"
    Info: Parameter "lpm_width" = "20"
Info: Elaborating entity "CT1" for hierarchy "CT1:inst19"
Info: Elaborating entity "lpm_counter" for hierarchy "CT1:inst19|lpm_counter:lpm_counter_component"
Info: Elaborated megafunction instantiation "CT1:inst19|lpm_counter:lpm_counter_component"
Info: Instantiated megafunction "CT1:inst19|lpm_counter:lpm_counter_component" with the following parameter:
    Info: Parameter "lpm_direction" = "UP"
    Info: Parameter "lpm_port_updown" = "PORT_UNUSED"
    Info: Parameter "lpm_type" = "LPM_COUNTER"
    Info: Parameter "lpm_width" = "5"
Info: Found 1 design units, including 1 entities, in source file db/cntr_6cj.tdf
    Info: Found entity 1: cntr_6cj
Info: Elaborating entity "cntr_6cj" for hierarchy "CT1:inst19|lpm_counter:lpm_counter_component|cntr_6cj:auto_generated"
Info: Elaborating entity "RG1" for hierarchy "RG1:inst"
Info: Elaborating entity "lpm_shiftreg" for hierarchy "RG1:inst|lpm_shiftreg:lpm_shiftreg_component"
Info: Elaborated megafunction instantiation "RG1:inst|lpm_shiftreg:lpm_shiftreg_component"
Info: Instantiated megafunction "RG1:inst|lpm_shiftreg:lpm_shiftreg_component" with the following parameter:
    Info: Parameter "lpm_direction" = "RIGHT"
    Info: Parameter "lpm_type" = "LPM_SHIFTREG"
    Info: Parameter "lpm_width" = "10"
Info: Elaborating entity "ili" for hierarchy "ili:inst32"
Info: Elaborating entity "LPM_OR" for hierarchy "ili:inst32|LPM_OR:lpm_or_component"
Info: Elaborated megafunction instantiation "ili:inst32|LPM_OR:lpm_or_component"
Info: Instantiated megafunction "ili:inst32|LPM_OR:lpm_or_component" with the following parameter:
    Info: Parameter "LPM_WIDTH" = "1"
    Info: Parameter "LPM_SIZE" = "19"
    Info: Parameter "LPM_TYPE" = "LPM_OR"
    Info: Parameter "LPM_HINT" = "UNUSED"
Info: Elaborating entity "RG3" for hierarchy "RG3:inst3"
Info: Elaborating entity "lpm_shiftreg" for hierarchy "RG3:inst3|lpm_shiftreg:lpm_shiftreg_component"
Info: Elaborated megafunction instantiation "RG3:inst3|lpm_shiftreg:lpm_shiftreg_component"
Info: Instantiated megafunction "RG3:inst3|lpm_shiftreg:lpm_shiftreg_component" with the following parameter:
    Info: Parameter "lpm_direction" = "LEFT"
    Info: Parameter "lpm_type" = "LPM_SHIFTREG"
    Info: Parameter "lpm_width" = "20"
Info: Elaborating entity "SM1" for hierarchy "SM1:inst5"
Info: Elaborating entity "lpm_add_sub" for hierarchy "SM1:inst5|lpm_add_sub:lpm_add_sub_component"
Info: Elaborated megafunction instantiation "SM1:inst5|lpm_add_sub:lpm_add_sub_component"
Info: Instantiated megafunction "SM1:inst5|lpm_add_sub:lpm_add_sub_component" with the following parameter:
    Info: Parameter "lpm_direction" = "ADD"
    Info: Parameter "lpm_hint" = "ONE_INPUT_IS_CONSTANT=NO,CIN_USED=YES"
    Info: Parameter "lpm_representation" = "UNSIGNED"
    Info: Parameter "lpm_type" = "LPM_ADD_SUB"
    Info: Parameter "lpm_width" = "20"
Info: Found 1 design units, including 1 entities, in source file db/add_sub_kii.tdf
    Info: Found entity 1: add_sub_kii
Info: Elaborating entity "add_sub_kii" for hierarchy "SM1:inst5|lpm_add_sub:lpm_add_sub_component|add_sub_kii:auto_generated"
Info: Elaborating entity "invert" for hierarchy "invert:inst16"
Info: Elaborating entity "LPM_XOR" for hierarchy "invert:inst16|LPM_XOR:lpm_xor_component"
Info: Elaborated megafunction instantiation "invert:inst16|LPM_XOR:lpm_xor_component"
Info: Instantiated megafunction "invert:inst16|LPM_XOR:lpm_xor_component" with the following parameter:
    Info: Parameter "LPM_WIDTH" = "20"
    Info: Parameter "LPM_SIZE" = "2"
    Info: Parameter "LPM_TYPE" = "LPM_XOR"
    Info: Parameter "LPM_HINT" = "UNUSED"
Info: Elaborating entity "MS1" for hierarchy "MS1:inst6"
Info: Elaborating entity "LPM_MUX" for hierarchy "MS1:inst6|LPM_MUX:lpm_mux_component"
Info: Elaborated megafunction instantiation "MS1:inst6|LPM_MUX:lpm_mux_component"
Info: Instantiated megafunction "MS1:inst6|LPM_MUX:lpm_mux_component" with the following parameter:
    Info: Parameter "LPM_WIDTH" = "10"
    Info: Parameter "LPM_SIZE" = "2"
    Info: Parameter "LPM_WIDTHS" = "1"
    Info: Parameter "LPM_PIPELINE" = "0"
    Info: Parameter "LPM_TYPE" = "LPM_MUX"
    Info: Parameter "LPM_HINT" = "UNUSED"
Info: Found 1 design units, including 1 entities, in source file db/mux_p7e.tdf
    Info: Found entity 1: mux_p7e
Info: Elaborating entity "mux_p7e" for hierarchy "MS1:inst6|LPM_MUX:lpm_mux_component|mux_p7e:auto_generated"
Info: Elaborating entity "ili10" for hierarchy "ili10:inst43"
Info: Elaborating entity "LPM_OR" for hierarchy "ili10:inst43|LPM_OR:lpm_or_component"
Info: Elaborated megafunction instantiation "ili10:inst43|LPM_OR:lpm_or_component"
Info: Instantiated megafunction "ili10:inst43|LPM_OR:lpm_or_component" with the following parameter:
    Info: Parameter "LPM_WIDTH" = "1"
    Info: Parameter "LPM_SIZE" = "9"
    Info: Parameter "LPM_TYPE" = "LPM_OR"
    Info: Parameter "LPM_HINT" = "UNUSED"
Info: Elaborating entity "ili9" for hierarchy "ili9:inst44"
Warning: Output pins are stuck at VCC or GND
    Warning (13410): Pin "p[10]" is stuck at GND
Info: Timing-Driven Synthesis is running
Info: Implemented 261 device resources after synthesis - the final resource count might be different
    Info: Implemented 18 input pins
    Info: Implemented 71 output pins
    Info: Implemented 172 logic cells
Info: Quartus II Analysis & Synthesis was successful. 0 errors, 4 warnings
    Info: Peak virtual memory: 243 megabytes
    Info: Processing ended: Thu Mar 29 13:12:56 2012
    Info: Elapsed time: 00:00:10
    Info: Total CPU time (on all processors): 00:00:10


