Analysis & Synthesis report for OA
Tue Mar 28 16:38:56 2017
Quartus II Version 9.1 Build 350 03/24/2010 Service Pack 2 SJ Web Edition


---------------------
; Table of Contents ;
---------------------
  1. Legal Notice
  2. Analysis & Synthesis Summary
  3. Analysis & Synthesis Settings
  4. Parallel Compilation
  5. Analysis & Synthesis Source Files Read
  6. Analysis & Synthesis Resource Usage Summary
  7. Analysis & Synthesis Resource Utilization by Entity
  8. Registers Removed During Synthesis
  9. General Register Statistics
 10. Inverted Register Statistics
 11. Multiplexer Restructuring Statistics (Restructuring Performed)
 12. Source assignments for Counter:inst29|lpm_counter:lpm_counter_component
 13. Parameter Settings for User Entity Instance: Counter:inst29|lpm_counter:lpm_counter_component
 14. Parameter Settings for User Entity Instance: Or32:inst21|lpm_or:lpm_or_component
 15. Parameter Settings for User Entity Instance: RG2:inst5|lpm_ff:lpm_ff_component
 16. Parameter Settings for User Entity Instance: RG3:inst25|lpm_ff:lpm_ff_component
 17. Parameter Settings for User Entity Instance: Mux_Rg3:inst19|lpm_mux:lpm_mux_component
 18. Parameter Settings for User Entity Instance: Sum:inst24|lpm_add_sub:lpm_add_sub_component
 19. Parameter Settings for User Entity Instance: Decode:inst11|lpm_decode:lpm_decode_component
 20. Parameter Settings for User Entity Instance: RG2:inst7|lpm_ff:lpm_ff_component
 21. Parameter Settings for User Entity Instance: Mux1:inst10|lpm_mux:lpm_mux_component
 22. Parameter Settings for User Entity Instance: SDvig:inst13|lpm_clshift:lpm_clshift_component
 23. Parameter Settings for User Entity Instance: Mult2:inst22|lpm_mux:lpm_mux_component
 24. Parameter Settings for User Entity Instance: My_Xor:inst23|lpm_xor:lpm_xor_component
 25. Parameter Settings for User Entity Instance: Shift1:inst28|lpm_clshift:lpm_clshift_component
 26. Analysis & Synthesis Messages



----------------
; Legal Notice ;
----------------
Copyright (C) 1991-2010 Altera Corporation
Your use of Altera Corporation's design tools, logic functions 
and other software and tools, and its AMPP partner logic 
functions, and any output files from any of the foregoing 
(including device programming or simulation files), and any 
associated documentation or information are expressly subject 
to the terms and conditions of the Altera Program License 
Subscription Agreement, Altera MegaCore Function License 
Agreement, or other applicable license agreement, including, 
without limitation, that your use is for the sole purpose of 
programming logic devices manufactured by Altera and sold by 
Altera or its authorized distributors.  Please refer to the 
applicable agreement for further details.



+-----------------------------------------------------------------------------------+
; Analysis & Synthesis Summary                                                      ;
+------------------------------------+----------------------------------------------+
; Analysis & Synthesis Status        ; Successful - Tue Mar 28 16:38:56 2017        ;
; Quartus II Version                 ; 9.1 Build 350 03/24/2010 SP 2 SJ Web Edition ;
; Revision Name                      ; OA                                           ;
; Top-level Entity Name              ; OA                                           ;
; Family                             ; Cyclone III                                  ;
; Total logic elements               ; 142                                          ;
;     Total combinational functions  ; 125                                          ;
;     Dedicated logic registers      ; 73                                           ;
; Total registers                    ; 73                                           ;
; Total pins                         ; 48                                           ;
; Total virtual pins                 ; 0                                            ;
; Total memory bits                  ; 0                                            ;
; Embedded Multiplier 9-bit elements ; 0                                            ;
; Total PLLs                         ; 0                                            ;
+------------------------------------+----------------------------------------------+


+----------------------------------------------------------------------------------------------------------------------+
; Analysis & Synthesis Settings                                                                                        ;
+----------------------------------------------------------------------------+--------------------+--------------------+
; Option                                                                     ; Setting            ; Default Value      ;
+----------------------------------------------------------------------------+--------------------+--------------------+
; Device                                                                     ; EP3C5E144C7        ;                    ;
; Top-level entity name                                                      ; OA                 ; OA                 ;
; Family name                                                                ; Cyclone III        ; Stratix II         ;
; Use Generated Physical Constraints File                                    ; Off                ;                    ;
; Use smart compilation                                                      ; Off                ; Off                ;
; Enable parallel Assembler and TimeQuest Timing Analyzer during compilation ; On                 ; On                 ;
; Enable compact report table                                                ; Off                ; Off                ;
; Restructure Multiplexers                                                   ; Auto               ; Auto               ;
; Create Debugging Nodes for IP Cores                                        ; Off                ; Off                ;
; Preserve fewer node names                                                  ; On                 ; On                 ;
; Disable OpenCore Plus hardware evaluation                                  ; Off                ; Off                ;
; Verilog Version                                                            ; Verilog_2001       ; Verilog_2001       ;
; VHDL Version                                                               ; VHDL_1993          ; VHDL_1993          ;
; State Machine Processing                                                   ; Auto               ; Auto               ;
; Safe State Machine                                                         ; Off                ; Off                ;
; Extract Verilog State Machines                                             ; On                 ; On                 ;
; Extract VHDL State Machines                                                ; On                 ; On                 ;
; Ignore Verilog initial constructs                                          ; Off                ; Off                ;
; Iteration limit for constant Verilog loops                                 ; 5000               ; 5000               ;
; Iteration limit for non-constant Verilog loops                             ; 250                ; 250                ;
; Add Pass-Through Logic to Inferred RAMs                                    ; On                 ; On                 ;
; Parallel Synthesis                                                         ; On                 ; On                 ;
; DSP Block Balancing                                                        ; Auto               ; Auto               ;
; NOT Gate Push-Back                                                         ; On                 ; On                 ;
; Power-Up Don't Care                                                        ; On                 ; On                 ;
; Remove Redundant Logic Cells                                               ; Off                ; Off                ;
; Remove Duplicate Registers                                                 ; On                 ; On                 ;
; Ignore CARRY Buffers                                                       ; Off                ; Off                ;
; Ignore CASCADE Buffers                                                     ; Off                ; Off                ;
; Ignore GLOBAL Buffers                                                      ; Off                ; Off                ;
; Ignore ROW GLOBAL Buffers                                                  ; Off                ; Off                ;
; Ignore LCELL Buffers                                                       ; Off                ; Off                ;
; Ignore SOFT Buffers                                                        ; On                 ; On                 ;
; Limit AHDL Integers to 32 Bits                                             ; Off                ; Off                ;
; Optimization Technique                                                     ; Balanced           ; Balanced           ;
; Carry Chain Length                                                         ; 70                 ; 70                 ;
; Auto Carry Chains                                                          ; On                 ; On                 ;
; Auto Open-Drain Pins                                                       ; On                 ; On                 ;
; Perform WYSIWYG Primitive Resynthesis                                      ; Off                ; Off                ;
; Auto ROM Replacement                                                       ; On                 ; On                 ;
; Auto RAM Replacement                                                       ; On                 ; On                 ;
; Auto DSP Block Replacement                                                 ; On                 ; On                 ;
; Auto Shift Register Replacement                                            ; Auto               ; Auto               ;
; Auto Clock Enable Replacement                                              ; On                 ; On                 ;
; Strict RAM Replacement                                                     ; Off                ; Off                ;
; Allow Synchronous Control Signals                                          ; On                 ; On                 ;
; Force Use of Synchronous Clear Signals                                     ; Off                ; Off                ;
; Auto RAM Block Balancing                                                   ; On                 ; On                 ;
; Auto RAM to Logic Cell Conversion                                          ; Off                ; Off                ;
; Auto Resource Sharing                                                      ; Off                ; Off                ;
; Allow Any RAM Size For Recognition                                         ; Off                ; Off                ;
; Allow Any ROM Size For Recognition                                         ; Off                ; Off                ;
; Allow Any Shift Register Size For Recognition                              ; Off                ; Off                ;
; Use LogicLock Constraints during Resource Balancing                        ; On                 ; On                 ;
; Ignore translate_off and synthesis_off directives                          ; Off                ; Off                ;
; Timing-Driven Synthesis                                                    ; On                 ; On                 ;
; Show Parameter Settings Tables in Synthesis Report                         ; On                 ; On                 ;
; Ignore Maximum Fan-Out Assignments                                         ; Off                ; Off                ;
; Synchronization Register Chain Length                                      ; 2                  ; 2                  ;
; PowerPlay Power Optimization                                               ; Normal compilation ; Normal compilation ;
; HDL message level                                                          ; Level2             ; Level2             ;
; Suppress Register Optimization Related Messages                            ; Off                ; Off                ;
; Number of Removed Registers Reported in Synthesis Report                   ; 5000               ; 5000               ;
; Number of Inverted Registers Reported in Synthesis Report                  ; 100                ; 100                ;
; Clock MUX Protection                                                       ; On                 ; On                 ;
; Auto Gated Clock Conversion                                                ; Off                ; Off                ;
; Block Design Naming                                                        ; Auto               ; Auto               ;
; SDC constraint protection                                                  ; Off                ; Off                ;
; Synthesis Effort                                                           ; Auto               ; Auto               ;
; Shift Register Replacement - Allow Asynchronous Clear Signal               ; On                 ; On                 ;
; Analysis & Synthesis Message Level                                         ; Medium             ; Medium             ;
; Disable Register Merging Across Hierarchies                                ; Auto               ; Auto               ;
; Resource Aware Inference For Block RAM                                     ; On                 ; On                 ;
+----------------------------------------------------------------------------+--------------------+--------------------+


Parallel compilation was disabled, but you have multiple processors available. Enable parallel compilation to reduce compilation time.
+-------------------------------------+
; Parallel Compilation                ;
+----------------------------+--------+
; Processors                 ; Number ;
+----------------------------+--------+
; Number detected on machine ; 2      ;
; Maximum allowed            ; 1      ;
+----------------------------+--------+


+-----------------------------------------------------------------------------------------------------------------------------------------------------------+
; Analysis & Synthesis Source Files Read                                                                                                                    ;
+----------------------------------+-----------------+------------------------------------+-----------------------------------------------------------------+
; File Name with User-Entered Path ; Used in Netlist ; File Type                          ; File Name with Absolute Path                                    ;
+----------------------------------+-----------------+------------------------------------+-----------------------------------------------------------------+
; RG2.v                            ; yes             ; User Wizard-Generated File         ; C:/quartus1/OA/RG2.v                                            ;
; Mux1.v                           ; yes             ; User Wizard-Generated File         ; C:/quartus1/OA/Mux1.v                                           ;
; Decode.v                         ; yes             ; User Wizard-Generated File         ; C:/quartus1/OA/Decode.v                                         ;
; Mult2.v                          ; yes             ; User Wizard-Generated File         ; C:/quartus1/OA/Mult2.v                                          ;
; My_Xor.v                         ; yes             ; User Wizard-Generated File         ; C:/quartus1/OA/My_Xor.v                                         ;
; Sum.v                            ; yes             ; User Wizard-Generated File         ; C:/quartus1/OA/Sum.v                                            ;
; RG3.v                            ; yes             ; User Wizard-Generated File         ; C:/quartus1/OA/RG3.v                                            ;
; Shift1.v                         ; yes             ; User Wizard-Generated File         ; C:/quartus1/OA/Shift1.v                                         ;
; Counter.v                        ; yes             ; User Wizard-Generated File         ; C:/quartus1/OA/Counter.v                                        ;
; OA.bdf                           ; yes             ; User Block Diagram/Schematic File  ; C:/quartus1/OA/OA.bdf                                           ;
; SDvig.v                          ; yes             ; User Wizard-Generated File         ; C:/quartus1/OA/SDvig.v                                          ;
; Mux_Rg3.v                        ; yes             ; User Wizard-Generated File         ; C:/quartus1/OA/Mux_Rg3.v                                        ;
; UA.v                             ; yes             ; User Verilog HDL File              ; C:/quartus1/OA/UA.v                                             ;
; lpm_counter.tdf                  ; yes             ; Megafunction                       ; c:/altera/91sp2/quartus/libraries/megafunctions/lpm_counter.tdf ;
; db/cntr_cri.tdf                  ; yes             ; Auto-Generated Megafunction        ; C:/quartus1/OA/db/cntr_cri.tdf                                  ;
; or32.tdf                         ; yes             ; Auto-Found Wizard-Generated File   ; C:/quartus1/OA/or32.tdf                                         ;
; lpm_or.inc                       ; yes             ; Auto-Found AHDL File               ; c:/altera/91sp2/quartus/libraries/megafunctions/lpm_or.inc      ;
; lpm_or.tdf                       ; yes             ; Megafunction                       ; c:/altera/91sp2/quartus/libraries/megafunctions/lpm_or.tdf      ;
; lpm_ff.tdf                       ; yes             ; Megafunction                       ; c:/altera/91sp2/quartus/libraries/megafunctions/lpm_ff.tdf      ;
; lpm_mux.tdf                      ; yes             ; Megafunction                       ; c:/altera/91sp2/quartus/libraries/megafunctions/lpm_mux.tdf     ;
; db/mux_lrc.tdf                   ; yes             ; Auto-Generated Megafunction        ; C:/quartus1/OA/db/mux_lrc.tdf                                   ;
; lpm_add_sub.tdf                  ; yes             ; Megafunction                       ; c:/altera/91sp2/quartus/libraries/megafunctions/lpm_add_sub.tdf ;
; db/add_sub_v3i.tdf               ; yes             ; Auto-Generated Megafunction        ; C:/quartus1/OA/db/add_sub_v3i.tdf                               ;
; lpm_decode.tdf                   ; yes             ; Megafunction                       ; c:/altera/91sp2/quartus/libraries/megafunctions/lpm_decode.tdf  ;
; db/decode_4sh.tdf                ; yes             ; Auto-Generated Megafunction        ; C:/quartus1/OA/db/decode_4sh.tdf                                ;
; db/mux_krc.tdf                   ; yes             ; Auto-Generated Megafunction        ; C:/quartus1/OA/db/mux_krc.tdf                                   ;
; lpm_clshift.tdf                  ; yes             ; Megafunction                       ; c:/altera/91sp2/quartus/libraries/megafunctions/lpm_clshift.tdf ;
; db/lpm_clshift_ujc.tdf           ; yes             ; Auto-Generated Megafunction        ; C:/quartus1/OA/db/lpm_clshift_ujc.tdf                           ;
; db/mux_orc.tdf                   ; yes             ; Auto-Generated Megafunction        ; C:/quartus1/OA/db/mux_orc.tdf                                   ;
; lpm_xor.tdf                      ; yes             ; Megafunction                       ; c:/altera/91sp2/quartus/libraries/megafunctions/lpm_xor.tdf     ;
; db/lpm_clshift_vjc.tdf           ; yes             ; Auto-Generated Megafunction        ; C:/quartus1/OA/db/lpm_clshift_vjc.tdf                           ;
+----------------------------------+-----------------+------------------------------------+-----------------------------------------------------------------+


+---------------------------------------------------------+
; Analysis & Synthesis Resource Usage Summary             ;
+---------------------------------------------+-----------+
; Resource                                    ; Usage     ;
+---------------------------------------------+-----------+
; Estimated Total logic elements              ; 142       ;
;                                             ;           ;
; Total combinational functions               ; 125       ;
; Logic element usage by number of LUT inputs ;           ;
;     -- 4 input functions                    ; 43        ;
;     -- 3 input functions                    ; 69        ;
;     -- <=2 input functions                  ; 13        ;
;                                             ;           ;
; Logic elements by mode                      ;           ;
;     -- normal mode                          ; 105       ;
;     -- arithmetic mode                      ; 20        ;
;                                             ;           ;
; Total registers                             ; 73        ;
;     -- Dedicated logic registers            ; 73        ;
;     -- I/O registers                        ; 0         ;
;                                             ;           ;
; I/O pins                                    ; 48        ;
; Maximum fan-out node                        ; clk~input ;
; Maximum fan-out                             ; 73        ;
; Total fan-out                               ; 708       ;
; Average fan-out                             ; 2.41      ;
+---------------------------------------------+-----------+


+-----------------------------------------------------------------------------------------------------------------------------------------------------------------------------------------------------------------------------------------------------------+
; Analysis & Synthesis Resource Utilization by Entity                                                                                                                                                                                                       ;
+-------------------------------------------+-------------------+--------------+-------------+--------------+---------+-----------+------+--------------+------------------------------------------------------------------------------------+--------------+
; Compilation Hierarchy Node                ; LC Combinationals ; LC Registers ; Memory Bits ; DSP Elements ; DSP 9x9 ; DSP 18x18 ; Pins ; Virtual Pins ; Full Hierarchy Name                                                                ; Library Name ;
+-------------------------------------------+-------------------+--------------+-------------+--------------+---------+-----------+------+--------------+------------------------------------------------------------------------------------+--------------+
; |OA                                       ; 125 (4)           ; 73 (1)       ; 0           ; 0            ; 0       ; 0         ; 48   ; 0            ; |OA                                                                                ; work         ;
;    |Counter:inst29|                       ; 5 (0)             ; 4 (0)        ; 0           ; 0            ; 0       ; 0         ; 0    ; 0            ; |OA|Counter:inst29                                                                 ;              ;
;       |lpm_counter:lpm_counter_component| ; 5 (0)             ; 4 (0)        ; 0           ; 0            ; 0       ; 0         ; 0    ; 0            ; |OA|Counter:inst29|lpm_counter:lpm_counter_component                               ;              ;
;          |cntr_cri:auto_generated|        ; 5 (5)             ; 4 (4)        ; 0           ; 0            ; 0       ; 0         ; 0    ; 0            ; |OA|Counter:inst29|lpm_counter:lpm_counter_component|cntr_cri:auto_generated       ;              ;
;    |Decode:inst11|                        ; 6 (0)             ; 6 (0)        ; 0           ; 0            ; 0       ; 0         ; 0    ; 0            ; |OA|Decode:inst11                                                                  ;              ;
;       |lpm_decode:lpm_decode_component|   ; 6 (0)             ; 6 (0)        ; 0           ; 0            ; 0       ; 0         ; 0    ; 0            ; |OA|Decode:inst11|lpm_decode:lpm_decode_component                                  ;              ;
;          |decode_4sh:auto_generated|      ; 6 (6)             ; 6 (6)        ; 0           ; 0            ; 0       ; 0         ; 0    ; 0            ; |OA|Decode:inst11|lpm_decode:lpm_decode_component|decode_4sh:auto_generated        ;              ;
;    |Mult2:inst22|                         ; 17 (0)            ; 0 (0)        ; 0           ; 0            ; 0       ; 0         ; 0    ; 0            ; |OA|Mult2:inst22                                                                   ;              ;
;       |lpm_mux:lpm_mux_component|         ; 17 (0)            ; 0 (0)        ; 0           ; 0            ; 0       ; 0         ; 0    ; 0            ; |OA|Mult2:inst22|lpm_mux:lpm_mux_component                                         ;              ;
;          |mux_orc:auto_generated|         ; 17 (17)           ; 0 (0)        ; 0           ; 0            ; 0       ; 0         ; 0    ; 0            ; |OA|Mult2:inst22|lpm_mux:lpm_mux_component|mux_orc:auto_generated                  ;              ;
;    |Mux1:inst10|                          ; 13 (0)            ; 0 (0)        ; 0           ; 0            ; 0       ; 0         ; 0    ; 0            ; |OA|Mux1:inst10                                                                    ;              ;
;       |lpm_mux:lpm_mux_component|         ; 13 (0)            ; 0 (0)        ; 0           ; 0            ; 0       ; 0         ; 0    ; 0            ; |OA|Mux1:inst10|lpm_mux:lpm_mux_component                                          ;              ;
;          |mux_krc:auto_generated|         ; 13 (13)           ; 0 (0)        ; 0           ; 0            ; 0       ; 0         ; 0    ; 0            ; |OA|Mux1:inst10|lpm_mux:lpm_mux_component|mux_krc:auto_generated                   ;              ;
;    |Or32:inst21|                          ; 5 (0)             ; 0 (0)        ; 0           ; 0            ; 0       ; 0         ; 0    ; 0            ; |OA|Or32:inst21                                                                    ;              ;
;       |lpm_or:lpm_or_component|           ; 5 (5)             ; 0 (0)        ; 0           ; 0            ; 0       ; 0         ; 0    ; 0            ; |OA|Or32:inst21|lpm_or:lpm_or_component                                            ;              ;
;    |RG2:inst5|                            ; 0 (0)             ; 16 (0)       ; 0           ; 0            ; 0       ; 0         ; 0    ; 0            ; |OA|RG2:inst5                                                                      ;              ;
;       |lpm_ff:lpm_ff_component|           ; 0 (0)             ; 16 (16)      ; 0           ; 0            ; 0       ; 0         ; 0    ; 0            ; |OA|RG2:inst5|lpm_ff:lpm_ff_component                                              ;              ;
;    |RG2:inst7|                            ; 1 (0)             ; 16 (0)       ; 0           ; 0            ; 0       ; 0         ; 0    ; 0            ; |OA|RG2:inst7                                                                      ;              ;
;       |lpm_ff:lpm_ff_component|           ; 1 (1)             ; 16 (16)      ; 0           ; 0            ; 0       ; 0         ; 0    ; 0            ; |OA|RG2:inst7|lpm_ff:lpm_ff_component                                              ;              ;
;    |RG3:inst25|                           ; 0 (0)             ; 17 (0)       ; 0           ; 0            ; 0       ; 0         ; 0    ; 0            ; |OA|RG3:inst25                                                                     ;              ;
;       |lpm_ff:lpm_ff_component|           ; 0 (0)             ; 17 (17)      ; 0           ; 0            ; 0       ; 0         ; 0    ; 0            ; |OA|RG3:inst25|lpm_ff:lpm_ff_component                                             ;              ;
;    |SDvig:inst13|                         ; 3 (0)             ; 0 (0)        ; 0           ; 0            ; 0       ; 0         ; 0    ; 0            ; |OA|SDvig:inst13                                                                   ;              ;
;       |lpm_clshift:lpm_clshift_component| ; 3 (0)             ; 0 (0)        ; 0           ; 0            ; 0       ; 0         ; 0    ; 0            ; |OA|SDvig:inst13|lpm_clshift:lpm_clshift_component                                 ;              ;
;          |lpm_clshift_ujc:auto_generated| ; 3 (3)             ; 0 (0)        ; 0           ; 0            ; 0       ; 0         ; 0    ; 0            ; |OA|SDvig:inst13|lpm_clshift:lpm_clshift_component|lpm_clshift_ujc:auto_generated  ;              ;
;    |Shift1:inst28|                        ; 17 (0)            ; 0 (0)        ; 0           ; 0            ; 0       ; 0         ; 0    ; 0            ; |OA|Shift1:inst28                                                                  ;              ;
;       |lpm_clshift:lpm_clshift_component| ; 17 (0)            ; 0 (0)        ; 0           ; 0            ; 0       ; 0         ; 0    ; 0            ; |OA|Shift1:inst28|lpm_clshift:lpm_clshift_component                                ;              ;
;          |lpm_clshift_vjc:auto_generated| ; 17 (17)           ; 0 (0)        ; 0           ; 0            ; 0       ; 0         ; 0    ; 0            ; |OA|Shift1:inst28|lpm_clshift:lpm_clshift_component|lpm_clshift_vjc:auto_generated ;              ;
;    |Sum:inst24|                           ; 35 (0)            ; 0 (0)        ; 0           ; 0            ; 0       ; 0         ; 0    ; 0            ; |OA|Sum:inst24                                                                     ;              ;
;       |lpm_add_sub:lpm_add_sub_component| ; 35 (0)            ; 0 (0)        ; 0           ; 0            ; 0       ; 0         ; 0    ; 0            ; |OA|Sum:inst24|lpm_add_sub:lpm_add_sub_component                                   ;              ;
;          |add_sub_v3i:auto_generated|     ; 35 (35)           ; 0 (0)        ; 0           ; 0            ; 0       ; 0         ; 0    ; 0            ; |OA|Sum:inst24|lpm_add_sub:lpm_add_sub_component|add_sub_v3i:auto_generated        ;              ;
;    |block_name:inst8|                     ; 19 (19)           ; 13 (13)      ; 0           ; 0            ; 0       ; 0         ; 0    ; 0            ; |OA|block_name:inst8                                                               ;              ;
+-------------------------------------------+-------------------+--------------+-------------+--------------+---------+-----------+------+--------------+------------------------------------------------------------------------------------+--------------+
Note: For table entries with two numbers listed, the numbers in parentheses indicate the number of resources of the given type used by the specific entity alone. The numbers listed outside of parentheses indicate the total resources of the given type used by the specific entity and all of its sub-entities in the hierarchy.


+---------------------------------------------------------------------------------+
; Registers Removed During Synthesis                                              ;
+----------------------------------------+----------------------------------------+
; Register name                          ; Reason for Removal                     ;
+----------------------------------------+----------------------------------------+
; block_name:inst8|pc[4..31]             ; Stuck at GND due to stuck port data_in ;
; block_name:inst8|y[4,7]                ; Stuck at GND due to stuck port data_in ;
; block_name:inst8|y[9]                  ; Merged with block_name:inst8|y[0]      ;
; Total Number of Removed Registers = 31 ;                                        ;
+----------------------------------------+----------------------------------------+


+------------------------------------------------------+
; General Register Statistics                          ;
+----------------------------------------------+-------+
; Statistic                                    ; Value ;
+----------------------------------------------+-------+
; Total registers                              ; 73    ;
; Number of registers using Synchronous Clear  ; 18    ;
; Number of registers using Synchronous Load   ; 6     ;
; Number of registers using Asynchronous Clear ; 1     ;
; Number of registers using Asynchronous Load  ; 0     ;
; Number of registers using Clock Enable       ; 54    ;
; Number of registers using Preset             ; 0     ;
+----------------------------------------------+-------+


+--------------------------------------------------+
; Inverted Register Statistics                     ;
+----------------------------------------+---------+
; Inverted Register                      ; Fan out ;
+----------------------------------------+---------+
; block_name:inst8|pc[0]                 ; 12      ;
; Total number of inverted registers = 1 ;         ;
+----------------------------------------+---------+


+-------------------------------------------------------------------------------------------------------------------------------------------------------------+
; Multiplexer Restructuring Statistics (Restructuring Performed)                                                                                              ;
+--------------------+-----------+---------------+----------------------+------------------------+------------+-----------------------------------------------+
; Multiplexer Inputs ; Bus Width ; Baseline Area ; Area if Restructured ; Saving if Restructured ; Registered ; Example Multiplexer Output                    ;
+--------------------+-----------+---------------+----------------------+------------------------+------------+-----------------------------------------------+
; 3:1                ; 13 bits   ; 26 LEs        ; 13 LEs               ; 13 LEs                 ; Yes        ; |OA|RG2:inst7|lpm_ff:lpm_ff_component|dffs[4] ;
+--------------------+-----------+---------------+----------------------+------------------------+------------+-----------------------------------------------+


+-------------------------------------------------------------------------+
; Source assignments for Counter:inst29|lpm_counter:lpm_counter_component ;
+---------------------------+-------+------+------------------------------+
; Assignment                ; Value ; From ; To                           ;
+---------------------------+-------+------+------------------------------+
; SUPPRESS_DA_RULE_INTERNAL ; a101  ; -    ; -                            ;
; SUPPRESS_DA_RULE_INTERNAL ; s102  ; -    ; -                            ;
; SUPPRESS_DA_RULE_INTERNAL ; s103  ; -    ; -                            ;
+---------------------------+-------+------+------------------------------+


+-----------------------------------------------------------------------------------------------+
; Parameter Settings for User Entity Instance: Counter:inst29|lpm_counter:lpm_counter_component ;
+------------------------+-------------+--------------------------------------------------------+
; Parameter Name         ; Value       ; Type                                                   ;
+------------------------+-------------+--------------------------------------------------------+
; AUTO_CARRY_CHAINS      ; ON          ; AUTO_CARRY                                             ;
; IGNORE_CARRY_BUFFERS   ; OFF         ; IGNORE_CARRY                                           ;
; AUTO_CASCADE_CHAINS    ; ON          ; AUTO_CASCADE                                           ;
; IGNORE_CASCADE_BUFFERS ; OFF         ; IGNORE_CASCADE                                         ;
; LPM_WIDTH              ; 4           ; Signed Integer                                         ;
; LPM_DIRECTION          ; UP          ; Untyped                                                ;
; LPM_MODULUS            ; 0           ; Untyped                                                ;
; LPM_AVALUE             ; UNUSED      ; Untyped                                                ;
; LPM_SVALUE             ; UNUSED      ; Untyped                                                ;
; LPM_PORT_UPDOWN        ; PORT_UNUSED ; Untyped                                                ;
; DEVICE_FAMILY          ; Cyclone III ; Untyped                                                ;
; CARRY_CHAIN            ; MANUAL      ; Untyped                                                ;
; CARRY_CHAIN_LENGTH     ; 48          ; CARRY_CHAIN_LENGTH                                     ;
; NOT_GATE_PUSH_BACK     ; ON          ; NOT_GATE_PUSH_BACK                                     ;
; CARRY_CNT_EN           ; SMART       ; Untyped                                                ;
; LABWIDE_SCLR           ; ON          ; Untyped                                                ;
; USE_NEW_VERSION        ; TRUE        ; Untyped                                                ;
; CBXI_PARAMETER         ; cntr_cri    ; Untyped                                                ;
+------------------------+-------------+--------------------------------------------------------+
Note: In order to hide this table in the UI and the text report file, please set the "Show Parameter Settings Tables in Synthesis Report" option in "Analysis and Synthesis Settings -> More Settings" to "Off".


+----------------------------------------------------------------------------------+
; Parameter Settings for User Entity Instance: Or32:inst21|lpm_or:lpm_or_component ;
+------------------------+-------------+-------------------------------------------+
; Parameter Name         ; Value       ; Type                                      ;
+------------------------+-------------+-------------------------------------------+
; AUTO_CARRY_CHAINS      ; ON          ; AUTO_CARRY                                ;
; IGNORE_CARRY_BUFFERS   ; OFF         ; IGNORE_CARRY                              ;
; AUTO_CASCADE_CHAINS    ; ON          ; AUTO_CASCADE                              ;
; IGNORE_CASCADE_BUFFERS ; OFF         ; IGNORE_CASCADE                            ;
; LPM_WIDTH              ; 1           ; Untyped                                   ;
; LPM_SIZE               ; 16          ; Untyped                                   ;
; CARRY_CHAIN_LENGTH     ; 48          ; CARRY_CHAIN_LENGTH                        ;
; CARRY_CHAIN            ; MANUAL      ; Untyped                                   ;
; CASCADE_CHAIN          ; MANUAL      ; Untyped                                   ;
; DEVICE_FAMILY          ; Cyclone III ; Untyped                                   ;
+------------------------+-------------+-------------------------------------------+
Note: In order to hide this table in the UI and the text report file, please set the "Show Parameter Settings Tables in Synthesis Report" option in "Analysis and Synthesis Settings -> More Settings" to "Off".


+--------------------------------------------------------------------------------+
; Parameter Settings for User Entity Instance: RG2:inst5|lpm_ff:lpm_ff_component ;
+------------------------+-------------+-----------------------------------------+
; Parameter Name         ; Value       ; Type                                    ;
+------------------------+-------------+-----------------------------------------+
; LPM_WIDTH              ; 16          ; Signed Integer                          ;
; LPM_AVALUE             ; UNUSED      ; Untyped                                 ;
; LPM_SVALUE             ; UNUSED      ; Untyped                                 ;
; LPM_FFTYPE             ; DFF         ; Untyped                                 ;
; DEVICE_FAMILY          ; Cyclone III ; Untyped                                 ;
; CBXI_PARAMETER         ; NOTHING     ; Untyped                                 ;
; AUTO_CARRY_CHAINS      ; ON          ; AUTO_CARRY                              ;
; IGNORE_CARRY_BUFFERS   ; OFF         ; IGNORE_CARRY                            ;
; AUTO_CASCADE_CHAINS    ; ON          ; AUTO_CASCADE                            ;
; IGNORE_CASCADE_BUFFERS ; OFF         ; IGNORE_CASCADE                          ;
+------------------------+-------------+-----------------------------------------+
Note: In order to hide this table in the UI and the text report file, please set the "Show Parameter Settings Tables in Synthesis Report" option in "Analysis and Synthesis Settings -> More Settings" to "Off".


+---------------------------------------------------------------------------------+
; Parameter Settings for User Entity Instance: RG3:inst25|lpm_ff:lpm_ff_component ;
+------------------------+-------------+------------------------------------------+
; Parameter Name         ; Value       ; Type                                     ;
+------------------------+-------------+------------------------------------------+
; LPM_WIDTH              ; 17          ; Signed Integer                           ;
; LPM_AVALUE             ; UNUSED      ; Untyped                                  ;
; LPM_SVALUE             ; UNUSED      ; Untyped                                  ;
; LPM_FFTYPE             ; DFF         ; Untyped                                  ;
; DEVICE_FAMILY          ; Cyclone III ; Untyped                                  ;
; CBXI_PARAMETER         ; NOTHING     ; Untyped                                  ;
; AUTO_CARRY_CHAINS      ; ON          ; AUTO_CARRY                               ;
; IGNORE_CARRY_BUFFERS   ; OFF         ; IGNORE_CARRY                             ;
; AUTO_CASCADE_CHAINS    ; ON          ; AUTO_CASCADE                             ;
; IGNORE_CASCADE_BUFFERS ; OFF         ; IGNORE_CASCADE                           ;
+------------------------+-------------+------------------------------------------+
Note: In order to hide this table in the UI and the text report file, please set the "Show Parameter Settings Tables in Synthesis Report" option in "Analysis and Synthesis Settings -> More Settings" to "Off".


+---------------------------------------------------------------------------------------+
; Parameter Settings for User Entity Instance: Mux_Rg3:inst19|lpm_mux:lpm_mux_component ;
+------------------------+-------------+------------------------------------------------+
; Parameter Name         ; Value       ; Type                                           ;
+------------------------+-------------+------------------------------------------------+
; AUTO_CARRY_CHAINS      ; ON          ; AUTO_CARRY                                     ;
; IGNORE_CARRY_BUFFERS   ; OFF         ; IGNORE_CARRY                                   ;
; AUTO_CASCADE_CHAINS    ; ON          ; AUTO_CASCADE                                   ;
; IGNORE_CASCADE_BUFFERS ; OFF         ; IGNORE_CASCADE                                 ;
; LPM_WIDTH              ; 17          ; Signed Integer                                 ;
; LPM_SIZE               ; 2           ; Signed Integer                                 ;
; LPM_WIDTHS             ; 1           ; Signed Integer                                 ;
; LPM_PIPELINE           ; 0           ; Untyped                                        ;
; CBXI_PARAMETER         ; mux_lrc     ; Untyped                                        ;
; DEVICE_FAMILY          ; Cyclone III ; Untyped                                        ;
+------------------------+-------------+------------------------------------------------+
Note: In order to hide this table in the UI and the text report file, please set the "Show Parameter Settings Tables in Synthesis Report" option in "Analysis and Synthesis Settings -> More Settings" to "Off".


+-------------------------------------------------------------------------------------------+
; Parameter Settings for User Entity Instance: Sum:inst24|lpm_add_sub:lpm_add_sub_component ;
+------------------------+-------------+----------------------------------------------------+
; Parameter Name         ; Value       ; Type                                               ;
+------------------------+-------------+----------------------------------------------------+
; LPM_WIDTH              ; 17          ; Signed Integer                                     ;
; LPM_REPRESENTATION     ; UNSIGNED    ; Untyped                                            ;
; LPM_DIRECTION          ; ADD         ; Untyped                                            ;
; ONE_INPUT_IS_CONSTANT  ; NO          ; Untyped                                            ;
; LPM_PIPELINE           ; 0           ; Untyped                                            ;
; MAXIMIZE_SPEED         ; 5           ; Untyped                                            ;
; REGISTERED_AT_END      ; 0           ; Untyped                                            ;
; OPTIMIZE_FOR_SPEED     ; 5           ; Untyped                                            ;
; USE_CS_BUFFERS         ; 1           ; Untyped                                            ;
; CARRY_CHAIN            ; MANUAL      ; Untyped                                            ;
; CARRY_CHAIN_LENGTH     ; 48          ; CARRY_CHAIN_LENGTH                                 ;
; DEVICE_FAMILY          ; Cyclone III ; Untyped                                            ;
; USE_WYS                ; OFF         ; Untyped                                            ;
; STYLE                  ; FAST        ; Untyped                                            ;
; CBXI_PARAMETER         ; add_sub_v3i ; Untyped                                            ;
; AUTO_CARRY_CHAINS      ; ON          ; AUTO_CARRY                                         ;
; IGNORE_CARRY_BUFFERS   ; OFF         ; IGNORE_CARRY                                       ;
; AUTO_CASCADE_CHAINS    ; ON          ; AUTO_CASCADE                                       ;
; IGNORE_CASCADE_BUFFERS ; OFF         ; IGNORE_CASCADE                                     ;
+------------------------+-------------+----------------------------------------------------+
Note: In order to hide this table in the UI and the text report file, please set the "Show Parameter Settings Tables in Synthesis Report" option in "Analysis and Synthesis Settings -> More Settings" to "Off".


+--------------------------------------------------------------------------------------------+
; Parameter Settings for User Entity Instance: Decode:inst11|lpm_decode:lpm_decode_component ;
+------------------------+-------------+-----------------------------------------------------+
; Parameter Name         ; Value       ; Type                                                ;
+------------------------+-------------+-----------------------------------------------------+
; LPM_WIDTH              ; 3           ; Signed Integer                                      ;
; LPM_DECODES            ; 8           ; Signed Integer                                      ;
; LPM_PIPELINE           ; 1           ; Signed Integer                                      ;
; CASCADE_CHAIN          ; MANUAL      ; Untyped                                             ;
; DEVICE_FAMILY          ; Cyclone III ; Untyped                                             ;
; CBXI_PARAMETER         ; decode_4sh  ; Untyped                                             ;
; AUTO_CARRY_CHAINS      ; ON          ; AUTO_CARRY                                          ;
; IGNORE_CARRY_BUFFERS   ; OFF         ; IGNORE_CARRY                                        ;
; AUTO_CASCADE_CHAINS    ; ON          ; AUTO_CASCADE                                        ;
; IGNORE_CASCADE_BUFFERS ; OFF         ; IGNORE_CASCADE                                      ;
+------------------------+-------------+-----------------------------------------------------+
Note: In order to hide this table in the UI and the text report file, please set the "Show Parameter Settings Tables in Synthesis Report" option in "Analysis and Synthesis Settings -> More Settings" to "Off".


+--------------------------------------------------------------------------------+
; Parameter Settings for User Entity Instance: RG2:inst7|lpm_ff:lpm_ff_component ;
+------------------------+-------------+-----------------------------------------+
; Parameter Name         ; Value       ; Type                                    ;
+------------------------+-------------+-----------------------------------------+
; LPM_WIDTH              ; 16          ; Signed Integer                          ;
; LPM_AVALUE             ; UNUSED      ; Untyped                                 ;
; LPM_SVALUE             ; UNUSED      ; Untyped                                 ;
; LPM_FFTYPE             ; DFF         ; Untyped                                 ;
; DEVICE_FAMILY          ; Cyclone III ; Untyped                                 ;
; CBXI_PARAMETER         ; NOTHING     ; Untyped                                 ;
; AUTO_CARRY_CHAINS      ; ON          ; AUTO_CARRY                              ;
; IGNORE_CARRY_BUFFERS   ; OFF         ; IGNORE_CARRY                            ;
; AUTO_CASCADE_CHAINS    ; ON          ; AUTO_CASCADE                            ;
; IGNORE_CASCADE_BUFFERS ; OFF         ; IGNORE_CASCADE                          ;
+------------------------+-------------+-----------------------------------------+
Note: In order to hide this table in the UI and the text report file, please set the "Show Parameter Settings Tables in Synthesis Report" option in "Analysis and Synthesis Settings -> More Settings" to "Off".


+------------------------------------------------------------------------------------+
; Parameter Settings for User Entity Instance: Mux1:inst10|lpm_mux:lpm_mux_component ;
+------------------------+-------------+---------------------------------------------+
; Parameter Name         ; Value       ; Type                                        ;
+------------------------+-------------+---------------------------------------------+
; AUTO_CARRY_CHAINS      ; ON          ; AUTO_CARRY                                  ;
; IGNORE_CARRY_BUFFERS   ; OFF         ; IGNORE_CARRY                                ;
; AUTO_CASCADE_CHAINS    ; ON          ; AUTO_CASCADE                                ;
; IGNORE_CASCADE_BUFFERS ; OFF         ; IGNORE_CASCADE                              ;
; LPM_WIDTH              ; 16          ; Signed Integer                              ;
; LPM_SIZE               ; 2           ; Signed Integer                              ;
; LPM_WIDTHS             ; 1           ; Signed Integer                              ;
; LPM_PIPELINE           ; 0           ; Untyped                                     ;
; CBXI_PARAMETER         ; mux_krc     ; Untyped                                     ;
; DEVICE_FAMILY          ; Cyclone III ; Untyped                                     ;
+------------------------+-------------+---------------------------------------------+
Note: In order to hide this table in the UI and the text report file, please set the "Show Parameter Settings Tables in Synthesis Report" option in "Analysis and Synthesis Settings -> More Settings" to "Off".


+---------------------------------------------------------------------------------------------+
; Parameter Settings for User Entity Instance: SDvig:inst13|lpm_clshift:lpm_clshift_component ;
+----------------+-----------------+----------------------------------------------------------+
; Parameter Name ; Value           ; Type                                                     ;
+----------------+-----------------+----------------------------------------------------------+
; LPM_PIPELINE   ; 0               ; Untyped                                                  ;
; LPM_SHIFTTYPE  ; LOGICAL         ; Untyped                                                  ;
; LPM_WIDTH      ; 16              ; Signed Integer                                           ;
; LPM_WIDTHDIST  ; 2               ; Signed Integer                                           ;
; CBXI_PARAMETER ; lpm_clshift_ujc ; Untyped                                                  ;
+----------------+-----------------+----------------------------------------------------------+
Note: In order to hide this table in the UI and the text report file, please set the "Show Parameter Settings Tables in Synthesis Report" option in "Analysis and Synthesis Settings -> More Settings" to "Off".


+-------------------------------------------------------------------------------------+
; Parameter Settings for User Entity Instance: Mult2:inst22|lpm_mux:lpm_mux_component ;
+------------------------+-------------+----------------------------------------------+
; Parameter Name         ; Value       ; Type                                         ;
+------------------------+-------------+----------------------------------------------+
; AUTO_CARRY_CHAINS      ; ON          ; AUTO_CARRY                                   ;
; IGNORE_CARRY_BUFFERS   ; OFF         ; IGNORE_CARRY                                 ;
; AUTO_CASCADE_CHAINS    ; ON          ; AUTO_CASCADE                                 ;
; IGNORE_CASCADE_BUFFERS ; OFF         ; IGNORE_CASCADE                               ;
; LPM_WIDTH              ; 17          ; Signed Integer                               ;
; LPM_SIZE               ; 4           ; Signed Integer                               ;
; LPM_WIDTHS             ; 2           ; Signed Integer                               ;
; LPM_PIPELINE           ; 0           ; Untyped                                      ;
; CBXI_PARAMETER         ; mux_orc     ; Untyped                                      ;
; DEVICE_FAMILY          ; Cyclone III ; Untyped                                      ;
+------------------------+-------------+----------------------------------------------+
Note: In order to hide this table in the UI and the text report file, please set the "Show Parameter Settings Tables in Synthesis Report" option in "Analysis and Synthesis Settings -> More Settings" to "Off".


+--------------------------------------------------------------------------------------+
; Parameter Settings for User Entity Instance: My_Xor:inst23|lpm_xor:lpm_xor_component ;
+----------------+-------+-------------------------------------------------------------+
; Parameter Name ; Value ; Type                                                        ;
+----------------+-------+-------------------------------------------------------------+
; LPM_WIDTH      ; 15    ; Signed Integer                                              ;
; LPM_SIZE       ; 2     ; Signed Integer                                              ;
+----------------+-------+-------------------------------------------------------------+
Note: In order to hide this table in the UI and the text report file, please set the "Show Parameter Settings Tables in Synthesis Report" option in "Analysis and Synthesis Settings -> More Settings" to "Off".


+----------------------------------------------------------------------------------------------+
; Parameter Settings for User Entity Instance: Shift1:inst28|lpm_clshift:lpm_clshift_component ;
+----------------+-----------------+-----------------------------------------------------------+
; Parameter Name ; Value           ; Type                                                      ;
+----------------+-----------------+-----------------------------------------------------------+
; LPM_PIPELINE   ; 0               ; Untyped                                                   ;
; LPM_SHIFTTYPE  ; LOGICAL         ; Untyped                                                   ;
; LPM_WIDTH      ; 17              ; Signed Integer                                            ;
; LPM_WIDTHDIST  ; 2               ; Signed Integer                                            ;
; CBXI_PARAMETER ; lpm_clshift_vjc ; Untyped                                                   ;
+----------------+-----------------+-----------------------------------------------------------+
Note: In order to hide this table in the UI and the text report file, please set the "Show Parameter Settings Tables in Synthesis Report" option in "Analysis and Synthesis Settings -> More Settings" to "Off".


+-------------------------------+
; Analysis & Synthesis Messages ;
+-------------------------------+
Info: *******************************************************************
Info: Running Quartus II Analysis & Synthesis
    Info: Version 9.1 Build 350 03/24/2010 Service Pack 2 SJ Web Edition
    Info: Processing started: Tue Mar 28 16:38:54 2017
Info: Command: quartus_map --read_settings_files=on --write_settings_files=off OA -c OA
Info: Found 1 design units, including 1 entities, in source file rg2.v
    Info: Found entity 1: RG2
Info: Found 1 design units, including 1 entities, in source file mux1.v
    Info: Found entity 1: Mux1
Info: Found 1 design units, including 1 entities, in source file decode.v
    Info: Found entity 1: Decode
Warning: Entity "Mult2" obtained from "C:/quartus1/OA/Mult2.v" instead of from Quartus II megafunction library
Info: Found 1 design units, including 1 entities, in source file mult2.v
    Info: Found entity 1: Mult2
Info: Found 1 design units, including 1 entities, in source file my_xor.v
    Info: Found entity 1: My_Xor
Info: Found 1 design units, including 1 entities, in source file sum.v
    Info: Found entity 1: Sum
Info: Found 1 design units, including 1 entities, in source file rg3.v
    Info: Found entity 1: RG3
Info: Found 1 design units, including 1 entities, in source file my_mux2.v
    Info: Found entity 1: My_Mux2
Info: Found 1 design units, including 1 entities, in source file shift1.v
    Info: Found entity 1: Shift1
Info: Found 1 design units, including 1 entities, in source file counter.v
    Info: Found entity 1: Counter
Info: Found 1 design units, including 1 entities, in source file oa.bdf
    Info: Found entity 1: OA
Info: Found 1 design units, including 1 entities, in source file sdvig.v
    Info: Found entity 1: SDvig
Info: Found 1 design units, including 1 entities, in source file or_2r.v
    Info: Found entity 1: OR_2r
Info: Found 1 design units, including 1 entities, in source file mux_rg3.v
    Info: Found entity 1: Mux_Rg3
Info: Found 1 design units, including 1 entities, in source file ua.v
    Info: Found entity 1: block_name
Info: Elaborating entity "OA" for the top level hierarchy
Info: Elaborating entity "block_name" for hierarchy "block_name:inst8"
Warning (10762): Verilog HDL Case Statement warning at UA.v(46): can't check case statement for completeness because the case expression has too many possible states
Info: Elaborating entity "Counter" for hierarchy "Counter:inst29"
Info: Elaborating entity "lpm_counter" for hierarchy "Counter:inst29|lpm_counter:lpm_counter_component"
Info: Elaborated megafunction instantiation "Counter:inst29|lpm_counter:lpm_counter_component"
Info: Instantiated megafunction "Counter:inst29|lpm_counter:lpm_counter_component" with the following parameter:
    Info: Parameter "lpm_direction" = "UP"
    Info: Parameter "lpm_port_updown" = "PORT_UNUSED"
    Info: Parameter "lpm_type" = "LPM_COUNTER"
    Info: Parameter "lpm_width" = "4"
Info: Found 1 design units, including 1 entities, in source file db/cntr_cri.tdf
    Info: Found entity 1: cntr_cri
Info: Elaborating entity "cntr_cri" for hierarchy "Counter:inst29|lpm_counter:lpm_counter_component|cntr_cri:auto_generated"
Warning: Using design file or32.tdf, which is not specified as a design file for the current project, but contains definitions for 1 design units and 1 entities in project
    Info: Found entity 1: Or32
Info: Elaborating entity "Or32" for hierarchy "Or32:inst21"
Info: Elaborating entity "lpm_or" for hierarchy "Or32:inst21|lpm_or:lpm_or_component"
Info: Elaborated megafunction instantiation "Or32:inst21|lpm_or:lpm_or_component"
Info: Instantiated megafunction "Or32:inst21|lpm_or:lpm_or_component" with the following parameter:
    Info: Parameter "LPM_TYPE" = "LPM_OR"
    Info: Parameter "LPM_WIDTH" = "1"
    Info: Parameter "LPM_SIZE" = "16"
Info: Elaborating entity "RG2" for hierarchy "RG2:inst5"
Info: Elaborating entity "lpm_ff" for hierarchy "RG2:inst5|lpm_ff:lpm_ff_component"
Info: Elaborated megafunction instantiation "RG2:inst5|lpm_ff:lpm_ff_component"
Info: Instantiated megafunction "RG2:inst5|lpm_ff:lpm_ff_component" with the following parameter:
    Info: Parameter "lpm_fftype" = "DFF"
    Info: Parameter "lpm_type" = "LPM_FF"
    Info: Parameter "lpm_width" = "16"
Info: Elaborating entity "RG3" for hierarchy "RG3:inst25"
Info: Elaborating entity "lpm_ff" for hierarchy "RG3:inst25|lpm_ff:lpm_ff_component"
Info: Elaborated megafunction instantiation "RG3:inst25|lpm_ff:lpm_ff_component"
Info: Instantiated megafunction "RG3:inst25|lpm_ff:lpm_ff_component" with the following parameter:
    Info: Parameter "lpm_fftype" = "DFF"
    Info: Parameter "lpm_type" = "LPM_FF"
    Info: Parameter "lpm_width" = "17"
Info: Elaborating entity "Mux_Rg3" for hierarchy "Mux_Rg3:inst19"
Info: Elaborating entity "lpm_mux" for hierarchy "Mux_Rg3:inst19|lpm_mux:lpm_mux_component"
Info: Elaborated megafunction instantiation "Mux_Rg3:inst19|lpm_mux:lpm_mux_component"
Info: Instantiated megafunction "Mux_Rg3:inst19|lpm_mux:lpm_mux_component" with the following parameter:
    Info: Parameter "lpm_size" = "2"
    Info: Parameter "lpm_type" = "LPM_MUX"
    Info: Parameter "lpm_width" = "17"
    Info: Parameter "lpm_widths" = "1"
Info: Found 1 design units, including 1 entities, in source file db/mux_lrc.tdf
    Info: Found entity 1: mux_lrc
Info: Elaborating entity "mux_lrc" for hierarchy "Mux_Rg3:inst19|lpm_mux:lpm_mux_component|mux_lrc:auto_generated"
Info: Elaborating entity "Sum" for hierarchy "Sum:inst24"
Info: Elaborating entity "lpm_add_sub" for hierarchy "Sum:inst24|lpm_add_sub:lpm_add_sub_component"
Info: Elaborated megafunction instantiation "Sum:inst24|lpm_add_sub:lpm_add_sub_component"
Info: Instantiated megafunction "Sum:inst24|lpm_add_sub:lpm_add_sub_component" with the following parameter:
    Info: Parameter "lpm_direction" = "ADD"
    Info: Parameter "lpm_hint" = "ONE_INPUT_IS_CONSTANT=NO,CIN_USED=YES"
    Info: Parameter "lpm_representation" = "UNSIGNED"
    Info: Parameter "lpm_type" = "LPM_ADD_SUB"
    Info: Parameter "lpm_width" = "17"
Info: Found 1 design units, including 1 entities, in source file db/add_sub_v3i.tdf
    Info: Found entity 1: add_sub_v3i
Info: Elaborating entity "add_sub_v3i" for hierarchy "Sum:inst24|lpm_add_sub:lpm_add_sub_component|add_sub_v3i:auto_generated"
Info: Elaborating entity "Decode" for hierarchy "Decode:inst11"
Info: Elaborating entity "lpm_decode" for hierarchy "Decode:inst11|lpm_decode:lpm_decode_component"
Info: Elaborated megafunction instantiation "Decode:inst11|lpm_decode:lpm_decode_component"
Info: Instantiated megafunction "Decode:inst11|lpm_decode:lpm_decode_component" with the following parameter:
    Info: Parameter "lpm_decodes" = "8"
    Info: Parameter "lpm_pipeline" = "1"
    Info: Parameter "lpm_type" = "LPM_DECODE"
    Info: Parameter "lpm_width" = "3"
Info: Found 1 design units, including 1 entities, in source file db/decode_4sh.tdf
    Info: Found entity 1: decode_4sh
Info: Elaborating entity "decode_4sh" for hierarchy "Decode:inst11|lpm_decode:lpm_decode_component|decode_4sh:auto_generated"
Info: Elaborating entity "Mux1" for hierarchy "Mux1:inst10"
Info: Elaborating entity "lpm_mux" for hierarchy "Mux1:inst10|lpm_mux:lpm_mux_component"
Info: Elaborated megafunction instantiation "Mux1:inst10|lpm_mux:lpm_mux_component"
Info: Instantiated megafunction "Mux1:inst10|lpm_mux:lpm_mux_component" with the following parameter:
    Info: Parameter "lpm_size" = "2"
    Info: Parameter "lpm_type" = "LPM_MUX"
    Info: Parameter "lpm_width" = "16"
    Info: Parameter "lpm_widths" = "1"
Info: Found 1 design units, including 1 entities, in source file db/mux_krc.tdf
    Info: Found entity 1: mux_krc
Info: Elaborating entity "mux_krc" for hierarchy "Mux1:inst10|lpm_mux:lpm_mux_component|mux_krc:auto_generated"
Info: Elaborating entity "SDvig" for hierarchy "SDvig:inst13"
Info: Elaborating entity "lpm_clshift" for hierarchy "SDvig:inst13|lpm_clshift:lpm_clshift_component"
Info: Elaborated megafunction instantiation "SDvig:inst13|lpm_clshift:lpm_clshift_component"
Info: Instantiated megafunction "SDvig:inst13|lpm_clshift:lpm_clshift_component" with the following parameter:
    Info: Parameter "lpm_shifttype" = "LOGICAL"
    Info: Parameter "lpm_type" = "LPM_CLSHIFT"
    Info: Parameter "lpm_width" = "16"
    Info: Parameter "lpm_widthdist" = "2"
Info: Found 1 design units, including 1 entities, in source file db/lpm_clshift_ujc.tdf
    Info: Found entity 1: lpm_clshift_ujc
Info: Elaborating entity "lpm_clshift_ujc" for hierarchy "SDvig:inst13|lpm_clshift:lpm_clshift_component|lpm_clshift_ujc:auto_generated"
Info: Elaborating entity "Mult2" for hierarchy "Mult2:inst22"
Info: Elaborating entity "lpm_mux" for hierarchy "Mult2:inst22|lpm_mux:lpm_mux_component"
Info: Elaborated megafunction instantiation "Mult2:inst22|lpm_mux:lpm_mux_component"
Info: Instantiated megafunction "Mult2:inst22|lpm_mux:lpm_mux_component" with the following parameter:
    Info: Parameter "lpm_size" = "4"
    Info: Parameter "lpm_type" = "LPM_MUX"
    Info: Parameter "lpm_width" = "17"
    Info: Parameter "lpm_widths" = "2"
Info: Found 1 design units, including 1 entities, in source file db/mux_orc.tdf
    Info: Found entity 1: mux_orc
Info: Elaborating entity "mux_orc" for hierarchy "Mult2:inst22|lpm_mux:lpm_mux_component|mux_orc:auto_generated"
Info: Elaborating entity "My_Xor" for hierarchy "My_Xor:inst23"
Info: Elaborating entity "lpm_xor" for hierarchy "My_Xor:inst23|lpm_xor:lpm_xor_component"
Info: Elaborated megafunction instantiation "My_Xor:inst23|lpm_xor:lpm_xor_component"
Info: Instantiated megafunction "My_Xor:inst23|lpm_xor:lpm_xor_component" with the following parameter:
    Info: Parameter "lpm_size" = "2"
    Info: Parameter "lpm_type" = "LPM_XOR"
    Info: Parameter "lpm_width" = "15"
Info: Elaborating entity "Shift1" for hierarchy "Shift1:inst28"
Info: Elaborating entity "lpm_clshift" for hierarchy "Shift1:inst28|lpm_clshift:lpm_clshift_component"
Info: Elaborated megafunction instantiation "Shift1:inst28|lpm_clshift:lpm_clshift_component"
Info: Instantiated megafunction "Shift1:inst28|lpm_clshift:lpm_clshift_component" with the following parameter:
    Info: Parameter "lpm_shifttype" = "LOGICAL"
    Info: Parameter "lpm_type" = "LPM_CLSHIFT"
    Info: Parameter "lpm_width" = "17"
    Info: Parameter "lpm_widthdist" = "2"
Info: Found 1 design units, including 1 entities, in source file db/lpm_clshift_vjc.tdf
    Info: Found entity 1: lpm_clshift_vjc
Info: Elaborating entity "lpm_clshift_vjc" for hierarchy "Shift1:inst28|lpm_clshift:lpm_clshift_component|lpm_clshift_vjc:auto_generated"
Warning: Output pins are stuck at VCC or GND
    Warning (13410): Pin "Y[7]" is stuck at GND
    Warning (13410): Pin "Y[4]" is stuck at GND
    Warning (13410): Pin "PRS" is stuck at GND
    Warning (13410): Pin "result[0]" is stuck at GND
Info: Timing-Driven Synthesis is running
Info: Implemented 194 device resources after synthesis - the final resource count might be different
    Info: Implemented 17 input pins
    Info: Implemented 31 output pins
    Info: Implemented 146 logic cells
Info: Quartus II Analysis & Synthesis was successful. 0 errors, 8 warnings
    Info: Peak virtual memory: 238 megabytes
    Info: Processing ended: Tue Mar 28 16:38:56 2017
    Info: Elapsed time: 00:00:02
    Info: Total CPU time (on all processors): 00:00:03


