Flow report for 2laba
Tue May 18 19:41:43 2021
Quartus II Version 9.0 Build 132 02/25/2009 SJ Full Version


---------------------
; Table of Contents ;
---------------------
  1. Legal Notice
  2. Flow Summary
  3. Flow Settings
  4. Flow Non-Default Global Settings
  5. Flow Elapsed Time
  6. Flow OS Summary
  7. Flow Log



----------------
; Legal Notice ;
----------------
Copyright (C) 1991-2009 Altera Corporation
Your use of Altera Corporation's design tools, logic functions 
and other software and tools, and its AMPP partner logic 
functions, and any output files from any of the foregoing 
(including device programming or simulation files), and any 
associated documentation or information are expressly subject 
to the terms and conditions of the Altera Program License 
Subscription Agreement, Altera MegaCore Function License 
Agreement, or other applicable license agreement, including, 
without limitation, that your use is for the sole purpose of 
programming logic devices manufactured by Altera and sold by 
Altera or its authorized distributors.  Please refer to the 
applicable agreement for further details.



+-------------------------------------------------------------------------------+
; Flow Summary                                                                  ;
+------------------------------------+------------------------------------------+
; Flow Status                        ; Successful - Tue May 18 19:41:41 2021    ;
; Quartus II Version                 ; 9.0 Build 132 02/25/2009 SJ Full Version ;
; Revision Name                      ; 2laba                                    ;
; Top-level Entity Name              ; 2laba                                    ;
; Family                             ; Cyclone III                              ;
; Device                             ; EP3C5F256C6                              ;
; Timing Models                      ; Final                                    ;
; Met timing requirements            ; N/A                                      ;
; Total logic elements               ; 46 / 5,136 ( < 1 % )                     ;
;     Total combinational functions  ; 46 / 5,136 ( < 1 % )                     ;
;     Dedicated logic registers      ; 19 / 5,136 ( < 1 % )                     ;
; Total registers                    ; 19                                       ;
; Total pins                         ; 49 / 183 ( 27 % )                        ;
; Total virtual pins                 ; 0                                        ;
; Total memory bits                  ; 0 / 423,936 ( 0 % )                      ;
; Embedded Multiplier 9-bit elements ; 0 / 46 ( 0 % )                           ;
; Total PLLs                         ; 0 / 2 ( 0 % )                            ;
+------------------------------------+------------------------------------------+


+-----------------------------------------+
; Flow Settings                           ;
+-------------------+---------------------+
; Option            ; Setting             ;
+-------------------+---------------------+
; Start date & time ; 05/18/2021 19:41:34 ;
; Main task         ; Compilation         ;
; Revision Name     ; 2laba               ;
+-------------------+---------------------+


+-------------------------------------------------------------------------------------------------------------------+
; Flow Non-Default Global Settings                                                                                  ;
+------------------------------------+-------------------------------+---------------+-------------+----------------+
; Assignment Name                    ; Value                         ; Default Value ; Entity Name ; Section Id     ;
+------------------------------------+-------------------------------+---------------+-------------+----------------+
; COMPILER_SIGNATURE_ID              ; 5025756643093.162135609412868 ; --            ; --          ; --             ;
; IP_TOOL_NAME                       ; LPM_FF                        ; --            ; --          ; --             ;
; IP_TOOL_NAME                       ; LPM_DECODE                    ; --            ; --          ; --             ;
; IP_TOOL_NAME                       ; LPM_COUNTER                   ; --            ; --          ; --             ;
; IP_TOOL_VERSION                    ; 9.0                           ; --            ; --          ; --             ;
; IP_TOOL_VERSION                    ; 9.0                           ; --            ; --          ; --             ;
; IP_TOOL_VERSION                    ; 9.0                           ; --            ; --          ; --             ;
; MAX_CORE_JUNCTION_TEMP             ; 85                            ; --            ; --          ; --             ;
; MIN_CORE_JUNCTION_TEMP             ; 0                             ; --            ; --          ; --             ;
; MISC_FILE                          ; reg.bsf                       ; --            ; --          ; --             ;
; MISC_FILE                          ; reg.cmp                       ; --            ; --          ; --             ;
; MISC_FILE                          ; dc4.bsf                       ; --            ; --          ; --             ;
; MISC_FILE                          ; dc4.cmp                       ; --            ; --          ; --             ;
; MISC_FILE                          ; ct4pm.bsf                     ; --            ; --          ; --             ;
; MISC_FILE                          ; ct4pm.cmp                     ; --            ; --          ; --             ;
; NOMINAL_CORE_SUPPLY_VOLTAGE        ; 1.2V                          ; --            ; --          ; --             ;
; PARTITION_COLOR                    ; 16764057                      ; --            ; --          ; Top            ;
; PARTITION_NETLIST_TYPE             ; SOURCE                        ; --            ; --          ; Top            ;
; USE_GENERATED_PHYSICAL_CONSTRAINTS ; Off                           ; --            ; --          ; eda_blast_fpga ;
+------------------------------------+-------------------------------+---------------+-------------+----------------+


+-------------------------------------------------------------------------------------------------------------------------------+
; Flow Elapsed Time                                                                                                             ;
+---------------------------+--------------+-------------------------+---------------------+------------------------------------+
; Module Name               ; Elapsed Time ; Average Processors Used ; Peak Virtual Memory ; Total CPU Time (on all processors) ;
+---------------------------+--------------+-------------------------+---------------------+------------------------------------+
; Analysis & Synthesis      ; 00:00:01     ; 1.0                     ; 247 MB              ; 00:00:01                           ;
; Fitter                    ; 00:00:03     ; 1.0                     ; 352 MB              ; 00:00:03                           ;
; Assembler                 ; 00:00:01     ; 1.0                     ; 227 MB              ; 00:00:01                           ;
; TimeQuest Timing Analyzer ; 00:00:01     ; 1.0                     ; 265 MB              ; 00:00:02                           ;
; Total                     ; 00:00:06     ; --                      ; --                  ; 00:00:07                           ;
+---------------------------+--------------+-------------------------+---------------------+------------------------------------+


+--------------------------------------------------------------------------------------------+
; Flow OS Summary                                                                            ;
+---------------------------+------------------+---------------+------------+----------------+
; Module Name               ; Machine Hostname ; OS Name       ; OS Version ; Processor type ;
+---------------------------+------------------+---------------+------------+----------------+
; Analysis & Synthesis      ; DESKTOP-01U269K  ; Windows Vista ; 6.2        ; x86_64         ;
; Fitter                    ; DESKTOP-01U269K  ; Windows Vista ; 6.2        ; x86_64         ;
; Assembler                 ; DESKTOP-01U269K  ; Windows Vista ; 6.2        ; x86_64         ;
; TimeQuest Timing Analyzer ; DESKTOP-01U269K  ; Windows Vista ; 6.2        ; x86_64         ;
+---------------------------+------------------+---------------+------------+----------------+


------------
; Flow Log ;
------------
quartus_map --read_settings_files=on --write_settings_files=off 2laba -c 2laba
quartus_fit --read_settings_files=off --write_settings_files=off 2laba -c 2laba
quartus_asm --read_settings_files=off --write_settings_files=off 2laba -c 2laba
quartus_sta 2laba -c 2laba



