Simulator report for UA
Wed Apr 26 12:37:30 2017
Quartus II Version 9.1 Build 350 03/24/2010 Service Pack 2 SJ Web Edition


---------------------
; Table of Contents ;
---------------------
  1. Legal Notice
  2. Simulator Summary
  3. Simulator Settings
  4. Simulation Waveforms
  5. Coverage Summary
  6. Complete 1/0-Value Coverage
  7. Missing 1-Value Coverage
  8. Missing 0-Value Coverage
  9. Simulator INI Usage
 10. Simulator Messages



----------------
; Legal Notice ;
----------------
Copyright (C) 1991-2010 Altera Corporation
Your use of Altera Corporation's design tools, logic functions 
and other software and tools, and its AMPP partner logic 
functions, and any output files from any of the foregoing 
(including device programming or simulation files), and any 
associated documentation or information are expressly subject 
to the terms and conditions of the Altera Program License 
Subscription Agreement, Altera MegaCore Function License 
Agreement, or other applicable license agreement, including, 
without limitation, that your use is for the sole purpose of 
programming logic devices manufactured by Altera and sold by 
Altera or its authorized distributors.  Please refer to the 
applicable agreement for further details.



+--------------------------------------------+
; Simulator Summary                          ;
+-----------------------------+--------------+
; Type                        ; Value        ;
+-----------------------------+--------------+
; Simulation Start Time       ; 0 ps         ;
; Simulation End Time         ; 1.0 us       ;
; Simulation Netlist Size     ; 118 nodes    ;
; Simulation Coverage         ;      76.86 % ;
; Total Number of Transitions ; 1238         ;
; Simulation Breakpoints      ; 0            ;
; Family                      ; Cyclone III  ;
+-----------------------------+--------------+


+-------------------------------------------------------------------------------------------------------------------------+
; Simulator Settings                                                                                                      ;
+--------------------------------------------------------------------------------------------+------------+---------------+
; Option                                                                                     ; Setting    ; Default Value ;
+--------------------------------------------------------------------------------------------+------------+---------------+
; Simulation mode                                                                            ; Functional ; Timing        ;
; Start time                                                                                 ; 0 ns       ; 0 ns          ;
; Simulation results format                                                                  ; CVWF       ;               ;
; Add pins automatically to simulation output waveforms                                      ; On         ; On            ;
; Check outputs                                                                              ; Off        ; Off           ;
; Report simulation coverage                                                                 ; On         ; On            ;
; Display complete 1/0 value coverage report                                                 ; On         ; On            ;
; Display missing 1-value coverage report                                                    ; On         ; On            ;
; Display missing 0-value coverage report                                                    ; On         ; On            ;
; Detect setup and hold time violations                                                      ; Off        ; Off           ;
; Detect glitches                                                                            ; Off        ; Off           ;
; Disable timing delays in Timing Simulation                                                 ; Off        ; Off           ;
; Generate Signal Activity File                                                              ; Off        ; Off           ;
; Generate VCD File for PowerPlay Power Analyzer                                             ; Off        ; Off           ;
; Group bus channels in simulation results                                                   ; Off        ; Off           ;
; Preserve fewer signal transitions to reduce memory requirements                            ; On         ; On            ;
; Trigger vector comparison with the specified mode                                          ; INPUT_EDGE ; INPUT_EDGE    ;
; Disable setup and hold time violations detection in input registers of bi-directional pins ; Off        ; Off           ;
; Overwrite Waveform Inputs With Simulation Outputs                                          ; On         ;               ;
; Perform Glitch Filtering in Timing Simulation                                              ; Auto       ; Auto          ;
; Interconnect Delay Model Type                                                              ; Transport  ; Transport     ;
; Cell Delay Model Type                                                                      ; Transport  ; Transport     ;
+--------------------------------------------------------------------------------------------+------------+---------------+


+----------------------+
; Simulation Waveforms ;
+----------------------+
Waveform report data cannot be output to ASCII.
Please use Quartus II to view the waveform report data.


+--------------------------------------------------------------------+
; Coverage Summary                                                   ;
+-----------------------------------------------------+--------------+
; Type                                                ; Value        ;
+-----------------------------------------------------+--------------+
; Total coverage as a percentage                      ;      76.86 % ;
; Total nodes checked                                 ; 118          ;
; Total output ports checked                          ; 121          ;
; Total output ports with complete 1/0-value coverage ; 93           ;
; Total output ports with no 1/0-value coverage       ; 27           ;
; Total output ports with no 1-value coverage         ; 28           ;
; Total output ports with no 0-value coverage         ; 27           ;
+-----------------------------------------------------+--------------+


The following table displays output ports that toggle between 1 and 0 during simulation.
+----------------------------------------------------------------------------------------------------------------------------------------------------------------------------------------------------------------------+
; Complete 1/0-Value Coverage                                                                                                                                                                                          ;
+------------------------------------------------------------------------------------------------+--------------------------------------------------------------------------------------------------+------------------+
; Node Name                                                                                      ; Output Port Name                                                                                 ; Output Port Type ;
+------------------------------------------------------------------------------------------------+--------------------------------------------------------------------------------------------------+------------------+
; |UA|apin[8]                                                                                    ; |UA|apin[8]                                                                                      ; pin_out          ;
; |UA|apin[7]                                                                                    ; |UA|apin[7]                                                                                      ; pin_out          ;
; |UA|apin[5]                                                                                    ; |UA|apin[5]                                                                                      ; pin_out          ;
; |UA|apin[4]                                                                                    ; |UA|apin[4]                                                                                      ; pin_out          ;
; |UA|apin[3]                                                                                    ; |UA|apin[3]                                                                                      ; pin_out          ;
; |UA|apin[2]                                                                                    ; |UA|apin[2]                                                                                      ; pin_out          ;
; |UA|apin[1]                                                                                    ; |UA|apin[1]                                                                                      ; pin_out          ;
; |UA|apin[0]                                                                                    ; |UA|apin[0]                                                                                      ; pin_out          ;
; |UA|inst23                                                                                     ; |UA|inst23                                                                                       ; out0             ;
; |UA|xpin[7]                                                                                    ; |UA|xpin[7]                                                                                      ; out              ;
; |UA|xpin[6]                                                                                    ; |UA|xpin[6]                                                                                      ; out              ;
; |UA|xpin[3]                                                                                    ; |UA|xpin[3]                                                                                      ; out              ;
; |UA|inst32                                                                                     ; |UA|inst32                                                                                       ; out0             ;
; |UA|inst21                                                                                     ; |UA|inst21                                                                                       ; out0             ;
; |UA|inst19                                                                                     ; |UA|inst19                                                                                       ; out0             ;
; |UA|inst29                                                                                     ; |UA|inst29                                                                                       ; out0             ;
; |UA|inst27                                                                                     ; |UA|inst27                                                                                       ; out0             ;
; |UA|inst4                                                                                      ; |UA|inst4                                                                                        ; out0             ;
; |UA|inst2                                                                                      ; |UA|inst2                                                                                        ; out0             ;
; |UA|inst1                                                                                      ; |UA|inst1                                                                                        ; out0             ;
; |UA|inst7                                                                                      ; |UA|inst7                                                                                        ; out0             ;
; |UA|inst6                                                                                      ; |UA|inst6                                                                                        ; out0             ;
; |UA|inst5                                                                                      ; |UA|inst5                                                                                        ; out0             ;
; |UA|inst3                                                                                      ; |UA|inst3                                                                                        ; out0             ;
; |UA|inst25                                                                                     ; |UA|inst25                                                                                       ; out0             ;
; |UA|clk                                                                                        ; |UA|clk                                                                                          ; out              ;
; |UA|inst48                                                                                     ; |UA|inst48                                                                                       ; out0             ;
; |UA|ctpin[7]                                                                                   ; |UA|ctpin[7]                                                                                     ; pin_out          ;
; |UA|ctpin[6]                                                                                   ; |UA|ctpin[6]                                                                                     ; pin_out          ;
; |UA|ctpin[5]                                                                                   ; |UA|ctpin[5]                                                                                     ; pin_out          ;
; |UA|ctpin[4]                                                                                   ; |UA|ctpin[4]                                                                                     ; pin_out          ;
; |UA|ctpin[0]                                                                                   ; |UA|ctpin[0]                                                                                     ; pin_out          ;
; |UA|outpin[3]                                                                                  ; |UA|outpin[3]                                                                                    ; pin_out          ;
; |UA|outpin[2]                                                                                  ; |UA|outpin[2]                                                                                    ; pin_out          ;
; |UA|outpin[1]                                                                                  ; |UA|outpin[1]                                                                                    ; pin_out          ;
; |UA|outpin[0]                                                                                  ; |UA|outpin[0]                                                                                    ; pin_out          ;
; |UA|ypin[7]                                                                                    ; |UA|ypin[7]                                                                                      ; pin_out          ;
; |UA|ypin[5]                                                                                    ; |UA|ypin[5]                                                                                      ; pin_out          ;
; |UA|ypin[3]                                                                                    ; |UA|ypin[3]                                                                                      ; pin_out          ;
; |UA|ypin[1]                                                                                    ; |UA|ypin[1]                                                                                      ; pin_out          ;
; |UA|ypin[0]                                                                                    ; |UA|ypin[0]                                                                                      ; pin_out          ;
; |UA|inst14                                                                                     ; |UA|inst14                                                                                       ; out0             ;
; |UA|inst16                                                                                     ; |UA|inst16                                                                                       ; out0             ;
; |UA|reg:UAinst2|lpm_ff:lpm_ff_component|dffs[7]                                                ; |UA|reg:UAinst2|lpm_ff:lpm_ff_component|dffs[7]                                                  ; regout           ;
; |UA|reg:UAinst2|lpm_ff:lpm_ff_component|dffs[5]                                                ; |UA|reg:UAinst2|lpm_ff:lpm_ff_component|dffs[5]                                                  ; regout           ;
; |UA|reg:UAinst2|lpm_ff:lpm_ff_component|dffs[3]                                                ; |UA|reg:UAinst2|lpm_ff:lpm_ff_component|dffs[3]                                                  ; regout           ;
; |UA|reg:UAinst2|lpm_ff:lpm_ff_component|dffs[1]                                                ; |UA|reg:UAinst2|lpm_ff:lpm_ff_component|dffs[1]                                                  ; regout           ;
; |UA|reg:UAinst2|lpm_ff:lpm_ff_component|dffs[0]                                                ; |UA|reg:UAinst2|lpm_ff:lpm_ff_component|dffs[0]                                                  ; regout           ;
; |UA|ct4:UAinst|lpm_counter:lpm_counter_component|cntr_60j:auto_generated|counter_reg_bit[3]~0  ; |UA|ct4:UAinst|lpm_counter:lpm_counter_component|cntr_60j:auto_generated|counter_reg_bit[3]~0    ; out0             ;
; |UA|ct4:UAinst|lpm_counter:lpm_counter_component|cntr_60j:auto_generated|_~15                  ; |UA|ct4:UAinst|lpm_counter:lpm_counter_component|cntr_60j:auto_generated|_~15                    ; out0             ;
; |UA|ct4:UAinst|lpm_counter:lpm_counter_component|cntr_60j:auto_generated|_~16                  ; |UA|ct4:UAinst|lpm_counter:lpm_counter_component|cntr_60j:auto_generated|_~16                    ; out0             ;
; |UA|ct4:UAinst|lpm_counter:lpm_counter_component|cntr_60j:auto_generated|counter_reg_bit[3]~6  ; |UA|ct4:UAinst|lpm_counter:lpm_counter_component|cntr_60j:auto_generated|counter_reg_bit[3]~6    ; out0             ;
; |UA|ct4:UAinst|lpm_counter:lpm_counter_component|cntr_60j:auto_generated|counter_comb_bita0    ; |UA|ct4:UAinst|lpm_counter:lpm_counter_component|cntr_60j:auto_generated|counter_comb_bita0      ; combout          ;
; |UA|ct4:UAinst|lpm_counter:lpm_counter_component|cntr_60j:auto_generated|counter_comb_bita0    ; |UA|ct4:UAinst|lpm_counter:lpm_counter_component|cntr_60j:auto_generated|counter_comb_bita0~COUT ; cout             ;
; |UA|ct4:UAinst|lpm_counter:lpm_counter_component|cntr_60j:auto_generated|counter_comb_bita1    ; |UA|ct4:UAinst|lpm_counter:lpm_counter_component|cntr_60j:auto_generated|counter_comb_bita1      ; combout          ;
; |UA|ct4:UAinst|lpm_counter:lpm_counter_component|cntr_60j:auto_generated|counter_comb_bita1    ; |UA|ct4:UAinst|lpm_counter:lpm_counter_component|cntr_60j:auto_generated|counter_comb_bita1~COUT ; cout             ;
; |UA|ct4:UAinst|lpm_counter:lpm_counter_component|cntr_60j:auto_generated|counter_comb_bita2    ; |UA|ct4:UAinst|lpm_counter:lpm_counter_component|cntr_60j:auto_generated|counter_comb_bita2      ; combout          ;
; |UA|ct4:UAinst|lpm_counter:lpm_counter_component|cntr_60j:auto_generated|counter_comb_bita2    ; |UA|ct4:UAinst|lpm_counter:lpm_counter_component|cntr_60j:auto_generated|counter_comb_bita2~COUT ; cout             ;
; |UA|ct4:UAinst|lpm_counter:lpm_counter_component|cntr_60j:auto_generated|counter_comb_bita3    ; |UA|ct4:UAinst|lpm_counter:lpm_counter_component|cntr_60j:auto_generated|counter_comb_bita3      ; combout          ;
; |UA|ct4:UAinst|lpm_counter:lpm_counter_component|cntr_60j:auto_generated|counter_reg_bit[3]    ; |UA|ct4:UAinst|lpm_counter:lpm_counter_component|cntr_60j:auto_generated|counter_reg_bit[3]      ; regout           ;
; |UA|ct4:UAinst|lpm_counter:lpm_counter_component|cntr_60j:auto_generated|counter_reg_bit[2]    ; |UA|ct4:UAinst|lpm_counter:lpm_counter_component|cntr_60j:auto_generated|counter_reg_bit[2]      ; regout           ;
; |UA|ct4:UAinst|lpm_counter:lpm_counter_component|cntr_60j:auto_generated|counter_reg_bit[1]    ; |UA|ct4:UAinst|lpm_counter:lpm_counter_component|cntr_60j:auto_generated|counter_reg_bit[1]      ; regout           ;
; |UA|ct4:UAinst|lpm_counter:lpm_counter_component|cntr_60j:auto_generated|counter_reg_bit[0]    ; |UA|ct4:UAinst|lpm_counter:lpm_counter_component|cntr_60j:auto_generated|counter_reg_bit[0]      ; regout           ;
; |UA|dc4:UAinst1|lpm_decode:lpm_decode_component|decode_lbf:auto_generated|w_anode21w[3]        ; |UA|dc4:UAinst1|lpm_decode:lpm_decode_component|decode_lbf:auto_generated|w_anode21w[3]          ; out0             ;
; |UA|dc4:UAinst1|lpm_decode:lpm_decode_component|decode_lbf:auto_generated|w_anode21w[2]        ; |UA|dc4:UAinst1|lpm_decode:lpm_decode_component|decode_lbf:auto_generated|w_anode21w[2]          ; out0             ;
; |UA|dc4:UAinst1|lpm_decode:lpm_decode_component|decode_lbf:auto_generated|w_anode21w[1]        ; |UA|dc4:UAinst1|lpm_decode:lpm_decode_component|decode_lbf:auto_generated|w_anode21w[1]          ; out0             ;
; |UA|dc4:UAinst1|lpm_decode:lpm_decode_component|decode_lbf:auto_generated|w_anode31w[3]        ; |UA|dc4:UAinst1|lpm_decode:lpm_decode_component|decode_lbf:auto_generated|w_anode31w[3]          ; out0             ;
; |UA|dc4:UAinst1|lpm_decode:lpm_decode_component|decode_lbf:auto_generated|w_anode31w[2]        ; |UA|dc4:UAinst1|lpm_decode:lpm_decode_component|decode_lbf:auto_generated|w_anode31w[2]          ; out0             ;
; |UA|dc4:UAinst1|lpm_decode:lpm_decode_component|decode_lbf:auto_generated|w_anode31w[1]        ; |UA|dc4:UAinst1|lpm_decode:lpm_decode_component|decode_lbf:auto_generated|w_anode31w[1]          ; out0             ;
; |UA|dc4:UAinst1|lpm_decode:lpm_decode_component|decode_lbf:auto_generated|w_anode41w[3]        ; |UA|dc4:UAinst1|lpm_decode:lpm_decode_component|decode_lbf:auto_generated|w_anode41w[3]          ; out0             ;
; |UA|dc4:UAinst1|lpm_decode:lpm_decode_component|decode_lbf:auto_generated|w_anode41w[2]        ; |UA|dc4:UAinst1|lpm_decode:lpm_decode_component|decode_lbf:auto_generated|w_anode41w[2]          ; out0             ;
; |UA|dc4:UAinst1|lpm_decode:lpm_decode_component|decode_lbf:auto_generated|w_anode41w[1]        ; |UA|dc4:UAinst1|lpm_decode:lpm_decode_component|decode_lbf:auto_generated|w_anode41w[1]          ; out0             ;
; |UA|dc4:UAinst1|lpm_decode:lpm_decode_component|decode_lbf:auto_generated|w_anode4w[3]         ; |UA|dc4:UAinst1|lpm_decode:lpm_decode_component|decode_lbf:auto_generated|w_anode4w[3]           ; out0             ;
; |UA|dc4:UAinst1|lpm_decode:lpm_decode_component|decode_lbf:auto_generated|w_anode4w[2]         ; |UA|dc4:UAinst1|lpm_decode:lpm_decode_component|decode_lbf:auto_generated|w_anode4w[2]           ; out0             ;
; |UA|dc4:UAinst1|lpm_decode:lpm_decode_component|decode_lbf:auto_generated|w_anode4w[1]         ; |UA|dc4:UAinst1|lpm_decode:lpm_decode_component|decode_lbf:auto_generated|w_anode4w[1]           ; out0             ;
; |UA|dc4:UAinst1|lpm_decode:lpm_decode_component|decode_lbf:auto_generated|w_anode51w[3]        ; |UA|dc4:UAinst1|lpm_decode:lpm_decode_component|decode_lbf:auto_generated|w_anode51w[3]          ; out0             ;
; |UA|dc4:UAinst1|lpm_decode:lpm_decode_component|decode_lbf:auto_generated|w_anode51w[2]        ; |UA|dc4:UAinst1|lpm_decode:lpm_decode_component|decode_lbf:auto_generated|w_anode51w[2]          ; out0             ;
; |UA|dc4:UAinst1|lpm_decode:lpm_decode_component|decode_lbf:auto_generated|w_anode51w[1]        ; |UA|dc4:UAinst1|lpm_decode:lpm_decode_component|decode_lbf:auto_generated|w_anode51w[1]          ; out0             ;
; |UA|dc4:UAinst1|lpm_decode:lpm_decode_component|decode_lbf:auto_generated|w_anode61w[3]        ; |UA|dc4:UAinst1|lpm_decode:lpm_decode_component|decode_lbf:auto_generated|w_anode61w[3]          ; out0             ;
; |UA|dc4:UAinst1|lpm_decode:lpm_decode_component|decode_lbf:auto_generated|w_anode61w[2]        ; |UA|dc4:UAinst1|lpm_decode:lpm_decode_component|decode_lbf:auto_generated|w_anode61w[2]          ; out0             ;
; |UA|dc4:UAinst1|lpm_decode:lpm_decode_component|decode_lbf:auto_generated|w_anode61w[1]        ; |UA|dc4:UAinst1|lpm_decode:lpm_decode_component|decode_lbf:auto_generated|w_anode61w[1]          ; out0             ;
; |UA|dc4:UAinst1|lpm_decode:lpm_decode_component|decode_lbf:auto_generated|w_anode71w[2]        ; |UA|dc4:UAinst1|lpm_decode:lpm_decode_component|decode_lbf:auto_generated|w_anode71w[2]          ; out0             ;
; |UA|dc4:UAinst1|lpm_decode:lpm_decode_component|decode_lbf:auto_generated|w_anode71w[1]        ; |UA|dc4:UAinst1|lpm_decode:lpm_decode_component|decode_lbf:auto_generated|w_anode71w[1]          ; out0             ;
; |UA|dc4:UAinst1|lpm_decode:lpm_decode_component|decode_lbf:auto_generated|w_anode81w[3]        ; |UA|dc4:UAinst1|lpm_decode:lpm_decode_component|decode_lbf:auto_generated|w_anode81w[3]          ; out0             ;
; |UA|dc4:UAinst1|lpm_decode:lpm_decode_component|decode_lbf:auto_generated|w_anode81w[2]        ; |UA|dc4:UAinst1|lpm_decode:lpm_decode_component|decode_lbf:auto_generated|w_anode81w[2]          ; out0             ;
; |UA|dc4:UAinst1|lpm_decode:lpm_decode_component|decode_lbf:auto_generated|w_anode81w[1]        ; |UA|dc4:UAinst1|lpm_decode:lpm_decode_component|decode_lbf:auto_generated|w_anode81w[1]          ; out0             ;
; |UA|dc4:UAinst1|lpm_decode:lpm_decode_component|decode_lbf:auto_generated|w_anode91w[3]        ; |UA|dc4:UAinst1|lpm_decode:lpm_decode_component|decode_lbf:auto_generated|w_anode91w[3]          ; out0             ;
; |UA|dc4:UAinst1|lpm_decode:lpm_decode_component|decode_lbf:auto_generated|w_anode91w[2]        ; |UA|dc4:UAinst1|lpm_decode:lpm_decode_component|decode_lbf:auto_generated|w_anode91w[2]          ; out0             ;
; |UA|dc4:UAinst1|lpm_decode:lpm_decode_component|decode_lbf:auto_generated|w_anode91w[1]        ; |UA|dc4:UAinst1|lpm_decode:lpm_decode_component|decode_lbf:auto_generated|w_anode91w[1]          ; out0             ;
; |UA|ct4:UAinst|lpm_counter:lpm_counter_component|cntr_60j:auto_generated|counter_reg_bit[3]~7  ; |UA|ct4:UAinst|lpm_counter:lpm_counter_component|cntr_60j:auto_generated|counter_reg_bit[3]~7    ; out              ;
; |UA|ct4:UAinst|lpm_counter:lpm_counter_component|cntr_60j:auto_generated|counter_reg_bit[2]~8  ; |UA|ct4:UAinst|lpm_counter:lpm_counter_component|cntr_60j:auto_generated|counter_reg_bit[2]~8    ; out              ;
; |UA|ct4:UAinst|lpm_counter:lpm_counter_component|cntr_60j:auto_generated|counter_reg_bit[1]~9  ; |UA|ct4:UAinst|lpm_counter:lpm_counter_component|cntr_60j:auto_generated|counter_reg_bit[1]~9    ; out              ;
; |UA|ct4:UAinst|lpm_counter:lpm_counter_component|cntr_60j:auto_generated|counter_reg_bit[0]~10 ; |UA|ct4:UAinst|lpm_counter:lpm_counter_component|cntr_60j:auto_generated|counter_reg_bit[0]~10   ; out              ;
+------------------------------------------------------------------------------------------------+--------------------------------------------------------------------------------------------------+------------------+


The following table displays output ports that do not toggle to 1 during simulation.
+------------------------------------------------------------------------------------------------------------------------------------------------------------------------------------------------------+
; Missing 1-Value Coverage                                                                                                                                                                             ;
+-----------------------------------------------------------------------------------------+-----------------------------------------------------------------------------------------+------------------+
; Node Name                                                                               ; Output Port Name                                                                        ; Output Port Type ;
+-----------------------------------------------------------------------------------------+-----------------------------------------------------------------------------------------+------------------+
; |UA|apin[6]                                                                             ; |UA|apin[6]                                                                             ; pin_out          ;
; |UA|xpin[5]                                                                             ; |UA|xpin[5]                                                                             ; out              ;
; |UA|xpin[4]                                                                             ; |UA|xpin[4]                                                                             ; out              ;
; |UA|xpin[2]                                                                             ; |UA|xpin[2]                                                                             ; out              ;
; |UA|xpin[1]                                                                             ; |UA|xpin[1]                                                                             ; out              ;
; |UA|xpin[0]                                                                             ; |UA|xpin[0]                                                                             ; out              ;
; |UA|inst20                                                                              ; |UA|inst20                                                                              ; out0             ;
; |UA|inst24                                                                              ; |UA|inst24                                                                              ; out0             ;
; |UA|inst31                                                                              ; |UA|inst31                                                                              ; out0             ;
; |UA|inst28                                                                              ; |UA|inst28                                                                              ; out0             ;
; |UA|inst8                                                                               ; |UA|inst8                                                                               ; out0             ;
; |UA|inst26                                                                              ; |UA|inst26                                                                              ; out0             ;
; |UA|inst30                                                                              ; |UA|inst30                                                                              ; out0             ;
; |UA|inst22                                                                              ; |UA|inst22                                                                              ; out0             ;
; |UA|reset                                                                               ; |UA|reset                                                                               ; out              ;
; |UA|ctpin[3]                                                                            ; |UA|ctpin[3]                                                                            ; pin_out          ;
; |UA|ctpin[2]                                                                            ; |UA|ctpin[2]                                                                            ; pin_out          ;
; |UA|ctpin[1]                                                                            ; |UA|ctpin[1]                                                                            ; pin_out          ;
; |UA|ypin[8]                                                                             ; |UA|ypin[8]                                                                             ; pin_out          ;
; |UA|ypin[6]                                                                             ; |UA|ypin[6]                                                                             ; pin_out          ;
; |UA|ypin[4]                                                                             ; |UA|ypin[4]                                                                             ; pin_out          ;
; |UA|ypin[2]                                                                             ; |UA|ypin[2]                                                                             ; pin_out          ;
; |UA|inst17                                                                              ; |UA|inst17                                                                              ; out0             ;
; |UA|reg:UAinst2|lpm_ff:lpm_ff_component|dffs[8]                                         ; |UA|reg:UAinst2|lpm_ff:lpm_ff_component|dffs[8]                                         ; regout           ;
; |UA|reg:UAinst2|lpm_ff:lpm_ff_component|dffs[6]                                         ; |UA|reg:UAinst2|lpm_ff:lpm_ff_component|dffs[6]                                         ; regout           ;
; |UA|reg:UAinst2|lpm_ff:lpm_ff_component|dffs[4]                                         ; |UA|reg:UAinst2|lpm_ff:lpm_ff_component|dffs[4]                                         ; regout           ;
; |UA|reg:UAinst2|lpm_ff:lpm_ff_component|dffs[2]                                         ; |UA|reg:UAinst2|lpm_ff:lpm_ff_component|dffs[2]                                         ; regout           ;
; |UA|dc4:UAinst1|lpm_decode:lpm_decode_component|decode_lbf:auto_generated|w_anode71w[3] ; |UA|dc4:UAinst1|lpm_decode:lpm_decode_component|decode_lbf:auto_generated|w_anode71w[3] ; out0             ;
+-----------------------------------------------------------------------------------------+-----------------------------------------------------------------------------------------+------------------+


The following table displays output ports that do not toggle to 0 during simulation.
+------------------------------------------------------------------------------------------------------------------------------------------------------------------------------------------------------+
; Missing 0-Value Coverage                                                                                                                                                                             ;
+-----------------------------------------------------------------------------------------+-----------------------------------------------------------------------------------------+------------------+
; Node Name                                                                               ; Output Port Name                                                                        ; Output Port Type ;
+-----------------------------------------------------------------------------------------+-----------------------------------------------------------------------------------------+------------------+
; |UA|apin[6]                                                                             ; |UA|apin[6]                                                                             ; pin_out          ;
; |UA|xpin[5]                                                                             ; |UA|xpin[5]                                                                             ; out              ;
; |UA|xpin[4]                                                                             ; |UA|xpin[4]                                                                             ; out              ;
; |UA|xpin[2]                                                                             ; |UA|xpin[2]                                                                             ; out              ;
; |UA|xpin[1]                                                                             ; |UA|xpin[1]                                                                             ; out              ;
; |UA|xpin[0]                                                                             ; |UA|xpin[0]                                                                             ; out              ;
; |UA|inst20                                                                              ; |UA|inst20                                                                              ; out0             ;
; |UA|inst24                                                                              ; |UA|inst24                                                                              ; out0             ;
; |UA|inst31                                                                              ; |UA|inst31                                                                              ; out0             ;
; |UA|inst28                                                                              ; |UA|inst28                                                                              ; out0             ;
; |UA|inst8                                                                               ; |UA|inst8                                                                               ; out0             ;
; |UA|inst26                                                                              ; |UA|inst26                                                                              ; out0             ;
; |UA|inst30                                                                              ; |UA|inst30                                                                              ; out0             ;
; |UA|inst22                                                                              ; |UA|inst22                                                                              ; out0             ;
; |UA|ctpin[3]                                                                            ; |UA|ctpin[3]                                                                            ; pin_out          ;
; |UA|ctpin[2]                                                                            ; |UA|ctpin[2]                                                                            ; pin_out          ;
; |UA|ctpin[1]                                                                            ; |UA|ctpin[1]                                                                            ; pin_out          ;
; |UA|ypin[8]                                                                             ; |UA|ypin[8]                                                                             ; pin_out          ;
; |UA|ypin[6]                                                                             ; |UA|ypin[6]                                                                             ; pin_out          ;
; |UA|ypin[4]                                                                             ; |UA|ypin[4]                                                                             ; pin_out          ;
; |UA|ypin[2]                                                                             ; |UA|ypin[2]                                                                             ; pin_out          ;
; |UA|inst17                                                                              ; |UA|inst17                                                                              ; out0             ;
; |UA|reg:UAinst2|lpm_ff:lpm_ff_component|dffs[8]                                         ; |UA|reg:UAinst2|lpm_ff:lpm_ff_component|dffs[8]                                         ; regout           ;
; |UA|reg:UAinst2|lpm_ff:lpm_ff_component|dffs[6]                                         ; |UA|reg:UAinst2|lpm_ff:lpm_ff_component|dffs[6]                                         ; regout           ;
; |UA|reg:UAinst2|lpm_ff:lpm_ff_component|dffs[4]                                         ; |UA|reg:UAinst2|lpm_ff:lpm_ff_component|dffs[4]                                         ; regout           ;
; |UA|reg:UAinst2|lpm_ff:lpm_ff_component|dffs[2]                                         ; |UA|reg:UAinst2|lpm_ff:lpm_ff_component|dffs[2]                                         ; regout           ;
; |UA|dc4:UAinst1|lpm_decode:lpm_decode_component|decode_lbf:auto_generated|w_anode71w[3] ; |UA|dc4:UAinst1|lpm_decode:lpm_decode_component|decode_lbf:auto_generated|w_anode71w[3] ; out0             ;
+-----------------------------------------------------------------------------------------+-----------------------------------------------------------------------------------------+------------------+


+---------------------+
; Simulator INI Usage ;
+--------+------------+
; Option ; Usage      ;
+--------+------------+


+--------------------+
; Simulator Messages ;
+--------------------+
Info: *******************************************************************
Info: Running Quartus II Simulator
    Info: Version 9.1 Build 350 03/24/2010 Service Pack 2 SJ Web Edition
    Info: Processing started: Wed Apr 26 12:37:30 2017
Info: Command: quartus_sim --read_settings_files=on --write_settings_files=off UA -c UA
Info: Using vector source file "C:/Users/affl/Desktop/for education/2 курс/4 семестр/Теори автоматов/Лабораторные работы/5 lab/UA.vwf"
Info: Overwriting simulation input file with simulation results
    Info: A backup of UA.vwf called UA.sim_ori.vwf has been created in the db folder
Info: Option to preserve fewer signal transitions to reduce memory requirements is enabled
    Info: Simulation has been partitioned into sub-simulations according to the maximum transition count determined by the engine. Transitions from memory will be flushed out to disk at the end of each sub-simulation to reduce memory requirements.
Info: Simulation partitioned into 1 sub-simulations
Info: Simulation coverage is      76.86 %
Info: Number of transitions in simulation is 1238
Info: Vector file UA.vwf is saved in VWF text format. You can compress it into CVWF format in order to reduce file size. For more details please refer to the Quartus II Help.
Info: Quartus II Simulator was successful. 0 errors, 0 warnings
    Info: Peak virtual memory: 183 megabytes
    Info: Processing ended: Wed Apr 26 12:37:30 2017
    Info: Elapsed time: 00:00:00
    Info: Total CPU time (on all processors): 00:00:01


