Analysis & Synthesis report for OA
Sat May 01 15:42:48 2021
Quartus II Version 9.0 Build 132 02/25/2009 SJ Full Version


---------------------
; Table of Contents ;
---------------------
  1. Legal Notice
  2. Analysis & Synthesis Summary
  3. Analysis & Synthesis Settings
  4. Registers Removed During Synthesis
  5. Multiplexer Restructuring Statistics (Restructuring Performed)
  6. Source assignments for Counter:inst25|lpm_counter:lpm_counter_component
  7. Source assignments for mycounter2:inst3|lpm_counter:lpm_counter_component
  8. Parameter Settings for User Entity Instance: Counter:inst25|lpm_counter:lpm_counter_component
  9. Parameter Settings for User Entity Instance: SumHar:inst24|lpm_add_sub:lpm_add_sub_component
 10. Parameter Settings for User Entity Instance: Rg4:inst23|lpm_ff:lpm_ff_component
 11. Parameter Settings for User Entity Instance: OrHar:inst31|lpm_or:lpm_or_component
 12. Parameter Settings for User Entity Instance: Rg3:inst19|lpm_shiftreg:lpm_shiftreg_component
 13. Parameter Settings for User Entity Instance: MySum:inst14|lpm_add_sub:lpm_add_sub_component
 14. Parameter Settings for User Entity Instance: Rg1:inst|lpm_shiftreg:lpm_shiftreg_component
 15. Parameter Settings for User Entity Instance: Myand:inst13|lpm_and:lpm_and_component
 16. Parameter Settings for User Entity Instance: Myxor:inst12|lpm_xor:lpm_xor_component
 17. Parameter Settings for User Entity Instance: RG2:inst11|lpm_shiftreg:lpm_shiftreg_component
 18. Parameter Settings for User Entity Instance: My_or11:inst7|lpm_or:lpm_or_component
 19. Parameter Settings for User Entity Instance: mycounter2:inst3|lpm_counter:lpm_counter_component
 20. lpm_shiftreg Parameter Settings by Entity Instance
 21. Analysis & Synthesis Messages



----------------
; Legal Notice ;
----------------
Copyright (C) 1991-2009 Altera Corporation
Your use of Altera Corporation's design tools, logic functions 
and other software and tools, and its AMPP partner logic 
functions, and any output files from any of the foregoing 
(including device programming or simulation files), and any 
associated documentation or information are expressly subject 
to the terms and conditions of the Altera Program License 
Subscription Agreement, Altera MegaCore Function License 
Agreement, or other applicable license agreement, including, 
without limitation, that your use is for the sole purpose of 
programming logic devices manufactured by Altera and sold by 
Altera or its authorized distributors.  Please refer to the 
applicable agreement for further details.



+-------------------------------------------------------------------------------+
; Analysis & Synthesis Summary                                                  ;
+------------------------------------+------------------------------------------+
; Analysis & Synthesis Status        ; Successful - Sat May 01 15:42:48 2021    ;
; Quartus II Version                 ; 9.0 Build 132 02/25/2009 SJ Full Version ;
; Revision Name                      ; OA                                       ;
; Top-level Entity Name              ; OA                                       ;
; Family                             ; Cyclone III                              ;
; Total logic elements               ; N/A until Partition Merge                ;
;     Total combinational functions  ; N/A until Partition Merge                ;
;     Dedicated logic registers      ; N/A until Partition Merge                ;
; Total registers                    ; N/A until Partition Merge                ;
; Total pins                         ; N/A until Partition Merge                ;
; Total virtual pins                 ; N/A until Partition Merge                ;
; Total memory bits                  ; N/A until Partition Merge                ;
; Embedded Multiplier 9-bit elements ; N/A until Partition Merge                ;
; Total PLLs                         ; N/A until Partition Merge                ;
+------------------------------------+------------------------------------------+


+----------------------------------------------------------------------------------------------------------+
; Analysis & Synthesis Settings                                                                            ;
+----------------------------------------------------------------+--------------------+--------------------+
; Option                                                         ; Setting            ; Default Value      ;
+----------------------------------------------------------------+--------------------+--------------------+
; Device                                                         ; EP3C5E144C7        ;                    ;
; Top-level entity name                                          ; OA                 ; OA                 ;
; Family name                                                    ; Cyclone III        ; Stratix II         ;
; Use Generated Physical Constraints File                        ; Off                ;                    ;
; Use smart compilation                                          ; Off                ; Off                ;
; Restructure Multiplexers                                       ; Auto               ; Auto               ;
; Create Debugging Nodes for IP Cores                            ; Off                ; Off                ;
; Preserve fewer node names                                      ; On                 ; On                 ;
; Disable OpenCore Plus hardware evaluation                      ; Off                ; Off                ;
; Verilog Version                                                ; Verilog_2001       ; Verilog_2001       ;
; VHDL Version                                                   ; VHDL93             ; VHDL93             ;
; State Machine Processing                                       ; Auto               ; Auto               ;
; Safe State Machine                                             ; Off                ; Off                ;
; Extract Verilog State Machines                                 ; On                 ; On                 ;
; Extract VHDL State Machines                                    ; On                 ; On                 ;
; Ignore Verilog initial constructs                              ; Off                ; Off                ;
; Iteration limit for constant Verilog loops                     ; 5000               ; 5000               ;
; Iteration limit for non-constant Verilog loops                 ; 250                ; 250                ;
; Add Pass-Through Logic to Inferred RAMs                        ; On                 ; On                 ;
; Parallel Synthesis                                             ; Off                ; Off                ;
; DSP Block Balancing                                            ; Auto               ; Auto               ;
; NOT Gate Push-Back                                             ; On                 ; On                 ;
; Power-Up Don't Care                                            ; On                 ; On                 ;
; Remove Redundant Logic Cells                                   ; Off                ; Off                ;
; Remove Duplicate Registers                                     ; On                 ; On                 ;
; Ignore CARRY Buffers                                           ; Off                ; Off                ;
; Ignore CASCADE Buffers                                         ; Off                ; Off                ;
; Ignore GLOBAL Buffers                                          ; Off                ; Off                ;
; Ignore ROW GLOBAL Buffers                                      ; Off                ; Off                ;
; Ignore LCELL Buffers                                           ; Off                ; Off                ;
; Ignore SOFT Buffers                                            ; On                 ; On                 ;
; Limit AHDL Integers to 32 Bits                                 ; Off                ; Off                ;
; Optimization Technique                                         ; Balanced           ; Balanced           ;
; Carry Chain Length                                             ; 70                 ; 70                 ;
; Auto Carry Chains                                              ; On                 ; On                 ;
; Auto Open-Drain Pins                                           ; On                 ; On                 ;
; Perform WYSIWYG Primitive Resynthesis                          ; Off                ; Off                ;
; Auto ROM Replacement                                           ; On                 ; On                 ;
; Auto RAM Replacement                                           ; On                 ; On                 ;
; Auto DSP Block Replacement                                     ; On                 ; On                 ;
; Auto Shift Register Replacement                                ; Auto               ; Auto               ;
; Auto Clock Enable Replacement                                  ; On                 ; On                 ;
; Strict RAM Replacement                                         ; Off                ; Off                ;
; Allow Synchronous Control Signals                              ; On                 ; On                 ;
; Force Use of Synchronous Clear Signals                         ; Off                ; Off                ;
; Auto RAM Block Balancing                                       ; On                 ; On                 ;
; Auto RAM to Logic Cell Conversion                              ; Off                ; Off                ;
; Auto Resource Sharing                                          ; Off                ; Off                ;
; Allow Any RAM Size For Recognition                             ; Off                ; Off                ;
; Allow Any ROM Size For Recognition                             ; Off                ; Off                ;
; Allow Any Shift Register Size For Recognition                  ; Off                ; Off                ;
; Use LogicLock Constraints during Resource Balancing            ; On                 ; On                 ;
; Ignore translate_off and synthesis_off directives              ; Off                ; Off                ;
; Timing-Driven Synthesis                                        ; Off                ; Off                ;
; Show Parameter Settings Tables in Synthesis Report             ; On                 ; On                 ;
; Ignore Maximum Fan-Out Assignments                             ; Off                ; Off                ;
; Synchronization Register Chain Length                          ; 2                  ; 2                  ;
; PowerPlay Power Optimization                                   ; Normal compilation ; Normal compilation ;
; HDL message level                                              ; Level2             ; Level2             ;
; Suppress Register Optimization Related Messages                ; Off                ; Off                ;
; Number of Removed Registers Reported in Synthesis Report       ; 100                ; 100                ;
; Number of Inverted Registers Reported in Synthesis Report      ; 100                ; 100                ;
; Clock MUX Protection                                           ; On                 ; On                 ;
; Auto Gated Clock Conversion                                    ; Off                ; Off                ;
; Block Design Naming                                            ; Auto               ; Auto               ;
; SDC constraint protection                                      ; Off                ; Off                ;
; Synthesis Effort                                               ; Auto               ; Auto               ;
; Allows Asynchronous Clear Usage For Shift Register Replacement ; On                 ; On                 ;
; Analysis & Synthesis Message Level                             ; Medium             ; Medium             ;
+----------------------------------------------------------------+--------------------+--------------------+


+--------------------------------------------------------------------------------------------------+
; Registers Removed During Synthesis                                                               ;
+---------------------------------------------------------+----------------------------------------+
; Register name                                           ; Reason for Removal                     ;
+---------------------------------------------------------+----------------------------------------+
; block_name:inst36|pc[5]                                 ; Merged with block_name:inst36|pc[4]    ;
; block_name:inst36|pc[7..31]                             ; Merged with block_name:inst36|pc[6]    ;
; block_name:inst36|pc[6]                                 ; Stuck at GND due to stuck port data_in ;
; Rg3:inst19|lpm_shiftreg:lpm_shiftreg_component|dffs[21] ; Lost fanout                            ;
; Total Number of Removed Registers = 28                  ;                                        ;
+---------------------------------------------------------+----------------------------------------+


+-------------------------------------------------------------------------------------------------------------------------------------------+
; Multiplexer Restructuring Statistics (Restructuring Performed)                                                                            ;
+--------------------+-----------+---------------+----------------------+------------------------+------------+-----------------------------+
; Multiplexer Inputs ; Bus Width ; Baseline Area ; Area if Restructured ; Saving if Restructured ; Registered ; Example Multiplexer Output  ;
+--------------------+-----------+---------------+----------------------+------------------------+------------+-----------------------------+
; 5:1                ; 2 bits    ; 6 LEs         ; 4 LEs                ; 2 LEs                  ; Yes        ; |OA|block_name:inst36|pc[6] ;
+--------------------+-----------+---------------+----------------------+------------------------+------------+-----------------------------+


+-------------------------------------------------------------------------+
; Source assignments for Counter:inst25|lpm_counter:lpm_counter_component ;
+---------------------------+-------+------+------------------------------+
; Assignment                ; Value ; From ; To                           ;
+---------------------------+-------+------+------------------------------+
; SUPPRESS_DA_RULE_INTERNAL ; a101  ; -    ; -                            ;
; SUPPRESS_DA_RULE_INTERNAL ; s102  ; -    ; -                            ;
; SUPPRESS_DA_RULE_INTERNAL ; s103  ; -    ; -                            ;
+---------------------------+-------+------+------------------------------+


+---------------------------------------------------------------------------+
; Source assignments for mycounter2:inst3|lpm_counter:lpm_counter_component ;
+---------------------------+-------+------+--------------------------------+
; Assignment                ; Value ; From ; To                             ;
+---------------------------+-------+------+--------------------------------+
; SUPPRESS_DA_RULE_INTERNAL ; a101  ; -    ; -                              ;
; SUPPRESS_DA_RULE_INTERNAL ; s102  ; -    ; -                              ;
; SUPPRESS_DA_RULE_INTERNAL ; s103  ; -    ; -                              ;
+---------------------------+-------+------+--------------------------------+


+-----------------------------------------------------------------------------------------------+
; Parameter Settings for User Entity Instance: Counter:inst25|lpm_counter:lpm_counter_component ;
+------------------------+-------------+--------------------------------------------------------+
; Parameter Name         ; Value       ; Type                                                   ;
+------------------------+-------------+--------------------------------------------------------+
; AUTO_CARRY_CHAINS      ; ON          ; AUTO_CARRY                                             ;
; IGNORE_CARRY_BUFFERS   ; OFF         ; IGNORE_CARRY                                           ;
; AUTO_CASCADE_CHAINS    ; ON          ; AUTO_CASCADE                                           ;
; IGNORE_CASCADE_BUFFERS ; OFF         ; IGNORE_CASCADE                                         ;
; LPM_WIDTH              ; 6           ; Signed Integer                                         ;
; LPM_DIRECTION          ; DOWN        ; Untyped                                                ;
; LPM_MODULUS            ; 0           ; Untyped                                                ;
; LPM_AVALUE             ; UNUSED      ; Untyped                                                ;
; LPM_SVALUE             ; UNUSED      ; Untyped                                                ;
; LPM_PORT_UPDOWN        ; PORT_UNUSED ; Untyped                                                ;
; DEVICE_FAMILY          ; Cyclone III ; Untyped                                                ;
; CARRY_CHAIN            ; MANUAL      ; Untyped                                                ;
; CARRY_CHAIN_LENGTH     ; 48          ; CARRY_CHAIN_LENGTH                                     ;
; NOT_GATE_PUSH_BACK     ; ON          ; NOT_GATE_PUSH_BACK                                     ;
; CARRY_CNT_EN           ; SMART       ; Untyped                                                ;
; LABWIDE_SCLR           ; ON          ; Untyped                                                ;
; USE_NEW_VERSION        ; TRUE        ; Untyped                                                ;
; CBXI_PARAMETER         ; cntr_e1k    ; Untyped                                                ;
+------------------------+-------------+--------------------------------------------------------+
Note: In order to hide this table in the UI and the text report file, please set the "Show Parameter Settings Tables in Synthesis Report" option in "Analysis and Synthesis Settings -> More Settings" to "Off".


+----------------------------------------------------------------------------------------------+
; Parameter Settings for User Entity Instance: SumHar:inst24|lpm_add_sub:lpm_add_sub_component ;
+------------------------+-------------+-------------------------------------------------------+
; Parameter Name         ; Value       ; Type                                                  ;
+------------------------+-------------+-------------------------------------------------------+
; LPM_WIDTH              ; 5           ; Signed Integer                                        ;
; LPM_REPRESENTATION     ; UNSIGNED    ; Untyped                                               ;
; LPM_DIRECTION          ; ADD         ; Untyped                                               ;
; ONE_INPUT_IS_CONSTANT  ; NO          ; Untyped                                               ;
; LPM_PIPELINE           ; 0           ; Untyped                                               ;
; MAXIMIZE_SPEED         ; 5           ; Untyped                                               ;
; REGISTERED_AT_END      ; 0           ; Untyped                                               ;
; OPTIMIZE_FOR_SPEED     ; 5           ; Untyped                                               ;
; USE_CS_BUFFERS         ; 1           ; Untyped                                               ;
; CARRY_CHAIN            ; MANUAL      ; Untyped                                               ;
; CARRY_CHAIN_LENGTH     ; 48          ; CARRY_CHAIN_LENGTH                                    ;
; DEVICE_FAMILY          ; Cyclone III ; Untyped                                               ;
; USE_WYS                ; OFF         ; Untyped                                               ;
; STYLE                  ; FAST        ; Untyped                                               ;
; CBXI_PARAMETER         ; add_sub_d6i ; Untyped                                               ;
; AUTO_CARRY_CHAINS      ; ON          ; AUTO_CARRY                                            ;
; IGNORE_CARRY_BUFFERS   ; OFF         ; IGNORE_CARRY                                          ;
; AUTO_CASCADE_CHAINS    ; ON          ; AUTO_CASCADE                                          ;
; IGNORE_CASCADE_BUFFERS ; OFF         ; IGNORE_CASCADE                                        ;
+------------------------+-------------+-------------------------------------------------------+
Note: In order to hide this table in the UI and the text report file, please set the "Show Parameter Settings Tables in Synthesis Report" option in "Analysis and Synthesis Settings -> More Settings" to "Off".


+---------------------------------------------------------------------------------+
; Parameter Settings for User Entity Instance: Rg4:inst23|lpm_ff:lpm_ff_component ;
+------------------------+-------------+------------------------------------------+
; Parameter Name         ; Value       ; Type                                     ;
+------------------------+-------------+------------------------------------------+
; LPM_WIDTH              ; 5           ; Signed Integer                           ;
; LPM_AVALUE             ; UNUSED      ; Untyped                                  ;
; LPM_SVALUE             ; UNUSED      ; Untyped                                  ;
; LPM_FFTYPE             ; DFF         ; Untyped                                  ;
; DEVICE_FAMILY          ; Cyclone III ; Untyped                                  ;
; CBXI_PARAMETER         ; NOTHING     ; Untyped                                  ;
; AUTO_CARRY_CHAINS      ; ON          ; AUTO_CARRY                               ;
; IGNORE_CARRY_BUFFERS   ; OFF         ; IGNORE_CARRY                             ;
; AUTO_CASCADE_CHAINS    ; ON          ; AUTO_CASCADE                             ;
; IGNORE_CASCADE_BUFFERS ; OFF         ; IGNORE_CASCADE                           ;
+------------------------+-------------+------------------------------------------+
Note: In order to hide this table in the UI and the text report file, please set the "Show Parameter Settings Tables in Synthesis Report" option in "Analysis and Synthesis Settings -> More Settings" to "Off".


+-----------------------------------------------------------------------------------+
; Parameter Settings for User Entity Instance: OrHar:inst31|lpm_or:lpm_or_component ;
+------------------------+-------------+--------------------------------------------+
; Parameter Name         ; Value       ; Type                                       ;
+------------------------+-------------+--------------------------------------------+
; AUTO_CARRY_CHAINS      ; ON          ; AUTO_CARRY                                 ;
; IGNORE_CARRY_BUFFERS   ; OFF         ; IGNORE_CARRY                               ;
; AUTO_CASCADE_CHAINS    ; ON          ; AUTO_CASCADE                               ;
; IGNORE_CASCADE_BUFFERS ; OFF         ; IGNORE_CASCADE                             ;
; LPM_WIDTH              ; 1           ; Untyped                                    ;
; LPM_SIZE               ; 4           ; Untyped                                    ;
; CARRY_CHAIN_LENGTH     ; 48          ; CARRY_CHAIN_LENGTH                         ;
; CARRY_CHAIN            ; MANUAL      ; Untyped                                    ;
; CASCADE_CHAIN          ; MANUAL      ; Untyped                                    ;
; DEVICE_FAMILY          ; Cyclone III ; Untyped                                    ;
+------------------------+-------------+--------------------------------------------+
Note: In order to hide this table in the UI and the text report file, please set the "Show Parameter Settings Tables in Synthesis Report" option in "Analysis and Synthesis Settings -> More Settings" to "Off".


+---------------------------------------------------------------------------------------------+
; Parameter Settings for User Entity Instance: Rg3:inst19|lpm_shiftreg:lpm_shiftreg_component ;
+------------------------+-------------+------------------------------------------------------+
; Parameter Name         ; Value       ; Type                                                 ;
+------------------------+-------------+------------------------------------------------------+
; LPM_WIDTH              ; 22          ; Signed Integer                                       ;
; LPM_DIRECTION          ; LEFT        ; Untyped                                              ;
; LPM_AVALUE             ; UNUSED      ; Untyped                                              ;
; LPM_SVALUE             ; UNUSED      ; Untyped                                              ;
; DEVICE_FAMILY          ; Cyclone III ; Untyped                                              ;
; AUTO_CARRY_CHAINS      ; ON          ; AUTO_CARRY                                           ;
; IGNORE_CARRY_BUFFERS   ; OFF         ; IGNORE_CARRY                                         ;
; AUTO_CASCADE_CHAINS    ; ON          ; AUTO_CASCADE                                         ;
; IGNORE_CASCADE_BUFFERS ; OFF         ; IGNORE_CASCADE                                       ;
+------------------------+-------------+------------------------------------------------------+
Note: In order to hide this table in the UI and the text report file, please set the "Show Parameter Settings Tables in Synthesis Report" option in "Analysis and Synthesis Settings -> More Settings" to "Off".


+---------------------------------------------------------------------------------------------+
; Parameter Settings for User Entity Instance: MySum:inst14|lpm_add_sub:lpm_add_sub_component ;
+------------------------+-------------+------------------------------------------------------+
; Parameter Name         ; Value       ; Type                                                 ;
+------------------------+-------------+------------------------------------------------------+
; LPM_WIDTH              ; 22          ; Signed Integer                                       ;
; LPM_REPRESENTATION     ; UNSIGNED    ; Untyped                                              ;
; LPM_DIRECTION          ; ADD         ; Untyped                                              ;
; ONE_INPUT_IS_CONSTANT  ; NO          ; Untyped                                              ;
; LPM_PIPELINE           ; 0           ; Untyped                                              ;
; MAXIMIZE_SPEED         ; 5           ; Untyped                                              ;
; REGISTERED_AT_END      ; 0           ; Untyped                                              ;
; OPTIMIZE_FOR_SPEED     ; 5           ; Untyped                                              ;
; USE_CS_BUFFERS         ; 1           ; Untyped                                              ;
; CARRY_CHAIN            ; MANUAL      ; Untyped                                              ;
; CARRY_CHAIN_LENGTH     ; 48          ; CARRY_CHAIN_LENGTH                                   ;
; DEVICE_FAMILY          ; Cyclone III ; Untyped                                              ;
; USE_WYS                ; OFF         ; Untyped                                              ;
; STYLE                  ; FAST        ; Untyped                                              ;
; CBXI_PARAMETER         ; add_sub_r3i ; Untyped                                              ;
; AUTO_CARRY_CHAINS      ; ON          ; AUTO_CARRY                                           ;
; IGNORE_CARRY_BUFFERS   ; OFF         ; IGNORE_CARRY                                         ;
; AUTO_CASCADE_CHAINS    ; ON          ; AUTO_CASCADE                                         ;
; IGNORE_CASCADE_BUFFERS ; OFF         ; IGNORE_CASCADE                                       ;
+------------------------+-------------+------------------------------------------------------+
Note: In order to hide this table in the UI and the text report file, please set the "Show Parameter Settings Tables in Synthesis Report" option in "Analysis and Synthesis Settings -> More Settings" to "Off".


+-------------------------------------------------------------------------------------------+
; Parameter Settings for User Entity Instance: Rg1:inst|lpm_shiftreg:lpm_shiftreg_component ;
+------------------------+-------------+----------------------------------------------------+
; Parameter Name         ; Value       ; Type                                               ;
+------------------------+-------------+----------------------------------------------------+
; LPM_WIDTH              ; 12          ; Signed Integer                                     ;
; LPM_DIRECTION          ; RIGHT       ; Untyped                                            ;
; LPM_AVALUE             ; UNUSED      ; Untyped                                            ;
; LPM_SVALUE             ; UNUSED      ; Untyped                                            ;
; DEVICE_FAMILY          ; Cyclone III ; Untyped                                            ;
; AUTO_CARRY_CHAINS      ; ON          ; AUTO_CARRY                                         ;
; IGNORE_CARRY_BUFFERS   ; OFF         ; IGNORE_CARRY                                       ;
; AUTO_CASCADE_CHAINS    ; ON          ; AUTO_CASCADE                                       ;
; IGNORE_CASCADE_BUFFERS ; OFF         ; IGNORE_CASCADE                                     ;
+------------------------+-------------+----------------------------------------------------+
Note: In order to hide this table in the UI and the text report file, please set the "Show Parameter Settings Tables in Synthesis Report" option in "Analysis and Synthesis Settings -> More Settings" to "Off".


+-------------------------------------------------------------------------------------+
; Parameter Settings for User Entity Instance: Myand:inst13|lpm_and:lpm_and_component ;
+------------------------+-------------+----------------------------------------------+
; Parameter Name         ; Value       ; Type                                         ;
+------------------------+-------------+----------------------------------------------+
; AUTO_CARRY_CHAINS      ; ON          ; AUTO_CARRY                                   ;
; IGNORE_CARRY_BUFFERS   ; OFF         ; IGNORE_CARRY                                 ;
; AUTO_CASCADE_CHAINS    ; ON          ; AUTO_CASCADE                                 ;
; IGNORE_CASCADE_BUFFERS ; OFF         ; IGNORE_CASCADE                               ;
; LPM_WIDTH              ; 22          ; Signed Integer                               ;
; LPM_SIZE               ; 2           ; Signed Integer                               ;
; CARRY_CHAIN_LENGTH     ; 48          ; CARRY_CHAIN_LENGTH                           ;
; CARRY_CHAIN            ; MANUAL      ; Untyped                                      ;
; CASCADE_CHAIN          ; MANUAL      ; Untyped                                      ;
; DEVICE_FAMILY          ; Cyclone III ; Untyped                                      ;
+------------------------+-------------+----------------------------------------------+
Note: In order to hide this table in the UI and the text report file, please set the "Show Parameter Settings Tables in Synthesis Report" option in "Analysis and Synthesis Settings -> More Settings" to "Off".


+-------------------------------------------------------------------------------------+
; Parameter Settings for User Entity Instance: Myxor:inst12|lpm_xor:lpm_xor_component ;
+----------------+-------+------------------------------------------------------------+
; Parameter Name ; Value ; Type                                                       ;
+----------------+-------+------------------------------------------------------------+
; LPM_WIDTH      ; 22    ; Signed Integer                                             ;
; LPM_SIZE       ; 2     ; Signed Integer                                             ;
+----------------+-------+------------------------------------------------------------+
Note: In order to hide this table in the UI and the text report file, please set the "Show Parameter Settings Tables in Synthesis Report" option in "Analysis and Synthesis Settings -> More Settings" to "Off".


+---------------------------------------------------------------------------------------------+
; Parameter Settings for User Entity Instance: RG2:inst11|lpm_shiftreg:lpm_shiftreg_component ;
+------------------------+-------------+------------------------------------------------------+
; Parameter Name         ; Value       ; Type                                                 ;
+------------------------+-------------+------------------------------------------------------+
; LPM_WIDTH              ; 8           ; Signed Integer                                       ;
; LPM_DIRECTION          ; LEFT        ; Untyped                                              ;
; LPM_AVALUE             ; UNUSED      ; Untyped                                              ;
; LPM_SVALUE             ; UNUSED      ; Untyped                                              ;
; DEVICE_FAMILY          ; Cyclone III ; Untyped                                              ;
; AUTO_CARRY_CHAINS      ; ON          ; AUTO_CARRY                                           ;
; IGNORE_CARRY_BUFFERS   ; OFF         ; IGNORE_CARRY                                         ;
; AUTO_CASCADE_CHAINS    ; ON          ; AUTO_CASCADE                                         ;
; IGNORE_CASCADE_BUFFERS ; OFF         ; IGNORE_CASCADE                                       ;
+------------------------+-------------+------------------------------------------------------+
Note: In order to hide this table in the UI and the text report file, please set the "Show Parameter Settings Tables in Synthesis Report" option in "Analysis and Synthesis Settings -> More Settings" to "Off".


+------------------------------------------------------------------------------------+
; Parameter Settings for User Entity Instance: My_or11:inst7|lpm_or:lpm_or_component ;
+------------------------+-------------+---------------------------------------------+
; Parameter Name         ; Value       ; Type                                        ;
+------------------------+-------------+---------------------------------------------+
; AUTO_CARRY_CHAINS      ; ON          ; AUTO_CARRY                                  ;
; IGNORE_CARRY_BUFFERS   ; OFF         ; IGNORE_CARRY                                ;
; AUTO_CASCADE_CHAINS    ; ON          ; AUTO_CASCADE                                ;
; IGNORE_CASCADE_BUFFERS ; OFF         ; IGNORE_CASCADE                              ;
; LPM_WIDTH              ; 1           ; Untyped                                     ;
; LPM_SIZE               ; 11          ; Untyped                                     ;
; CARRY_CHAIN_LENGTH     ; 48          ; CARRY_CHAIN_LENGTH                          ;
; CARRY_CHAIN            ; MANUAL      ; Untyped                                     ;
; CASCADE_CHAIN          ; MANUAL      ; Untyped                                     ;
; DEVICE_FAMILY          ; Cyclone III ; Untyped                                     ;
+------------------------+-------------+---------------------------------------------+
Note: In order to hide this table in the UI and the text report file, please set the "Show Parameter Settings Tables in Synthesis Report" option in "Analysis and Synthesis Settings -> More Settings" to "Off".


+-------------------------------------------------------------------------------------------------+
; Parameter Settings for User Entity Instance: mycounter2:inst3|lpm_counter:lpm_counter_component ;
+------------------------+-------------+----------------------------------------------------------+
; Parameter Name         ; Value       ; Type                                                     ;
+------------------------+-------------+----------------------------------------------------------+
; AUTO_CARRY_CHAINS      ; ON          ; AUTO_CARRY                                               ;
; IGNORE_CARRY_BUFFERS   ; OFF         ; IGNORE_CARRY                                             ;
; AUTO_CASCADE_CHAINS    ; ON          ; AUTO_CASCADE                                             ;
; IGNORE_CASCADE_BUFFERS ; OFF         ; IGNORE_CASCADE                                           ;
; LPM_WIDTH              ; 6           ; Signed Integer                                           ;
; LPM_DIRECTION          ; UP          ; Untyped                                                  ;
; LPM_MODULUS            ; 0           ; Untyped                                                  ;
; LPM_AVALUE             ; UNUSED      ; Untyped                                                  ;
; LPM_SVALUE             ; UNUSED      ; Untyped                                                  ;
; LPM_PORT_UPDOWN        ; PORT_UNUSED ; Untyped                                                  ;
; DEVICE_FAMILY          ; Cyclone III ; Untyped                                                  ;
; CARRY_CHAIN            ; MANUAL      ; Untyped                                                  ;
; CARRY_CHAIN_LENGTH     ; 48          ; CARRY_CHAIN_LENGTH                                       ;
; NOT_GATE_PUSH_BACK     ; ON          ; NOT_GATE_PUSH_BACK                                       ;
; CARRY_CNT_EN           ; SMART       ; Untyped                                                  ;
; LABWIDE_SCLR           ; ON          ; Untyped                                                  ;
; USE_NEW_VERSION        ; TRUE        ; Untyped                                                  ;
; CBXI_PARAMETER         ; cntr_7cj    ; Untyped                                                  ;
+------------------------+-------------+----------------------------------------------------------+
Note: In order to hide this table in the UI and the text report file, please set the "Show Parameter Settings Tables in Synthesis Report" option in "Analysis and Synthesis Settings -> More Settings" to "Off".


+-----------------------------------------------------------------------------+
; lpm_shiftreg Parameter Settings by Entity Instance                          ;
+----------------------------+------------------------------------------------+
; Name                       ; Value                                          ;
+----------------------------+------------------------------------------------+
; Number of entity instances ; 3                                              ;
; Entity Instance            ; Rg3:inst19|lpm_shiftreg:lpm_shiftreg_component ;
;     -- LPM_WIDTH           ; 22                                             ;
;     -- LPM_DIRECTION       ; LEFT                                           ;
; Entity Instance            ; Rg1:inst|lpm_shiftreg:lpm_shiftreg_component   ;
;     -- LPM_WIDTH           ; 12                                             ;
;     -- LPM_DIRECTION       ; RIGHT                                          ;
; Entity Instance            ; RG2:inst11|lpm_shiftreg:lpm_shiftreg_component ;
;     -- LPM_WIDTH           ; 8                                              ;
;     -- LPM_DIRECTION       ; LEFT                                           ;
+----------------------------+------------------------------------------------+


+-------------------------------+
; Analysis & Synthesis Messages ;
+-------------------------------+
Info: *******************************************************************
Info: Running Quartus II Analysis & Synthesis
    Info: Version 9.0 Build 132 02/25/2009 SJ Full Version
    Info: Processing started: Sat May 01 15:42:46 2021
Info: Command: quartus_map --read_settings_files=on --write_settings_files=off OA -c OA
Info: Found 1 design units, including 1 entities, in source file Rg1.v
    Info: Found entity 1: Rg1
Info: Found 2 design units, including 1 entities, in source file RG2.vhd
    Info: Found design unit 1: rg2-SYN
    Info: Found entity 1: RG2
Info: Found 1 design units, including 1 entities, in source file Myxor.v
    Info: Found entity 1: Myxor
Info: Found 1 design units, including 1 entities, in source file Myand.v
    Info: Found entity 1: Myand
Info: Found 1 design units, including 1 entities, in source file MySum.v
    Info: Found entity 1: MySum
Info: Found 1 design units, including 1 entities, in source file Rg3.v
    Info: Found entity 1: Rg3
Info: Found 1 design units, including 1 entities, in source file OA.bdf
    Info: Found entity 1: OA
Info: Found 1 design units, including 1 entities, in source file Rg4.v
    Info: Found entity 1: Rg4
Info: Found 1 design units, including 1 entities, in source file SumHar.v
    Info: Found entity 1: SumHar
Info: Found 1 design units, including 1 entities, in source file Counter.v
    Info: Found entity 1: Counter
Info: Found 1 design units, including 1 entities, in source file block_name.v
    Info: Found entity 1: block_name
Info: Found 1 design units, including 1 entities, in source file mycounter2.v
    Info: Found entity 1: mycounter2
Info: Elaborating entity "OA" for the top level hierarchy
Info: Elaborating entity "block_name" for hierarchy "block_name:inst36"
Warning (10762): Verilog HDL Case Statement warning at block_name.v(49): can't check case statement for completeness because the case expression has too many possible states
Info: Elaborating entity "Counter" for hierarchy "Counter:inst25"
Info: Elaborating entity "lpm_counter" for hierarchy "Counter:inst25|lpm_counter:lpm_counter_component"
Info: Elaborated megafunction instantiation "Counter:inst25|lpm_counter:lpm_counter_component"
Info: Instantiated megafunction "Counter:inst25|lpm_counter:lpm_counter_component" with the following parameter:
    Info: Parameter "lpm_direction" = "DOWN"
    Info: Parameter "lpm_port_updown" = "PORT_UNUSED"
    Info: Parameter "lpm_type" = "LPM_COUNTER"
    Info: Parameter "lpm_width" = "6"
Info: Found 1 design units, including 1 entities, in source file db/cntr_e1k.tdf
    Info: Found entity 1: cntr_e1k
Info: Elaborating entity "cntr_e1k" for hierarchy "Counter:inst25|lpm_counter:lpm_counter_component|cntr_e1k:auto_generated"
Info: Elaborating entity "SumHar" for hierarchy "SumHar:inst24"
Info: Elaborating entity "lpm_add_sub" for hierarchy "SumHar:inst24|lpm_add_sub:lpm_add_sub_component"
Info: Elaborated megafunction instantiation "SumHar:inst24|lpm_add_sub:lpm_add_sub_component"
Info: Instantiated megafunction "SumHar:inst24|lpm_add_sub:lpm_add_sub_component" with the following parameter:
    Info: Parameter "lpm_direction" = "ADD"
    Info: Parameter "lpm_hint" = "ONE_INPUT_IS_CONSTANT=NO,CIN_USED=NO"
    Info: Parameter "lpm_representation" = "UNSIGNED"
    Info: Parameter "lpm_type" = "LPM_ADD_SUB"
    Info: Parameter "lpm_width" = "5"
Info: Found 1 design units, including 1 entities, in source file db/add_sub_d6i.tdf
    Info: Found entity 1: add_sub_d6i
Info: Elaborating entity "add_sub_d6i" for hierarchy "SumHar:inst24|lpm_add_sub:lpm_add_sub_component|add_sub_d6i:auto_generated"
Info: Elaborating entity "Rg4" for hierarchy "Rg4:inst23"
Info: Elaborating entity "lpm_ff" for hierarchy "Rg4:inst23|lpm_ff:lpm_ff_component"
Info: Elaborated megafunction instantiation "Rg4:inst23|lpm_ff:lpm_ff_component"
Info: Instantiated megafunction "Rg4:inst23|lpm_ff:lpm_ff_component" with the following parameter:
    Info: Parameter "lpm_fftype" = "DFF"
    Info: Parameter "lpm_type" = "LPM_FF"
    Info: Parameter "lpm_width" = "5"
Warning: Using design file OrHar.tdf, which is not specified as a design file for the current project, but contains definitions for 1 design units and 1 entities in project
    Info: Found entity 1: OrHar
Info: Elaborating entity "OrHar" for hierarchy "OrHar:inst31"
Info: Elaborating entity "lpm_or" for hierarchy "OrHar:inst31|lpm_or:lpm_or_component"
Info: Elaborated megafunction instantiation "OrHar:inst31|lpm_or:lpm_or_component"
Info: Instantiated megafunction "OrHar:inst31|lpm_or:lpm_or_component" with the following parameter:
    Info: Parameter "LPM_TYPE" = "LPM_OR"
    Info: Parameter "LPM_WIDTH" = "1"
    Info: Parameter "LPM_SIZE" = "4"
Info: Elaborating entity "Rg3" for hierarchy "Rg3:inst19"
Info: Elaborating entity "lpm_shiftreg" for hierarchy "Rg3:inst19|lpm_shiftreg:lpm_shiftreg_component"
Info: Elaborated megafunction instantiation "Rg3:inst19|lpm_shiftreg:lpm_shiftreg_component"
Info: Instantiated megafunction "Rg3:inst19|lpm_shiftreg:lpm_shiftreg_component" with the following parameter:
    Info: Parameter "lpm_direction" = "LEFT"
    Info: Parameter "lpm_type" = "LPM_SHIFTREG"
    Info: Parameter "lpm_width" = "22"
Info: Elaborating entity "MySum" for hierarchy "MySum:inst14"
Info: Elaborating entity "lpm_add_sub" for hierarchy "MySum:inst14|lpm_add_sub:lpm_add_sub_component"
Info: Elaborated megafunction instantiation "MySum:inst14|lpm_add_sub:lpm_add_sub_component"
Info: Instantiated megafunction "MySum:inst14|lpm_add_sub:lpm_add_sub_component" with the following parameter:
    Info: Parameter "lpm_direction" = "ADD"
    Info: Parameter "lpm_hint" = "ONE_INPUT_IS_CONSTANT=NO,CIN_USED=YES"
    Info: Parameter "lpm_representation" = "UNSIGNED"
    Info: Parameter "lpm_type" = "LPM_ADD_SUB"
    Info: Parameter "lpm_width" = "22"
Info: Found 1 design units, including 1 entities, in source file db/add_sub_r3i.tdf
    Info: Found entity 1: add_sub_r3i
Info: Elaborating entity "add_sub_r3i" for hierarchy "MySum:inst14|lpm_add_sub:lpm_add_sub_component|add_sub_r3i:auto_generated"
Info: Elaborating entity "Rg1" for hierarchy "Rg1:inst"
Info: Elaborating entity "lpm_shiftreg" for hierarchy "Rg1:inst|lpm_shiftreg:lpm_shiftreg_component"
Info: Elaborated megafunction instantiation "Rg1:inst|lpm_shiftreg:lpm_shiftreg_component"
Info: Instantiated megafunction "Rg1:inst|lpm_shiftreg:lpm_shiftreg_component" with the following parameter:
    Info: Parameter "lpm_direction" = "RIGHT"
    Info: Parameter "lpm_type" = "LPM_SHIFTREG"
    Info: Parameter "lpm_width" = "12"
Info: Elaborating entity "Myand" for hierarchy "Myand:inst13"
Info: Elaborating entity "lpm_and" for hierarchy "Myand:inst13|lpm_and:lpm_and_component"
Info: Elaborated megafunction instantiation "Myand:inst13|lpm_and:lpm_and_component"
Info: Instantiated megafunction "Myand:inst13|lpm_and:lpm_and_component" with the following parameter:
    Info: Parameter "lpm_size" = "2"
    Info: Parameter "lpm_type" = "LPM_AND"
    Info: Parameter "lpm_width" = "22"
Info: Elaborating entity "Myxor" for hierarchy "Myxor:inst12"
Info: Elaborating entity "lpm_xor" for hierarchy "Myxor:inst12|lpm_xor:lpm_xor_component"
Info: Elaborated megafunction instantiation "Myxor:inst12|lpm_xor:lpm_xor_component"
Info: Instantiated megafunction "Myxor:inst12|lpm_xor:lpm_xor_component" with the following parameter:
    Info: Parameter "lpm_size" = "2"
    Info: Parameter "lpm_type" = "LPM_XOR"
    Info: Parameter "lpm_width" = "22"
Info: Elaborating entity "RG2" for hierarchy "RG2:inst11"
Info: Elaborating entity "lpm_shiftreg" for hierarchy "RG2:inst11|lpm_shiftreg:lpm_shiftreg_component"
Info: Elaborated megafunction instantiation "RG2:inst11|lpm_shiftreg:lpm_shiftreg_component"
Info: Instantiated megafunction "RG2:inst11|lpm_shiftreg:lpm_shiftreg_component" with the following parameter:
    Info: Parameter "lpm_direction" = "LEFT"
    Info: Parameter "lpm_type" = "LPM_SHIFTREG"
    Info: Parameter "lpm_width" = "8"
Warning: Using design file My_or11.tdf, which is not specified as a design file for the current project, but contains definitions for 1 design units and 1 entities in project
    Info: Found entity 1: My_or11
Warning (12300): Found the following files while searching for definition of entity "My_or11", but did not use these files because already using a different file containing the entity definition
    Warning: File: My_or11.v
Info: Elaborating entity "My_or11" for hierarchy "My_or11:inst7"
Info: Elaborating entity "lpm_or" for hierarchy "My_or11:inst7|lpm_or:lpm_or_component"
Info: Elaborated megafunction instantiation "My_or11:inst7|lpm_or:lpm_or_component"
Info: Instantiated megafunction "My_or11:inst7|lpm_or:lpm_or_component" with the following parameter:
    Info: Parameter "LPM_TYPE" = "LPM_OR"
    Info: Parameter "LPM_WIDTH" = "1"
    Info: Parameter "LPM_SIZE" = "11"
Info: Elaborating entity "mycounter2" for hierarchy "mycounter2:inst3"
Info: Elaborating entity "lpm_counter" for hierarchy "mycounter2:inst3|lpm_counter:lpm_counter_component"
Info: Elaborated megafunction instantiation "mycounter2:inst3|lpm_counter:lpm_counter_component"
Info: Instantiated megafunction "mycounter2:inst3|lpm_counter:lpm_counter_component" with the following parameter:
    Info: Parameter "lpm_direction" = "UP"
    Info: Parameter "lpm_port_updown" = "PORT_UNUSED"
    Info: Parameter "lpm_type" = "LPM_COUNTER"
    Info: Parameter "lpm_width" = "6"
Info: Found 1 design units, including 1 entities, in source file db/cntr_7cj.tdf
    Info: Found entity 1: cntr_7cj
Info: Elaborating entity "cntr_7cj" for hierarchy "mycounter2:inst3|lpm_counter:lpm_counter_component|cntr_7cj:auto_generated"
Warning: Port "data[10]" does not exist in entity definition of "RG2".  The port's range differs between the entity definition and its actual instantiation, "RG2:inst11".
Warning: Port "data[11]" does not exist in entity definition of "RG2".  The port's range differs between the entity definition and its actual instantiation, "RG2:inst11".
Warning: Port "data[12]" does not exist in entity definition of "RG2".  The port's range differs between the entity definition and its actual instantiation, "RG2:inst11".
Warning: Port "data[13]" does not exist in entity definition of "RG2".  The port's range differs between the entity definition and its actual instantiation, "RG2:inst11".
Warning: Port "data[14]" does not exist in entity definition of "RG2".  The port's range differs between the entity definition and its actual instantiation, "RG2:inst11".
Warning: Port "data[15]" does not exist in entity definition of "RG2".  The port's range differs between the entity definition and its actual instantiation, "RG2:inst11".
Warning: Port "data[16]" does not exist in entity definition of "RG2".  The port's range differs between the entity definition and its actual instantiation, "RG2:inst11".
Warning: Port "data[17]" does not exist in entity definition of "RG2".  The port's range differs between the entity definition and its actual instantiation, "RG2:inst11".
Warning: Port "data[18]" does not exist in entity definition of "RG2".  The port's range differs between the entity definition and its actual instantiation, "RG2:inst11".
Warning: Port "data[19]" does not exist in entity definition of "RG2".  The port's range differs between the entity definition and its actual instantiation, "RG2:inst11".
Warning: Port "data[20]" does not exist in entity definition of "RG2".  The port's range differs between the entity definition and its actual instantiation, "RG2:inst11".
Warning: Port "data[21]" does not exist in entity definition of "RG2".  The port's range differs between the entity definition and its actual instantiation, "RG2:inst11".
Warning: Port "data[8]" does not exist in entity definition of "RG2".  The port's range differs between the entity definition and its actual instantiation, "RG2:inst11".
Warning: Port "data[9]" does not exist in entity definition of "RG2".  The port's range differs between the entity definition and its actual instantiation, "RG2:inst11".
Warning: Port "q[10]" does not exist in entity definition of "RG2".  The port's range differs between the entity definition and its actual instantiation, "RG2:inst11".
Warning: Port "q[11]" does not exist in entity definition of "RG2".  The port's range differs between the entity definition and its actual instantiation, "RG2:inst11".
Warning: Port "q[12]" does not exist in entity definition of "RG2".  The port's range differs between the entity definition and its actual instantiation, "RG2:inst11".
Warning: Port "q[13]" does not exist in entity definition of "RG2".  The port's range differs between the entity definition and its actual instantiation, "RG2:inst11".
Warning: Port "q[14]" does not exist in entity definition of "RG2".  The port's range differs between the entity definition and its actual instantiation, "RG2:inst11".
Warning: Port "q[15]" does not exist in entity definition of "RG2".  The port's range differs between the entity definition and its actual instantiation, "RG2:inst11".
Warning: Port "q[16]" does not exist in entity definition of "RG2".  The port's range differs between the entity definition and its actual instantiation, "RG2:inst11".
Warning: Port "q[17]" does not exist in entity definition of "RG2".  The port's range differs between the entity definition and its actual instantiation, "RG2:inst11".
Warning: Port "q[18]" does not exist in entity definition of "RG2".  The port's range differs between the entity definition and its actual instantiation, "RG2:inst11".
Warning: Port "q[19]" does not exist in entity definition of "RG2".  The port's range differs between the entity definition and its actual instantiation, "RG2:inst11".
Warning: Port "q[20]" does not exist in entity definition of "RG2".  The port's range differs between the entity definition and its actual instantiation, "RG2:inst11".
Warning: Port "q[21]" does not exist in entity definition of "RG2".  The port's range differs between the entity definition and its actual instantiation, "RG2:inst11".
Warning: Port "q[8]" does not exist in entity definition of "RG2".  The port's range differs between the entity definition and its actual instantiation, "RG2:inst11".
Warning: Port "q[9]" does not exist in entity definition of "RG2".  The port's range differs between the entity definition and its actual instantiation, "RG2:inst11".
Info: 1 registers lost all their fanouts during netlist optimizations. The first 1 are displayed below.
    Info: Register "Rg3:inst19|lpm_shiftreg:lpm_shiftreg_component|dffs[21]" lost all its fanouts during netlist optimizations.


