Analysis & Synthesis report for courseProject
Tue Apr 06 13:36:29 2021
Quartus II Version 9.1 Build 350 03/24/2010 Service Pack 2 SJ Web Edition


---------------------
; Table of Contents ;
---------------------
  1. Legal Notice
  2. Analysis & Synthesis Summary
  3. Analysis & Synthesis Settings
  4. Parallel Compilation
  5. Analysis & Synthesis Source Files Read
  6. Analysis & Synthesis Resource Usage Summary
  7. Analysis & Synthesis Resource Utilization by Entity
  8. Registers Removed During Synthesis
  9. Removed Registers Triggering Further Register Optimizations
 10. General Register Statistics
 11. Source assignments for CT2:inst34|lpm_counter:lpm_counter_component
 12. Source assignments for CT1:inst18|lpm_counter:lpm_counter_component
 13. Parameter Settings for User Entity Instance: CT2:inst34|lpm_counter:lpm_counter_component
 14. Parameter Settings for User Entity Instance: RG1:inst7|lpm_ff:lpm_ff_component
 15. Parameter Settings for User Entity Instance: RG2Left:inst|lpm_shiftreg:lpm_shiftreg_component
 16. Parameter Settings for User Entity Instance: SM1:inst6|lpm_add_sub:lpm_add_sub_component
 17. Parameter Settings for User Entity Instance: KS1:inst9|lpm_xor:lpm_xor_component
 18. Parameter Settings for User Entity Instance: MuxRG1:inst3|lpm_mux:lpm_mux_component
 19. Parameter Settings for User Entity Instance: RG3:inst10|lpm_shiftreg:lpm_shiftreg_component
 20. Parameter Settings for User Entity Instance: RG1:inst11|lpm_ff:lpm_ff_component
 21. Parameter Settings for User Entity Instance: CT1:inst18|lpm_counter:lpm_counter_component
 22. Parameter Settings for User Entity Instance: SM2:inst17|lpm_add_sub:lpm_add_sub_component
 23. Parameter Settings for User Entity Instance: KS2XOR:inst25|lpm_xor:lpm_xor_component
 24. Parameter Settings for User Entity Instance: MuxRG1:inst12|lpm_mux:lpm_mux_component
 25. Parameter Settings for User Entity Instance: Not6:inst32|lpm_inv:lpm_inv_component
 26. lpm_shiftreg Parameter Settings by Entity Instance
 27. Analysis & Synthesis Messages



----------------
; Legal Notice ;
----------------
Copyright (C) 1991-2010 Altera Corporation
Your use of Altera Corporation's design tools, logic functions 
and other software and tools, and its AMPP partner logic 
functions, and any output files from any of the foregoing 
(including device programming or simulation files), and any 
associated documentation or information are expressly subject 
to the terms and conditions of the Altera Program License 
Subscription Agreement, Altera MegaCore Function License 
Agreement, or other applicable license agreement, including, 
without limitation, that your use is for the sole purpose of 
programming logic devices manufactured by Altera and sold by 
Altera or its authorized distributors.  Please refer to the 
applicable agreement for further details.



+-----------------------------------------------------------------------------------+
; Analysis & Synthesis Summary                                                      ;
+------------------------------------+----------------------------------------------+
; Analysis & Synthesis Status        ; Successful - Tue Apr 06 13:36:29 2021        ;
; Quartus II Version                 ; 9.1 Build 350 03/24/2010 SP 2 SJ Web Edition ;
; Revision Name                      ; courseProject                                ;
; Top-level Entity Name              ; courseProject                                ;
; Family                             ; Cyclone III                                  ;
; Total logic elements               ; 0                                            ;
;     Total combinational functions  ; 0                                            ;
;     Dedicated logic registers      ; 0                                            ;
; Total registers                    ; 0                                            ;
; Total pins                         ; 90                                           ;
; Total virtual pins                 ; 0                                            ;
; Total memory bits                  ; 0                                            ;
; Embedded Multiplier 9-bit elements ; 0                                            ;
; Total PLLs                         ; 0                                            ;
+------------------------------------+----------------------------------------------+


+----------------------------------------------------------------------------------------------------------------------+
; Analysis & Synthesis Settings                                                                                        ;
+----------------------------------------------------------------------------+--------------------+--------------------+
; Option                                                                     ; Setting            ; Default Value      ;
+----------------------------------------------------------------------------+--------------------+--------------------+
; Device                                                                     ; EP3C5E144C8        ;                    ;
; Top-level entity name                                                      ; courseProject      ; courseProject      ;
; Family name                                                                ; Cyclone III        ; Stratix II         ;
; Use Generated Physical Constraints File                                    ; Off                ;                    ;
; Use smart compilation                                                      ; Off                ; Off                ;
; Enable parallel Assembler and TimeQuest Timing Analyzer during compilation ; On                 ; On                 ;
; Enable compact report table                                                ; Off                ; Off                ;
; Restructure Multiplexers                                                   ; Auto               ; Auto               ;
; Create Debugging Nodes for IP Cores                                        ; Off                ; Off                ;
; Preserve fewer node names                                                  ; On                 ; On                 ;
; Disable OpenCore Plus hardware evaluation                                  ; Off                ; Off                ;
; Verilog Version                                                            ; Verilog_2001       ; Verilog_2001       ;
; VHDL Version                                                               ; VHDL_1993          ; VHDL_1993          ;
; State Machine Processing                                                   ; Auto               ; Auto               ;
; Safe State Machine                                                         ; Off                ; Off                ;
; Extract Verilog State Machines                                             ; On                 ; On                 ;
; Extract VHDL State Machines                                                ; On                 ; On                 ;
; Ignore Verilog initial constructs                                          ; Off                ; Off                ;
; Iteration limit for constant Verilog loops                                 ; 5000               ; 5000               ;
; Iteration limit for non-constant Verilog loops                             ; 250                ; 250                ;
; Add Pass-Through Logic to Inferred RAMs                                    ; On                 ; On                 ;
; Parallel Synthesis                                                         ; On                 ; On                 ;
; DSP Block Balancing                                                        ; Auto               ; Auto               ;
; NOT Gate Push-Back                                                         ; On                 ; On                 ;
; Power-Up Don't Care                                                        ; On                 ; On                 ;
; Remove Redundant Logic Cells                                               ; Off                ; Off                ;
; Remove Duplicate Registers                                                 ; On                 ; On                 ;
; Ignore CARRY Buffers                                                       ; Off                ; Off                ;
; Ignore CASCADE Buffers                                                     ; Off                ; Off                ;
; Ignore GLOBAL Buffers                                                      ; Off                ; Off                ;
; Ignore ROW GLOBAL Buffers                                                  ; Off                ; Off                ;
; Ignore LCELL Buffers                                                       ; Off                ; Off                ;
; Ignore SOFT Buffers                                                        ; On                 ; On                 ;
; Limit AHDL Integers to 32 Bits                                             ; Off                ; Off                ;
; Optimization Technique                                                     ; Balanced           ; Balanced           ;
; Carry Chain Length                                                         ; 70                 ; 70                 ;
; Auto Carry Chains                                                          ; On                 ; On                 ;
; Auto Open-Drain Pins                                                       ; On                 ; On                 ;
; Perform WYSIWYG Primitive Resynthesis                                      ; Off                ; Off                ;
; Auto ROM Replacement                                                       ; On                 ; On                 ;
; Auto RAM Replacement                                                       ; On                 ; On                 ;
; Auto DSP Block Replacement                                                 ; On                 ; On                 ;
; Auto Shift Register Replacement                                            ; Auto               ; Auto               ;
; Auto Clock Enable Replacement                                              ; On                 ; On                 ;
; Strict RAM Replacement                                                     ; Off                ; Off                ;
; Allow Synchronous Control Signals                                          ; On                 ; On                 ;
; Force Use of Synchronous Clear Signals                                     ; Off                ; Off                ;
; Auto RAM Block Balancing                                                   ; On                 ; On                 ;
; Auto RAM to Logic Cell Conversion                                          ; Off                ; Off                ;
; Auto Resource Sharing                                                      ; Off                ; Off                ;
; Allow Any RAM Size For Recognition                                         ; Off                ; Off                ;
; Allow Any ROM Size For Recognition                                         ; Off                ; Off                ;
; Allow Any Shift Register Size For Recognition                              ; Off                ; Off                ;
; Use LogicLock Constraints during Resource Balancing                        ; On                 ; On                 ;
; Ignore translate_off and synthesis_off directives                          ; Off                ; Off                ;
; Timing-Driven Synthesis                                                    ; On                 ; On                 ;
; Show Parameter Settings Tables in Synthesis Report                         ; On                 ; On                 ;
; Ignore Maximum Fan-Out Assignments                                         ; Off                ; Off                ;
; Synchronization Register Chain Length                                      ; 2                  ; 2                  ;
; PowerPlay Power Optimization                                               ; Normal compilation ; Normal compilation ;
; HDL message level                                                          ; Level2             ; Level2             ;
; Suppress Register Optimization Related Messages                            ; Off                ; Off                ;
; Number of Removed Registers Reported in Synthesis Report                   ; 5000               ; 5000               ;
; Number of Inverted Registers Reported in Synthesis Report                  ; 100                ; 100                ;
; Clock MUX Protection                                                       ; On                 ; On                 ;
; Auto Gated Clock Conversion                                                ; Off                ; Off                ;
; Block Design Naming                                                        ; Auto               ; Auto               ;
; SDC constraint protection                                                  ; Off                ; Off                ;
; Synthesis Effort                                                           ; Auto               ; Auto               ;
; Shift Register Replacement - Allow Asynchronous Clear Signal               ; On                 ; On                 ;
; Analysis & Synthesis Message Level                                         ; Medium             ; Medium             ;
; Disable Register Merging Across Hierarchies                                ; Auto               ; Auto               ;
; Resource Aware Inference For Block RAM                                     ; On                 ; On                 ;
+----------------------------------------------------------------------------+--------------------+--------------------+


Parallel compilation was disabled, but you have multiple processors available. Enable parallel compilation to reduce compilation time.
+-------------------------------------+
; Parallel Compilation                ;
+----------------------------+--------+
; Processors                 ; Number ;
+----------------------------+--------+
; Number detected on machine ; 2      ;
; Maximum allowed            ; 1      ;
+----------------------------+--------+


+------------------------------------------------------------------------------------------------------------------------------------------------------------+
; Analysis & Synthesis Source Files Read                                                                                                                     ;
+----------------------------------+-----------------+------------------------------------+------------------------------------------------------------------+
; File Name with User-Entered Path ; Used in Netlist ; File Type                          ; File Name with Absolute Path                                     ;
+----------------------------------+-----------------+------------------------------------+------------------------------------------------------------------+
; courseProject.bdf                ; yes             ; User Block Diagram/Schematic File  ; F:/Курсовой/QII/courseProject.bdf                                ;
; Z.v                              ; yes             ; User Verilog HDL File              ; F:/Курсовой/QII/Z.v                                              ;
; ct2.tdf                          ; yes             ; Auto-Found Wizard-Generated File   ; F:/Курсовой/QII/ct2.tdf                                          ;
; lpm_counter.inc                  ; yes             ; Megafunction                       ; c:/altera/91sp2/quartus/libraries/megafunctions/lpm_counter.inc  ;
; lpm_counter.tdf                  ; yes             ; Megafunction                       ; c:/altera/91sp2/quartus/libraries/megafunctions/lpm_counter.tdf  ;
; lpm_add_sub.inc                  ; yes             ; Megafunction                       ; c:/altera/91sp2/quartus/libraries/megafunctions/lpm_add_sub.inc  ;
; db/cntr_edj.tdf                  ; yes             ; Auto-Generated Megafunction        ; F:/Курсовой/QII/db/cntr_edj.tdf                                  ;
; rg1.tdf                          ; yes             ; Auto-Found Wizard-Generated File   ; F:/Курсовой/QII/rg1.tdf                                          ;
; lpm_ff.inc                       ; yes             ; Auto-Found AHDL File               ; c:/altera/91sp2/quartus/libraries/megafunctions/lpm_ff.inc       ;
; lpm_ff.tdf                       ; yes             ; Megafunction                       ; c:/altera/91sp2/quartus/libraries/megafunctions/lpm_ff.tdf       ;
; rg2left.tdf                      ; yes             ; Auto-Found Wizard-Generated File   ; F:/Курсовой/QII/rg2left.tdf                                      ;
; lpm_shiftreg.inc                 ; yes             ; Auto-Found AHDL File               ; c:/altera/91sp2/quartus/libraries/megafunctions/lpm_shiftreg.inc ;
; lpm_shiftreg.tdf                 ; yes             ; Megafunction                       ; c:/altera/91sp2/quartus/libraries/megafunctions/lpm_shiftreg.tdf ;
; sm1.tdf                          ; yes             ; Auto-Found Wizard-Generated File   ; F:/Курсовой/QII/sm1.tdf                                          ;
; lpm_add_sub.tdf                  ; yes             ; Megafunction                       ; c:/altera/91sp2/quartus/libraries/megafunctions/lpm_add_sub.tdf  ;
; db/add_sub_t3i.tdf               ; yes             ; Auto-Generated Megafunction        ; F:/Курсовой/QII/db/add_sub_t3i.tdf                               ;
; ks1.tdf                          ; yes             ; Auto-Found Wizard-Generated File   ; F:/Курсовой/QII/ks1.tdf                                          ;
; lpm_xor.inc                      ; yes             ; Auto-Found AHDL File               ; c:/altera/91sp2/quartus/libraries/megafunctions/lpm_xor.inc      ;
; lpm_xor.tdf                      ; yes             ; Megafunction                       ; c:/altera/91sp2/quartus/libraries/megafunctions/lpm_xor.tdf      ;
; muxrg1.tdf                       ; yes             ; Auto-Found Wizard-Generated File   ; F:/Курсовой/QII/muxrg1.tdf                                       ;
; lpm_mux.inc                      ; yes             ; Auto-Found AHDL File               ; c:/altera/91sp2/quartus/libraries/megafunctions/lpm_mux.inc      ;
; lpm_mux.tdf                      ; yes             ; Megafunction                       ; c:/altera/91sp2/quartus/libraries/megafunctions/lpm_mux.tdf      ;
; db/mux_jrc.tdf                   ; yes             ; Auto-Generated Megafunction        ; F:/Курсовой/QII/db/mux_jrc.tdf                                   ;
; rg3.tdf                          ; yes             ; Auto-Found Wizard-Generated File   ; F:/Курсовой/QII/rg3.tdf                                          ;
; ct1.tdf                          ; yes             ; Auto-Found Wizard-Generated File   ; F:/Курсовой/QII/ct1.tdf                                          ;
; db/cntr_9fk.tdf                  ; yes             ; Auto-Generated Megafunction        ; F:/Курсовой/QII/db/cntr_9fk.tdf                                  ;
; sm2.tdf                          ; yes             ; Auto-Found Wizard-Generated File   ; F:/Курсовой/QII/sm2.tdf                                          ;
; db/add_sub_f2i.tdf               ; yes             ; Auto-Generated Megafunction        ; F:/Курсовой/QII/db/add_sub_f2i.tdf                               ;
; ks2xor.tdf                       ; yes             ; Auto-Found Wizard-Generated File   ; F:/Курсовой/QII/ks2xor.tdf                                       ;
; not6.tdf                         ; yes             ; Auto-Found Wizard-Generated File   ; F:/Курсовой/QII/not6.tdf                                         ;
; lpm_inv.inc                      ; yes             ; Auto-Found AHDL File               ; c:/altera/91sp2/quartus/libraries/megafunctions/lpm_inv.inc      ;
; lpm_inv.tdf                      ; yes             ; Megafunction                       ; c:/altera/91sp2/quartus/libraries/megafunctions/lpm_inv.tdf      ;
+----------------------------------+-----------------+------------------------------------+------------------------------------------------------------------+


+--------------------------------------------------------+
; Analysis & Synthesis Resource Usage Summary            ;
+---------------------------------------------+----------+
; Resource                                    ; Usage    ;
+---------------------------------------------+----------+
;                                             ;          ;
; Total combinational functions               ; 0        ;
; Logic element usage by number of LUT inputs ;          ;
;     -- 4 input functions                    ; 0        ;
;     -- 3 input functions                    ; 0        ;
;     -- <=2 input functions                  ; 0        ;
;                                             ;          ;
; Logic elements by mode                      ;          ;
;     -- normal mode                          ; 0        ;
;     -- arithmetic mode                      ; 0        ;
;                                             ;          ;
; Total registers                             ; 0        ;
;     -- Dedicated logic registers            ; 0        ;
;     -- I/O registers                        ; 0        ;
;                                             ;          ;
; I/O pins                                    ; 90       ;
; Maximum fan-out node                        ; Z~output ;
; Maximum fan-out                             ; 1        ;
; Total fan-out                               ; 90       ;
; Average fan-out                             ; 0.50     ;
+---------------------------------------------+----------+


+-----------------------------------------------------------------------------------------------------------------------------------------------------------------------------+
; Analysis & Synthesis Resource Utilization by Entity                                                                                                                         ;
+----------------------------+-------------------+--------------+-------------+--------------+---------+-----------+------+--------------+---------------------+--------------+
; Compilation Hierarchy Node ; LC Combinationals ; LC Registers ; Memory Bits ; DSP Elements ; DSP 9x9 ; DSP 18x18 ; Pins ; Virtual Pins ; Full Hierarchy Name ; Library Name ;
+----------------------------+-------------------+--------------+-------------+--------------+---------+-----------+------+--------------+---------------------+--------------+
; |courseProject             ; 0 (0)             ; 0 (0)        ; 0           ; 0            ; 0       ; 0         ; 90   ; 0            ; |courseProject      ; work         ;
+----------------------------+-------------------+--------------+-------------+--------------+---------+-----------+------+--------------+---------------------+--------------+
Note: For table entries with two numbers listed, the numbers in parentheses indicate the number of resources of the given type used by the specific entity alone. The numbers listed outside of parentheses indicate the total resources of the given type used by the specific entity and all of its sub-entities in the hierarchy.


+------------------------------------------------------------------------------------------------------------------------------------------+
; Registers Removed During Synthesis                                                                                                       ;
+--------------------------------------------------------------------------------------------+---------------------------------------------+
; Register name                                                                              ; Reason for Removal                          ;
+--------------------------------------------------------------------------------------------+---------------------------------------------+
; inst36                                                                                     ; Stuck at GND due to stuck port clock        ;
; inst15                                                                                     ; Stuck at GND due to stuck port clear        ;
; inst39                                                                                     ; Stuck at GND due to stuck port clear        ;
; inst35                                                                                     ; Stuck at GND due to stuck port clock        ;
; inst2                                                                                      ; Stuck at GND due to stuck port clear        ;
; CT1:inst18|lpm_counter:lpm_counter_component|cntr_9fk:auto_generated|counter_reg_bit[0..7] ; Stuck at GND due to stuck port clock        ;
; RG1:inst11|lpm_ff:lpm_ff_component|dffs[0..7]                                              ; Stuck at GND due to stuck port clock_enable ;
; RG3:inst10|lpm_shiftreg:lpm_shiftreg_component|dffs[0..22]                                 ; Stuck at GND due to stuck port clock_enable ;
; RG2Left:inst|lpm_shiftreg:lpm_shiftreg_component|dffs[23]                                  ; Lost fanout                                 ;
; RG1:inst7|lpm_ff:lpm_ff_component|dffs[0..22]                                              ; Lost fanout                                 ;
; RG2Left:inst|lpm_shiftreg:lpm_shiftreg_component|dffs[22]                                  ; Stuck at GND due to stuck port clock_enable ;
; RG2Left:inst|lpm_shiftreg:lpm_shiftreg_component|dffs[0..21]                               ; Lost fanout                                 ;
; RG1:inst7|lpm_ff:lpm_ff_component|dffs[23]                                                 ; Stuck at GND due to stuck port clock_enable ;
; CT2:inst34|lpm_counter:lpm_counter_component|cntr_edj:auto_generated|counter_reg_bit[0..4] ; Stuck at GND due to stuck port clock        ;
; Total Number of Removed Registers = 97                                                     ;                                             ;
+--------------------------------------------------------------------------------------------+---------------------------------------------+


+--------------------------------------------------------------------------------------------------------------------------------------------------------------------------------------------------------------+
; Removed Registers Triggering Further Register Optimizations                                                                                                                                                  ;
+-----------------------------------------------------------------------------------------+-------------------------+------------------------------------------------------------------------------------------+
; Register name                                                                           ; Reason for Removal      ; Registers Removed due to This Register                                                   ;
+-----------------------------------------------------------------------------------------+-------------------------+------------------------------------------------------------------------------------------+
; inst15                                                                                  ; Stuck at GND            ; RG2Left:inst|lpm_shiftreg:lpm_shiftreg_component|dffs[23],                               ;
;                                                                                         ; due to stuck port clear ; RG1:inst7|lpm_ff:lpm_ff_component|dffs[22],                                              ;
;                                                                                         ;                         ; RG1:inst7|lpm_ff:lpm_ff_component|dffs[21],                                              ;
;                                                                                         ;                         ; RG1:inst7|lpm_ff:lpm_ff_component|dffs[20],                                              ;
;                                                                                         ;                         ; RG2Left:inst|lpm_shiftreg:lpm_shiftreg_component|dffs[21],                               ;
;                                                                                         ;                         ; RG2Left:inst|lpm_shiftreg:lpm_shiftreg_component|dffs[20],                               ;
;                                                                                         ;                         ; RG2Left:inst|lpm_shiftreg:lpm_shiftreg_component|dffs[19],                               ;
;                                                                                         ;                         ; RG2Left:inst|lpm_shiftreg:lpm_shiftreg_component|dffs[18],                               ;
;                                                                                         ;                         ; RG2Left:inst|lpm_shiftreg:lpm_shiftreg_component|dffs[17],                               ;
;                                                                                         ;                         ; RG2Left:inst|lpm_shiftreg:lpm_shiftreg_component|dffs[16],                               ;
;                                                                                         ;                         ; RG2Left:inst|lpm_shiftreg:lpm_shiftreg_component|dffs[15],                               ;
;                                                                                         ;                         ; RG2Left:inst|lpm_shiftreg:lpm_shiftreg_component|dffs[14],                               ;
;                                                                                         ;                         ; RG2Left:inst|lpm_shiftreg:lpm_shiftreg_component|dffs[13],                               ;
;                                                                                         ;                         ; RG2Left:inst|lpm_shiftreg:lpm_shiftreg_component|dffs[12],                               ;
;                                                                                         ;                         ; RG2Left:inst|lpm_shiftreg:lpm_shiftreg_component|dffs[11],                               ;
;                                                                                         ;                         ; RG2Left:inst|lpm_shiftreg:lpm_shiftreg_component|dffs[10],                               ;
;                                                                                         ;                         ; RG2Left:inst|lpm_shiftreg:lpm_shiftreg_component|dffs[9],                                ;
;                                                                                         ;                         ; RG2Left:inst|lpm_shiftreg:lpm_shiftreg_component|dffs[8],                                ;
;                                                                                         ;                         ; RG2Left:inst|lpm_shiftreg:lpm_shiftreg_component|dffs[7],                                ;
;                                                                                         ;                         ; RG2Left:inst|lpm_shiftreg:lpm_shiftreg_component|dffs[6],                                ;
;                                                                                         ;                         ; RG2Left:inst|lpm_shiftreg:lpm_shiftreg_component|dffs[5],                                ;
;                                                                                         ;                         ; RG2Left:inst|lpm_shiftreg:lpm_shiftreg_component|dffs[4],                                ;
;                                                                                         ;                         ; RG2Left:inst|lpm_shiftreg:lpm_shiftreg_component|dffs[3],                                ;
;                                                                                         ;                         ; RG2Left:inst|lpm_shiftreg:lpm_shiftreg_component|dffs[2],                                ;
;                                                                                         ;                         ; RG2Left:inst|lpm_shiftreg:lpm_shiftreg_component|dffs[1],                                ;
;                                                                                         ;                         ; RG2Left:inst|lpm_shiftreg:lpm_shiftreg_component|dffs[0]                                 ;
; CT1:inst18|lpm_counter:lpm_counter_component|cntr_9fk:auto_generated|counter_reg_bit[7] ; Stuck at GND            ; CT1:inst18|lpm_counter:lpm_counter_component|cntr_9fk:auto_generated|counter_reg_bit[3], ;
;                                                                                         ; due to stuck port clock ; CT1:inst18|lpm_counter:lpm_counter_component|cntr_9fk:auto_generated|counter_reg_bit[2], ;
;                                                                                         ;                         ; CT1:inst18|lpm_counter:lpm_counter_component|cntr_9fk:auto_generated|counter_reg_bit[1]  ;
; CT1:inst18|lpm_counter:lpm_counter_component|cntr_9fk:auto_generated|counter_reg_bit[6] ; Stuck at GND            ; CT1:inst18|lpm_counter:lpm_counter_component|cntr_9fk:auto_generated|counter_reg_bit[0]  ;
;                                                                                         ; due to stuck port clock ;                                                                                          ;
+-----------------------------------------------------------------------------------------+-------------------------+------------------------------------------------------------------------------------------+


+------------------------------------------------------+
; General Register Statistics                          ;
+----------------------------------------------+-------+
; Statistic                                    ; Value ;
+----------------------------------------------+-------+
; Total registers                              ; 0     ;
; Number of registers using Synchronous Clear  ; 0     ;
; Number of registers using Synchronous Load   ; 0     ;
; Number of registers using Asynchronous Clear ; 0     ;
; Number of registers using Asynchronous Load  ; 0     ;
; Number of registers using Clock Enable       ; 0     ;
; Number of registers using Preset             ; 0     ;
+----------------------------------------------+-------+


+---------------------------------------------------------------------+
; Source assignments for CT2:inst34|lpm_counter:lpm_counter_component ;
+---------------------------+-------+------+--------------------------+
; Assignment                ; Value ; From ; To                       ;
+---------------------------+-------+------+--------------------------+
; SUPPRESS_DA_RULE_INTERNAL ; a101  ; -    ; -                        ;
; SUPPRESS_DA_RULE_INTERNAL ; s102  ; -    ; -                        ;
; SUPPRESS_DA_RULE_INTERNAL ; s103  ; -    ; -                        ;
+---------------------------+-------+------+--------------------------+


+---------------------------------------------------------------------+
; Source assignments for CT1:inst18|lpm_counter:lpm_counter_component ;
+---------------------------+-------+------+--------------------------+
; Assignment                ; Value ; From ; To                       ;
+---------------------------+-------+------+--------------------------+
; SUPPRESS_DA_RULE_INTERNAL ; a101  ; -    ; -                        ;
; SUPPRESS_DA_RULE_INTERNAL ; s102  ; -    ; -                        ;
; SUPPRESS_DA_RULE_INTERNAL ; s103  ; -    ; -                        ;
+---------------------------+-------+------+--------------------------+


+-------------------------------------------------------------------------------------------+
; Parameter Settings for User Entity Instance: CT2:inst34|lpm_counter:lpm_counter_component ;
+------------------------+-------------+----------------------------------------------------+
; Parameter Name         ; Value       ; Type                                               ;
+------------------------+-------------+----------------------------------------------------+
; AUTO_CARRY_CHAINS      ; ON          ; AUTO_CARRY                                         ;
; IGNORE_CARRY_BUFFERS   ; OFF         ; IGNORE_CARRY                                       ;
; AUTO_CASCADE_CHAINS    ; ON          ; AUTO_CASCADE                                       ;
; IGNORE_CASCADE_BUFFERS ; OFF         ; IGNORE_CASCADE                                     ;
; LPM_WIDTH              ; 5           ; Untyped                                            ;
; LPM_DIRECTION          ; UP          ; Untyped                                            ;
; LPM_MODULUS            ; 0           ; Untyped                                            ;
; LPM_AVALUE             ; UNUSED      ; Untyped                                            ;
; LPM_SVALUE             ; 8           ; Untyped                                            ;
; LPM_PORT_UPDOWN        ; PORT_UNUSED ; Untyped                                            ;
; DEVICE_FAMILY          ; Cyclone III ; Untyped                                            ;
; CARRY_CHAIN            ; MANUAL      ; Untyped                                            ;
; CARRY_CHAIN_LENGTH     ; 48          ; CARRY_CHAIN_LENGTH                                 ;
; NOT_GATE_PUSH_BACK     ; ON          ; NOT_GATE_PUSH_BACK                                 ;
; CARRY_CNT_EN           ; SMART       ; Untyped                                            ;
; LABWIDE_SCLR           ; ON          ; Untyped                                            ;
; USE_NEW_VERSION        ; TRUE        ; Untyped                                            ;
; CBXI_PARAMETER         ; cntr_edj    ; Untyped                                            ;
+------------------------+-------------+----------------------------------------------------+
Note: In order to hide this table in the UI and the text report file, please set the "Show Parameter Settings Tables in Synthesis Report" option in "Analysis and Synthesis Settings -> More Settings" to "Off".


+--------------------------------------------------------------------------------+
; Parameter Settings for User Entity Instance: RG1:inst7|lpm_ff:lpm_ff_component ;
+------------------------+-------------+-----------------------------------------+
; Parameter Name         ; Value       ; Type                                    ;
+------------------------+-------------+-----------------------------------------+
; LPM_WIDTH              ; 24          ; Untyped                                 ;
; LPM_AVALUE             ; UNUSED      ; Untyped                                 ;
; LPM_SVALUE             ; UNUSED      ; Untyped                                 ;
; LPM_FFTYPE             ; DFF         ; Untyped                                 ;
; DEVICE_FAMILY          ; Cyclone III ; Untyped                                 ;
; CBXI_PARAMETER         ; NOTHING     ; Untyped                                 ;
; AUTO_CARRY_CHAINS      ; ON          ; AUTO_CARRY                              ;
; IGNORE_CARRY_BUFFERS   ; OFF         ; IGNORE_CARRY                            ;
; AUTO_CASCADE_CHAINS    ; ON          ; AUTO_CASCADE                            ;
; IGNORE_CASCADE_BUFFERS ; OFF         ; IGNORE_CASCADE                          ;
+------------------------+-------------+-----------------------------------------+
Note: In order to hide this table in the UI and the text report file, please set the "Show Parameter Settings Tables in Synthesis Report" option in "Analysis and Synthesis Settings -> More Settings" to "Off".


+-----------------------------------------------------------------------------------------------+
; Parameter Settings for User Entity Instance: RG2Left:inst|lpm_shiftreg:lpm_shiftreg_component ;
+------------------------+-------------+--------------------------------------------------------+
; Parameter Name         ; Value       ; Type                                                   ;
+------------------------+-------------+--------------------------------------------------------+
; LPM_WIDTH              ; 24          ; Untyped                                                ;
; LPM_DIRECTION          ; LEFT        ; Untyped                                                ;
; LPM_AVALUE             ; UNUSED      ; Untyped                                                ;
; LPM_SVALUE             ; UNUSED      ; Untyped                                                ;
; DEVICE_FAMILY          ; Cyclone III ; Untyped                                                ;
; AUTO_CARRY_CHAINS      ; ON          ; AUTO_CARRY                                             ;
; IGNORE_CARRY_BUFFERS   ; OFF         ; IGNORE_CARRY                                           ;
; AUTO_CASCADE_CHAINS    ; ON          ; AUTO_CASCADE                                           ;
; IGNORE_CASCADE_BUFFERS ; OFF         ; IGNORE_CASCADE                                         ;
+------------------------+-------------+--------------------------------------------------------+
Note: In order to hide this table in the UI and the text report file, please set the "Show Parameter Settings Tables in Synthesis Report" option in "Analysis and Synthesis Settings -> More Settings" to "Off".


+------------------------------------------------------------------------------------------+
; Parameter Settings for User Entity Instance: SM1:inst6|lpm_add_sub:lpm_add_sub_component ;
+------------------------+-------------+---------------------------------------------------+
; Parameter Name         ; Value       ; Type                                              ;
+------------------------+-------------+---------------------------------------------------+
; LPM_WIDTH              ; 24          ; Untyped                                           ;
; LPM_REPRESENTATION     ; UNSIGNED    ; Untyped                                           ;
; LPM_DIRECTION          ; ADD         ; Untyped                                           ;
; ONE_INPUT_IS_CONSTANT  ; NO          ; Untyped                                           ;
; LPM_PIPELINE           ; 0           ; Untyped                                           ;
; MAXIMIZE_SPEED         ; 5           ; Untyped                                           ;
; REGISTERED_AT_END      ; 0           ; Untyped                                           ;
; OPTIMIZE_FOR_SPEED     ; 5           ; Untyped                                           ;
; USE_CS_BUFFERS         ; 1           ; Untyped                                           ;
; CARRY_CHAIN            ; MANUAL      ; Untyped                                           ;
; CARRY_CHAIN_LENGTH     ; 48          ; CARRY_CHAIN_LENGTH                                ;
; DEVICE_FAMILY          ; Cyclone III ; Untyped                                           ;
; USE_WYS                ; OFF         ; Untyped                                           ;
; STYLE                  ; FAST        ; Untyped                                           ;
; CBXI_PARAMETER         ; add_sub_t3i ; Untyped                                           ;
; AUTO_CARRY_CHAINS      ; ON          ; AUTO_CARRY                                        ;
; IGNORE_CARRY_BUFFERS   ; OFF         ; IGNORE_CARRY                                      ;
; AUTO_CASCADE_CHAINS    ; ON          ; AUTO_CASCADE                                      ;
; IGNORE_CASCADE_BUFFERS ; OFF         ; IGNORE_CASCADE                                    ;
+------------------------+-------------+---------------------------------------------------+
Note: In order to hide this table in the UI and the text report file, please set the "Show Parameter Settings Tables in Synthesis Report" option in "Analysis and Synthesis Settings -> More Settings" to "Off".


+----------------------------------------------------------------------------------+
; Parameter Settings for User Entity Instance: KS1:inst9|lpm_xor:lpm_xor_component ;
+----------------+-------+---------------------------------------------------------+
; Parameter Name ; Value ; Type                                                    ;
+----------------+-------+---------------------------------------------------------+
; LPM_WIDTH      ; 24    ; Untyped                                                 ;
; LPM_SIZE       ; 2     ; Untyped                                                 ;
+----------------+-------+---------------------------------------------------------+
Note: In order to hide this table in the UI and the text report file, please set the "Show Parameter Settings Tables in Synthesis Report" option in "Analysis and Synthesis Settings -> More Settings" to "Off".


+-------------------------------------------------------------------------------------+
; Parameter Settings for User Entity Instance: MuxRG1:inst3|lpm_mux:lpm_mux_component ;
+------------------------+-------------+----------------------------------------------+
; Parameter Name         ; Value       ; Type                                         ;
+------------------------+-------------+----------------------------------------------+
; AUTO_CARRY_CHAINS      ; ON          ; AUTO_CARRY                                   ;
; IGNORE_CARRY_BUFFERS   ; OFF         ; IGNORE_CARRY                                 ;
; AUTO_CASCADE_CHAINS    ; ON          ; AUTO_CASCADE                                 ;
; IGNORE_CASCADE_BUFFERS ; OFF         ; IGNORE_CASCADE                               ;
; LPM_WIDTH              ; 24          ; Untyped                                      ;
; LPM_SIZE               ; 2           ; Untyped                                      ;
; LPM_WIDTHS             ; 1           ; Untyped                                      ;
; LPM_PIPELINE           ; 0           ; Untyped                                      ;
; CBXI_PARAMETER         ; mux_jrc     ; Untyped                                      ;
; DEVICE_FAMILY          ; Cyclone III ; Untyped                                      ;
+------------------------+-------------+----------------------------------------------+
Note: In order to hide this table in the UI and the text report file, please set the "Show Parameter Settings Tables in Synthesis Report" option in "Analysis and Synthesis Settings -> More Settings" to "Off".


+---------------------------------------------------------------------------------------------+
; Parameter Settings for User Entity Instance: RG3:inst10|lpm_shiftreg:lpm_shiftreg_component ;
+------------------------+-------------+------------------------------------------------------+
; Parameter Name         ; Value       ; Type                                                 ;
+------------------------+-------------+------------------------------------------------------+
; LPM_WIDTH              ; 24          ; Untyped                                              ;
; LPM_DIRECTION          ; LEFT        ; Untyped                                              ;
; LPM_AVALUE             ; UNUSED      ; Untyped                                              ;
; LPM_SVALUE             ; UNUSED      ; Untyped                                              ;
; DEVICE_FAMILY          ; Cyclone III ; Untyped                                              ;
; AUTO_CARRY_CHAINS      ; ON          ; AUTO_CARRY                                           ;
; IGNORE_CARRY_BUFFERS   ; OFF         ; IGNORE_CARRY                                         ;
; AUTO_CASCADE_CHAINS    ; ON          ; AUTO_CASCADE                                         ;
; IGNORE_CASCADE_BUFFERS ; OFF         ; IGNORE_CASCADE                                       ;
+------------------------+-------------+------------------------------------------------------+
Note: In order to hide this table in the UI and the text report file, please set the "Show Parameter Settings Tables in Synthesis Report" option in "Analysis and Synthesis Settings -> More Settings" to "Off".


+---------------------------------------------------------------------------------+
; Parameter Settings for User Entity Instance: RG1:inst11|lpm_ff:lpm_ff_component ;
+------------------------+-------------+------------------------------------------+
; Parameter Name         ; Value       ; Type                                     ;
+------------------------+-------------+------------------------------------------+
; LPM_WIDTH              ; 24          ; Untyped                                  ;
; LPM_AVALUE             ; UNUSED      ; Untyped                                  ;
; LPM_SVALUE             ; UNUSED      ; Untyped                                  ;
; LPM_FFTYPE             ; DFF         ; Untyped                                  ;
; DEVICE_FAMILY          ; Cyclone III ; Untyped                                  ;
; CBXI_PARAMETER         ; NOTHING     ; Untyped                                  ;
; AUTO_CARRY_CHAINS      ; ON          ; AUTO_CARRY                               ;
; IGNORE_CARRY_BUFFERS   ; OFF         ; IGNORE_CARRY                             ;
; AUTO_CASCADE_CHAINS    ; ON          ; AUTO_CASCADE                             ;
; IGNORE_CASCADE_BUFFERS ; OFF         ; IGNORE_CASCADE                           ;
+------------------------+-------------+------------------------------------------+
Note: In order to hide this table in the UI and the text report file, please set the "Show Parameter Settings Tables in Synthesis Report" option in "Analysis and Synthesis Settings -> More Settings" to "Off".


+-------------------------------------------------------------------------------------------+
; Parameter Settings for User Entity Instance: CT1:inst18|lpm_counter:lpm_counter_component ;
+------------------------+-------------+----------------------------------------------------+
; Parameter Name         ; Value       ; Type                                               ;
+------------------------+-------------+----------------------------------------------------+
; AUTO_CARRY_CHAINS      ; ON          ; AUTO_CARRY                                         ;
; IGNORE_CARRY_BUFFERS   ; OFF         ; IGNORE_CARRY                                       ;
; AUTO_CASCADE_CHAINS    ; ON          ; AUTO_CASCADE                                       ;
; IGNORE_CASCADE_BUFFERS ; OFF         ; IGNORE_CASCADE                                     ;
; LPM_WIDTH              ; 8           ; Untyped                                            ;
; LPM_DIRECTION          ; UP          ; Untyped                                            ;
; LPM_MODULUS            ; 0           ; Untyped                                            ;
; LPM_AVALUE             ; UNUSED      ; Untyped                                            ;
; LPM_SVALUE             ; UNUSED      ; Untyped                                            ;
; LPM_PORT_UPDOWN        ; PORT_UNUSED ; Untyped                                            ;
; DEVICE_FAMILY          ; Cyclone III ; Untyped                                            ;
; CARRY_CHAIN            ; MANUAL      ; Untyped                                            ;
; CARRY_CHAIN_LENGTH     ; 48          ; CARRY_CHAIN_LENGTH                                 ;
; NOT_GATE_PUSH_BACK     ; ON          ; NOT_GATE_PUSH_BACK                                 ;
; CARRY_CNT_EN           ; SMART       ; Untyped                                            ;
; LABWIDE_SCLR           ; ON          ; Untyped                                            ;
; USE_NEW_VERSION        ; TRUE        ; Untyped                                            ;
; CBXI_PARAMETER         ; cntr_9fk    ; Untyped                                            ;
+------------------------+-------------+----------------------------------------------------+
Note: In order to hide this table in the UI and the text report file, please set the "Show Parameter Settings Tables in Synthesis Report" option in "Analysis and Synthesis Settings -> More Settings" to "Off".


+-------------------------------------------------------------------------------------------+
; Parameter Settings for User Entity Instance: SM2:inst17|lpm_add_sub:lpm_add_sub_component ;
+------------------------+-------------+----------------------------------------------------+
; Parameter Name         ; Value       ; Type                                               ;
+------------------------+-------------+----------------------------------------------------+
; LPM_WIDTH              ; 8           ; Untyped                                            ;
; LPM_REPRESENTATION     ; UNSIGNED    ; Untyped                                            ;
; LPM_DIRECTION          ; ADD         ; Untyped                                            ;
; ONE_INPUT_IS_CONSTANT  ; NO          ; Untyped                                            ;
; LPM_PIPELINE           ; 0           ; Untyped                                            ;
; MAXIMIZE_SPEED         ; 5           ; Untyped                                            ;
; REGISTERED_AT_END      ; 0           ; Untyped                                            ;
; OPTIMIZE_FOR_SPEED     ; 5           ; Untyped                                            ;
; USE_CS_BUFFERS         ; 1           ; Untyped                                            ;
; CARRY_CHAIN            ; MANUAL      ; Untyped                                            ;
; CARRY_CHAIN_LENGTH     ; 48          ; CARRY_CHAIN_LENGTH                                 ;
; DEVICE_FAMILY          ; Cyclone III ; Untyped                                            ;
; USE_WYS                ; OFF         ; Untyped                                            ;
; STYLE                  ; FAST        ; Untyped                                            ;
; CBXI_PARAMETER         ; add_sub_f2i ; Untyped                                            ;
; AUTO_CARRY_CHAINS      ; ON          ; AUTO_CARRY                                         ;
; IGNORE_CARRY_BUFFERS   ; OFF         ; IGNORE_CARRY                                       ;
; AUTO_CASCADE_CHAINS    ; ON          ; AUTO_CASCADE                                       ;
; IGNORE_CASCADE_BUFFERS ; OFF         ; IGNORE_CASCADE                                     ;
+------------------------+-------------+----------------------------------------------------+
Note: In order to hide this table in the UI and the text report file, please set the "Show Parameter Settings Tables in Synthesis Report" option in "Analysis and Synthesis Settings -> More Settings" to "Off".


+--------------------------------------------------------------------------------------+
; Parameter Settings for User Entity Instance: KS2XOR:inst25|lpm_xor:lpm_xor_component ;
+----------------+-------+-------------------------------------------------------------+
; Parameter Name ; Value ; Type                                                        ;
+----------------+-------+-------------------------------------------------------------+
; LPM_WIDTH      ; 8     ; Untyped                                                     ;
; LPM_SIZE       ; 2     ; Untyped                                                     ;
+----------------+-------+-------------------------------------------------------------+
Note: In order to hide this table in the UI and the text report file, please set the "Show Parameter Settings Tables in Synthesis Report" option in "Analysis and Synthesis Settings -> More Settings" to "Off".


+--------------------------------------------------------------------------------------+
; Parameter Settings for User Entity Instance: MuxRG1:inst12|lpm_mux:lpm_mux_component ;
+------------------------+-------------+-----------------------------------------------+
; Parameter Name         ; Value       ; Type                                          ;
+------------------------+-------------+-----------------------------------------------+
; AUTO_CARRY_CHAINS      ; ON          ; AUTO_CARRY                                    ;
; IGNORE_CARRY_BUFFERS   ; OFF         ; IGNORE_CARRY                                  ;
; AUTO_CASCADE_CHAINS    ; ON          ; AUTO_CASCADE                                  ;
; IGNORE_CASCADE_BUFFERS ; OFF         ; IGNORE_CASCADE                                ;
; LPM_WIDTH              ; 24          ; Untyped                                       ;
; LPM_SIZE               ; 2           ; Untyped                                       ;
; LPM_WIDTHS             ; 1           ; Untyped                                       ;
; LPM_PIPELINE           ; 0           ; Untyped                                       ;
; CBXI_PARAMETER         ; mux_jrc     ; Untyped                                       ;
; DEVICE_FAMILY          ; Cyclone III ; Untyped                                       ;
+------------------------+-------------+-----------------------------------------------+
Note: In order to hide this table in the UI and the text report file, please set the "Show Parameter Settings Tables in Synthesis Report" option in "Analysis and Synthesis Settings -> More Settings" to "Off".


+------------------------------------------------------------------------------------+
; Parameter Settings for User Entity Instance: Not6:inst32|lpm_inv:lpm_inv_component ;
+----------------+-------+-----------------------------------------------------------+
; Parameter Name ; Value ; Type                                                      ;
+----------------+-------+-----------------------------------------------------------+
; LPM_WIDTH      ; 8     ; Untyped                                                   ;
+----------------+-------+-----------------------------------------------------------+
Note: In order to hide this table in the UI and the text report file, please set the "Show Parameter Settings Tables in Synthesis Report" option in "Analysis and Synthesis Settings -> More Settings" to "Off".


+-------------------------------------------------------------------------------+
; lpm_shiftreg Parameter Settings by Entity Instance                            ;
+----------------------------+--------------------------------------------------+
; Name                       ; Value                                            ;
+----------------------------+--------------------------------------------------+
; Number of entity instances ; 2                                                ;
; Entity Instance            ; RG2Left:inst|lpm_shiftreg:lpm_shiftreg_component ;
;     -- LPM_WIDTH           ; 24                                               ;
;     -- LPM_DIRECTION       ; LEFT                                             ;
; Entity Instance            ; RG3:inst10|lpm_shiftreg:lpm_shiftreg_component   ;
;     -- LPM_WIDTH           ; 24                                               ;
;     -- LPM_DIRECTION       ; LEFT                                             ;
+----------------------------+--------------------------------------------------+


+-------------------------------+
; Analysis & Synthesis Messages ;
+-------------------------------+
Info: *******************************************************************
Info: Running Quartus II Analysis & Synthesis
    Info: Version 9.1 Build 350 03/24/2010 Service Pack 2 SJ Web Edition
    Info: Processing started: Tue Apr 06 13:36:26 2021
Info: Command: quartus_map --read_settings_files=on --write_settings_files=off courseProject -c courseProject
Info: Found 1 design units, including 1 entities, in source file courseproject.bdf
    Info: Found entity 1: courseProject
Warning: Can't analyze file -- file Z.tdf is missing
Info: Found 1 design units, including 1 entities, in source file z.v
    Info: Found entity 1: Z
Info: Elaborating entity "courseProject" for the top level hierarchy
Info: Elaborating entity "Z" for hierarchy "Z:inst22"
Warning (10034): Output port "y" at Z.v(37) has no driver
Warning (10034): Output port "Z" at Z.v(35) has no driver
Warning (10034): Output port "clkout" at Z.v(36) has no driver
Warning: Using design file ct2.tdf, which is not specified as a design file for the current project, but contains definitions for 1 design units and 1 entities in project
    Info: Found entity 1: CT2
Info: Elaborating entity "CT2" for hierarchy "CT2:inst34"
Info: Elaborating entity "lpm_counter" for hierarchy "CT2:inst34|lpm_counter:lpm_counter_component"
Info: Elaborated megafunction instantiation "CT2:inst34|lpm_counter:lpm_counter_component"
Info: Instantiated megafunction "CT2:inst34|lpm_counter:lpm_counter_component" with the following parameter:
    Info: Parameter "LPM_TYPE" = "LPM_COUNTER"
    Info: Parameter "LPM_WIDTH" = "5"
    Info: Parameter "LPM_DIRECTION" = "UP"
    Info: Parameter "LPM_SVALUE" = "8"
    Info: Parameter "LPM_PORT_UPDOWN" = "PORT_UNUSED"
Info: Found 1 design units, including 1 entities, in source file db/cntr_edj.tdf
    Info: Found entity 1: cntr_edj
Info: Elaborating entity "cntr_edj" for hierarchy "CT2:inst34|lpm_counter:lpm_counter_component|cntr_edj:auto_generated"
Warning: Using design file rg1.tdf, which is not specified as a design file for the current project, but contains definitions for 1 design units and 1 entities in project
    Info: Found entity 1: RG1
Info: Elaborating entity "RG1" for hierarchy "RG1:inst7"
Info: Elaborating entity "lpm_ff" for hierarchy "RG1:inst7|lpm_ff:lpm_ff_component"
Info: Elaborated megafunction instantiation "RG1:inst7|lpm_ff:lpm_ff_component"
Info: Instantiated megafunction "RG1:inst7|lpm_ff:lpm_ff_component" with the following parameter:
    Info: Parameter "LPM_TYPE" = "LPM_FF"
    Info: Parameter "LPM_WIDTH" = "24"
    Info: Parameter "LPM_FFTYPE" = "DFF"
Warning: Using design file rg2left.tdf, which is not specified as a design file for the current project, but contains definitions for 1 design units and 1 entities in project
    Info: Found entity 1: RG2Left
Info: Elaborating entity "RG2Left" for hierarchy "RG2Left:inst"
Info: Elaborating entity "lpm_shiftreg" for hierarchy "RG2Left:inst|lpm_shiftreg:lpm_shiftreg_component"
Info: Elaborated megafunction instantiation "RG2Left:inst|lpm_shiftreg:lpm_shiftreg_component"
Info: Instantiated megafunction "RG2Left:inst|lpm_shiftreg:lpm_shiftreg_component" with the following parameter:
    Info: Parameter "LPM_TYPE" = "LPM_SHIFTREG"
    Info: Parameter "LPM_WIDTH" = "24"
    Info: Parameter "LPM_DIRECTION" = "LEFT"
Warning: Using design file sm1.tdf, which is not specified as a design file for the current project, but contains definitions for 1 design units and 1 entities in project
    Info: Found entity 1: SM1
Info: Elaborating entity "SM1" for hierarchy "SM1:inst6"
Info: Elaborating entity "lpm_add_sub" for hierarchy "SM1:inst6|lpm_add_sub:lpm_add_sub_component"
Info: Elaborated megafunction instantiation "SM1:inst6|lpm_add_sub:lpm_add_sub_component"
Info: Instantiated megafunction "SM1:inst6|lpm_add_sub:lpm_add_sub_component" with the following parameter:
    Info: Parameter "LPM_TYPE" = "LPM_ADD_SUB"
    Info: Parameter "LPM_HINT" = "ONE_INPUT_IS_CONSTANT=NO,CIN_USED=YES"
    Info: Parameter "LPM_WIDTH" = "24"
    Info: Parameter "LPM_REPRESENTATION" = "UNSIGNED"
    Info: Parameter "LPM_DIRECTION" = "ADD"
Info: Found 1 design units, including 1 entities, in source file db/add_sub_t3i.tdf
    Info: Found entity 1: add_sub_t3i
Info: Elaborating entity "add_sub_t3i" for hierarchy "SM1:inst6|lpm_add_sub:lpm_add_sub_component|add_sub_t3i:auto_generated"
Warning: Using design file ks1.tdf, which is not specified as a design file for the current project, but contains definitions for 1 design units and 1 entities in project
    Info: Found entity 1: KS1
Info: Elaborating entity "KS1" for hierarchy "KS1:inst9"
Info: Elaborating entity "lpm_xor" for hierarchy "KS1:inst9|lpm_xor:lpm_xor_component"
Info: Elaborated megafunction instantiation "KS1:inst9|lpm_xor:lpm_xor_component"
Info: Instantiated megafunction "KS1:inst9|lpm_xor:lpm_xor_component" with the following parameter:
    Info: Parameter "LPM_TYPE" = "LPM_XOR"
    Info: Parameter "LPM_WIDTH" = "24"
    Info: Parameter "LPM_SIZE" = "2"
Warning: Using design file muxrg1.tdf, which is not specified as a design file for the current project, but contains definitions for 1 design units and 1 entities in project
    Info: Found entity 1: MuxRG1
Info: Elaborating entity "MuxRG1" for hierarchy "MuxRG1:inst3"
Info: Elaborating entity "lpm_mux" for hierarchy "MuxRG1:inst3|lpm_mux:lpm_mux_component"
Info: Elaborated megafunction instantiation "MuxRG1:inst3|lpm_mux:lpm_mux_component"
Info: Instantiated megafunction "MuxRG1:inst3|lpm_mux:lpm_mux_component" with the following parameter:
    Info: Parameter "LPM_TYPE" = "LPM_MUX"
    Info: Parameter "LPM_WIDTH" = "24"
    Info: Parameter "LPM_SIZE" = "2"
    Info: Parameter "LPM_WIDTHS" = "1"
Info: Found 1 design units, including 1 entities, in source file db/mux_jrc.tdf
    Info: Found entity 1: mux_jrc
Info: Elaborating entity "mux_jrc" for hierarchy "MuxRG1:inst3|lpm_mux:lpm_mux_component|mux_jrc:auto_generated"
Warning: Using design file rg3.tdf, which is not specified as a design file for the current project, but contains definitions for 1 design units and 1 entities in project
    Info: Found entity 1: RG3
Info: Elaborating entity "RG3" for hierarchy "RG3:inst10"
Info: Elaborating entity "lpm_shiftreg" for hierarchy "RG3:inst10|lpm_shiftreg:lpm_shiftreg_component"
Info: Elaborated megafunction instantiation "RG3:inst10|lpm_shiftreg:lpm_shiftreg_component"
Info: Instantiated megafunction "RG3:inst10|lpm_shiftreg:lpm_shiftreg_component" with the following parameter:
    Info: Parameter "LPM_TYPE" = "LPM_SHIFTREG"
    Info: Parameter "LPM_WIDTH" = "24"
    Info: Parameter "LPM_DIRECTION" = "LEFT"
Info: Elaborating entity "RG1" for hierarchy "RG1:inst11"
Warning: Using design file ct1.tdf, which is not specified as a design file for the current project, but contains definitions for 1 design units and 1 entities in project
    Info: Found entity 1: CT1
Info: Elaborating entity "CT1" for hierarchy "CT1:inst18"
Info: Elaborating entity "lpm_counter" for hierarchy "CT1:inst18|lpm_counter:lpm_counter_component"
Info: Elaborated megafunction instantiation "CT1:inst18|lpm_counter:lpm_counter_component"
Info: Instantiated megafunction "CT1:inst18|lpm_counter:lpm_counter_component" with the following parameter:
    Info: Parameter "LPM_TYPE" = "LPM_COUNTER"
    Info: Parameter "LPM_WIDTH" = "8"
    Info: Parameter "LPM_DIRECTION" = "UP"
    Info: Parameter "LPM_PORT_UPDOWN" = "PORT_UNUSED"
Info: Found 1 design units, including 1 entities, in source file db/cntr_9fk.tdf
    Info: Found entity 1: cntr_9fk
Info: Elaborating entity "cntr_9fk" for hierarchy "CT1:inst18|lpm_counter:lpm_counter_component|cntr_9fk:auto_generated"
Warning: Using design file sm2.tdf, which is not specified as a design file for the current project, but contains definitions for 1 design units and 1 entities in project
    Info: Found entity 1: SM2
Info: Elaborating entity "SM2" for hierarchy "SM2:inst17"
Info: Elaborating entity "lpm_add_sub" for hierarchy "SM2:inst17|lpm_add_sub:lpm_add_sub_component"
Info: Elaborated megafunction instantiation "SM2:inst17|lpm_add_sub:lpm_add_sub_component"
Info: Instantiated megafunction "SM2:inst17|lpm_add_sub:lpm_add_sub_component" with the following parameter:
    Info: Parameter "LPM_TYPE" = "LPM_ADD_SUB"
    Info: Parameter "LPM_HINT" = "ONE_INPUT_IS_CONSTANT=NO,CIN_USED=YES"
    Info: Parameter "LPM_WIDTH" = "8"
    Info: Parameter "LPM_REPRESENTATION" = "UNSIGNED"
    Info: Parameter "LPM_DIRECTION" = "ADD"
Info: Found 1 design units, including 1 entities, in source file db/add_sub_f2i.tdf
    Info: Found entity 1: add_sub_f2i
Info: Elaborating entity "add_sub_f2i" for hierarchy "SM2:inst17|lpm_add_sub:lpm_add_sub_component|add_sub_f2i:auto_generated"
Warning: Using design file ks2xor.tdf, which is not specified as a design file for the current project, but contains definitions for 1 design units and 1 entities in project
    Info: Found entity 1: KS2XOR
Info: Elaborating entity "KS2XOR" for hierarchy "KS2XOR:inst25"
Info: Elaborating entity "lpm_xor" for hierarchy "KS2XOR:inst25|lpm_xor:lpm_xor_component"
Info: Elaborated megafunction instantiation "KS2XOR:inst25|lpm_xor:lpm_xor_component"
Info: Instantiated megafunction "KS2XOR:inst25|lpm_xor:lpm_xor_component" with the following parameter:
    Info: Parameter "LPM_TYPE" = "LPM_XOR"
    Info: Parameter "LPM_WIDTH" = "8"
    Info: Parameter "LPM_SIZE" = "2"
Info: Elaborating entity "MuxRG1" for hierarchy "MuxRG1:inst12"
Warning: Using design file not6.tdf, which is not specified as a design file for the current project, but contains definitions for 1 design units and 1 entities in project
    Info: Found entity 1: Not6
Info: Elaborating entity "Not6" for hierarchy "Not6:inst32"
Info: Elaborating entity "lpm_inv" for hierarchy "Not6:inst32|lpm_inv:lpm_inv_component"
Info: Elaborated megafunction instantiation "Not6:inst32|lpm_inv:lpm_inv_component"
Info: Instantiated megafunction "Not6:inst32|lpm_inv:lpm_inv_component" with the following parameter:
    Info: Parameter "LPM_TYPE" = "LPM_INV"
    Info: Parameter "LPM_WIDTH" = "8"
Warning: Output pins are stuck at VCC or GND
    Warning (13410): Pin "Z" is stuck at GND
    Warning (13410): Pin "p[7]" is stuck at GND
    Warning (13410): Pin "p[6]" is stuck at GND
    Warning (13410): Pin "p[5]" is stuck at GND
    Warning (13410): Pin "p[4]" is stuck at GND
    Warning (13410): Pin "p[3]" is stuck at GND
    Warning (13410): Pin "p[2]" is stuck at GND
    Warning (13410): Pin "p[1]" is stuck at GND
    Warning (13410): Pin "p[0]" is stuck at GND
    Warning (13410): Pin "y[12]" is stuck at GND
    Warning (13410): Pin "y[11]" is stuck at GND
    Warning (13410): Pin "y[10]" is stuck at GND
    Warning (13410): Pin "y[9]" is stuck at GND
    Warning (13410): Pin "y[8]" is stuck at GND
    Warning (13410): Pin "y[7]" is stuck at GND
    Warning (13410): Pin "y[6]" is stuck at GND
    Warning (13410): Pin "y[5]" is stuck at GND
    Warning (13410): Pin "y[4]" is stuck at GND
    Warning (13410): Pin "y[3]" is stuck at GND
    Warning (13410): Pin "y[2]" is stuck at GND
    Warning (13410): Pin "y[1]" is stuck at GND
    Warning (13410): Pin "y[0]" is stuck at GND
    Warning (13410): Pin "DEL" is stuck at GND
    Warning (13410): Pin "PRS" is stuck at GND
    Warning (13410): Pin "PMR" is stuck at GND
    Warning (13410): Pin "result[31]" is stuck at GND
    Warning (13410): Pin "result[30]" is stuck at GND
    Warning (13410): Pin "result[29]" is stuck at GND
    Warning (13410): Pin "result[28]" is stuck at GND
    Warning (13410): Pin "result[27]" is stuck at GND
    Warning (13410): Pin "result[26]" is stuck at GND
    Warning (13410): Pin "result[25]" is stuck at GND
    Warning (13410): Pin "result[24]" is stuck at GND
    Warning (13410): Pin "result[23]" is stuck at GND
    Warning (13410): Pin "result[22]" is stuck at GND
    Warning (13410): Pin "result[21]" is stuck at GND
    Warning (13410): Pin "result[20]" is stuck at GND
    Warning (13410): Pin "result[19]" is stuck at GND
    Warning (13410): Pin "result[18]" is stuck at GND
    Warning (13410): Pin "result[17]" is stuck at GND
    Warning (13410): Pin "result[16]" is stuck at GND
    Warning (13410): Pin "result[15]" is stuck at GND
    Warning (13410): Pin "result[14]" is stuck at GND
    Warning (13410): Pin "result[13]" is stuck at GND
    Warning (13410): Pin "result[12]" is stuck at GND
    Warning (13410): Pin "result[11]" is stuck at GND
    Warning (13410): Pin "result[10]" is stuck at GND
    Warning (13410): Pin "result[9]" is stuck at GND
    Warning (13410): Pin "result[8]" is stuck at GND
    Warning (13410): Pin "result[7]" is stuck at GND
    Warning (13410): Pin "result[6]" is stuck at GND
    Warning (13410): Pin "result[5]" is stuck at GND
    Warning (13410): Pin "result[4]" is stuck at GND
    Warning (13410): Pin "result[3]" is stuck at GND
    Warning (13410): Pin "result[2]" is stuck at GND
    Warning (13410): Pin "result[1]" is stuck at GND
    Warning (13410): Pin "result[0]" is stuck at GND
Info: 46 registers lost all their fanouts during netlist optimizations. The first 46 are displayed below.
    Info: Register "RG2Left:inst|lpm_shiftreg:lpm_shiftreg_component|dffs[23]" lost all its fanouts during netlist optimizations.
    Info: Register "RG1:inst7|lpm_ff:lpm_ff_component|dffs[22]" lost all its fanouts during netlist optimizations.
    Info: Register "RG1:inst7|lpm_ff:lpm_ff_component|dffs[21]" lost all its fanouts during netlist optimizations.
    Info: Register "RG1:inst7|lpm_ff:lpm_ff_component|dffs[20]" lost all its fanouts during netlist optimizations.
    Info: Register "RG1:inst7|lpm_ff:lpm_ff_component|dffs[19]" lost all its fanouts during netlist optimizations.
    Info: Register "RG1:inst7|lpm_ff:lpm_ff_component|dffs[18]" lost all its fanouts during netlist optimizations.
    Info: Register "RG1:inst7|lpm_ff:lpm_ff_component|dffs[17]" lost all its fanouts during netlist optimizations.
    Info: Register "RG1:inst7|lpm_ff:lpm_ff_component|dffs[16]" lost all its fanouts during netlist optimizations.
    Info: Register "RG1:inst7|lpm_ff:lpm_ff_component|dffs[15]" lost all its fanouts during netlist optimizations.
    Info: Register "RG1:inst7|lpm_ff:lpm_ff_component|dffs[14]" lost all its fanouts during netlist optimizations.
    Info: Register "RG1:inst7|lpm_ff:lpm_ff_component|dffs[13]" lost all its fanouts during netlist optimizations.
    Info: Register "RG1:inst7|lpm_ff:lpm_ff_component|dffs[12]" lost all its fanouts during netlist optimizations.
    Info: Register "RG1:inst7|lpm_ff:lpm_ff_component|dffs[11]" lost all its fanouts during netlist optimizations.
    Info: Register "RG1:inst7|lpm_ff:lpm_ff_component|dffs[10]" lost all its fanouts during netlist optimizations.
    Info: Register "RG1:inst7|lpm_ff:lpm_ff_component|dffs[9]" lost all its fanouts during netlist optimizations.
    Info: Register "RG1:inst7|lpm_ff:lpm_ff_component|dffs[8]" lost all its fanouts during netlist optimizations.
    Info: Register "RG1:inst7|lpm_ff:lpm_ff_component|dffs[7]" lost all its fanouts during netlist optimizations.
    Info: Register "RG1:inst7|lpm_ff:lpm_ff_component|dffs[6]" lost all its fanouts during netlist optimizations.
    Info: Register "RG1:inst7|lpm_ff:lpm_ff_component|dffs[5]" lost all its fanouts during netlist optimizations.
    Info: Register "RG1:inst7|lpm_ff:lpm_ff_component|dffs[4]" lost all its fanouts during netlist optimizations.
    Info: Register "RG1:inst7|lpm_ff:lpm_ff_component|dffs[3]" lost all its fanouts during netlist optimizations.
    Info: Register "RG1:inst7|lpm_ff:lpm_ff_component|dffs[2]" lost all its fanouts during netlist optimizations.
    Info: Register "RG1:inst7|lpm_ff:lpm_ff_component|dffs[1]" lost all its fanouts during netlist optimizations.
    Info: Register "RG1:inst7|lpm_ff:lpm_ff_component|dffs[0]" lost all its fanouts during netlist optimizations.
    Info: Register "RG2Left:inst|lpm_shiftreg:lpm_shiftreg_component|dffs[21]" lost all its fanouts during netlist optimizations.
    Info: Register "RG2Left:inst|lpm_shiftreg:lpm_shiftreg_component|dffs[20]" lost all its fanouts during netlist optimizations.
    Info: Register "RG2Left:inst|lpm_shiftreg:lpm_shiftreg_component|dffs[19]" lost all its fanouts during netlist optimizations.
    Info: Register "RG2Left:inst|lpm_shiftreg:lpm_shiftreg_component|dffs[18]" lost all its fanouts during netlist optimizations.
    Info: Register "RG2Left:inst|lpm_shiftreg:lpm_shiftreg_component|dffs[17]" lost all its fanouts during netlist optimizations.
    Info: Register "RG2Left:inst|lpm_shiftreg:lpm_shiftreg_component|dffs[16]" lost all its fanouts during netlist optimizations.
    Info: Register "RG2Left:inst|lpm_shiftreg:lpm_shiftreg_component|dffs[15]" lost all its fanouts during netlist optimizations.
    Info: Register "RG2Left:inst|lpm_shiftreg:lpm_shiftreg_component|dffs[14]" lost all its fanouts during netlist optimizations.
    Info: Register "RG2Left:inst|lpm_shiftreg:lpm_shiftreg_component|dffs[13]" lost all its fanouts during netlist optimizations.
    Info: Register "RG2Left:inst|lpm_shiftreg:lpm_shiftreg_component|dffs[12]" lost all its fanouts during netlist optimizations.
    Info: Register "RG2Left:inst|lpm_shiftreg:lpm_shiftreg_component|dffs[11]" lost all its fanouts during netlist optimizations.
    Info: Register "RG2Left:inst|lpm_shiftreg:lpm_shiftreg_component|dffs[10]" lost all its fanouts during netlist optimizations.
    Info: Register "RG2Left:inst|lpm_shiftreg:lpm_shiftreg_component|dffs[9]" lost all its fanouts during netlist optimizations.
    Info: Register "RG2Left:inst|lpm_shiftreg:lpm_shiftreg_component|dffs[8]" lost all its fanouts during netlist optimizations.
    Info: Register "RG2Left:inst|lpm_shiftreg:lpm_shiftreg_component|dffs[7]" lost all its fanouts during netlist optimizations.
    Info: Register "RG2Left:inst|lpm_shiftreg:lpm_shiftreg_component|dffs[6]" lost all its fanouts during netlist optimizations.
    Info: Register "RG2Left:inst|lpm_shiftreg:lpm_shiftreg_component|dffs[5]" lost all its fanouts during netlist optimizations.
    Info: Register "RG2Left:inst|lpm_shiftreg:lpm_shiftreg_component|dffs[4]" lost all its fanouts during netlist optimizations.
    Info: Register "RG2Left:inst|lpm_shiftreg:lpm_shiftreg_component|dffs[3]" lost all its fanouts during netlist optimizations.
    Info: Register "RG2Left:inst|lpm_shiftreg:lpm_shiftreg_component|dffs[2]" lost all its fanouts during netlist optimizations.
    Info: Register "RG2Left:inst|lpm_shiftreg:lpm_shiftreg_component|dffs[1]" lost all its fanouts during netlist optimizations.
    Info: Register "RG2Left:inst|lpm_shiftreg:lpm_shiftreg_component|dffs[0]" lost all its fanouts during netlist optimizations.
Warning: Design contains 33 input pin(s) that do not drive logic
    Warning (15610): No output dependent on input pin "clk"
    Warning (15610): No output dependent on input pin "x[31]"
    Warning (15610): No output dependent on input pin "x[30]"
    Warning (15610): No output dependent on input pin "x[29]"
    Warning (15610): No output dependent on input pin "x[28]"
    Warning (15610): No output dependent on input pin "x[27]"
    Warning (15610): No output dependent on input pin "x[26]"
    Warning (15610): No output dependent on input pin "x[25]"
    Warning (15610): No output dependent on input pin "x[24]"
    Warning (15610): No output dependent on input pin "x[23]"
    Warning (15610): No output dependent on input pin "x[22]"
    Warning (15610): No output dependent on input pin "x[21]"
    Warning (15610): No output dependent on input pin "x[20]"
    Warning (15610): No output dependent on input pin "x[19]"
    Warning (15610): No output dependent on input pin "x[18]"
    Warning (15610): No output dependent on input pin "x[17]"
    Warning (15610): No output dependent on input pin "x[16]"
    Warning (15610): No output dependent on input pin "x[15]"
    Warning (15610): No output dependent on input pin "x[14]"
    Warning (15610): No output dependent on input pin "x[13]"
    Warning (15610): No output dependent on input pin "x[12]"
    Warning (15610): No output dependent on input pin "x[11]"
    Warning (15610): No output dependent on input pin "x[10]"
    Warning (15610): No output dependent on input pin "x[9]"
    Warning (15610): No output dependent on input pin "x[8]"
    Warning (15610): No output dependent on input pin "x[7]"
    Warning (15610): No output dependent on input pin "x[6]"
    Warning (15610): No output dependent on input pin "x[5]"
    Warning (15610): No output dependent on input pin "x[4]"
    Warning (15610): No output dependent on input pin "x[3]"
    Warning (15610): No output dependent on input pin "x[2]"
    Warning (15610): No output dependent on input pin "x[1]"
    Warning (15610): No output dependent on input pin "x[0]"
Info: Implemented 90 device resources after synthesis - the final resource count might be different
    Info: Implemented 33 input pins
    Info: Implemented 57 output pins
Info: Quartus II Analysis & Synthesis was successful. 0 errors, 107 warnings
    Info: Peak virtual memory: 232 megabytes
    Info: Processing ended: Tue Apr 06 13:36:30 2021
    Info: Elapsed time: 00:00:04
    Info: Total CPU time (on all processors): 00:00:02


