Analysis & Synthesis report for courseProject
Wed Apr 28 19:21:17 2021
Quartus II Version 9.1 Build 350 03/24/2010 Service Pack 2 SJ Web Edition


---------------------
; Table of Contents ;
---------------------
  1. Legal Notice
  2. Analysis & Synthesis Summary
  3. Analysis & Synthesis Settings
  4. Parallel Compilation
  5. Analysis & Synthesis Source Files Read
  6. Analysis & Synthesis Resource Usage Summary
  7. Analysis & Synthesis Resource Utilization by Entity
  8. Registers Removed During Synthesis
  9. General Register Statistics
 10. Source assignments for UAcourseProject:inst3|ct4pm:UAinst2|lpm_counter:lpm_counter_component
 11. Source assignments for CT1:inst18|lpm_counter:lpm_counter_component
 12. Source assignments for CT2:inst34|lpm_counter:lpm_counter_component
 13. Parameter Settings for User Entity Instance: UAcourseProject:inst3|dc4:UAinst|lpm_decode:lpm_decode_component
 14. Parameter Settings for User Entity Instance: UAcourseProject:inst3|ct4pm:UAinst2|lpm_counter:lpm_counter_component
 15. Parameter Settings for User Entity Instance: UAcourseProject:inst3|reg:inst31|lpm_ff:lpm_ff_component
 16. Parameter Settings for User Entity Instance: Not6:inst32|lpm_inv:lpm_inv_component
 17. Parameter Settings for User Entity Instance: CT1:inst18|lpm_counter:lpm_counter_component
 18. Parameter Settings for User Entity Instance: SM2:inst17|lpm_add_sub:lpm_add_sub_component
 19. Parameter Settings for User Entity Instance: RG4:inst13|lpm_ff:lpm_ff_component
 20. Parameter Settings for User Entity Instance: KS2XOR:inst25|lpm_xor:lpm_xor_component
 21. Parameter Settings for User Entity Instance: CT2:inst34|lpm_counter:lpm_counter_component
 22. Parameter Settings for User Entity Instance: RG3:inst10|lpm_shiftreg:lpm_shiftreg_component
 23. Parameter Settings for User Entity Instance: RG1:inst7|lpm_ff:lpm_ff_component
 24. Parameter Settings for User Entity Instance: SM1:inst6|lpm_add_sub:lpm_add_sub_component
 25. Parameter Settings for User Entity Instance: KS1:inst9|lpm_xor:lpm_xor_component
 26. Parameter Settings for User Entity Instance: RG2Left:inst|lpm_shiftreg:lpm_shiftreg_component
 27. Parameter Settings for User Entity Instance: KS2XOR:inst33|lpm_xor:lpm_xor_component
 28. lpm_shiftreg Parameter Settings by Entity Instance
 29. Analysis & Synthesis Messages



----------------
; Legal Notice ;
----------------
Copyright (C) 1991-2010 Altera Corporation
Your use of Altera Corporation's design tools, logic functions 
and other software and tools, and its AMPP partner logic 
functions, and any output files from any of the foregoing 
(including device programming or simulation files), and any 
associated documentation or information are expressly subject 
to the terms and conditions of the Altera Program License 
Subscription Agreement, Altera MegaCore Function License 
Agreement, or other applicable license agreement, including, 
without limitation, that your use is for the sole purpose of 
programming logic devices manufactured by Altera and sold by 
Altera or its authorized distributors.  Please refer to the 
applicable agreement for further details.



+-----------------------------------------------------------------------------------+
; Analysis & Synthesis Summary                                                      ;
+------------------------------------+----------------------------------------------+
; Analysis & Synthesis Status        ; Successful - Wed Apr 28 19:21:17 2021        ;
; Quartus II Version                 ; 9.1 Build 350 03/24/2010 SP 2 SJ Web Edition ;
; Revision Name                      ; courseProject                                ;
; Top-level Entity Name              ; courseProject                                ;
; Family                             ; Cyclone III                                  ;
; Total logic elements               ; 162                                          ;
;     Total combinational functions  ; 156                                          ;
;     Dedicated logic registers      ; 87                                           ;
; Total registers                    ; 87                                           ;
; Total pins                         ; 59                                           ;
; Total virtual pins                 ; 0                                            ;
; Total memory bits                  ; 0                                            ;
; Embedded Multiplier 9-bit elements ; 0                                            ;
; Total PLLs                         ; 0                                            ;
+------------------------------------+----------------------------------------------+


+----------------------------------------------------------------------------------------------------------------------+
; Analysis & Synthesis Settings                                                                                        ;
+----------------------------------------------------------------------------+--------------------+--------------------+
; Option                                                                     ; Setting            ; Default Value      ;
+----------------------------------------------------------------------------+--------------------+--------------------+
; Device                                                                     ; EP3C5E144C8        ;                    ;
; Top-level entity name                                                      ; courseProject      ; courseProject      ;
; Family name                                                                ; Cyclone III        ; Stratix II         ;
; Use Generated Physical Constraints File                                    ; Off                ;                    ;
; Use smart compilation                                                      ; Off                ; Off                ;
; Enable parallel Assembler and TimeQuest Timing Analyzer during compilation ; On                 ; On                 ;
; Enable compact report table                                                ; Off                ; Off                ;
; Restructure Multiplexers                                                   ; Auto               ; Auto               ;
; Create Debugging Nodes for IP Cores                                        ; Off                ; Off                ;
; Preserve fewer node names                                                  ; On                 ; On                 ;
; Disable OpenCore Plus hardware evaluation                                  ; Off                ; Off                ;
; Verilog Version                                                            ; Verilog_2001       ; Verilog_2001       ;
; VHDL Version                                                               ; VHDL_1993          ; VHDL_1993          ;
; State Machine Processing                                                   ; Auto               ; Auto               ;
; Safe State Machine                                                         ; Off                ; Off                ;
; Extract Verilog State Machines                                             ; On                 ; On                 ;
; Extract VHDL State Machines                                                ; On                 ; On                 ;
; Ignore Verilog initial constructs                                          ; Off                ; Off                ;
; Iteration limit for constant Verilog loops                                 ; 5000               ; 5000               ;
; Iteration limit for non-constant Verilog loops                             ; 250                ; 250                ;
; Add Pass-Through Logic to Inferred RAMs                                    ; On                 ; On                 ;
; Parallel Synthesis                                                         ; On                 ; On                 ;
; DSP Block Balancing                                                        ; Auto               ; Auto               ;
; NOT Gate Push-Back                                                         ; On                 ; On                 ;
; Power-Up Don't Care                                                        ; On                 ; On                 ;
; Remove Redundant Logic Cells                                               ; Off                ; Off                ;
; Remove Duplicate Registers                                                 ; On                 ; On                 ;
; Ignore CARRY Buffers                                                       ; Off                ; Off                ;
; Ignore CASCADE Buffers                                                     ; Off                ; Off                ;
; Ignore GLOBAL Buffers                                                      ; Off                ; Off                ;
; Ignore ROW GLOBAL Buffers                                                  ; Off                ; Off                ;
; Ignore LCELL Buffers                                                       ; Off                ; Off                ;
; Ignore SOFT Buffers                                                        ; On                 ; On                 ;
; Limit AHDL Integers to 32 Bits                                             ; Off                ; Off                ;
; Optimization Technique                                                     ; Balanced           ; Balanced           ;
; Carry Chain Length                                                         ; 70                 ; 70                 ;
; Auto Carry Chains                                                          ; On                 ; On                 ;
; Auto Open-Drain Pins                                                       ; On                 ; On                 ;
; Perform WYSIWYG Primitive Resynthesis                                      ; Off                ; Off                ;
; Auto ROM Replacement                                                       ; On                 ; On                 ;
; Auto RAM Replacement                                                       ; On                 ; On                 ;
; Auto DSP Block Replacement                                                 ; On                 ; On                 ;
; Auto Shift Register Replacement                                            ; Auto               ; Auto               ;
; Auto Clock Enable Replacement                                              ; On                 ; On                 ;
; Strict RAM Replacement                                                     ; Off                ; Off                ;
; Allow Synchronous Control Signals                                          ; On                 ; On                 ;
; Force Use of Synchronous Clear Signals                                     ; Off                ; Off                ;
; Auto RAM Block Balancing                                                   ; On                 ; On                 ;
; Auto RAM to Logic Cell Conversion                                          ; Off                ; Off                ;
; Auto Resource Sharing                                                      ; Off                ; Off                ;
; Allow Any RAM Size For Recognition                                         ; Off                ; Off                ;
; Allow Any ROM Size For Recognition                                         ; Off                ; Off                ;
; Allow Any Shift Register Size For Recognition                              ; Off                ; Off                ;
; Use LogicLock Constraints during Resource Balancing                        ; On                 ; On                 ;
; Ignore translate_off and synthesis_off directives                          ; Off                ; Off                ;
; Timing-Driven Synthesis                                                    ; On                 ; On                 ;
; Show Parameter Settings Tables in Synthesis Report                         ; On                 ; On                 ;
; Ignore Maximum Fan-Out Assignments                                         ; Off                ; Off                ;
; Synchronization Register Chain Length                                      ; 2                  ; 2                  ;
; PowerPlay Power Optimization                                               ; Normal compilation ; Normal compilation ;
; HDL message level                                                          ; Level2             ; Level2             ;
; Suppress Register Optimization Related Messages                            ; Off                ; Off                ;
; Number of Removed Registers Reported in Synthesis Report                   ; 5000               ; 5000               ;
; Number of Inverted Registers Reported in Synthesis Report                  ; 100                ; 100                ;
; Clock MUX Protection                                                       ; On                 ; On                 ;
; Auto Gated Clock Conversion                                                ; Off                ; Off                ;
; Block Design Naming                                                        ; Auto               ; Auto               ;
; SDC constraint protection                                                  ; Off                ; Off                ;
; Synthesis Effort                                                           ; Auto               ; Auto               ;
; Shift Register Replacement - Allow Asynchronous Clear Signal               ; On                 ; On                 ;
; Analysis & Synthesis Message Level                                         ; Medium             ; Medium             ;
; Disable Register Merging Across Hierarchies                                ; Auto               ; Auto               ;
; Resource Aware Inference For Block RAM                                     ; On                 ; On                 ;
+----------------------------------------------------------------------------+--------------------+--------------------+


Parallel compilation was disabled, but you have multiple processors available. Enable parallel compilation to reduce compilation time.
+-------------------------------------+
; Parallel Compilation                ;
+----------------------------+--------+
; Processors                 ; Number ;
+----------------------------+--------+
; Number detected on machine ; 6      ;
; Maximum allowed            ; 1      ;
+----------------------------+--------+


+------------------------------------------------------------------------------------------------------------------------------------------------------------+
; Analysis & Synthesis Source Files Read                                                                                                                     ;
+----------------------------------+-----------------+------------------------------------+------------------------------------------------------------------+
; File Name with User-Entered Path ; Used in Netlist ; File Type                          ; File Name with Absolute Path                                     ;
+----------------------------------+-----------------+------------------------------------+------------------------------------------------------------------+
; CT2.tdf                          ; yes             ; User Wizard-Generated File         ; C:/Users/kychi/Desktop/ню+сю/CT2.tdf                             ;
; CT1.tdf                          ; yes             ; User Wizard-Generated File         ; C:/Users/kychi/Desktop/ню+сю/CT1.tdf                             ;
; KS1.tdf                          ; yes             ; User Wizard-Generated File         ; C:/Users/kychi/Desktop/ню+сю/KS1.tdf                             ;
; KS2XOR.tdf                       ; yes             ; User Wizard-Generated File         ; C:/Users/kychi/Desktop/ню+сю/KS2XOR.tdf                          ;
; Not6.tdf                         ; yes             ; User Wizard-Generated File         ; C:/Users/kychi/Desktop/ню+сю/Not6.tdf                            ;
; RG1.tdf                          ; yes             ; User Wizard-Generated File         ; C:/Users/kychi/Desktop/ню+сю/RG1.tdf                             ;
; RG2Left.tdf                      ; yes             ; User Wizard-Generated File         ; C:/Users/kychi/Desktop/ню+сю/RG2Left.tdf                         ;
; RG3.tdf                          ; yes             ; User Wizard-Generated File         ; C:/Users/kychi/Desktop/ню+сю/RG3.tdf                             ;
; SM1.tdf                          ; yes             ; User Wizard-Generated File         ; C:/Users/kychi/Desktop/ню+сю/SM1.tdf                             ;
; SM2.tdf                          ; yes             ; User Wizard-Generated File         ; C:/Users/kychi/Desktop/ню+сю/SM2.tdf                             ;
; courseProject.bdf                ; yes             ; User Block Diagram/Schematic File  ; C:/Users/kychi/Desktop/ню+сю/courseProject.bdf                   ;
; UAcourseProject.bdf              ; yes             ; User Block Diagram/Schematic File  ; C:/Users/kychi/Desktop/ню+сю/UAcourseProject.bdf                 ;
; lpm_counter.inc                  ; yes             ; Megafunction                       ; c:/altera/91sp2/quartus/libraries/megafunctions/lpm_counter.inc  ;
; lpm_xor.inc                      ; yes             ; Auto-Found AHDL File               ; c:/altera/91sp2/quartus/libraries/megafunctions/lpm_xor.inc      ;
; lpm_inv.inc                      ; yes             ; Auto-Found AHDL File               ; c:/altera/91sp2/quartus/libraries/megafunctions/lpm_inv.inc      ;
; lpm_ff.inc                       ; yes             ; Auto-Found AHDL File               ; c:/altera/91sp2/quartus/libraries/megafunctions/lpm_ff.inc       ;
; lpm_shiftreg.inc                 ; yes             ; Auto-Found AHDL File               ; c:/altera/91sp2/quartus/libraries/megafunctions/lpm_shiftreg.inc ;
; lpm_add_sub.inc                  ; yes             ; Megafunction                       ; c:/altera/91sp2/quartus/libraries/megafunctions/lpm_add_sub.inc  ;
; dc4.vhd                          ; yes             ; Auto-Found Wizard-Generated File   ; C:/Users/kychi/Desktop/ню+сю/dc4.vhd                             ;
; lpm_decode.tdf                   ; yes             ; Megafunction                       ; c:/altera/91sp2/quartus/libraries/megafunctions/lpm_decode.tdf   ;
; db/decode_lbf.tdf                ; yes             ; Auto-Generated Megafunction        ; C:/Users/kychi/Desktop/ню+сю/db/decode_lbf.tdf                   ;
; ct4pm.vhd                        ; yes             ; Auto-Found Wizard-Generated File   ; C:/Users/kychi/Desktop/ню+сю/ct4pm.vhd                           ;
; lpm_counter.tdf                  ; yes             ; Megafunction                       ; c:/altera/91sp2/quartus/libraries/megafunctions/lpm_counter.tdf  ;
; db/cntr_60j.tdf                  ; yes             ; Auto-Generated Megafunction        ; C:/Users/kychi/Desktop/ню+сю/db/cntr_60j.tdf                     ;
; reg.vhd                          ; yes             ; Auto-Found Wizard-Generated File   ; C:/Users/kychi/Desktop/ню+сю/reg.vhd                             ;
; lpm_ff.tdf                       ; yes             ; Megafunction                       ; c:/altera/91sp2/quartus/libraries/megafunctions/lpm_ff.tdf       ;
; lpm_inv.tdf                      ; yes             ; Megafunction                       ; c:/altera/91sp2/quartus/libraries/megafunctions/lpm_inv.tdf      ;
; db/cntr_qqj.tdf                  ; yes             ; Auto-Generated Megafunction        ; C:/Users/kychi/Desktop/ню+сю/db/cntr_qqj.tdf                     ;
; lpm_add_sub.tdf                  ; yes             ; Megafunction                       ; c:/altera/91sp2/quartus/libraries/megafunctions/lpm_add_sub.tdf  ;
; db/add_sub_d2i.tdf               ; yes             ; Auto-Generated Megafunction        ; C:/Users/kychi/Desktop/ню+сю/db/add_sub_d2i.tdf                  ;
; rg4.tdf                          ; yes             ; Auto-Found Wizard-Generated File   ; C:/Users/kychi/Desktop/ню+сю/rg4.tdf                             ;
; lpm_xor.tdf                      ; yes             ; Megafunction                       ; c:/altera/91sp2/quartus/libraries/megafunctions/lpm_xor.tdf      ;
; db/cntr_bdj.tdf                  ; yes             ; Auto-Generated Megafunction        ; C:/Users/kychi/Desktop/ню+сю/db/cntr_bdj.tdf                     ;
; lpm_shiftreg.tdf                 ; yes             ; Megafunction                       ; c:/altera/91sp2/quartus/libraries/megafunctions/lpm_shiftreg.tdf ;
; db/add_sub_q3i.tdf               ; yes             ; Auto-Generated Megafunction        ; C:/Users/kychi/Desktop/ню+сю/db/add_sub_q3i.tdf                  ;
+----------------------------------+-----------------+------------------------------------+------------------------------------------------------------------+


+---------------------------------------------------------+
; Analysis & Synthesis Resource Usage Summary             ;
+---------------------------------------------+-----------+
; Resource                                    ; Usage     ;
+---------------------------------------------+-----------+
; Estimated Total logic elements              ; 162       ;
;                                             ;           ;
; Total combinational functions               ; 156       ;
; Logic element usage by number of LUT inputs ;           ;
;     -- 4 input functions                    ; 37        ;
;     -- 3 input functions                    ; 54        ;
;     -- <=2 input functions                  ; 65        ;
;                                             ;           ;
; Logic elements by mode                      ;           ;
;     -- normal mode                          ; 118       ;
;     -- arithmetic mode                      ; 38        ;
;                                             ;           ;
; Total registers                             ; 87        ;
;     -- Dedicated logic registers            ; 87        ;
;     -- I/O registers                        ; 0         ;
;                                             ;           ;
; I/O pins                                    ; 59        ;
; Maximum fan-out node                        ; clk~input ;
; Maximum fan-out                             ; 81        ;
; Total fan-out                               ; 805       ;
; Average fan-out                             ; 2.23      ;
+---------------------------------------------+-----------+


+----------------------------------------------------------------------------------------------------------------------------------------------------------------------------------------------------------------------------------------------------------------------------------------+
; Analysis & Synthesis Resource Utilization by Entity                                                                                                                                                                                                                                    ;
+----------------------------------------------+-------------------+--------------+-------------+--------------+---------+-----------+------+--------------+--------------------------------------------------------------------------------------------------------------+--------------+
; Compilation Hierarchy Node                   ; LC Combinationals ; LC Registers ; Memory Bits ; DSP Elements ; DSP 9x9 ; DSP 18x18 ; Pins ; Virtual Pins ; Full Hierarchy Name                                                                                          ; Library Name ;
+----------------------------------------------+-------------------+--------------+-------------+--------------+---------+-----------+------+--------------+--------------------------------------------------------------------------------------------------------------+--------------+
; |courseProject                               ; 156 (15)          ; 87 (4)       ; 0           ; 0            ; 0       ; 0         ; 59   ; 0            ; |courseProject                                                                                               ; work         ;
;    |CT1:inst18|                              ; 12 (0)            ; 5 (0)        ; 0           ; 0            ; 0       ; 0         ; 0    ; 0            ; |courseProject|CT1:inst18                                                                                    ;              ;
;       |lpm_counter:lpm_counter_component|    ; 12 (0)            ; 5 (0)        ; 0           ; 0            ; 0       ; 0         ; 0    ; 0            ; |courseProject|CT1:inst18|lpm_counter:lpm_counter_component                                                  ; work         ;
;          |cntr_qqj:auto_generated|           ; 12 (12)           ; 5 (5)        ; 0           ; 0            ; 0       ; 0         ; 0    ; 0            ; |courseProject|CT1:inst18|lpm_counter:lpm_counter_component|cntr_qqj:auto_generated                          ; work         ;
;    |CT2:inst34|                              ; 5 (0)             ; 5 (0)        ; 0           ; 0            ; 0       ; 0         ; 0    ; 0            ; |courseProject|CT2:inst34                                                                                    ; work         ;
;       |lpm_counter:lpm_counter_component|    ; 5 (0)             ; 5 (0)        ; 0           ; 0            ; 0       ; 0         ; 0    ; 0            ; |courseProject|CT2:inst34|lpm_counter:lpm_counter_component                                                  ; work         ;
;          |cntr_bdj:auto_generated|           ; 5 (5)             ; 5 (5)        ; 0           ; 0            ; 0       ; 0         ; 0    ; 0            ; |courseProject|CT2:inst34|lpm_counter:lpm_counter_component|cntr_bdj:auto_generated                          ; work         ;
;    |KS1:inst9|                               ; 21 (0)            ; 0 (0)        ; 0           ; 0            ; 0       ; 0         ; 0    ; 0            ; |courseProject|KS1:inst9                                                                                     ; work         ;
;       |lpm_xor:lpm_xor_component|            ; 21 (21)           ; 0 (0)        ; 0           ; 0            ; 0       ; 0         ; 0    ; 0            ; |courseProject|KS1:inst9|lpm_xor:lpm_xor_component                                                           ; work         ;
;    |KS2XOR:inst25|                           ; 4 (0)             ; 0 (0)        ; 0           ; 0            ; 0       ; 0         ; 0    ; 0            ; |courseProject|KS2XOR:inst25                                                                                 ; work         ;
;       |lpm_xor:lpm_xor_component|            ; 4 (4)             ; 0 (0)        ; 0           ; 0            ; 0       ; 0         ; 0    ; 0            ; |courseProject|KS2XOR:inst25|lpm_xor:lpm_xor_component                                                       ; work         ;
;    |RG1:inst7|                               ; 22 (0)            ; 21 (0)       ; 0           ; 0            ; 0       ; 0         ; 0    ; 0            ; |courseProject|RG1:inst7                                                                                     ; work         ;
;       |lpm_ff:lpm_ff_component|              ; 22 (22)           ; 21 (21)      ; 0           ; 0            ; 0       ; 0         ; 0    ; 0            ; |courseProject|RG1:inst7|lpm_ff:lpm_ff_component                                                             ; work         ;
;    |RG2Left:inst|                            ; 20 (0)            ; 21 (0)       ; 0           ; 0            ; 0       ; 0         ; 0    ; 0            ; |courseProject|RG2Left:inst                                                                                  ; work         ;
;       |lpm_shiftreg:lpm_shiftreg_component|  ; 20 (20)           ; 21 (21)      ; 0           ; 0            ; 0       ; 0         ; 0    ; 0            ; |courseProject|RG2Left:inst|lpm_shiftreg:lpm_shiftreg_component                                              ; work         ;
;    |RG3:inst10|                              ; 11 (0)            ; 11 (0)       ; 0           ; 0            ; 0       ; 0         ; 0    ; 0            ; |courseProject|RG3:inst10                                                                                    ; work         ;
;       |lpm_shiftreg:lpm_shiftreg_component|  ; 11 (11)           ; 11 (11)      ; 0           ; 0            ; 0       ; 0         ; 0    ; 0            ; |courseProject|RG3:inst10|lpm_shiftreg:lpm_shiftreg_component                                                ; work         ;
;    |RG4:inst13|                              ; 0 (0)             ; 5 (0)        ; 0           ; 0            ; 0       ; 0         ; 0    ; 0            ; |courseProject|RG4:inst13                                                                                    ; work         ;
;       |lpm_ff:lpm_ff_component|              ; 0 (0)             ; 5 (5)        ; 0           ; 0            ; 0       ; 0         ; 0    ; 0            ; |courseProject|RG4:inst13|lpm_ff:lpm_ff_component                                                            ; work         ;
;    |SM2:inst17|                              ; 7 (0)             ; 0 (0)        ; 0           ; 0            ; 0       ; 0         ; 0    ; 0            ; |courseProject|SM2:inst17                                                                                    ; work         ;
;       |lpm_add_sub:lpm_add_sub_component|    ; 7 (0)             ; 0 (0)        ; 0           ; 0            ; 0       ; 0         ; 0    ; 0            ; |courseProject|SM2:inst17|lpm_add_sub:lpm_add_sub_component                                                  ; work         ;
;          |add_sub_d2i:auto_generated|        ; 7 (7)             ; 0 (0)        ; 0           ; 0            ; 0       ; 0         ; 0    ; 0            ; |courseProject|SM2:inst17|lpm_add_sub:lpm_add_sub_component|add_sub_d2i:auto_generated                       ; work         ;
;    |UAcourseProject:inst3|                   ; 39 (26)           ; 15 (0)       ; 0           ; 0            ; 0       ; 0         ; 0    ; 0            ; |courseProject|UAcourseProject:inst3                                                                         ;              ;
;       |ct4pm:UAinst2|                        ; 8 (0)             ; 4 (0)        ; 0           ; 0            ; 0       ; 0         ; 0    ; 0            ; |courseProject|UAcourseProject:inst3|ct4pm:UAinst2                                                           ; work         ;
;          |lpm_counter:lpm_counter_component| ; 8 (0)             ; 4 (0)        ; 0           ; 0            ; 0       ; 0         ; 0    ; 0            ; |courseProject|UAcourseProject:inst3|ct4pm:UAinst2|lpm_counter:lpm_counter_component                         ; work         ;
;             |cntr_60j:auto_generated|        ; 8 (8)             ; 4 (4)        ; 0           ; 0            ; 0       ; 0         ; 0    ; 0            ; |courseProject|UAcourseProject:inst3|ct4pm:UAinst2|lpm_counter:lpm_counter_component|cntr_60j:auto_generated ; work         ;
;       |dc4:UAinst|                           ; 5 (0)             ; 0 (0)        ; 0           ; 0            ; 0       ; 0         ; 0    ; 0            ; |courseProject|UAcourseProject:inst3|dc4:UAinst                                                              ; work         ;
;          |lpm_decode:lpm_decode_component|   ; 5 (0)             ; 0 (0)        ; 0           ; 0            ; 0       ; 0         ; 0    ; 0            ; |courseProject|UAcourseProject:inst3|dc4:UAinst|lpm_decode:lpm_decode_component                              ; work         ;
;             |decode_lbf:auto_generated|      ; 5 (5)             ; 0 (0)        ; 0           ; 0            ; 0       ; 0         ; 0    ; 0            ; |courseProject|UAcourseProject:inst3|dc4:UAinst|lpm_decode:lpm_decode_component|decode_lbf:auto_generated    ;              ;
;       |reg:inst31|                           ; 0 (0)             ; 11 (0)       ; 0           ; 0            ; 0       ; 0         ; 0    ; 0            ; |courseProject|UAcourseProject:inst3|reg:inst31                                                              ;              ;
;          |lpm_ff:lpm_ff_component|           ; 0 (0)             ; 11 (11)      ; 0           ; 0            ; 0       ; 0         ; 0    ; 0            ; |courseProject|UAcourseProject:inst3|reg:inst31|lpm_ff:lpm_ff_component                                      ; work         ;
+----------------------------------------------+-------------------+--------------+-------------+--------------+---------+-----------+------+--------------+--------------------------------------------------------------------------------------------------------------+--------------+
Note: For table entries with two numbers listed, the numbers in parentheses indicate the number of resources of the given type used by the specific entity alone. The numbers listed outside of parentheses indicate the total resources of the given type used by the specific entity and all of its sub-entities in the hierarchy.


+-----------------------------------------------------------------------------------------------------------+
; Registers Removed During Synthesis                                                                        ;
+------------------------------------------------------------------+----------------------------------------+
; Register name                                                    ; Reason for Removal                     ;
+------------------------------------------------------------------+----------------------------------------+
; UAcourseProject:inst3|reg:inst31|lpm_ff:lpm_ff_component|dffs[7] ; Stuck at GND due to stuck port data_in ;
; Total Number of Removed Registers = 1                            ;                                        ;
+------------------------------------------------------------------+----------------------------------------+


+------------------------------------------------------+
; General Register Statistics                          ;
+----------------------------------------------+-------+
; Statistic                                    ; Value ;
+----------------------------------------------+-------+
; Total registers                              ; 87    ;
; Number of registers using Synchronous Clear  ; 0     ;
; Number of registers using Synchronous Load   ; 14    ;
; Number of registers using Asynchronous Clear ; 5     ;
; Number of registers using Asynchronous Load  ; 0     ;
; Number of registers using Clock Enable       ; 67    ;
; Number of registers using Preset             ; 0     ;
+----------------------------------------------+-------+


+----------------------------------------------------------------------------------------------+
; Source assignments for UAcourseProject:inst3|ct4pm:UAinst2|lpm_counter:lpm_counter_component ;
+---------------------------+-------+------+---------------------------------------------------+
; Assignment                ; Value ; From ; To                                                ;
+---------------------------+-------+------+---------------------------------------------------+
; SUPPRESS_DA_RULE_INTERNAL ; a101  ; -    ; -                                                 ;
; SUPPRESS_DA_RULE_INTERNAL ; s102  ; -    ; -                                                 ;
; SUPPRESS_DA_RULE_INTERNAL ; s103  ; -    ; -                                                 ;
+---------------------------+-------+------+---------------------------------------------------+


+---------------------------------------------------------------------+
; Source assignments for CT1:inst18|lpm_counter:lpm_counter_component ;
+---------------------------+-------+------+--------------------------+
; Assignment                ; Value ; From ; To                       ;
+---------------------------+-------+------+--------------------------+
; SUPPRESS_DA_RULE_INTERNAL ; a101  ; -    ; -                        ;
; SUPPRESS_DA_RULE_INTERNAL ; s102  ; -    ; -                        ;
; SUPPRESS_DA_RULE_INTERNAL ; s103  ; -    ; -                        ;
+---------------------------+-------+------+--------------------------+


+---------------------------------------------------------------------+
; Source assignments for CT2:inst34|lpm_counter:lpm_counter_component ;
+---------------------------+-------+------+--------------------------+
; Assignment                ; Value ; From ; To                       ;
+---------------------------+-------+------+--------------------------+
; SUPPRESS_DA_RULE_INTERNAL ; a101  ; -    ; -                        ;
; SUPPRESS_DA_RULE_INTERNAL ; s102  ; -    ; -                        ;
; SUPPRESS_DA_RULE_INTERNAL ; s103  ; -    ; -                        ;
+---------------------------+-------+------+--------------------------+


+---------------------------------------------------------------------------------------------------------------+
; Parameter Settings for User Entity Instance: UAcourseProject:inst3|dc4:UAinst|lpm_decode:lpm_decode_component ;
+------------------------+-------------+------------------------------------------------------------------------+
; Parameter Name         ; Value       ; Type                                                                   ;
+------------------------+-------------+------------------------------------------------------------------------+
; LPM_WIDTH              ; 4           ; Signed Integer                                                         ;
; LPM_DECODES            ; 16          ; Signed Integer                                                         ;
; LPM_PIPELINE           ; 0           ; Untyped                                                                ;
; CASCADE_CHAIN          ; MANUAL      ; Untyped                                                                ;
; DEVICE_FAMILY          ; Cyclone III ; Untyped                                                                ;
; CBXI_PARAMETER         ; decode_lbf  ; Untyped                                                                ;
; AUTO_CARRY_CHAINS      ; ON          ; AUTO_CARRY                                                             ;
; IGNORE_CARRY_BUFFERS   ; OFF         ; IGNORE_CARRY                                                           ;
; AUTO_CASCADE_CHAINS    ; ON          ; AUTO_CASCADE                                                           ;
; IGNORE_CASCADE_BUFFERS ; OFF         ; IGNORE_CASCADE                                                         ;
+------------------------+-------------+------------------------------------------------------------------------+
Note: In order to hide this table in the UI and the text report file, please set the "Show Parameter Settings Tables in Synthesis Report" option in "Analysis and Synthesis Settings -> More Settings" to "Off".


+--------------------------------------------------------------------------------------------------------------------+
; Parameter Settings for User Entity Instance: UAcourseProject:inst3|ct4pm:UAinst2|lpm_counter:lpm_counter_component ;
+------------------------+-------------+-----------------------------------------------------------------------------+
; Parameter Name         ; Value       ; Type                                                                        ;
+------------------------+-------------+-----------------------------------------------------------------------------+
; AUTO_CARRY_CHAINS      ; ON          ; AUTO_CARRY                                                                  ;
; IGNORE_CARRY_BUFFERS   ; OFF         ; IGNORE_CARRY                                                                ;
; AUTO_CASCADE_CHAINS    ; ON          ; AUTO_CASCADE                                                                ;
; IGNORE_CASCADE_BUFFERS ; OFF         ; IGNORE_CASCADE                                                              ;
; LPM_WIDTH              ; 4           ; Signed Integer                                                              ;
; LPM_DIRECTION          ; DEFAULT     ; Untyped                                                                     ;
; LPM_MODULUS            ; 0           ; Untyped                                                                     ;
; LPM_AVALUE             ; UNUSED      ; Untyped                                                                     ;
; LPM_SVALUE             ; UNUSED      ; Untyped                                                                     ;
; LPM_PORT_UPDOWN        ; PORT_USED   ; Untyped                                                                     ;
; DEVICE_FAMILY          ; Cyclone III ; Untyped                                                                     ;
; CARRY_CHAIN            ; MANUAL      ; Untyped                                                                     ;
; CARRY_CHAIN_LENGTH     ; 48          ; CARRY_CHAIN_LENGTH                                                          ;
; NOT_GATE_PUSH_BACK     ; ON          ; NOT_GATE_PUSH_BACK                                                          ;
; CARRY_CNT_EN           ; SMART       ; Untyped                                                                     ;
; LABWIDE_SCLR           ; ON          ; Untyped                                                                     ;
; USE_NEW_VERSION        ; TRUE        ; Untyped                                                                     ;
; CBXI_PARAMETER         ; cntr_60j    ; Untyped                                                                     ;
+------------------------+-------------+-----------------------------------------------------------------------------+
Note: In order to hide this table in the UI and the text report file, please set the "Show Parameter Settings Tables in Synthesis Report" option in "Analysis and Synthesis Settings -> More Settings" to "Off".


+-------------------------------------------------------------------------------------------------------+
; Parameter Settings for User Entity Instance: UAcourseProject:inst3|reg:inst31|lpm_ff:lpm_ff_component ;
+------------------------+-------------+----------------------------------------------------------------+
; Parameter Name         ; Value       ; Type                                                           ;
+------------------------+-------------+----------------------------------------------------------------+
; LPM_WIDTH              ; 12          ; Signed Integer                                                 ;
; LPM_AVALUE             ; UNUSED      ; Untyped                                                        ;
; LPM_SVALUE             ; UNUSED      ; Untyped                                                        ;
; LPM_FFTYPE             ; DFF         ; Untyped                                                        ;
; DEVICE_FAMILY          ; Cyclone III ; Untyped                                                        ;
; CBXI_PARAMETER         ; NOTHING     ; Untyped                                                        ;
; AUTO_CARRY_CHAINS      ; ON          ; AUTO_CARRY                                                     ;
; IGNORE_CARRY_BUFFERS   ; OFF         ; IGNORE_CARRY                                                   ;
; AUTO_CASCADE_CHAINS    ; ON          ; AUTO_CASCADE                                                   ;
; IGNORE_CASCADE_BUFFERS ; OFF         ; IGNORE_CASCADE                                                 ;
+------------------------+-------------+----------------------------------------------------------------+
Note: In order to hide this table in the UI and the text report file, please set the "Show Parameter Settings Tables in Synthesis Report" option in "Analysis and Synthesis Settings -> More Settings" to "Off".


+------------------------------------------------------------------------------------+
; Parameter Settings for User Entity Instance: Not6:inst32|lpm_inv:lpm_inv_component ;
+----------------+-------+-----------------------------------------------------------+
; Parameter Name ; Value ; Type                                                      ;
+----------------+-------+-----------------------------------------------------------+
; LPM_WIDTH      ; 4     ; Untyped                                                   ;
+----------------+-------+-----------------------------------------------------------+
Note: In order to hide this table in the UI and the text report file, please set the "Show Parameter Settings Tables in Synthesis Report" option in "Analysis and Synthesis Settings -> More Settings" to "Off".


+-------------------------------------------------------------------------------------------+
; Parameter Settings for User Entity Instance: CT1:inst18|lpm_counter:lpm_counter_component ;
+------------------------+-------------+----------------------------------------------------+
; Parameter Name         ; Value       ; Type                                               ;
+------------------------+-------------+----------------------------------------------------+
; AUTO_CARRY_CHAINS      ; ON          ; AUTO_CARRY                                         ;
; IGNORE_CARRY_BUFFERS   ; OFF         ; IGNORE_CARRY                                       ;
; AUTO_CASCADE_CHAINS    ; ON          ; AUTO_CASCADE                                       ;
; IGNORE_CASCADE_BUFFERS ; OFF         ; IGNORE_CASCADE                                     ;
; LPM_WIDTH              ; 5           ; Untyped                                            ;
; LPM_DIRECTION          ; UP          ; Untyped                                            ;
; LPM_MODULUS            ; 0           ; Untyped                                            ;
; LPM_AVALUE             ; UNUSED      ; Untyped                                            ;
; LPM_SVALUE             ; UNUSED      ; Untyped                                            ;
; LPM_PORT_UPDOWN        ; PORT_UNUSED ; Untyped                                            ;
; DEVICE_FAMILY          ; Cyclone III ; Untyped                                            ;
; CARRY_CHAIN            ; MANUAL      ; Untyped                                            ;
; CARRY_CHAIN_LENGTH     ; 48          ; CARRY_CHAIN_LENGTH                                 ;
; NOT_GATE_PUSH_BACK     ; ON          ; NOT_GATE_PUSH_BACK                                 ;
; CARRY_CNT_EN           ; SMART       ; Untyped                                            ;
; LABWIDE_SCLR           ; ON          ; Untyped                                            ;
; USE_NEW_VERSION        ; TRUE        ; Untyped                                            ;
; CBXI_PARAMETER         ; cntr_qqj    ; Untyped                                            ;
+------------------------+-------------+----------------------------------------------------+
Note: In order to hide this table in the UI and the text report file, please set the "Show Parameter Settings Tables in Synthesis Report" option in "Analysis and Synthesis Settings -> More Settings" to "Off".


+-------------------------------------------------------------------------------------------+
; Parameter Settings for User Entity Instance: SM2:inst17|lpm_add_sub:lpm_add_sub_component ;
+------------------------+-------------+----------------------------------------------------+
; Parameter Name         ; Value       ; Type                                               ;
+------------------------+-------------+----------------------------------------------------+
; LPM_WIDTH              ; 6           ; Untyped                                            ;
; LPM_REPRESENTATION     ; UNSIGNED    ; Untyped                                            ;
; LPM_DIRECTION          ; ADD         ; Untyped                                            ;
; ONE_INPUT_IS_CONSTANT  ; NO          ; Untyped                                            ;
; LPM_PIPELINE           ; 0           ; Untyped                                            ;
; MAXIMIZE_SPEED         ; 5           ; Untyped                                            ;
; REGISTERED_AT_END      ; 0           ; Untyped                                            ;
; OPTIMIZE_FOR_SPEED     ; 5           ; Untyped                                            ;
; USE_CS_BUFFERS         ; 1           ; Untyped                                            ;
; CARRY_CHAIN            ; MANUAL      ; Untyped                                            ;
; CARRY_CHAIN_LENGTH     ; 48          ; CARRY_CHAIN_LENGTH                                 ;
; DEVICE_FAMILY          ; Cyclone III ; Untyped                                            ;
; USE_WYS                ; OFF         ; Untyped                                            ;
; STYLE                  ; FAST        ; Untyped                                            ;
; CBXI_PARAMETER         ; add_sub_d2i ; Untyped                                            ;
; AUTO_CARRY_CHAINS      ; ON          ; AUTO_CARRY                                         ;
; IGNORE_CARRY_BUFFERS   ; OFF         ; IGNORE_CARRY                                       ;
; AUTO_CASCADE_CHAINS    ; ON          ; AUTO_CASCADE                                       ;
; IGNORE_CASCADE_BUFFERS ; OFF         ; IGNORE_CASCADE                                     ;
+------------------------+-------------+----------------------------------------------------+
Note: In order to hide this table in the UI and the text report file, please set the "Show Parameter Settings Tables in Synthesis Report" option in "Analysis and Synthesis Settings -> More Settings" to "Off".


+---------------------------------------------------------------------------------+
; Parameter Settings for User Entity Instance: RG4:inst13|lpm_ff:lpm_ff_component ;
+------------------------+-------------+------------------------------------------+
; Parameter Name         ; Value       ; Type                                     ;
+------------------------+-------------+------------------------------------------+
; LPM_WIDTH              ; 5           ; Untyped                                  ;
; LPM_AVALUE             ; UNUSED      ; Untyped                                  ;
; LPM_SVALUE             ; UNUSED      ; Untyped                                  ;
; LPM_FFTYPE             ; DFF         ; Untyped                                  ;
; DEVICE_FAMILY          ; Cyclone III ; Untyped                                  ;
; CBXI_PARAMETER         ; NOTHING     ; Untyped                                  ;
; AUTO_CARRY_CHAINS      ; ON          ; AUTO_CARRY                               ;
; IGNORE_CARRY_BUFFERS   ; OFF         ; IGNORE_CARRY                             ;
; AUTO_CASCADE_CHAINS    ; ON          ; AUTO_CASCADE                             ;
; IGNORE_CASCADE_BUFFERS ; OFF         ; IGNORE_CASCADE                           ;
+------------------------+-------------+------------------------------------------+
Note: In order to hide this table in the UI and the text report file, please set the "Show Parameter Settings Tables in Synthesis Report" option in "Analysis and Synthesis Settings -> More Settings" to "Off".


+--------------------------------------------------------------------------------------+
; Parameter Settings for User Entity Instance: KS2XOR:inst25|lpm_xor:lpm_xor_component ;
+----------------+-------+-------------------------------------------------------------+
; Parameter Name ; Value ; Type                                                        ;
+----------------+-------+-------------------------------------------------------------+
; LPM_WIDTH      ; 4     ; Untyped                                                     ;
; LPM_SIZE       ; 2     ; Untyped                                                     ;
+----------------+-------+-------------------------------------------------------------+
Note: In order to hide this table in the UI and the text report file, please set the "Show Parameter Settings Tables in Synthesis Report" option in "Analysis and Synthesis Settings -> More Settings" to "Off".


+-------------------------------------------------------------------------------------------+
; Parameter Settings for User Entity Instance: CT2:inst34|lpm_counter:lpm_counter_component ;
+------------------------+-------------+----------------------------------------------------+
; Parameter Name         ; Value       ; Type                                               ;
+------------------------+-------------+----------------------------------------------------+
; AUTO_CARRY_CHAINS      ; ON          ; AUTO_CARRY                                         ;
; IGNORE_CARRY_BUFFERS   ; OFF         ; IGNORE_CARRY                                       ;
; AUTO_CASCADE_CHAINS    ; ON          ; AUTO_CASCADE                                       ;
; IGNORE_CASCADE_BUFFERS ; OFF         ; IGNORE_CASCADE                                     ;
; LPM_WIDTH              ; 5           ; Untyped                                            ;
; LPM_DIRECTION          ; UP          ; Untyped                                            ;
; LPM_MODULUS            ; 0           ; Untyped                                            ;
; LPM_AVALUE             ; UNUSED      ; Untyped                                            ;
; LPM_SVALUE             ; 5           ; Untyped                                            ;
; LPM_PORT_UPDOWN        ; PORT_UNUSED ; Untyped                                            ;
; DEVICE_FAMILY          ; Cyclone III ; Untyped                                            ;
; CARRY_CHAIN            ; MANUAL      ; Untyped                                            ;
; CARRY_CHAIN_LENGTH     ; 48          ; CARRY_CHAIN_LENGTH                                 ;
; NOT_GATE_PUSH_BACK     ; ON          ; NOT_GATE_PUSH_BACK                                 ;
; CARRY_CNT_EN           ; SMART       ; Untyped                                            ;
; LABWIDE_SCLR           ; ON          ; Untyped                                            ;
; USE_NEW_VERSION        ; TRUE        ; Untyped                                            ;
; CBXI_PARAMETER         ; cntr_bdj    ; Untyped                                            ;
+------------------------+-------------+----------------------------------------------------+
Note: In order to hide this table in the UI and the text report file, please set the "Show Parameter Settings Tables in Synthesis Report" option in "Analysis and Synthesis Settings -> More Settings" to "Off".


+---------------------------------------------------------------------------------------------+
; Parameter Settings for User Entity Instance: RG3:inst10|lpm_shiftreg:lpm_shiftreg_component ;
+------------------------+-------------+------------------------------------------------------+
; Parameter Name         ; Value       ; Type                                                 ;
+------------------------+-------------+------------------------------------------------------+
; LPM_WIDTH              ; 11          ; Untyped                                              ;
; LPM_DIRECTION          ; LEFT        ; Untyped                                              ;
; LPM_AVALUE             ; UNUSED      ; Untyped                                              ;
; LPM_SVALUE             ; UNUSED      ; Untyped                                              ;
; DEVICE_FAMILY          ; Cyclone III ; Untyped                                              ;
; AUTO_CARRY_CHAINS      ; ON          ; AUTO_CARRY                                           ;
; IGNORE_CARRY_BUFFERS   ; OFF         ; IGNORE_CARRY                                         ;
; AUTO_CASCADE_CHAINS    ; ON          ; AUTO_CASCADE                                         ;
; IGNORE_CASCADE_BUFFERS ; OFF         ; IGNORE_CASCADE                                       ;
+------------------------+-------------+------------------------------------------------------+
Note: In order to hide this table in the UI and the text report file, please set the "Show Parameter Settings Tables in Synthesis Report" option in "Analysis and Synthesis Settings -> More Settings" to "Off".


+--------------------------------------------------------------------------------+
; Parameter Settings for User Entity Instance: RG1:inst7|lpm_ff:lpm_ff_component ;
+------------------------+-------------+-----------------------------------------+
; Parameter Name         ; Value       ; Type                                    ;
+------------------------+-------------+-----------------------------------------+
; LPM_WIDTH              ; 21          ; Untyped                                 ;
; LPM_AVALUE             ; UNUSED      ; Untyped                                 ;
; LPM_SVALUE             ; UNUSED      ; Untyped                                 ;
; LPM_FFTYPE             ; DFF         ; Untyped                                 ;
; DEVICE_FAMILY          ; Cyclone III ; Untyped                                 ;
; CBXI_PARAMETER         ; NOTHING     ; Untyped                                 ;
; AUTO_CARRY_CHAINS      ; ON          ; AUTO_CARRY                              ;
; IGNORE_CARRY_BUFFERS   ; OFF         ; IGNORE_CARRY                            ;
; AUTO_CASCADE_CHAINS    ; ON          ; AUTO_CASCADE                            ;
; IGNORE_CASCADE_BUFFERS ; OFF         ; IGNORE_CASCADE                          ;
+------------------------+-------------+-----------------------------------------+
Note: In order to hide this table in the UI and the text report file, please set the "Show Parameter Settings Tables in Synthesis Report" option in "Analysis and Synthesis Settings -> More Settings" to "Off".


+------------------------------------------------------------------------------------------+
; Parameter Settings for User Entity Instance: SM1:inst6|lpm_add_sub:lpm_add_sub_component ;
+------------------------+-------------+---------------------------------------------------+
; Parameter Name         ; Value       ; Type                                              ;
+------------------------+-------------+---------------------------------------------------+
; LPM_WIDTH              ; 21          ; Untyped                                           ;
; LPM_REPRESENTATION     ; UNSIGNED    ; Untyped                                           ;
; LPM_DIRECTION          ; ADD         ; Untyped                                           ;
; ONE_INPUT_IS_CONSTANT  ; NO          ; Untyped                                           ;
; LPM_PIPELINE           ; 0           ; Untyped                                           ;
; MAXIMIZE_SPEED         ; 5           ; Untyped                                           ;
; REGISTERED_AT_END      ; 0           ; Untyped                                           ;
; OPTIMIZE_FOR_SPEED     ; 5           ; Untyped                                           ;
; USE_CS_BUFFERS         ; 1           ; Untyped                                           ;
; CARRY_CHAIN            ; MANUAL      ; Untyped                                           ;
; CARRY_CHAIN_LENGTH     ; 48          ; CARRY_CHAIN_LENGTH                                ;
; DEVICE_FAMILY          ; Cyclone III ; Untyped                                           ;
; USE_WYS                ; OFF         ; Untyped                                           ;
; STYLE                  ; FAST        ; Untyped                                           ;
; CBXI_PARAMETER         ; add_sub_q3i ; Untyped                                           ;
; AUTO_CARRY_CHAINS      ; ON          ; AUTO_CARRY                                        ;
; IGNORE_CARRY_BUFFERS   ; OFF         ; IGNORE_CARRY                                      ;
; AUTO_CASCADE_CHAINS    ; ON          ; AUTO_CASCADE                                      ;
; IGNORE_CASCADE_BUFFERS ; OFF         ; IGNORE_CASCADE                                    ;
+------------------------+-------------+---------------------------------------------------+
Note: In order to hide this table in the UI and the text report file, please set the "Show Parameter Settings Tables in Synthesis Report" option in "Analysis and Synthesis Settings -> More Settings" to "Off".


+----------------------------------------------------------------------------------+
; Parameter Settings for User Entity Instance: KS1:inst9|lpm_xor:lpm_xor_component ;
+----------------+-------+---------------------------------------------------------+
; Parameter Name ; Value ; Type                                                    ;
+----------------+-------+---------------------------------------------------------+
; LPM_WIDTH      ; 21    ; Untyped                                                 ;
; LPM_SIZE       ; 2     ; Untyped                                                 ;
+----------------+-------+---------------------------------------------------------+
Note: In order to hide this table in the UI and the text report file, please set the "Show Parameter Settings Tables in Synthesis Report" option in "Analysis and Synthesis Settings -> More Settings" to "Off".


+-----------------------------------------------------------------------------------------------+
; Parameter Settings for User Entity Instance: RG2Left:inst|lpm_shiftreg:lpm_shiftreg_component ;
+------------------------+-------------+--------------------------------------------------------+
; Parameter Name         ; Value       ; Type                                                   ;
+------------------------+-------------+--------------------------------------------------------+
; LPM_WIDTH              ; 21          ; Untyped                                                ;
; LPM_DIRECTION          ; RIGHT       ; Untyped                                                ;
; LPM_AVALUE             ; UNUSED      ; Untyped                                                ;
; LPM_SVALUE             ; UNUSED      ; Untyped                                                ;
; DEVICE_FAMILY          ; Cyclone III ; Untyped                                                ;
; AUTO_CARRY_CHAINS      ; ON          ; AUTO_CARRY                                             ;
; IGNORE_CARRY_BUFFERS   ; OFF         ; IGNORE_CARRY                                           ;
; AUTO_CASCADE_CHAINS    ; ON          ; AUTO_CASCADE                                           ;
; IGNORE_CASCADE_BUFFERS ; OFF         ; IGNORE_CASCADE                                         ;
+------------------------+-------------+--------------------------------------------------------+
Note: In order to hide this table in the UI and the text report file, please set the "Show Parameter Settings Tables in Synthesis Report" option in "Analysis and Synthesis Settings -> More Settings" to "Off".


+--------------------------------------------------------------------------------------+
; Parameter Settings for User Entity Instance: KS2XOR:inst33|lpm_xor:lpm_xor_component ;
+----------------+-------+-------------------------------------------------------------+
; Parameter Name ; Value ; Type                                                        ;
+----------------+-------+-------------------------------------------------------------+
; LPM_WIDTH      ; 4     ; Untyped                                                     ;
; LPM_SIZE       ; 2     ; Untyped                                                     ;
+----------------+-------+-------------------------------------------------------------+
Note: In order to hide this table in the UI and the text report file, please set the "Show Parameter Settings Tables in Synthesis Report" option in "Analysis and Synthesis Settings -> More Settings" to "Off".


+-------------------------------------------------------------------------------+
; lpm_shiftreg Parameter Settings by Entity Instance                            ;
+----------------------------+--------------------------------------------------+
; Name                       ; Value                                            ;
+----------------------------+--------------------------------------------------+
; Number of entity instances ; 2                                                ;
; Entity Instance            ; RG3:inst10|lpm_shiftreg:lpm_shiftreg_component   ;
;     -- LPM_WIDTH           ; 11                                               ;
;     -- LPM_DIRECTION       ; LEFT                                             ;
; Entity Instance            ; RG2Left:inst|lpm_shiftreg:lpm_shiftreg_component ;
;     -- LPM_WIDTH           ; 21                                               ;
;     -- LPM_DIRECTION       ; RIGHT                                            ;
+----------------------------+--------------------------------------------------+


+-------------------------------+
; Analysis & Synthesis Messages ;
+-------------------------------+
Info: *******************************************************************
Info: Running Quartus II Analysis & Synthesis
    Info: Version 9.1 Build 350 03/24/2010 Service Pack 2 SJ Web Edition
    Info: Processing started: Wed Apr 28 19:21:13 2021
Info: Command: quartus_map --read_settings_files=on --write_settings_files=off courseProject -c courseProject
Warning: Can't analyze file -- file ../йСПЯЮВ2/reg.vhd is missing
Warning: Can't analyze file -- file ../йСПЯЮВ2/dc4.vhd is missing
Warning: Can't analyze file -- file ../йСПЯЮВ2/CT4pm.vhd is missing
Info: Found 1 design units, including 1 entities, in source file ct2.tdf
    Info: Found entity 1: CT2
Info: Found 1 design units, including 1 entities, in source file ct1.tdf
    Info: Found entity 1: CT1
Info: Found 1 design units, including 1 entities, in source file ks1.tdf
    Info: Found entity 1: KS1
Info: Found 1 design units, including 1 entities, in source file ks2xor.tdf
    Info: Found entity 1: KS2XOR
Info: Found 1 design units, including 1 entities, in source file muxrg1.tdf
    Info: Found entity 1: MuxRG1
Info: Found 1 design units, including 1 entities, in source file not6.tdf
    Info: Found entity 1: Not6
Info: Found 1 design units, including 1 entities, in source file rg1.tdf
    Info: Found entity 1: RG1
Info: Found 1 design units, including 1 entities, in source file rg2left.tdf
    Info: Found entity 1: RG2Left
Info: Found 1 design units, including 1 entities, in source file rg3.tdf
    Info: Found entity 1: RG3
Info: Found 1 design units, including 1 entities, in source file sm1.tdf
    Info: Found entity 1: SM1
Info: Found 1 design units, including 1 entities, in source file sm2.tdf
    Info: Found entity 1: SM2
Warning: Can't analyze file -- file z.v is missing
Info: Found 1 design units, including 1 entities, in source file courseproject.bdf
    Info: Found entity 1: courseProject
Info: Found 1 design units, including 1 entities, in source file uacourseproject.bdf
    Info: Found entity 1: UAcourseProject
Info: Elaborating entity "courseProject" for the top level hierarchy
Info: Elaborating entity "UAcourseProject" for hierarchy "UAcourseProject:inst3"
Warning: No superset bus at connection
Warning: Primitive "NOT" of instance "inst10" not used
Warning: Primitive "NOT" of instance "inst11" not used
Warning: Primitive "NOT" of instance "inst7" not used
Warning: Using design file dc4.vhd, which is not specified as a design file for the current project, but contains definitions for 2 design units and 1 entities in project
    Info: Found design unit 1: dc4-SYN
    Info: Found entity 1: dc4
Info: Elaborating entity "dc4" for hierarchy "UAcourseProject:inst3|dc4:UAinst"
Info: Elaborating entity "lpm_decode" for hierarchy "UAcourseProject:inst3|dc4:UAinst|lpm_decode:lpm_decode_component"
Info: Elaborated megafunction instantiation "UAcourseProject:inst3|dc4:UAinst|lpm_decode:lpm_decode_component"
Info: Instantiated megafunction "UAcourseProject:inst3|dc4:UAinst|lpm_decode:lpm_decode_component" with the following parameter:
    Info: Parameter "lpm_decodes" = "16"
    Info: Parameter "lpm_type" = "LPM_DECODE"
    Info: Parameter "lpm_width" = "4"
Info: Found 1 design units, including 1 entities, in source file db/decode_lbf.tdf
    Info: Found entity 1: decode_lbf
Info: Elaborating entity "decode_lbf" for hierarchy "UAcourseProject:inst3|dc4:UAinst|lpm_decode:lpm_decode_component|decode_lbf:auto_generated"
Warning: Using design file ct4pm.vhd, which is not specified as a design file for the current project, but contains definitions for 2 design units and 1 entities in project
    Info: Found design unit 1: ct4pm-SYN
    Info: Found entity 1: ct4pm
Info: Elaborating entity "ct4pm" for hierarchy "UAcourseProject:inst3|ct4pm:UAinst2"
Info: Elaborating entity "lpm_counter" for hierarchy "UAcourseProject:inst3|ct4pm:UAinst2|lpm_counter:lpm_counter_component"
Info: Elaborated megafunction instantiation "UAcourseProject:inst3|ct4pm:UAinst2|lpm_counter:lpm_counter_component"
Info: Instantiated megafunction "UAcourseProject:inst3|ct4pm:UAinst2|lpm_counter:lpm_counter_component" with the following parameter:
    Info: Parameter "lpm_direction" = "UNUSED"
    Info: Parameter "lpm_port_updown" = "PORT_USED"
    Info: Parameter "lpm_type" = "LPM_COUNTER"
    Info: Parameter "lpm_width" = "4"
Info: Found 1 design units, including 1 entities, in source file db/cntr_60j.tdf
    Info: Found entity 1: cntr_60j
Info: Elaborating entity "cntr_60j" for hierarchy "UAcourseProject:inst3|ct4pm:UAinst2|lpm_counter:lpm_counter_component|cntr_60j:auto_generated"
Warning: Using design file reg.vhd, which is not specified as a design file for the current project, but contains definitions for 2 design units and 1 entities in project
    Info: Found design unit 1: reg-SYN
    Info: Found entity 1: reg
Info: Elaborating entity "reg" for hierarchy "UAcourseProject:inst3|reg:inst31"
Info: Elaborating entity "lpm_ff" for hierarchy "UAcourseProject:inst3|reg:inst31|lpm_ff:lpm_ff_component"
Info: Elaborated megafunction instantiation "UAcourseProject:inst3|reg:inst31|lpm_ff:lpm_ff_component"
Info: Instantiated megafunction "UAcourseProject:inst3|reg:inst31|lpm_ff:lpm_ff_component" with the following parameter:
    Info: Parameter "lpm_fftype" = "DFF"
    Info: Parameter "lpm_type" = "LPM_FF"
    Info: Parameter "lpm_width" = "12"
Info: Elaborating entity "Not6" for hierarchy "Not6:inst32"
Info: Elaborating entity "lpm_inv" for hierarchy "Not6:inst32|lpm_inv:lpm_inv_component"
Info: Elaborated megafunction instantiation "Not6:inst32|lpm_inv:lpm_inv_component"
Info: Instantiated megafunction "Not6:inst32|lpm_inv:lpm_inv_component" with the following parameter:
    Info: Parameter "LPM_TYPE" = "LPM_INV"
    Info: Parameter "LPM_WIDTH" = "4"
Info: Elaborating entity "CT1" for hierarchy "CT1:inst18"
Info: Elaborating entity "lpm_counter" for hierarchy "CT1:inst18|lpm_counter:lpm_counter_component"
Info: Elaborated megafunction instantiation "CT1:inst18|lpm_counter:lpm_counter_component"
Info: Instantiated megafunction "CT1:inst18|lpm_counter:lpm_counter_component" with the following parameter:
    Info: Parameter "LPM_TYPE" = "LPM_COUNTER"
    Info: Parameter "LPM_WIDTH" = "5"
    Info: Parameter "LPM_DIRECTION" = "UP"
    Info: Parameter "LPM_PORT_UPDOWN" = "PORT_UNUSED"
Info: Found 1 design units, including 1 entities, in source file db/cntr_qqj.tdf
    Info: Found entity 1: cntr_qqj
Info: Elaborating entity "cntr_qqj" for hierarchy "CT1:inst18|lpm_counter:lpm_counter_component|cntr_qqj:auto_generated"
Info: Elaborating entity "SM2" for hierarchy "SM2:inst17"
Info: Elaborating entity "lpm_add_sub" for hierarchy "SM2:inst17|lpm_add_sub:lpm_add_sub_component"
Info: Elaborated megafunction instantiation "SM2:inst17|lpm_add_sub:lpm_add_sub_component"
Info: Instantiated megafunction "SM2:inst17|lpm_add_sub:lpm_add_sub_component" with the following parameter:
    Info: Parameter "LPM_TYPE" = "LPM_ADD_SUB"
    Info: Parameter "LPM_HINT" = "ONE_INPUT_IS_CONSTANT=NO,CIN_USED=YES"
    Info: Parameter "LPM_WIDTH" = "6"
    Info: Parameter "LPM_REPRESENTATION" = "UNSIGNED"
    Info: Parameter "LPM_DIRECTION" = "ADD"
Info: Found 1 design units, including 1 entities, in source file db/add_sub_d2i.tdf
    Info: Found entity 1: add_sub_d2i
Info: Elaborating entity "add_sub_d2i" for hierarchy "SM2:inst17|lpm_add_sub:lpm_add_sub_component|add_sub_d2i:auto_generated"
Warning: Using design file rg4.tdf, which is not specified as a design file for the current project, but contains definitions for 1 design units and 1 entities in project
    Info: Found entity 1: RG4
Info: Elaborating entity "RG4" for hierarchy "RG4:inst13"
Info: Elaborating entity "lpm_ff" for hierarchy "RG4:inst13|lpm_ff:lpm_ff_component"
Info: Elaborated megafunction instantiation "RG4:inst13|lpm_ff:lpm_ff_component"
Info: Instantiated megafunction "RG4:inst13|lpm_ff:lpm_ff_component" with the following parameter:
    Info: Parameter "LPM_TYPE" = "LPM_FF"
    Info: Parameter "LPM_WIDTH" = "5"
    Info: Parameter "LPM_FFTYPE" = "DFF"
Info: Elaborating entity "KS2XOR" for hierarchy "KS2XOR:inst25"
Info: Elaborating entity "lpm_xor" for hierarchy "KS2XOR:inst25|lpm_xor:lpm_xor_component"
Info: Elaborated megafunction instantiation "KS2XOR:inst25|lpm_xor:lpm_xor_component"
Info: Instantiated megafunction "KS2XOR:inst25|lpm_xor:lpm_xor_component" with the following parameter:
    Info: Parameter "LPM_TYPE" = "LPM_XOR"
    Info: Parameter "LPM_WIDTH" = "4"
    Info: Parameter "LPM_SIZE" = "2"
Info: Elaborating entity "CT2" for hierarchy "CT2:inst34"
Info: Elaborating entity "lpm_counter" for hierarchy "CT2:inst34|lpm_counter:lpm_counter_component"
Info: Elaborated megafunction instantiation "CT2:inst34|lpm_counter:lpm_counter_component"
Info: Instantiated megafunction "CT2:inst34|lpm_counter:lpm_counter_component" with the following parameter:
    Info: Parameter "LPM_TYPE" = "LPM_COUNTER"
    Info: Parameter "LPM_WIDTH" = "5"
    Info: Parameter "LPM_DIRECTION" = "UP"
    Info: Parameter "LPM_SVALUE" = "5"
    Info: Parameter "LPM_PORT_UPDOWN" = "PORT_UNUSED"
Info: Found 1 design units, including 1 entities, in source file db/cntr_bdj.tdf
    Info: Found entity 1: cntr_bdj
Info: Elaborating entity "cntr_bdj" for hierarchy "CT2:inst34|lpm_counter:lpm_counter_component|cntr_bdj:auto_generated"
Info: Elaborating entity "RG3" for hierarchy "RG3:inst10"
Info: Elaborating entity "lpm_shiftreg" for hierarchy "RG3:inst10|lpm_shiftreg:lpm_shiftreg_component"
Info: Elaborated megafunction instantiation "RG3:inst10|lpm_shiftreg:lpm_shiftreg_component"
Info: Instantiated megafunction "RG3:inst10|lpm_shiftreg:lpm_shiftreg_component" with the following parameter:
    Info: Parameter "LPM_TYPE" = "LPM_SHIFTREG"
    Info: Parameter "LPM_WIDTH" = "11"
    Info: Parameter "LPM_DIRECTION" = "LEFT"
Info: Elaborating entity "RG1" for hierarchy "RG1:inst7"
Info: Elaborating entity "lpm_ff" for hierarchy "RG1:inst7|lpm_ff:lpm_ff_component"
Info: Elaborated megafunction instantiation "RG1:inst7|lpm_ff:lpm_ff_component"
Info: Instantiated megafunction "RG1:inst7|lpm_ff:lpm_ff_component" with the following parameter:
    Info: Parameter "LPM_TYPE" = "LPM_FF"
    Info: Parameter "LPM_WIDTH" = "21"
    Info: Parameter "LPM_FFTYPE" = "DFF"
Info: Elaborating entity "SM1" for hierarchy "SM1:inst6"
Info: Elaborating entity "lpm_add_sub" for hierarchy "SM1:inst6|lpm_add_sub:lpm_add_sub_component"
Info: Elaborated megafunction instantiation "SM1:inst6|lpm_add_sub:lpm_add_sub_component"
Info: Instantiated megafunction "SM1:inst6|lpm_add_sub:lpm_add_sub_component" with the following parameter:
    Info: Parameter "LPM_TYPE" = "LPM_ADD_SUB"
    Info: Parameter "LPM_HINT" = "ONE_INPUT_IS_CONSTANT=NO,CIN_USED=YES"
    Info: Parameter "LPM_WIDTH" = "21"
    Info: Parameter "LPM_REPRESENTATION" = "UNSIGNED"
    Info: Parameter "LPM_DIRECTION" = "ADD"
Info: Found 1 design units, including 1 entities, in source file db/add_sub_q3i.tdf
    Info: Found entity 1: add_sub_q3i
Info: Elaborating entity "add_sub_q3i" for hierarchy "SM1:inst6|lpm_add_sub:lpm_add_sub_component|add_sub_q3i:auto_generated"
Info: Elaborating entity "KS1" for hierarchy "KS1:inst9"
Info: Elaborating entity "lpm_xor" for hierarchy "KS1:inst9|lpm_xor:lpm_xor_component"
Info: Elaborated megafunction instantiation "KS1:inst9|lpm_xor:lpm_xor_component"
Info: Instantiated megafunction "KS1:inst9|lpm_xor:lpm_xor_component" with the following parameter:
    Info: Parameter "LPM_TYPE" = "LPM_XOR"
    Info: Parameter "LPM_WIDTH" = "21"
    Info: Parameter "LPM_SIZE" = "2"
Info: Elaborating entity "RG2Left" for hierarchy "RG2Left:inst"
Info: Elaborating entity "lpm_shiftreg" for hierarchy "RG2Left:inst|lpm_shiftreg:lpm_shiftreg_component"
Info: Elaborated megafunction instantiation "RG2Left:inst|lpm_shiftreg:lpm_shiftreg_component"
Info: Instantiated megafunction "RG2Left:inst|lpm_shiftreg:lpm_shiftreg_component" with the following parameter:
    Info: Parameter "LPM_TYPE" = "LPM_SHIFTREG"
    Info: Parameter "LPM_WIDTH" = "21"
    Info: Parameter "LPM_DIRECTION" = "RIGHT"
Info: Elaborating entity "KS2XOR" for hierarchy "KS2XOR:inst33"
Warning: Output pins are stuck at VCC or GND
    Warning (13410): Pin "y[7]" is stuck at GND
    Warning (13410): Pin "p[5]" is stuck at GND
Info: Timing-Driven Synthesis is running
Info: Implemented 225 device resources after synthesis - the final resource count might be different
    Info: Implemented 18 input pins
    Info: Implemented 41 output pins
    Info: Implemented 166 logic cells
Info: Quartus II Analysis & Synthesis was successful. 0 errors, 15 warnings
    Info: Peak virtual memory: 261 megabytes
    Info: Processing ended: Wed Apr 28 19:21:17 2021
    Info: Elapsed time: 00:00:04
    Info: Total CPU time (on all processors): 00:00:04


