Flow report for courseProject
Fri Dec 24 21:42:42 2021
Quartus II Version 9.1 Build 350 03/24/2010 Service Pack 2 SJ Web Edition


---------------------
; Table of Contents ;
---------------------
  1. Legal Notice
  2. Flow Summary
  3. Flow Settings
  4. Flow Non-Default Global Settings
  5. Flow Elapsed Time
  6. Flow OS Summary
  7. Flow Log



----------------
; Legal Notice ;
----------------
Copyright (C) 1991-2010 Altera Corporation
Your use of Altera Corporation's design tools, logic functions 
and other software and tools, and its AMPP partner logic 
functions, and any output files from any of the foregoing 
(including device programming or simulation files), and any 
associated documentation or information are expressly subject 
to the terms and conditions of the Altera Program License 
Subscription Agreement, Altera MegaCore Function License 
Agreement, or other applicable license agreement, including, 
without limitation, that your use is for the sole purpose of 
programming logic devices manufactured by Altera and sold by 
Altera or its authorized distributors.  Please refer to the 
applicable agreement for further details.



+-----------------------------------------------------------------------------------+
; Flow Summary                                                                      ;
+------------------------------------+----------------------------------------------+
; Flow Status                        ; Successful - Fri Dec 24 21:42:37 2021        ;
; Quartus II Version                 ; 9.1 Build 350 03/24/2010 SP 2 SJ Web Edition ;
; Revision Name                      ; courseProject                                ;
; Top-level Entity Name              ; courseProject                                ;
; Family                             ; Cyclone III                                  ;
; Device                             ; EP3C5E144C8                                  ;
; Timing Models                      ; Final                                        ;
; Met timing requirements            ; N/A                                          ;
; Total logic elements               ; 293 / 5,136 ( 6 % )                          ;
;     Total combinational functions  ; 262 / 5,136 ( 5 % )                          ;
;     Dedicated logic registers      ; 191 / 5,136 ( 4 % )                          ;
; Total registers                    ; 191                                          ;
; Total pins                         ; 90 / 95 ( 95 % )                             ;
; Total virtual pins                 ; 0                                            ;
; Total memory bits                  ; 0 / 423,936 ( 0 % )                          ;
; Embedded Multiplier 9-bit elements ; 0 / 46 ( 0 % )                               ;
; Total PLLs                         ; 0 / 2 ( 0 % )                                ;
+------------------------------------+----------------------------------------------+


+-----------------------------------------+
; Flow Settings                           ;
+-------------------+---------------------+
; Option            ; Setting             ;
+-------------------+---------------------+
; Start date & time ; 12/24/2021 21:42:07 ;
; Main task         ; Compilation         ;
; Revision Name     ; courseProject       ;
+-------------------+---------------------+


+--------------------------------------------------------------------------------------------------------------------------------------------------------------------------+
; Flow Non-Default Global Settings                                                                                                                                         ;
+------------------------------------+--------------------------------------------------------------------------------------+---------------+-------------+----------------+
; Assignment Name                    ; Value                                                                                ; Default Value ; Entity Name ; Section Id     ;
+------------------------------------+--------------------------------------------------------------------------------------+---------------+-------------+----------------+
; COMPILER_SIGNATURE_ID              ; 929349186414.164037132718356                                                         ; --            ; --          ; --             ;
; IP_TOOL_NAME                       ; LPM_FF                                                                               ; --            ; --          ; --             ;
; IP_TOOL_NAME                       ; LPM_XOR                                                                              ; --            ; --          ; --             ;
; IP_TOOL_NAME                       ; LPM_ADD_SUB                                                                          ; --            ; --          ; --             ;
; IP_TOOL_NAME                       ; LPM_MUX                                                                              ; --            ; --          ; --             ;
; IP_TOOL_NAME                       ; LPM_XOR                                                                              ; --            ; --          ; --             ;
; IP_TOOL_NAME                       ; LPM_OR                                                                               ; --            ; --          ; --             ;
; IP_TOOL_NAME                       ; LPM_INV                                                                              ; --            ; --          ; --             ;
; IP_TOOL_NAME                       ; LPM_SHIFTREG                                                                         ; --            ; --          ; --             ;
; IP_TOOL_NAME                       ; LPM_SHIFTREG                                                                         ; --            ; --          ; --             ;
; IP_TOOL_NAME                       ; LPM_ADD_SUB                                                                          ; --            ; --          ; --             ;
; IP_TOOL_NAME                       ; LPM_XOR                                                                              ; --            ; --          ; --             ;
; IP_TOOL_NAME                       ; LPM_COUNTER                                                                          ; --            ; --          ; --             ;
; IP_TOOL_NAME                       ; LPM_ADD_SUB                                                                          ; --            ; --          ; --             ;
; IP_TOOL_NAME                       ; LPM_OR                                                                               ; --            ; --          ; --             ;
; IP_TOOL_NAME                       ; LPM_MUX                                                                              ; --            ; --          ; --             ;
; IP_TOOL_NAME                       ; LPM_XOR                                                                              ; --            ; --          ; --             ;
; IP_TOOL_NAME                       ; LPM_OR                                                                               ; --            ; --          ; --             ;
; IP_TOOL_NAME                       ; LPM_COUNTER                                                                          ; --            ; --          ; --             ;
; IP_TOOL_NAME                       ; LPM_AND                                                                              ; --            ; --          ; --             ;
; IP_TOOL_VERSION                    ; 9.1                                                                                  ; --            ; --          ; --             ;
; IP_TOOL_VERSION                    ; 9.1                                                                                  ; --            ; --          ; --             ;
; IP_TOOL_VERSION                    ; 9.1                                                                                  ; --            ; --          ; --             ;
; IP_TOOL_VERSION                    ; 9.1                                                                                  ; --            ; --          ; --             ;
; IP_TOOL_VERSION                    ; 9.1                                                                                  ; --            ; --          ; --             ;
; IP_TOOL_VERSION                    ; 9.1                                                                                  ; --            ; --          ; --             ;
; IP_TOOL_VERSION                    ; 9.1                                                                                  ; --            ; --          ; --             ;
; IP_TOOL_VERSION                    ; 9.1                                                                                  ; --            ; --          ; --             ;
; IP_TOOL_VERSION                    ; 9.1                                                                                  ; --            ; --          ; --             ;
; IP_TOOL_VERSION                    ; 9.1                                                                                  ; --            ; --          ; --             ;
; IP_TOOL_VERSION                    ; 9.1                                                                                  ; --            ; --          ; --             ;
; IP_TOOL_VERSION                    ; 9.1                                                                                  ; --            ; --          ; --             ;
; IP_TOOL_VERSION                    ; 9.1                                                                                  ; --            ; --          ; --             ;
; IP_TOOL_VERSION                    ; 9.1                                                                                  ; --            ; --          ; --             ;
; IP_TOOL_VERSION                    ; 9.1                                                                                  ; --            ; --          ; --             ;
; IP_TOOL_VERSION                    ; 9.1                                                                                  ; --            ; --          ; --             ;
; IP_TOOL_VERSION                    ; 9.1                                                                                  ; --            ; --          ; --             ;
; IP_TOOL_VERSION                    ; 9.1                                                                                  ; --            ; --          ; --             ;
; IP_TOOL_VERSION                    ; 9.1                                                                                  ; --            ; --          ; --             ;
; MAX_CORE_JUNCTION_TEMP             ; 85                                                                                   ; --            ; --          ; --             ;
; MIN_CORE_JUNCTION_TEMP             ; 0                                                                                    ; --            ; --          ; --             ;
; MISC_FILE                          ; C:/Users/kychi/Desktop/ОА/courseProject.dpf                                          ; --            ; --          ; --             ;
; MISC_FILE                          ; D:/yandex/Study-At-Vyatka-State-University/3 курс/Тавт/Лаба1/Лаба1/courseProject.dpf ; --            ; --          ; --             ;
; MISC_FILE                          ; ResultReg.tdf                                                                        ; --            ; --          ; --             ;
; MISC_FILE                          ; ResultReg.bsf                                                                        ; --            ; --          ; --             ;
; MISC_FILE                          ; ResultReg_inst.tdf                                                                   ; --            ; --          ; --             ;
; MISC_FILE                          ; ResultReg.inc                                                                        ; --            ; --          ; --             ;
; MISC_FILE                          ; ResultReg.cmp                                                                        ; --            ; --          ; --             ;
; MISC_FILE                          ; XOR3.tdf                                                                             ; --            ; --          ; --             ;
; MISC_FILE                          ; XOR3.bsf                                                                             ; --            ; --          ; --             ;
; MISC_FILE                          ; XOR3_inst.tdf                                                                        ; --            ; --          ; --             ;
; MISC_FILE                          ; XOR3.inc                                                                             ; --            ; --          ; --             ;
; MISC_FILE                          ; XOR3.cmp                                                                             ; --            ; --          ; --             ;
; MISC_FILE                          ; SUM4.tdf                                                                             ; --            ; --          ; --             ;
; MISC_FILE                          ; SUM4.bsf                                                                             ; --            ; --          ; --             ;
; MISC_FILE                          ; SUM4_inst.tdf                                                                        ; --            ; --          ; --             ;
; MISC_FILE                          ; SUM4.inc                                                                             ; --            ; --          ; --             ;
; MISC_FILE                          ; SUM4.cmp                                                                             ; --            ; --          ; --             ;
; MISC_FILE                          ; lpm_mux0.tdf                                                                         ; --            ; --          ; --             ;
; MISC_FILE                          ; lpm_mux0.bsf                                                                         ; --            ; --          ; --             ;
; MISC_FILE                          ; lpm_mux0_inst.tdf                                                                    ; --            ; --          ; --             ;
; MISC_FILE                          ; lpm_mux0.inc                                                                         ; --            ; --          ; --             ;
; MISC_FILE                          ; lpm_mux0.cmp                                                                         ; --            ; --          ; --             ;
; MISC_FILE                          ; lpm_xor1.tdf                                                                         ; --            ; --          ; --             ;
; MISC_FILE                          ; lpm_xor1.bsf                                                                         ; --            ; --          ; --             ;
; MISC_FILE                          ; lpm_xor1_inst.tdf                                                                    ; --            ; --          ; --             ;
; MISC_FILE                          ; lpm_xor1.inc                                                                         ; --            ; --          ; --             ;
; MISC_FILE                          ; lpm_xor1.cmp                                                                         ; --            ; --          ; --             ;
; MISC_FILE                          ; D:/yandex/Study-At-Vyatka-State-University/3 курс/Тавт/Lab3/Лаба1/courseProject.dpf  ; --            ; --          ; --             ;
; MISC_FILE                          ; lpm_or0.tdf                                                                          ; --            ; --          ; --             ;
; MISC_FILE                          ; lpm_or0.bsf                                                                          ; --            ; --          ; --             ;
; MISC_FILE                          ; lpm_or0_inst.tdf                                                                     ; --            ; --          ; --             ;
; MISC_FILE                          ; lpm_or0.inc                                                                          ; --            ; --          ; --             ;
; MISC_FILE                          ; lpm_or0.cmp                                                                          ; --            ; --          ; --             ;
; MISC_FILE                          ; lpm_inv0.tdf                                                                         ; --            ; --          ; --             ;
; MISC_FILE                          ; lpm_inv0.bsf                                                                         ; --            ; --          ; --             ;
; MISC_FILE                          ; lpm_inv0_inst.tdf                                                                    ; --            ; --          ; --             ;
; MISC_FILE                          ; lpm_inv0.inc                                                                         ; --            ; --          ; --             ;
; MISC_FILE                          ; lpm_inv0.cmp                                                                         ; --            ; --          ; --             ;
; MISC_FILE                          ; lpm_shiftreg0.tdf                                                                    ; --            ; --          ; --             ;
; MISC_FILE                          ; lpm_shiftreg0.bsf                                                                    ; --            ; --          ; --             ;
; MISC_FILE                          ; lpm_shiftreg0.cmp                                                                    ; --            ; --          ; --             ;
; MISC_FILE                          ; ResultShift.tdf                                                                      ; --            ; --          ; --             ;
; MISC_FILE                          ; ResultShift.bsf                                                                      ; --            ; --          ; --             ;
; MISC_FILE                          ; ResultShift.cmp                                                                      ; --            ; --          ; --             ;
; MISC_FILE                          ; lpm_add_sub0.tdf                                                                     ; --            ; --          ; --             ;
; MISC_FILE                          ; lpm_add_sub0.bsf                                                                     ; --            ; --          ; --             ;
; MISC_FILE                          ; lpm_add_sub0.cmp                                                                     ; --            ; --          ; --             ;
; MISC_FILE                          ; lpm_xorResult.tdf                                                                    ; --            ; --          ; --             ;
; MISC_FILE                          ; lpm_xorResult.bsf                                                                    ; --            ; --          ; --             ;
; MISC_FILE                          ; lpm_xorResult.cmp                                                                    ; --            ; --          ; --             ;
; MISC_FILE                          ; lpm_counterShift.tdf                                                                 ; --            ; --          ; --             ;
; MISC_FILE                          ; lpm_counterShift.bsf                                                                 ; --            ; --          ; --             ;
; MISC_FILE                          ; lpm_counterShift.cmp                                                                 ; --            ; --          ; --             ;
; MISC_FILE                          ; lpm_add_sub65.tdf                                                                    ; --            ; --          ; --             ;
; MISC_FILE                          ; lpm_add_sub65.bsf                                                                    ; --            ; --          ; --             ;
; MISC_FILE                          ; lpm_add_sub65.cmp                                                                    ; --            ; --          ; --             ;
; MISC_FILE                          ; lpm_or76.tdf                                                                         ; --            ; --          ; --             ;
; MISC_FILE                          ; lpm_or76.bsf                                                                         ; --            ; --          ; --             ;
; MISC_FILE                          ; lpm_or76.cmp                                                                         ; --            ; --          ; --             ;
; MISC_FILE                          ; lpm_mux1.tdf                                                                         ; --            ; --          ; --             ;
; MISC_FILE                          ; lpm_mux1.bsf                                                                         ; --            ; --          ; --             ;
; MISC_FILE                          ; lpm_mux1.cmp                                                                         ; --            ; --          ; --             ;
; MISC_FILE                          ; lpm_xor45.tdf                                                                        ; --            ; --          ; --             ;
; MISC_FILE                          ; lpm_xor45.bsf                                                                        ; --            ; --          ; --             ;
; MISC_FILE                          ; lpm_xor45_inst.tdf                                                                   ; --            ; --          ; --             ;
; MISC_FILE                          ; lpm_xor45.inc                                                                        ; --            ; --          ; --             ;
; MISC_FILE                          ; lpm_xor45.cmp                                                                        ; --            ; --          ; --             ;
; MISC_FILE                          ; lpm_or1.tdf                                                                          ; --            ; --          ; --             ;
; MISC_FILE                          ; lpm_or1.bsf                                                                          ; --            ; --          ; --             ;
; MISC_FILE                          ; lpm_or1.cmp                                                                          ; --            ; --          ; --             ;
; MISC_FILE                          ; lpm_counter0.tdf                                                                     ; --            ; --          ; --             ;
; MISC_FILE                          ; lpm_counter0.bsf                                                                     ; --            ; --          ; --             ;
; MISC_FILE                          ; lpm_counter0.cmp                                                                     ; --            ; --          ; --             ;
; MISC_FILE                          ; lpm_and1.tdf                                                                         ; --            ; --          ; --             ;
; MISC_FILE                          ; lpm_and1.bsf                                                                         ; --            ; --          ; --             ;
; MISC_FILE                          ; lpm_and1.cmp                                                                         ; --            ; --          ; --             ;
; NOMINAL_CORE_SUPPLY_VOLTAGE        ; 1.2V                                                                                 ; --            ; --          ; --             ;
; PARTITION_COLOR                    ; 16764057                                                                             ; --            ; --          ; Top            ;
; PARTITION_NETLIST_TYPE             ; SOURCE                                                                               ; --            ; --          ; Top            ;
; USE_GENERATED_PHYSICAL_CONSTRAINTS ; Off                                                                                  ; --            ; --          ; eda_blast_fpga ;
+------------------------------------+--------------------------------------------------------------------------------------+---------------+-------------+----------------+


+-------------------------------------------------------------------------------------------------------------------------------+
; Flow Elapsed Time                                                                                                             ;
+---------------------------+--------------+-------------------------+---------------------+------------------------------------+
; Module Name               ; Elapsed Time ; Average Processors Used ; Peak Virtual Memory ; Total CPU Time (on all processors) ;
+---------------------------+--------------+-------------------------+---------------------+------------------------------------+
; Analysis & Synthesis      ; 00:00:10     ; 1.0                     ; 246 MB              ; 00:00:12                           ;
; Fitter                    ; 00:00:14     ; 1.0                     ; 294 MB              ; 00:00:17                           ;
; TimeQuest Timing Analyzer ; 00:00:08     ; 1.0                     ; 263 MB              ; 00:00:06                           ;
; Assembler                 ; 00:00:02     ; 1.0                     ; 224 MB              ; 00:00:02                           ;
; Total                     ; 00:00:32     ; --                      ; --                  ; 00:00:35                           ;
+---------------------------+--------------+-------------------------+---------------------+------------------------------------+


+--------------------------------------------------------------------------------------------+
; Flow OS Summary                                                                            ;
+---------------------------+------------------+---------------+------------+----------------+
; Module Name               ; Machine Hostname ; OS Name       ; OS Version ; Processor type ;
+---------------------------+------------------+---------------+------------+----------------+
; Analysis & Synthesis      ; MSI              ; Windows Vista ; 6.2        ; x86_64         ;
; Fitter                    ; MSI              ; Windows Vista ; 6.2        ; x86_64         ;
; Assembler                 ; MSI              ; Windows Vista ; 6.2        ; x86_64         ;
; TimeQuest Timing Analyzer ; MSI              ; Windows Vista ; 6.2        ; x86_64         ;
+---------------------------+------------------+---------------+------------+----------------+


------------
; Flow Log ;
------------
quartus_map --read_settings_files=on --write_settings_files=off courseProject -c courseProject
quartus_fit --read_settings_files=off --write_settings_files=off courseProject -c courseProject
quartus_asm --read_settings_files=off --write_settings_files=off courseProject -c courseProject
quartus_sta courseProject -c courseProject



