Analysis & Synthesis report for lab21
Fri Apr 29 09:10:12 2016
Quartus II Version 9.0 Build 235 06/17/2009 Service Pack 2 SJ Web Edition


---------------------
; Table of Contents ;
---------------------
  1. Legal Notice
  2. Analysis & Synthesis Summary
  3. Analysis & Synthesis Settings
  4. Analysis & Synthesis Source Files Read
  5. Analysis & Synthesis Resource Usage Summary
  6. Analysis & Synthesis Resource Utilization by Entity
  7. Logic Cells Representing Combinational Loops
  8. Registers Removed During Synthesis
  9. General Register Statistics
 10. Source assignments for ct4pm:UAinst|lpm_counter:lpm_counter_component
 11. Source assignments for ct4pm:UAinst|lpm_counter:lpm_counter_component|cntr_ihi:auto_generated
 12. Parameter Settings for User Entity Instance: dc4:UAinst1|lpm_decode:lpm_decode_component
 13. Parameter Settings for User Entity Instance: ct4pm:UAinst|lpm_counter:lpm_counter_component
 14. Parameter Settings for User Entity Instance: reg:UAinst2|lpm_ff:lpm_ff_component
 15. Analysis & Synthesis Messages



----------------
; Legal Notice ;
----------------
Copyright (C) 1991-2009 Altera Corporation
Your use of Altera Corporation's design tools, logic functions 
and other software and tools, and its AMPP partner logic 
functions, and any output files from any of the foregoing 
(including device programming or simulation files), and any 
associated documentation or information are expressly subject 
to the terms and conditions of the Altera Program License 
Subscription Agreement, Altera MegaCore Function License 
Agreement, or other applicable license agreement, including, 
without limitation, that your use is for the sole purpose of 
programming logic devices manufactured by Altera and sold by 
Altera or its authorized distributors.  Please refer to the 
applicable agreement for further details.



+-----------------------------------------------------------------------------------+
; Analysis & Synthesis Summary                                                      ;
+------------------------------------+----------------------------------------------+
; Analysis & Synthesis Status        ; Successful - Fri Apr 29 09:10:12 2016        ;
; Quartus II Version                 ; 9.0 Build 235 06/17/2009 SP 2 SJ Web Edition ;
; Revision Name                      ; lab21                                        ;
; Top-level Entity Name              ; lab21                                        ;
; Family                             ; Cyclone III                                  ;
; Total logic elements               ; 9                                            ;
;     Total combinational functions  ; 8                                            ;
;     Dedicated logic registers      ; 4                                            ;
; Total registers                    ; 4                                            ;
; Total pins                         ; 45                                           ;
; Total virtual pins                 ; 0                                            ;
; Total memory bits                  ; 0                                            ;
; Embedded Multiplier 9-bit elements ; 0                                            ;
; Total PLLs                         ; 0                                            ;
+------------------------------------+----------------------------------------------+


+--------------------------------------------------------------------------------------------------------+
; Analysis & Synthesis Settings                                                                          ;
+--------------------------------------------------------------+--------------------+--------------------+
; Option                                                       ; Setting            ; Default Value      ;
+--------------------------------------------------------------+--------------------+--------------------+
; Device                                                       ; EP3C5E144C8        ;                    ;
; Top-level entity name                                        ; lab21              ; lab21              ;
; Family name                                                  ; Cyclone III        ; Stratix II         ;
; Use Generated Physical Constraints File                      ; Off                ;                    ;
; Use smart compilation                                        ; Off                ; Off                ;
; Restructure Multiplexers                                     ; Auto               ; Auto               ;
; Create Debugging Nodes for IP Cores                          ; Off                ; Off                ;
; Preserve fewer node names                                    ; On                 ; On                 ;
; Disable OpenCore Plus hardware evaluation                    ; Off                ; Off                ;
; Verilog Version                                              ; Verilog_2001       ; Verilog_2001       ;
; VHDL Version                                                 ; VHDL93             ; VHDL93             ;
; State Machine Processing                                     ; Auto               ; Auto               ;
; Safe State Machine                                           ; Off                ; Off                ;
; Extract Verilog State Machines                               ; On                 ; On                 ;
; Extract VHDL State Machines                                  ; On                 ; On                 ;
; Ignore Verilog initial constructs                            ; Off                ; Off                ;
; Iteration limit for constant Verilog loops                   ; 5000               ; 5000               ;
; Iteration limit for non-constant Verilog loops               ; 250                ; 250                ;
; Add Pass-Through Logic to Inferred RAMs                      ; On                 ; On                 ;
; Parallel Synthesis                                           ; Off                ; Off                ;
; DSP Block Balancing                                          ; Auto               ; Auto               ;
; NOT Gate Push-Back                                           ; On                 ; On                 ;
; Power-Up Don't Care                                          ; On                 ; On                 ;
; Remove Redundant Logic Cells                                 ; Off                ; Off                ;
; Remove Duplicate Registers                                   ; On                 ; On                 ;
; Ignore CARRY Buffers                                         ; Off                ; Off                ;
; Ignore CASCADE Buffers                                       ; Off                ; Off                ;
; Ignore GLOBAL Buffers                                        ; Off                ; Off                ;
; Ignore ROW GLOBAL Buffers                                    ; Off                ; Off                ;
; Ignore LCELL Buffers                                         ; Off                ; Off                ;
; Ignore SOFT Buffers                                          ; On                 ; On                 ;
; Limit AHDL Integers to 32 Bits                               ; Off                ; Off                ;
; Optimization Technique                                       ; Balanced           ; Balanced           ;
; Carry Chain Length                                           ; 70                 ; 70                 ;
; Auto Carry Chains                                            ; On                 ; On                 ;
; Auto Open-Drain Pins                                         ; On                 ; On                 ;
; Perform WYSIWYG Primitive Resynthesis                        ; Off                ; Off                ;
; Auto ROM Replacement                                         ; On                 ; On                 ;
; Auto RAM Replacement                                         ; On                 ; On                 ;
; Auto DSP Block Replacement                                   ; On                 ; On                 ;
; Auto Shift Register Replacement                              ; Auto               ; Auto               ;
; Auto Clock Enable Replacement                                ; On                 ; On                 ;
; Strict RAM Replacement                                       ; Off                ; Off                ;
; Allow Synchronous Control Signals                            ; On                 ; On                 ;
; Force Use of Synchronous Clear Signals                       ; Off                ; Off                ;
; Auto RAM Block Balancing                                     ; On                 ; On                 ;
; Auto RAM to Logic Cell Conversion                            ; Off                ; Off                ;
; Auto Resource Sharing                                        ; Off                ; Off                ;
; Allow Any RAM Size For Recognition                           ; Off                ; Off                ;
; Allow Any ROM Size For Recognition                           ; Off                ; Off                ;
; Allow Any Shift Register Size For Recognition                ; Off                ; Off                ;
; Use LogicLock Constraints during Resource Balancing          ; On                 ; On                 ;
; Ignore translate_off and synthesis_off directives            ; Off                ; Off                ;
; Timing-Driven Synthesis                                      ; Off                ; Off                ;
; Show Parameter Settings Tables in Synthesis Report           ; On                 ; On                 ;
; Ignore Maximum Fan-Out Assignments                           ; Off                ; Off                ;
; Synchronization Register Chain Length                        ; 2                  ; 2                  ;
; PowerPlay Power Optimization                                 ; Normal compilation ; Normal compilation ;
; HDL message level                                            ; Level2             ; Level2             ;
; Suppress Register Optimization Related Messages              ; Off                ; Off                ;
; Number of Removed Registers Reported in Synthesis Report     ; 100                ; 100                ;
; Number of Inverted Registers Reported in Synthesis Report    ; 100                ; 100                ;
; Clock MUX Protection                                         ; On                 ; On                 ;
; Auto Gated Clock Conversion                                  ; Off                ; Off                ;
; Block Design Naming                                          ; Auto               ; Auto               ;
; SDC constraint protection                                    ; Off                ; Off                ;
; Synthesis Effort                                             ; Auto               ; Auto               ;
; Shift Register Replacement - Allow Asynchronous Clear Signal ; On                 ; On                 ;
; Analysis & Synthesis Message Level                           ; Medium             ; Medium             ;
+--------------------------------------------------------------+--------------------+--------------------+


+-----------------------------------------------------------------------------------------------------------------------------------------------------------------+
; Analysis & Synthesis Source Files Read                                                                                                                          ;
+----------------------------------+-----------------+------------------------------------+-----------------------------------------------------------------------+
; File Name with User-Entered Path ; Used in Netlist ; File Type                          ; File Name with Absolute Path                                          ;
+----------------------------------+-----------------+------------------------------------+-----------------------------------------------------------------------+
; lab21.bdf                        ; yes             ; User Block Diagram/Schematic File  ; D:/Quartus II/projects/lab21/lab21.bdf                                ;
; dc4.vhd                          ; yes             ; Auto-Found Wizard-Generated File   ; D:/Quartus II/projects/lab21/elements/dc4.vhd                         ;
; lpm_decode.tdf                   ; yes             ; Megafunction                       ; d:/quartus ii/quartus/libraries/megafunctions/lpm_decode.tdf          ;
; declut.inc                       ; yes             ; Megafunction                       ; d:/quartus ii/quartus/libraries/megafunctions/declut.inc              ;
; altshift.inc                     ; yes             ; Megafunction                       ; d:/quartus ii/quartus/libraries/megafunctions/altshift.inc            ;
; lpm_compare.inc                  ; yes             ; Megafunction                       ; d:/quartus ii/quartus/libraries/megafunctions/lpm_compare.inc         ;
; lpm_constant.inc                 ; yes             ; Megafunction                       ; d:/quartus ii/quartus/libraries/megafunctions/lpm_constant.inc        ;
; aglobal90.inc                    ; yes             ; Megafunction                       ; d:/quartus ii/quartus/libraries/megafunctions/aglobal90.inc           ;
; db/decode_lbf.tdf                ; yes             ; Auto-Generated Megafunction        ; D:/Quartus II/projects/lab21/db/decode_lbf.tdf                        ;
; ct4pm.vhd                        ; yes             ; Auto-Found Wizard-Generated File   ; D:/Quartus II/projects/lab21/elements/ct4pm.vhd                       ;
; lpm_counter.tdf                  ; yes             ; Megafunction                       ; d:/quartus ii/quartus/libraries/megafunctions/lpm_counter.tdf         ;
; lpm_decode.inc                   ; yes             ; Megafunction                       ; d:/quartus ii/quartus/libraries/megafunctions/lpm_decode.inc          ;
; lpm_add_sub.inc                  ; yes             ; Megafunction                       ; d:/quartus ii/quartus/libraries/megafunctions/lpm_add_sub.inc         ;
; cmpconst.inc                     ; yes             ; Megafunction                       ; d:/quartus ii/quartus/libraries/megafunctions/cmpconst.inc            ;
; lpm_counter.inc                  ; yes             ; Megafunction                       ; d:/quartus ii/quartus/libraries/megafunctions/lpm_counter.inc         ;
; dffeea.inc                       ; yes             ; Megafunction                       ; d:/quartus ii/quartus/libraries/megafunctions/dffeea.inc              ;
; alt_synch_counter.inc            ; yes             ; Megafunction                       ; d:/quartus ii/quartus/libraries/megafunctions/alt_synch_counter.inc   ;
; alt_synch_counter_f.inc          ; yes             ; Megafunction                       ; d:/quartus ii/quartus/libraries/megafunctions/alt_synch_counter_f.inc ;
; alt_counter_f10ke.inc            ; yes             ; Megafunction                       ; d:/quartus ii/quartus/libraries/megafunctions/alt_counter_f10ke.inc   ;
; alt_counter_stratix.inc          ; yes             ; Megafunction                       ; d:/quartus ii/quartus/libraries/megafunctions/alt_counter_stratix.inc ;
; db/cntr_ihi.tdf                  ; yes             ; Auto-Generated Megafunction        ; D:/Quartus II/projects/lab21/db/cntr_ihi.tdf                          ;
; reg.vhd                          ; yes             ; Auto-Found Wizard-Generated File   ; D:/Quartus II/projects/lab21/elements/reg.vhd                         ;
; lpm_ff.tdf                       ; yes             ; Megafunction                       ; d:/quartus ii/quartus/libraries/megafunctions/lpm_ff.tdf              ;
+----------------------------------+-----------------+------------------------------------+-----------------------------------------------------------------------+


+--------------------------------------------------------+
; Analysis & Synthesis Resource Usage Summary            ;
+---------------------------------------------+----------+
; Resource                                    ; Usage    ;
+---------------------------------------------+----------+
; Estimated Total logic elements              ; 9        ;
;                                             ;          ;
; Total combinational functions               ; 8        ;
; Logic element usage by number of LUT inputs ;          ;
;     -- 4 input functions                    ; 2        ;
;     -- 3 input functions                    ; 5        ;
;     -- <=2 input functions                  ; 1        ;
;                                             ;          ;
; Logic elements by mode                      ;          ;
;     -- normal mode                          ; 8        ;
;     -- arithmetic mode                      ; 0        ;
;                                             ;          ;
; Total registers                             ; 4        ;
;     -- Dedicated logic registers            ; 4        ;
;     -- I/O registers                        ; 0        ;
;                                             ;          ;
; I/O pins                                    ; 45       ;
; Maximum fan-out node                        ; UAinst40 ;
; Maximum fan-out                             ; 7        ;
; Total fan-out                               ; 88       ;
; Average fan-out                             ; 0.86     ;
+---------------------------------------------+----------+


+------------------------------------------------------------------------------------------------------------------------------------------------------------------------------------------------------------------------------------------------------+
; Analysis & Synthesis Resource Utilization by Entity                                                                                                                                                                                                  ;
+-------------------------------------------+-------------------+--------------+-------------+--------------+---------+-----------+------+--------------+-------------------------------------------------------------------------------+--------------+
; Compilation Hierarchy Node                ; LC Combinationals ; LC Registers ; Memory Bits ; DSP Elements ; DSP 9x9 ; DSP 18x18 ; Pins ; Virtual Pins ; Full Hierarchy Name                                                           ; Library Name ;
+-------------------------------------------+-------------------+--------------+-------------+--------------+---------+-----------+------+--------------+-------------------------------------------------------------------------------+--------------+
; |lab21                                    ; 8 (3)             ; 4 (0)        ; 0           ; 0            ; 0       ; 0         ; 45   ; 0            ; |lab21                                                                        ; work         ;
;    |ct4pm:UAinst|                         ; 3 (0)             ; 0 (0)        ; 0           ; 0            ; 0       ; 0         ; 0    ; 0            ; |lab21|ct4pm:UAinst                                                           ; work         ;
;       |lpm_counter:lpm_counter_component| ; 3 (0)             ; 0 (0)        ; 0           ; 0            ; 0       ; 0         ; 0    ; 0            ; |lab21|ct4pm:UAinst|lpm_counter:lpm_counter_component                         ; work         ;
;          |cntr_ihi:auto_generated|        ; 3 (3)             ; 0 (0)        ; 0           ; 0            ; 0       ; 0         ; 0    ; 0            ; |lab21|ct4pm:UAinst|lpm_counter:lpm_counter_component|cntr_ihi:auto_generated ; work         ;
;    |dc4:UAinst1|                          ; 2 (0)             ; 0 (0)        ; 0           ; 0            ; 0       ; 0         ; 0    ; 0            ; |lab21|dc4:UAinst1                                                            ; work         ;
;       |lpm_decode:lpm_decode_component|   ; 2 (0)             ; 0 (0)        ; 0           ; 0            ; 0       ; 0         ; 0    ; 0            ; |lab21|dc4:UAinst1|lpm_decode:lpm_decode_component                            ; work         ;
;          |decode_lbf:auto_generated|      ; 2 (2)             ; 0 (0)        ; 0           ; 0            ; 0       ; 0         ; 0    ; 0            ; |lab21|dc4:UAinst1|lpm_decode:lpm_decode_component|decode_lbf:auto_generated  ; work         ;
;    |reg:UAinst2|                          ; 0 (0)             ; 4 (0)        ; 0           ; 0            ; 0       ; 0         ; 0    ; 0            ; |lab21|reg:UAinst2                                                            ; work         ;
;       |lpm_ff:lpm_ff_component|           ; 0 (0)             ; 4 (4)        ; 0           ; 0            ; 0       ; 0         ; 0    ; 0            ; |lab21|reg:UAinst2|lpm_ff:lpm_ff_component                                    ; work         ;
+-------------------------------------------+-------------------+--------------+-------------+--------------+---------+-----------+------+--------------+-------------------------------------------------------------------------------+--------------+
Note: For table entries with two numbers listed, the numbers in parentheses indicate the number of resources of the given type used by the specific entity alone. The numbers listed outside of parentheses indicate the total resources of the given type used by the specific entity and all of its sub-entities in the hierarchy.


+----------------------------------------------------------------------------------------------+
; Logic Cells Representing Combinational Loops                                                 ;
+------------------------------------------------------------------------------------------+---+
; Logic Cell Name                                                                          ;   ;
+------------------------------------------------------------------------------------------+---+
; out[0]~0                                                                                 ;   ;
; ct4pm:UAinst|lpm_counter:lpm_counter_component|cntr_ihi:auto_generated|latch_signal[2]~1 ;   ;
; UAinst31~0                                                                               ;   ;
; ct4pm:UAinst|lpm_counter:lpm_counter_component|cntr_ihi:auto_generated|latch_signal[0]~3 ;   ;
; Number of logic cells representing combinational loops                                   ; 4 ;
+------------------------------------------------------------------------------------------+---+
Note: All cells listed above may not be present at the end of synthesis due to various synthesis optimizations.


+--------------------------------------------------------------------------------------------------------------------------------------------+
; Registers Removed During Synthesis                                                                                                         ;
+----------------------------------------------------------------------------------------------+---------------------------------------------+
; Register name                                                                                ; Reason for Removal                          ;
+----------------------------------------------------------------------------------------------+---------------------------------------------+
; ct4pm:UAinst|lpm_counter:lpm_counter_component|cntr_ihi:auto_generated|counter_reg_bit[0..3] ; Stuck at GND due to stuck port clock_enable ;
; reg:UAinst2|lpm_ff:lpm_ff_component|dffs[0..3,6,9..10]                                       ; Stuck at GND due to stuck port data_in      ;
; Total Number of Removed Registers = 11                                                       ;                                             ;
+----------------------------------------------------------------------------------------------+---------------------------------------------+


+------------------------------------------------------+
; General Register Statistics                          ;
+----------------------------------------------+-------+
; Statistic                                    ; Value ;
+----------------------------------------------+-------+
; Total registers                              ; 4     ;
; Number of registers using Synchronous Clear  ; 0     ;
; Number of registers using Synchronous Load   ; 0     ;
; Number of registers using Asynchronous Clear ; 0     ;
; Number of registers using Asynchronous Load  ; 0     ;
; Number of registers using Clock Enable       ; 0     ;
; Number of registers using Preset             ; 0     ;
+----------------------------------------------+-------+


+-----------------------------------------------------------------------+
; Source assignments for ct4pm:UAinst|lpm_counter:lpm_counter_component ;
+---------------------------+-------+------+----------------------------+
; Assignment                ; Value ; From ; To                         ;
+---------------------------+-------+------+----------------------------+
; SUPPRESS_DA_RULE_INTERNAL ; a101  ; -    ; -                          ;
; SUPPRESS_DA_RULE_INTERNAL ; s102  ; -    ; -                          ;
; SUPPRESS_DA_RULE_INTERNAL ; s103  ; -    ; -                          ;
+---------------------------+-------+------+----------------------------+


+-----------------------------------------------------------------------------------------------+
; Source assignments for ct4pm:UAinst|lpm_counter:lpm_counter_component|cntr_ihi:auto_generated ;
+---------------------------+-------+------+----------------------------------------------------+
; Assignment                ; Value ; From ; To                                                 ;
+---------------------------+-------+------+----------------------------------------------------+
; SUPPRESS_DA_RULE_INTERNAL ; a101  ; -    ; -                                                  ;
; SUPPRESS_DA_RULE_INTERNAL ; s102  ; -    ; -                                                  ;
; SUPPRESS_DA_RULE_INTERNAL ; s103  ; -    ; -                                                  ;
+---------------------------+-------+------+----------------------------------------------------+


+------------------------------------------------------------------------------------------+
; Parameter Settings for User Entity Instance: dc4:UAinst1|lpm_decode:lpm_decode_component ;
+------------------------+-------------+---------------------------------------------------+
; Parameter Name         ; Value       ; Type                                              ;
+------------------------+-------------+---------------------------------------------------+
; LPM_WIDTH              ; 4           ; Signed Integer                                    ;
; LPM_DECODES            ; 16          ; Signed Integer                                    ;
; LPM_PIPELINE           ; 0           ; Untyped                                           ;
; CASCADE_CHAIN          ; MANUAL      ; Untyped                                           ;
; DEVICE_FAMILY          ; Cyclone III ; Untyped                                           ;
; CBXI_PARAMETER         ; decode_lbf  ; Untyped                                           ;
; AUTO_CARRY_CHAINS      ; ON          ; AUTO_CARRY                                        ;
; IGNORE_CARRY_BUFFERS   ; OFF         ; IGNORE_CARRY                                      ;
; AUTO_CASCADE_CHAINS    ; ON          ; AUTO_CASCADE                                      ;
; IGNORE_CASCADE_BUFFERS ; OFF         ; IGNORE_CASCADE                                    ;
+------------------------+-------------+---------------------------------------------------+
Note: In order to hide this table in the UI and the text report file, please set the "Show Parameter Settings Tables in Synthesis Report" option in "Analysis and Synthesis Settings -> More Settings" to "Off".


+---------------------------------------------------------------------------------------------+
; Parameter Settings for User Entity Instance: ct4pm:UAinst|lpm_counter:lpm_counter_component ;
+------------------------+-------------+------------------------------------------------------+
; Parameter Name         ; Value       ; Type                                                 ;
+------------------------+-------------+------------------------------------------------------+
; AUTO_CARRY_CHAINS      ; ON          ; AUTO_CARRY                                           ;
; IGNORE_CARRY_BUFFERS   ; OFF         ; IGNORE_CARRY                                         ;
; AUTO_CASCADE_CHAINS    ; ON          ; AUTO_CASCADE                                         ;
; IGNORE_CASCADE_BUFFERS ; OFF         ; IGNORE_CASCADE                                       ;
; LPM_WIDTH              ; 4           ; Signed Integer                                       ;
; LPM_DIRECTION          ; DEFAULT     ; Untyped                                              ;
; LPM_MODULUS            ; 0           ; Untyped                                              ;
; LPM_AVALUE             ; UNUSED      ; Untyped                                              ;
; LPM_SVALUE             ; UNUSED      ; Untyped                                              ;
; LPM_PORT_UPDOWN        ; PORT_USED   ; Untyped                                              ;
; DEVICE_FAMILY          ; Cyclone III ; Untyped                                              ;
; CARRY_CHAIN            ; MANUAL      ; Untyped                                              ;
; CARRY_CHAIN_LENGTH     ; 48          ; CARRY_CHAIN_LENGTH                                   ;
; NOT_GATE_PUSH_BACK     ; ON          ; NOT_GATE_PUSH_BACK                                   ;
; CARRY_CNT_EN           ; SMART       ; Untyped                                              ;
; LABWIDE_SCLR           ; ON          ; Untyped                                              ;
; USE_NEW_VERSION        ; TRUE        ; Untyped                                              ;
; CBXI_PARAMETER         ; cntr_ihi    ; Untyped                                              ;
+------------------------+-------------+------------------------------------------------------+
Note: In order to hide this table in the UI and the text report file, please set the "Show Parameter Settings Tables in Synthesis Report" option in "Analysis and Synthesis Settings -> More Settings" to "Off".


+----------------------------------------------------------------------------------+
; Parameter Settings for User Entity Instance: reg:UAinst2|lpm_ff:lpm_ff_component ;
+------------------------+-------------+-------------------------------------------+
; Parameter Name         ; Value       ; Type                                      ;
+------------------------+-------------+-------------------------------------------+
; LPM_WIDTH              ; 11          ; Signed Integer                            ;
; LPM_AVALUE             ; UNUSED      ; Untyped                                   ;
; LPM_SVALUE             ; UNUSED      ; Untyped                                   ;
; LPM_FFTYPE             ; DFF         ; Untyped                                   ;
; DEVICE_FAMILY          ; Cyclone III ; Untyped                                   ;
; CBXI_PARAMETER         ; NOTHING     ; Untyped                                   ;
; AUTO_CARRY_CHAINS      ; ON          ; AUTO_CARRY                                ;
; IGNORE_CARRY_BUFFERS   ; OFF         ; IGNORE_CARRY                              ;
; AUTO_CASCADE_CHAINS    ; ON          ; AUTO_CASCADE                              ;
; IGNORE_CASCADE_BUFFERS ; OFF         ; IGNORE_CASCADE                            ;
+------------------------+-------------+-------------------------------------------+
Note: In order to hide this table in the UI and the text report file, please set the "Show Parameter Settings Tables in Synthesis Report" option in "Analysis and Synthesis Settings -> More Settings" to "Off".


+-------------------------------+
; Analysis & Synthesis Messages ;
+-------------------------------+
Info: *******************************************************************
Info: Running Quartus II Analysis & Synthesis
    Info: Version 9.0 Build 235 06/17/2009 Service Pack 2 SJ Web Edition
    Info: Processing started: Fri Apr 29 09:10:10 2016
Info: Command: quartus_map --read_settings_files=on --write_settings_files=off lab21 -c lab21
Info: Found 1 design units, including 1 entities, in source file lab21.bdf
    Info: Found entity 1: lab21
Info: Elaborating entity "lab21" for the top level hierarchy
Warning: Not all bits in bus "y[10..0]" are used
Warning: Using design file elements/dc4.vhd, which is not specified as a design file for the current project, but contains definitions for 2 design units and 1 entities in project
    Info: Found design unit 1: dc4-SYN
    Info: Found entity 1: dc4
Info: Elaborating entity "dc4" for hierarchy "dc4:UAinst1"
Info: Elaborating entity "lpm_decode" for hierarchy "dc4:UAinst1|lpm_decode:lpm_decode_component"
Info: Elaborated megafunction instantiation "dc4:UAinst1|lpm_decode:lpm_decode_component"
Info: Instantiated megafunction "dc4:UAinst1|lpm_decode:lpm_decode_component" with the following parameter:
    Info: Parameter "lpm_decodes" = "16"
    Info: Parameter "lpm_type" = "LPM_DECODE"
    Info: Parameter "lpm_width" = "4"
Info: Found 1 design units, including 1 entities, in source file db/decode_lbf.tdf
    Info: Found entity 1: decode_lbf
Info: Elaborating entity "decode_lbf" for hierarchy "dc4:UAinst1|lpm_decode:lpm_decode_component|decode_lbf:auto_generated"
Warning: Using design file elements/ct4pm.vhd, which is not specified as a design file for the current project, but contains definitions for 2 design units and 1 entities in project
    Info: Found design unit 1: ct4pm-SYN
    Info: Found entity 1: ct4pm
Info: Elaborating entity "ct4pm" for hierarchy "ct4pm:UAinst"
Info: Elaborating entity "lpm_counter" for hierarchy "ct4pm:UAinst|lpm_counter:lpm_counter_component"
Info: Elaborated megafunction instantiation "ct4pm:UAinst|lpm_counter:lpm_counter_component"
Info: Instantiated megafunction "ct4pm:UAinst|lpm_counter:lpm_counter_component" with the following parameter:
    Info: Parameter "lpm_direction" = "UNUSED"
    Info: Parameter "lpm_port_updown" = "PORT_USED"
    Info: Parameter "lpm_type" = "LPM_COUNTER"
    Info: Parameter "lpm_width" = "4"
Warning: Assertion warning: Counter will power up to an undefined state.  An asynchronous signal should be asserted before the counter reaches a known state.
Info: Found 1 design units, including 1 entities, in source file db/cntr_ihi.tdf
    Info: Found entity 1: cntr_ihi
Info: Elaborating entity "cntr_ihi" for hierarchy "ct4pm:UAinst|lpm_counter:lpm_counter_component|cntr_ihi:auto_generated"
Warning: Using design file elements/reg.vhd, which is not specified as a design file for the current project, but contains definitions for 2 design units and 1 entities in project
    Info: Found design unit 1: reg-SYN
    Info: Found entity 1: reg
Info: Elaborating entity "reg" for hierarchy "reg:UAinst2"
Info: Elaborating entity "lpm_ff" for hierarchy "reg:UAinst2|lpm_ff:lpm_ff_component"
Info: Elaborated megafunction instantiation "reg:UAinst2|lpm_ff:lpm_ff_component"
Info: Instantiated megafunction "reg:UAinst2|lpm_ff:lpm_ff_component" with the following parameter:
    Info: Parameter "lpm_fftype" = "DFF"
    Info: Parameter "lpm_type" = "LPM_FF"
    Info: Parameter "lpm_width" = "11"
Warning: Output pins are stuck at VCC or GND
    Warning (13410): Pin "apin[10]" is stuck at GND
    Warning (13410): Pin "apin[9]" is stuck at GND
    Warning (13410): Pin "apin[6]" is stuck at GND
    Warning (13410): Pin "apin[5]" is stuck at GND
    Warning (13410): Pin "apin[4]" is stuck at GND
    Warning (13410): Pin "apin[3]" is stuck at GND
    Warning (13410): Pin "apin[2]" is stuck at GND
    Warning (13410): Pin "apin[1]" is stuck at GND
    Warning (13410): Pin "apin[0]" is stuck at GND
    Warning (13410): Pin "ctpin[6]" is stuck at GND
    Warning (13410): Pin "ctpin[5]" is stuck at GND
    Warning (13410): Pin "ctpin[4]" is stuck at GND
    Warning (13410): Pin "ctpin[3]" is stuck at VCC
    Warning (13410): Pin "ctpin[1]" is stuck at GND
    Warning (13410): Pin "outpin[3]" is stuck at VCC
    Warning (13410): Pin "outpin[1]" is stuck at GND
    Warning (13410): Pin "ypin[10]" is stuck at GND
    Warning (13410): Pin "ypin[9]" is stuck at GND
    Warning (13410): Pin "ypin[6]" is stuck at GND
    Warning (13410): Pin "ypin[3]" is stuck at GND
    Warning (13410): Pin "ypin[2]" is stuck at GND
    Warning (13410): Pin "ypin[1]" is stuck at GND
    Warning (13410): Pin "ypin[0]" is stuck at GND
Warning: Design contains 8 input pin(s) that do not drive logic
    Warning (15610): No output dependent on input pin "xpin[9]"
    Warning (15610): No output dependent on input pin "xpin[6]"
    Warning (15610): No output dependent on input pin "xpin[5]"
    Warning (15610): No output dependent on input pin "xpin[4]"
    Warning (15610): No output dependent on input pin "xpin[3]"
    Warning (15610): No output dependent on input pin "xpin[2]"
    Warning (15610): No output dependent on input pin "xpin[1]"
    Warning (15610): No output dependent on input pin "xpin[0]"
Info: Implemented 56 device resources after synthesis - the final resource count might be different
    Info: Implemented 12 input pins
    Info: Implemented 33 output pins
    Info: Implemented 11 logic cells
Info: Quartus II Analysis & Synthesis was successful. 0 errors, 38 warnings
    Info: Peak virtual memory: 231 megabytes
    Info: Processing ended: Fri Apr 29 09:10:12 2016
    Info: Elapsed time: 00:00:02
    Info: Total CPU time (on all processors): 00:00:02


