Flow report for OA
Tue Mar 28 16:39:05 2017
Quartus II Version 9.1 Build 350 03/24/2010 Service Pack 2 SJ Web Edition


---------------------
; Table of Contents ;
---------------------
  1. Legal Notice
  2. Flow Summary
  3. Flow Settings
  4. Flow Non-Default Global Settings
  5. Flow Elapsed Time
  6. Flow OS Summary
  7. Flow Log



----------------
; Legal Notice ;
----------------
Copyright (C) 1991-2010 Altera Corporation
Your use of Altera Corporation's design tools, logic functions 
and other software and tools, and its AMPP partner logic 
functions, and any output files from any of the foregoing 
(including device programming or simulation files), and any 
associated documentation or information are expressly subject 
to the terms and conditions of the Altera Program License 
Subscription Agreement, Altera MegaCore Function License 
Agreement, or other applicable license agreement, including, 
without limitation, that your use is for the sole purpose of 
programming logic devices manufactured by Altera and sold by 
Altera or its authorized distributors.  Please refer to the 
applicable agreement for further details.



+-----------------------------------------------------------------------------------+
; Flow Summary                                                                      ;
+------------------------------------+----------------------------------------------+
; Flow Status                        ; Successful - Tue Mar 28 16:39:04 2017        ;
; Quartus II Version                 ; 9.1 Build 350 03/24/2010 SP 2 SJ Web Edition ;
; Revision Name                      ; OA                                           ;
; Top-level Entity Name              ; OA                                           ;
; Family                             ; Cyclone III                                  ;
; Device                             ; EP3C5E144C7                                  ;
; Timing Models                      ; Final                                        ;
; Met timing requirements            ; N/A                                          ;
; Total logic elements               ; 126 / 5,136 ( 2 % )                          ;
;     Total combinational functions  ; 125 / 5,136 ( 2 % )                          ;
;     Dedicated logic registers      ; 73 / 5,136 ( 1 % )                           ;
; Total registers                    ; 73                                           ;
; Total pins                         ; 48 / 95 ( 51 % )                             ;
; Total virtual pins                 ; 0                                            ;
; Total memory bits                  ; 0 / 423,936 ( 0 % )                          ;
; Embedded Multiplier 9-bit elements ; 0 / 46 ( 0 % )                               ;
; Total PLLs                         ; 0 / 2 ( 0 % )                                ;
+------------------------------------+----------------------------------------------+


+-----------------------------------------+
; Flow Settings                           ;
+-------------------+---------------------+
; Option            ; Setting             ;
+-------------------+---------------------+
; Start date & time ; 03/28/2017 16:38:54 ;
; Main task         ; Compilation         ;
; Revision Name     ; OA                  ;
+-------------------+---------------------+


+---------------------------------------------------------------------------------------------------------------------------+
; Flow Non-Default Global Settings                                                                                          ;
+------------------------------------+---------------------------------------+---------------+-------------+----------------+
; Assignment Name                    ; Value                                 ; Default Value ; Entity Name ; Section Id     ;
+------------------------------------+---------------------------------------+---------------+-------------+----------------+
; COMPILER_SIGNATURE_ID              ; 33253866677059.149070833404128        ; --            ; --          ; --             ;
; IP_TOOL_NAME                       ; LPM_FF                                ; --            ; --          ; --             ;
; IP_TOOL_NAME                       ; LPM_MUX                               ; --            ; --          ; --             ;
; IP_TOOL_NAME                       ; LPM_DECODE                            ; --            ; --          ; --             ;
; IP_TOOL_NAME                       ; LPM_OR                                ; --            ; --          ; --             ;
; IP_TOOL_NAME                       ; LPM_MUX                               ; --            ; --          ; --             ;
; IP_TOOL_NAME                       ; LPM_XOR                               ; --            ; --          ; --             ;
; IP_TOOL_NAME                       ; LPM_ADD_SUB                           ; --            ; --          ; --             ;
; IP_TOOL_NAME                       ; LPM_FF                                ; --            ; --          ; --             ;
; IP_TOOL_NAME                       ; LPM_MUX                               ; --            ; --          ; --             ;
; IP_TOOL_NAME                       ; LPM_CLSHIFT                           ; --            ; --          ; --             ;
; IP_TOOL_NAME                       ; LPM_COUNTER                           ; --            ; --          ; --             ;
; IP_TOOL_NAME                       ; LPM_CLSHIFT                           ; --            ; --          ; --             ;
; IP_TOOL_NAME                       ; LPM_OR                                ; --            ; --          ; --             ;
; IP_TOOL_NAME                       ; LPM_MUX                               ; --            ; --          ; --             ;
; IP_TOOL_VERSION                    ; 9.1                                   ; --            ; --          ; --             ;
; IP_TOOL_VERSION                    ; 9.1                                   ; --            ; --          ; --             ;
; IP_TOOL_VERSION                    ; 9.1                                   ; --            ; --          ; --             ;
; IP_TOOL_VERSION                    ; 9.1                                   ; --            ; --          ; --             ;
; IP_TOOL_VERSION                    ; 9.1                                   ; --            ; --          ; --             ;
; IP_TOOL_VERSION                    ; 9.1                                   ; --            ; --          ; --             ;
; IP_TOOL_VERSION                    ; 9.1                                   ; --            ; --          ; --             ;
; IP_TOOL_VERSION                    ; 9.1                                   ; --            ; --          ; --             ;
; IP_TOOL_VERSION                    ; 9.1                                   ; --            ; --          ; --             ;
; IP_TOOL_VERSION                    ; 9.1                                   ; --            ; --          ; --             ;
; IP_TOOL_VERSION                    ; 9.1                                   ; --            ; --          ; --             ;
; IP_TOOL_VERSION                    ; 9.1                                   ; --            ; --          ; --             ;
; IP_TOOL_VERSION                    ; 9.1                                   ; --            ; --          ; --             ;
; IP_TOOL_VERSION                    ; 9.1                                   ; --            ; --          ; --             ;
; MAX_CORE_JUNCTION_TEMP             ; 85                                    ; --            ; --          ; --             ;
; MIN_CORE_JUNCTION_TEMP             ; 0                                     ; --            ; --          ; --             ;
; MISC_FILE                          ; RG2.bsf                               ; --            ; --          ; --             ;
; MISC_FILE                          ; RG2_inst.v                            ; --            ; --          ; --             ;
; MISC_FILE                          ; RG2_bb.v                              ; --            ; --          ; --             ;
; MISC_FILE                          ; RG2.inc                               ; --            ; --          ; --             ;
; MISC_FILE                          ; Mux1.bsf                              ; --            ; --          ; --             ;
; MISC_FILE                          ; Mux1_inst.v                           ; --            ; --          ; --             ;
; MISC_FILE                          ; Mux1_bb.v                             ; --            ; --          ; --             ;
; MISC_FILE                          ; Mux1.inc                              ; --            ; --          ; --             ;
; MISC_FILE                          ; Decode.bsf                            ; --            ; --          ; --             ;
; MISC_FILE                          ; Decode_inst.v                         ; --            ; --          ; --             ;
; MISC_FILE                          ; Decode_bb.v                           ; --            ; --          ; --             ;
; MISC_FILE                          ; Decode.inc                            ; --            ; --          ; --             ;
; MISC_FILE                          ; Or32.tdf                              ; --            ; --          ; --             ;
; MISC_FILE                          ; Or32.bsf                              ; --            ; --          ; --             ;
; MISC_FILE                          ; Or32_bb.v                             ; --            ; --          ; --             ;
; MISC_FILE                          ; Or32.inc                              ; --            ; --          ; --             ;
; MISC_FILE                          ; Mult2.bsf                             ; --            ; --          ; --             ;
; MISC_FILE                          ; Mult2_inst.v                          ; --            ; --          ; --             ;
; MISC_FILE                          ; Mult2_bb.v                            ; --            ; --          ; --             ;
; MISC_FILE                          ; Mult2.inc                             ; --            ; --          ; --             ;
; MISC_FILE                          ; My_Xor.bsf                            ; --            ; --          ; --             ;
; MISC_FILE                          ; My_Xor_inst.v                         ; --            ; --          ; --             ;
; MISC_FILE                          ; My_Xor_bb.v                           ; --            ; --          ; --             ;
; MISC_FILE                          ; My_Xor.inc                            ; --            ; --          ; --             ;
; MISC_FILE                          ; Sum.bsf                               ; --            ; --          ; --             ;
; MISC_FILE                          ; Sum_inst.v                            ; --            ; --          ; --             ;
; MISC_FILE                          ; Sum_bb.v                              ; --            ; --          ; --             ;
; MISC_FILE                          ; Sum.inc                               ; --            ; --          ; --             ;
; MISC_FILE                          ; RG3.bsf                               ; --            ; --          ; --             ;
; MISC_FILE                          ; RG3_inst.v                            ; --            ; --          ; --             ;
; MISC_FILE                          ; RG3_bb.v                              ; --            ; --          ; --             ;
; MISC_FILE                          ; RG3.inc                               ; --            ; --          ; --             ;
; MISC_FILE                          ; My_Mux2.bsf                           ; --            ; --          ; --             ;
; MISC_FILE                          ; My_Mux2_inst.v                        ; --            ; --          ; --             ;
; MISC_FILE                          ; My_Mux2_bb.v                          ; --            ; --          ; --             ;
; MISC_FILE                          ; My_Mux2.inc                           ; --            ; --          ; --             ;
; MISC_FILE                          ; Shift1.bsf                            ; --            ; --          ; --             ;
; MISC_FILE                          ; Shift1_inst.v                         ; --            ; --          ; --             ;
; MISC_FILE                          ; Shift1_bb.v                           ; --            ; --          ; --             ;
; MISC_FILE                          ; Shift1.inc                            ; --            ; --          ; --             ;
; MISC_FILE                          ; Counter.bsf                           ; --            ; --          ; --             ;
; MISC_FILE                          ; Counter_inst.v                        ; --            ; --          ; --             ;
; MISC_FILE                          ; Counter_bb.v                          ; --            ; --          ; --             ;
; MISC_FILE                          ; Counter.inc                           ; --            ; --          ; --             ;
; MISC_FILE                          ; SDvig.bsf                             ; --            ; --          ; --             ;
; MISC_FILE                          ; SDvig_inst.v                          ; --            ; --          ; --             ;
; MISC_FILE                          ; SDvig_bb.v                            ; --            ; --          ; --             ;
; MISC_FILE                          ; SDvig.inc                             ; --            ; --          ; --             ;
; MISC_FILE                          ; OR_2r.bsf                             ; --            ; --          ; --             ;
; MISC_FILE                          ; OR_2r_inst.v                          ; --            ; --          ; --             ;
; MISC_FILE                          ; OR_2r_bb.v                            ; --            ; --          ; --             ;
; MISC_FILE                          ; OR_2r.inc                             ; --            ; --          ; --             ;
; MISC_FILE                          ; Mux_Rg3.bsf                           ; --            ; --          ; --             ;
; MISC_FILE                          ; Mux_Rg3_inst.v                        ; --            ; --          ; --             ;
; MISC_FILE                          ; Mux_Rg3_bb.v                          ; --            ; --          ; --             ;
; MISC_FILE                          ; Mux_Rg3.inc                           ; --            ; --          ; --             ;
; NOMINAL_CORE_SUPPLY_VOLTAGE        ; 1.2V                                  ; --            ; --          ; --             ;
; PARTITION_COLOR                    ; 16764057                              ; --            ; --          ; Top            ;
; PARTITION_NETLIST_TYPE             ; SOURCE                                ; --            ; --          ; Top            ;
; POWER_BOARD_THERMAL_MODEL          ; None (CONSERVATIVE)                   ; --            ; --          ; --             ;
; POWER_PRESET_COOLING_SOLUTION      ; 23 MM HEAT SINK WITH 200 LFPM AIRFLOW ; --            ; --          ; --             ;
; USE_GENERATED_PHYSICAL_CONSTRAINTS ; Off                                   ; --            ; --          ; eda_blast_fpga ;
+------------------------------------+---------------------------------------+---------------+-------------+----------------+


+-------------------------------------------------------------------------------------------------------------------------------+
; Flow Elapsed Time                                                                                                             ;
+---------------------------+--------------+-------------------------+---------------------+------------------------------------+
; Module Name               ; Elapsed Time ; Average Processors Used ; Peak Virtual Memory ; Total CPU Time (on all processors) ;
+---------------------------+--------------+-------------------------+---------------------+------------------------------------+
; Analysis & Synthesis      ; 00:00:02     ; 1.0                     ; 238 MB              ; 00:00:03                           ;
; Fitter                    ; 00:00:04     ; 1.0                     ; 252 MB              ; 00:00:04                           ;
; TimeQuest Timing Analyzer ; 00:00:02     ; 1.0                     ; 219 MB              ; 00:00:02                           ;
; Assembler                 ; 00:00:01     ; 1.0                     ; 204 MB              ; 00:00:01                           ;
; Total                     ; 00:00:08     ; --                      ; --                  ; 00:00:09                           ;
+---------------------------+--------------+-------------------------+---------------------+------------------------------------+


+--------------------------------------------------------------------------------------------+
; Flow OS Summary                                                                            ;
+---------------------------+------------------+---------------+------------+----------------+
; Module Name               ; Machine Hostname ; OS Name       ; OS Version ; Processor type ;
+---------------------------+------------------+---------------+------------+----------------+
; Analysis & Synthesis      ; pc               ; Windows Vista ; 6.2        ; x86_64         ;
; Fitter                    ; pc               ; Windows Vista ; 6.2        ; x86_64         ;
; Assembler                 ; pc               ; Windows Vista ; 6.2        ; x86_64         ;
; TimeQuest Timing Analyzer ; pc               ; Windows Vista ; 6.2        ; x86_64         ;
+---------------------------+------------------+---------------+------------+----------------+


------------
; Flow Log ;
------------
quartus_map --read_settings_files=on --write_settings_files=off OA -c OA
quartus_fit --read_settings_files=off --write_settings_files=off OA -c OA
quartus_asm --read_settings_files=off --write_settings_files=off OA -c OA
quartus_sta OA -c OA



