Analysis & Synthesis report for OA
Sun May 02 13:59:19 2021
Quartus II Version 9.0 Build 132 02/25/2009 SJ Full Version


---------------------
; Table of Contents ;
---------------------
  1. Legal Notice
  2. Analysis & Synthesis Summary
  3. Analysis & Synthesis Settings
  4. Registers Removed During Synthesis
  5. Multiplexer Restructuring Statistics (Restructuring Performed)
  6. Source assignments for Counter:inst29|lpm_counter:lpm_counter_component
  7. Parameter Settings for User Entity Instance: Counter:inst29|lpm_counter:lpm_counter_component
  8. Parameter Settings for User Entity Instance: Or32:inst21|lpm_or:lpm_or_component
  9. Parameter Settings for User Entity Instance: RG2:inst5|lpm_ff:lpm_ff_component
 10. Parameter Settings for User Entity Instance: RG3:inst25|lpm_ff:lpm_ff_component
 11. Parameter Settings for User Entity Instance: Mux_Rg3:inst19|lpm_mux:lpm_mux_component
 12. Parameter Settings for User Entity Instance: Sum:inst24|lpm_add_sub:lpm_add_sub_component
 13. Parameter Settings for User Entity Instance: Decode:inst11|lpm_decode:lpm_decode_component
 14. Parameter Settings for User Entity Instance: RG2:inst7|lpm_ff:lpm_ff_component
 15. Parameter Settings for User Entity Instance: Mux1:inst10|lpm_mux:lpm_mux_component
 16. Parameter Settings for User Entity Instance: SDvig:inst13|lpm_clshift:lpm_clshift_component
 17. Parameter Settings for User Entity Instance: Mult2:inst22|lpm_mux:lpm_mux_component
 18. Parameter Settings for User Entity Instance: My_Xor:inst23|lpm_xor:lpm_xor_component
 19. Parameter Settings for User Entity Instance: Shift1:inst28|lpm_clshift:lpm_clshift_component
 20. Analysis & Synthesis Messages



----------------
; Legal Notice ;
----------------
Copyright (C) 1991-2009 Altera Corporation
Your use of Altera Corporation's design tools, logic functions 
and other software and tools, and its AMPP partner logic 
functions, and any output files from any of the foregoing 
(including device programming or simulation files), and any 
associated documentation or information are expressly subject 
to the terms and conditions of the Altera Program License 
Subscription Agreement, Altera MegaCore Function License 
Agreement, or other applicable license agreement, including, 
without limitation, that your use is for the sole purpose of 
programming logic devices manufactured by Altera and sold by 
Altera or its authorized distributors.  Please refer to the 
applicable agreement for further details.



+-------------------------------------------------------------------------------+
; Analysis & Synthesis Summary                                                  ;
+------------------------------------+------------------------------------------+
; Analysis & Synthesis Status        ; Successful - Sun May 02 13:59:19 2021    ;
; Quartus II Version                 ; 9.0 Build 132 02/25/2009 SJ Full Version ;
; Revision Name                      ; OA                                       ;
; Top-level Entity Name              ; OA                                       ;
; Family                             ; Cyclone III                              ;
; Total logic elements               ; N/A until Partition Merge                ;
;     Total combinational functions  ; N/A until Partition Merge                ;
;     Dedicated logic registers      ; N/A until Partition Merge                ;
; Total registers                    ; N/A until Partition Merge                ;
; Total pins                         ; N/A until Partition Merge                ;
; Total virtual pins                 ; N/A until Partition Merge                ;
; Total memory bits                  ; N/A until Partition Merge                ;
; Embedded Multiplier 9-bit elements ; N/A until Partition Merge                ;
; Total PLLs                         ; N/A until Partition Merge                ;
+------------------------------------+------------------------------------------+


+----------------------------------------------------------------------------------------------------------+
; Analysis & Synthesis Settings                                                                            ;
+----------------------------------------------------------------+--------------------+--------------------+
; Option                                                         ; Setting            ; Default Value      ;
+----------------------------------------------------------------+--------------------+--------------------+
; Device                                                         ; EP3C5E144C7        ;                    ;
; Top-level entity name                                          ; OA                 ; OA                 ;
; Family name                                                    ; Cyclone III        ; Stratix II         ;
; Use Generated Physical Constraints File                        ; Off                ;                    ;
; Use smart compilation                                          ; Off                ; Off                ;
; Restructure Multiplexers                                       ; Auto               ; Auto               ;
; Create Debugging Nodes for IP Cores                            ; Off                ; Off                ;
; Preserve fewer node names                                      ; On                 ; On                 ;
; Disable OpenCore Plus hardware evaluation                      ; Off                ; Off                ;
; Verilog Version                                                ; Verilog_2001       ; Verilog_2001       ;
; VHDL Version                                                   ; VHDL93             ; VHDL93             ;
; State Machine Processing                                       ; Auto               ; Auto               ;
; Safe State Machine                                             ; Off                ; Off                ;
; Extract Verilog State Machines                                 ; On                 ; On                 ;
; Extract VHDL State Machines                                    ; On                 ; On                 ;
; Ignore Verilog initial constructs                              ; Off                ; Off                ;
; Iteration limit for constant Verilog loops                     ; 5000               ; 5000               ;
; Iteration limit for non-constant Verilog loops                 ; 250                ; 250                ;
; Add Pass-Through Logic to Inferred RAMs                        ; On                 ; On                 ;
; Parallel Synthesis                                             ; Off                ; Off                ;
; DSP Block Balancing                                            ; Auto               ; Auto               ;
; NOT Gate Push-Back                                             ; On                 ; On                 ;
; Power-Up Don't Care                                            ; On                 ; On                 ;
; Remove Redundant Logic Cells                                   ; Off                ; Off                ;
; Remove Duplicate Registers                                     ; On                 ; On                 ;
; Ignore CARRY Buffers                                           ; Off                ; Off                ;
; Ignore CASCADE Buffers                                         ; Off                ; Off                ;
; Ignore GLOBAL Buffers                                          ; Off                ; Off                ;
; Ignore ROW GLOBAL Buffers                                      ; Off                ; Off                ;
; Ignore LCELL Buffers                                           ; Off                ; Off                ;
; Ignore SOFT Buffers                                            ; On                 ; On                 ;
; Limit AHDL Integers to 32 Bits                                 ; Off                ; Off                ;
; Optimization Technique                                         ; Balanced           ; Balanced           ;
; Carry Chain Length                                             ; 70                 ; 70                 ;
; Auto Carry Chains                                              ; On                 ; On                 ;
; Auto Open-Drain Pins                                           ; On                 ; On                 ;
; Perform WYSIWYG Primitive Resynthesis                          ; Off                ; Off                ;
; Auto ROM Replacement                                           ; On                 ; On                 ;
; Auto RAM Replacement                                           ; On                 ; On                 ;
; Auto DSP Block Replacement                                     ; On                 ; On                 ;
; Auto Shift Register Replacement                                ; Auto               ; Auto               ;
; Auto Clock Enable Replacement                                  ; On                 ; On                 ;
; Strict RAM Replacement                                         ; Off                ; Off                ;
; Allow Synchronous Control Signals                              ; On                 ; On                 ;
; Force Use of Synchronous Clear Signals                         ; Off                ; Off                ;
; Auto RAM Block Balancing                                       ; On                 ; On                 ;
; Auto RAM to Logic Cell Conversion                              ; Off                ; Off                ;
; Auto Resource Sharing                                          ; Off                ; Off                ;
; Allow Any RAM Size For Recognition                             ; Off                ; Off                ;
; Allow Any ROM Size For Recognition                             ; Off                ; Off                ;
; Allow Any Shift Register Size For Recognition                  ; Off                ; Off                ;
; Use LogicLock Constraints during Resource Balancing            ; On                 ; On                 ;
; Ignore translate_off and synthesis_off directives              ; Off                ; Off                ;
; Timing-Driven Synthesis                                        ; Off                ; Off                ;
; Show Parameter Settings Tables in Synthesis Report             ; On                 ; On                 ;
; Ignore Maximum Fan-Out Assignments                             ; Off                ; Off                ;
; Synchronization Register Chain Length                          ; 2                  ; 2                  ;
; PowerPlay Power Optimization                                   ; Normal compilation ; Normal compilation ;
; HDL message level                                              ; Level2             ; Level2             ;
; Suppress Register Optimization Related Messages                ; Off                ; Off                ;
; Number of Removed Registers Reported in Synthesis Report       ; 100                ; 100                ;
; Number of Inverted Registers Reported in Synthesis Report      ; 100                ; 100                ;
; Clock MUX Protection                                           ; On                 ; On                 ;
; Auto Gated Clock Conversion                                    ; Off                ; Off                ;
; Block Design Naming                                            ; Auto               ; Auto               ;
; SDC constraint protection                                      ; Off                ; Off                ;
; Synthesis Effort                                               ; Auto               ; Auto               ;
; Allows Asynchronous Clear Usage For Shift Register Replacement ; On                 ; On                 ;
; Analysis & Synthesis Message Level                             ; Medium             ; Medium             ;
+----------------------------------------------------------------+--------------------+--------------------+


+---------------------------------------------------------------------------------+
; Registers Removed During Synthesis                                              ;
+----------------------------------------+----------------------------------------+
; Register name                          ; Reason for Removal                     ;
+----------------------------------------+----------------------------------------+
; block_name:inst8|pc[4..31]             ; Stuck at GND due to stuck port data_in ;
; block_name:inst8|y[4,7]                ; Stuck at GND due to stuck port data_in ;
; block_name:inst8|y[9]                  ; Merged with block_name:inst8|y[0]      ;
; Total Number of Removed Registers = 31 ;                                        ;
+----------------------------------------+----------------------------------------+


+-------------------------------------------------------------------------------------------------------------------------------------------------------------+
; Multiplexer Restructuring Statistics (Restructuring Performed)                                                                                              ;
+--------------------+-----------+---------------+----------------------+------------------------+------------+-----------------------------------------------+
; Multiplexer Inputs ; Bus Width ; Baseline Area ; Area if Restructured ; Saving if Restructured ; Registered ; Example Multiplexer Output                    ;
+--------------------+-----------+---------------+----------------------+------------------------+------------+-----------------------------------------------+
; 3:1                ; 13 bits   ; 26 LEs        ; 13 LEs               ; 13 LEs                 ; Yes        ; |OA|RG2:inst7|lpm_ff:lpm_ff_component|dffs[4] ;
+--------------------+-----------+---------------+----------------------+------------------------+------------+-----------------------------------------------+


+-------------------------------------------------------------------------+
; Source assignments for Counter:inst29|lpm_counter:lpm_counter_component ;
+---------------------------+-------+------+------------------------------+
; Assignment                ; Value ; From ; To                           ;
+---------------------------+-------+------+------------------------------+
; SUPPRESS_DA_RULE_INTERNAL ; a101  ; -    ; -                            ;
; SUPPRESS_DA_RULE_INTERNAL ; s102  ; -    ; -                            ;
; SUPPRESS_DA_RULE_INTERNAL ; s103  ; -    ; -                            ;
+---------------------------+-------+------+------------------------------+


+-----------------------------------------------------------------------------------------------+
; Parameter Settings for User Entity Instance: Counter:inst29|lpm_counter:lpm_counter_component ;
+------------------------+-------------+--------------------------------------------------------+
; Parameter Name         ; Value       ; Type                                                   ;
+------------------------+-------------+--------------------------------------------------------+
; AUTO_CARRY_CHAINS      ; ON          ; AUTO_CARRY                                             ;
; IGNORE_CARRY_BUFFERS   ; OFF         ; IGNORE_CARRY                                           ;
; AUTO_CASCADE_CHAINS    ; ON          ; AUTO_CASCADE                                           ;
; IGNORE_CASCADE_BUFFERS ; OFF         ; IGNORE_CASCADE                                         ;
; LPM_WIDTH              ; 4           ; Signed Integer                                         ;
; LPM_DIRECTION          ; UP          ; Untyped                                                ;
; LPM_MODULUS            ; 0           ; Untyped                                                ;
; LPM_AVALUE             ; UNUSED      ; Untyped                                                ;
; LPM_SVALUE             ; UNUSED      ; Untyped                                                ;
; LPM_PORT_UPDOWN        ; PORT_UNUSED ; Untyped                                                ;
; DEVICE_FAMILY          ; Cyclone III ; Untyped                                                ;
; CARRY_CHAIN            ; MANUAL      ; Untyped                                                ;
; CARRY_CHAIN_LENGTH     ; 48          ; CARRY_CHAIN_LENGTH                                     ;
; NOT_GATE_PUSH_BACK     ; ON          ; NOT_GATE_PUSH_BACK                                     ;
; CARRY_CNT_EN           ; SMART       ; Untyped                                                ;
; LABWIDE_SCLR           ; ON          ; Untyped                                                ;
; USE_NEW_VERSION        ; TRUE        ; Untyped                                                ;
; CBXI_PARAMETER         ; cntr_cri    ; Untyped                                                ;
+------------------------+-------------+--------------------------------------------------------+
Note: In order to hide this table in the UI and the text report file, please set the "Show Parameter Settings Tables in Synthesis Report" option in "Analysis and Synthesis Settings -> More Settings" to "Off".


+----------------------------------------------------------------------------------+
; Parameter Settings for User Entity Instance: Or32:inst21|lpm_or:lpm_or_component ;
+------------------------+-------------+-------------------------------------------+
; Parameter Name         ; Value       ; Type                                      ;
+------------------------+-------------+-------------------------------------------+
; AUTO_CARRY_CHAINS      ; ON          ; AUTO_CARRY                                ;
; IGNORE_CARRY_BUFFERS   ; OFF         ; IGNORE_CARRY                              ;
; AUTO_CASCADE_CHAINS    ; ON          ; AUTO_CASCADE                              ;
; IGNORE_CASCADE_BUFFERS ; OFF         ; IGNORE_CASCADE                            ;
; LPM_WIDTH              ; 1           ; Untyped                                   ;
; LPM_SIZE               ; 16          ; Untyped                                   ;
; CARRY_CHAIN_LENGTH     ; 48          ; CARRY_CHAIN_LENGTH                        ;
; CARRY_CHAIN            ; MANUAL      ; Untyped                                   ;
; CASCADE_CHAIN          ; MANUAL      ; Untyped                                   ;
; DEVICE_FAMILY          ; Cyclone III ; Untyped                                   ;
+------------------------+-------------+-------------------------------------------+
Note: In order to hide this table in the UI and the text report file, please set the "Show Parameter Settings Tables in Synthesis Report" option in "Analysis and Synthesis Settings -> More Settings" to "Off".


+--------------------------------------------------------------------------------+
; Parameter Settings for User Entity Instance: RG2:inst5|lpm_ff:lpm_ff_component ;
+------------------------+-------------+-----------------------------------------+
; Parameter Name         ; Value       ; Type                                    ;
+------------------------+-------------+-----------------------------------------+
; LPM_WIDTH              ; 16          ; Signed Integer                          ;
; LPM_AVALUE             ; UNUSED      ; Untyped                                 ;
; LPM_SVALUE             ; UNUSED      ; Untyped                                 ;
; LPM_FFTYPE             ; DFF         ; Untyped                                 ;
; DEVICE_FAMILY          ; Cyclone III ; Untyped                                 ;
; CBXI_PARAMETER         ; NOTHING     ; Untyped                                 ;
; AUTO_CARRY_CHAINS      ; ON          ; AUTO_CARRY                              ;
; IGNORE_CARRY_BUFFERS   ; OFF         ; IGNORE_CARRY                            ;
; AUTO_CASCADE_CHAINS    ; ON          ; AUTO_CASCADE                            ;
; IGNORE_CASCADE_BUFFERS ; OFF         ; IGNORE_CASCADE                          ;
+------------------------+-------------+-----------------------------------------+
Note: In order to hide this table in the UI and the text report file, please set the "Show Parameter Settings Tables in Synthesis Report" option in "Analysis and Synthesis Settings -> More Settings" to "Off".


+---------------------------------------------------------------------------------+
; Parameter Settings for User Entity Instance: RG3:inst25|lpm_ff:lpm_ff_component ;
+------------------------+-------------+------------------------------------------+
; Parameter Name         ; Value       ; Type                                     ;
+------------------------+-------------+------------------------------------------+
; LPM_WIDTH              ; 17          ; Signed Integer                           ;
; LPM_AVALUE             ; UNUSED      ; Untyped                                  ;
; LPM_SVALUE             ; UNUSED      ; Untyped                                  ;
; LPM_FFTYPE             ; DFF         ; Untyped                                  ;
; DEVICE_FAMILY          ; Cyclone III ; Untyped                                  ;
; CBXI_PARAMETER         ; NOTHING     ; Untyped                                  ;
; AUTO_CARRY_CHAINS      ; ON          ; AUTO_CARRY                               ;
; IGNORE_CARRY_BUFFERS   ; OFF         ; IGNORE_CARRY                             ;
; AUTO_CASCADE_CHAINS    ; ON          ; AUTO_CASCADE                             ;
; IGNORE_CASCADE_BUFFERS ; OFF         ; IGNORE_CASCADE                           ;
+------------------------+-------------+------------------------------------------+
Note: In order to hide this table in the UI and the text report file, please set the "Show Parameter Settings Tables in Synthesis Report" option in "Analysis and Synthesis Settings -> More Settings" to "Off".


+---------------------------------------------------------------------------------------+
; Parameter Settings for User Entity Instance: Mux_Rg3:inst19|lpm_mux:lpm_mux_component ;
+------------------------+-------------+------------------------------------------------+
; Parameter Name         ; Value       ; Type                                           ;
+------------------------+-------------+------------------------------------------------+
; AUTO_CARRY_CHAINS      ; ON          ; AUTO_CARRY                                     ;
; IGNORE_CARRY_BUFFERS   ; OFF         ; IGNORE_CARRY                                   ;
; AUTO_CASCADE_CHAINS    ; ON          ; AUTO_CASCADE                                   ;
; IGNORE_CASCADE_BUFFERS ; OFF         ; IGNORE_CASCADE                                 ;
; LPM_WIDTH              ; 17          ; Signed Integer                                 ;
; LPM_SIZE               ; 2           ; Signed Integer                                 ;
; LPM_WIDTHS             ; 1           ; Signed Integer                                 ;
; LPM_PIPELINE           ; 0           ; Untyped                                        ;
; CBXI_PARAMETER         ; mux_lrc     ; Untyped                                        ;
; DEVICE_FAMILY          ; Cyclone III ; Untyped                                        ;
+------------------------+-------------+------------------------------------------------+
Note: In order to hide this table in the UI and the text report file, please set the "Show Parameter Settings Tables in Synthesis Report" option in "Analysis and Synthesis Settings -> More Settings" to "Off".


+-------------------------------------------------------------------------------------------+
; Parameter Settings for User Entity Instance: Sum:inst24|lpm_add_sub:lpm_add_sub_component ;
+------------------------+-------------+----------------------------------------------------+
; Parameter Name         ; Value       ; Type                                               ;
+------------------------+-------------+----------------------------------------------------+
; LPM_WIDTH              ; 17          ; Signed Integer                                     ;
; LPM_REPRESENTATION     ; UNSIGNED    ; Untyped                                            ;
; LPM_DIRECTION          ; ADD         ; Untyped                                            ;
; ONE_INPUT_IS_CONSTANT  ; NO          ; Untyped                                            ;
; LPM_PIPELINE           ; 0           ; Untyped                                            ;
; MAXIMIZE_SPEED         ; 5           ; Untyped                                            ;
; REGISTERED_AT_END      ; 0           ; Untyped                                            ;
; OPTIMIZE_FOR_SPEED     ; 5           ; Untyped                                            ;
; USE_CS_BUFFERS         ; 1           ; Untyped                                            ;
; CARRY_CHAIN            ; MANUAL      ; Untyped                                            ;
; CARRY_CHAIN_LENGTH     ; 48          ; CARRY_CHAIN_LENGTH                                 ;
; DEVICE_FAMILY          ; Cyclone III ; Untyped                                            ;
; USE_WYS                ; OFF         ; Untyped                                            ;
; STYLE                  ; FAST        ; Untyped                                            ;
; CBXI_PARAMETER         ; add_sub_v3i ; Untyped                                            ;
; AUTO_CARRY_CHAINS      ; ON          ; AUTO_CARRY                                         ;
; IGNORE_CARRY_BUFFERS   ; OFF         ; IGNORE_CARRY                                       ;
; AUTO_CASCADE_CHAINS    ; ON          ; AUTO_CASCADE                                       ;
; IGNORE_CASCADE_BUFFERS ; OFF         ; IGNORE_CASCADE                                     ;
+------------------------+-------------+----------------------------------------------------+
Note: In order to hide this table in the UI and the text report file, please set the "Show Parameter Settings Tables in Synthesis Report" option in "Analysis and Synthesis Settings -> More Settings" to "Off".


+--------------------------------------------------------------------------------------------+
; Parameter Settings for User Entity Instance: Decode:inst11|lpm_decode:lpm_decode_component ;
+------------------------+-------------+-----------------------------------------------------+
; Parameter Name         ; Value       ; Type                                                ;
+------------------------+-------------+-----------------------------------------------------+
; LPM_WIDTH              ; 3           ; Signed Integer                                      ;
; LPM_DECODES            ; 8           ; Signed Integer                                      ;
; LPM_PIPELINE           ; 1           ; Signed Integer                                      ;
; CASCADE_CHAIN          ; MANUAL      ; Untyped                                             ;
; DEVICE_FAMILY          ; Cyclone III ; Untyped                                             ;
; CBXI_PARAMETER         ; decode_4sh  ; Untyped                                             ;
; AUTO_CARRY_CHAINS      ; ON          ; AUTO_CARRY                                          ;
; IGNORE_CARRY_BUFFERS   ; OFF         ; IGNORE_CARRY                                        ;
; AUTO_CASCADE_CHAINS    ; ON          ; AUTO_CASCADE                                        ;
; IGNORE_CASCADE_BUFFERS ; OFF         ; IGNORE_CASCADE                                      ;
+------------------------+-------------+-----------------------------------------------------+
Note: In order to hide this table in the UI and the text report file, please set the "Show Parameter Settings Tables in Synthesis Report" option in "Analysis and Synthesis Settings -> More Settings" to "Off".


+--------------------------------------------------------------------------------+
; Parameter Settings for User Entity Instance: RG2:inst7|lpm_ff:lpm_ff_component ;
+------------------------+-------------+-----------------------------------------+
; Parameter Name         ; Value       ; Type                                    ;
+------------------------+-------------+-----------------------------------------+
; LPM_WIDTH              ; 16          ; Signed Integer                          ;
; LPM_AVALUE             ; UNUSED      ; Untyped                                 ;
; LPM_SVALUE             ; UNUSED      ; Untyped                                 ;
; LPM_FFTYPE             ; DFF         ; Untyped                                 ;
; DEVICE_FAMILY          ; Cyclone III ; Untyped                                 ;
; CBXI_PARAMETER         ; NOTHING     ; Untyped                                 ;
; AUTO_CARRY_CHAINS      ; ON          ; AUTO_CARRY                              ;
; IGNORE_CARRY_BUFFERS   ; OFF         ; IGNORE_CARRY                            ;
; AUTO_CASCADE_CHAINS    ; ON          ; AUTO_CASCADE                            ;
; IGNORE_CASCADE_BUFFERS ; OFF         ; IGNORE_CASCADE                          ;
+------------------------+-------------+-----------------------------------------+
Note: In order to hide this table in the UI and the text report file, please set the "Show Parameter Settings Tables in Synthesis Report" option in "Analysis and Synthesis Settings -> More Settings" to "Off".


+------------------------------------------------------------------------------------+
; Parameter Settings for User Entity Instance: Mux1:inst10|lpm_mux:lpm_mux_component ;
+------------------------+-------------+---------------------------------------------+
; Parameter Name         ; Value       ; Type                                        ;
+------------------------+-------------+---------------------------------------------+
; AUTO_CARRY_CHAINS      ; ON          ; AUTO_CARRY                                  ;
; IGNORE_CARRY_BUFFERS   ; OFF         ; IGNORE_CARRY                                ;
; AUTO_CASCADE_CHAINS    ; ON          ; AUTO_CASCADE                                ;
; IGNORE_CASCADE_BUFFERS ; OFF         ; IGNORE_CASCADE                              ;
; LPM_WIDTH              ; 16          ; Signed Integer                              ;
; LPM_SIZE               ; 2           ; Signed Integer                              ;
; LPM_WIDTHS             ; 1           ; Signed Integer                              ;
; LPM_PIPELINE           ; 0           ; Untyped                                     ;
; CBXI_PARAMETER         ; mux_krc     ; Untyped                                     ;
; DEVICE_FAMILY          ; Cyclone III ; Untyped                                     ;
+------------------------+-------------+---------------------------------------------+
Note: In order to hide this table in the UI and the text report file, please set the "Show Parameter Settings Tables in Synthesis Report" option in "Analysis and Synthesis Settings -> More Settings" to "Off".


+---------------------------------------------------------------------------------------------+
; Parameter Settings for User Entity Instance: SDvig:inst13|lpm_clshift:lpm_clshift_component ;
+----------------+-----------------+----------------------------------------------------------+
; Parameter Name ; Value           ; Type                                                     ;
+----------------+-----------------+----------------------------------------------------------+
; LPM_PIPELINE   ; 0               ; Untyped                                                  ;
; LPM_SHIFTTYPE  ; LOGICAL         ; Untyped                                                  ;
; LPM_WIDTH      ; 16              ; Signed Integer                                           ;
; LPM_WIDTHDIST  ; 2               ; Signed Integer                                           ;
; CBXI_PARAMETER ; lpm_clshift_ujc ; Untyped                                                  ;
+----------------+-----------------+----------------------------------------------------------+
Note: In order to hide this table in the UI and the text report file, please set the "Show Parameter Settings Tables in Synthesis Report" option in "Analysis and Synthesis Settings -> More Settings" to "Off".


+-------------------------------------------------------------------------------------+
; Parameter Settings for User Entity Instance: Mult2:inst22|lpm_mux:lpm_mux_component ;
+------------------------+-------------+----------------------------------------------+
; Parameter Name         ; Value       ; Type                                         ;
+------------------------+-------------+----------------------------------------------+
; AUTO_CARRY_CHAINS      ; ON          ; AUTO_CARRY                                   ;
; IGNORE_CARRY_BUFFERS   ; OFF         ; IGNORE_CARRY                                 ;
; AUTO_CASCADE_CHAINS    ; ON          ; AUTO_CASCADE                                 ;
; IGNORE_CASCADE_BUFFERS ; OFF         ; IGNORE_CASCADE                               ;
; LPM_WIDTH              ; 17          ; Signed Integer                               ;
; LPM_SIZE               ; 4           ; Signed Integer                               ;
; LPM_WIDTHS             ; 2           ; Signed Integer                               ;
; LPM_PIPELINE           ; 0           ; Untyped                                      ;
; CBXI_PARAMETER         ; mux_orc     ; Untyped                                      ;
; DEVICE_FAMILY          ; Cyclone III ; Untyped                                      ;
+------------------------+-------------+----------------------------------------------+
Note: In order to hide this table in the UI and the text report file, please set the "Show Parameter Settings Tables in Synthesis Report" option in "Analysis and Synthesis Settings -> More Settings" to "Off".


+--------------------------------------------------------------------------------------+
; Parameter Settings for User Entity Instance: My_Xor:inst23|lpm_xor:lpm_xor_component ;
+----------------+-------+-------------------------------------------------------------+
; Parameter Name ; Value ; Type                                                        ;
+----------------+-------+-------------------------------------------------------------+
; LPM_WIDTH      ; 15    ; Signed Integer                                              ;
; LPM_SIZE       ; 2     ; Signed Integer                                              ;
+----------------+-------+-------------------------------------------------------------+
Note: In order to hide this table in the UI and the text report file, please set the "Show Parameter Settings Tables in Synthesis Report" option in "Analysis and Synthesis Settings -> More Settings" to "Off".


+----------------------------------------------------------------------------------------------+
; Parameter Settings for User Entity Instance: Shift1:inst28|lpm_clshift:lpm_clshift_component ;
+----------------+-----------------+-----------------------------------------------------------+
; Parameter Name ; Value           ; Type                                                      ;
+----------------+-----------------+-----------------------------------------------------------+
; LPM_PIPELINE   ; 0               ; Untyped                                                   ;
; LPM_SHIFTTYPE  ; LOGICAL         ; Untyped                                                   ;
; LPM_WIDTH      ; 17              ; Signed Integer                                            ;
; LPM_WIDTHDIST  ; 2               ; Signed Integer                                            ;
; CBXI_PARAMETER ; lpm_clshift_vjc ; Untyped                                                   ;
+----------------+-----------------+-----------------------------------------------------------+
Note: In order to hide this table in the UI and the text report file, please set the "Show Parameter Settings Tables in Synthesis Report" option in "Analysis and Synthesis Settings -> More Settings" to "Off".


+-------------------------------+
; Analysis & Synthesis Messages ;
+-------------------------------+
Info: *******************************************************************
Info: Running Quartus II Analysis & Synthesis
    Info: Version 9.0 Build 132 02/25/2009 SJ Full Version
    Info: Processing started: Sun May 02 13:59:16 2021
Info: Command: quartus_map --read_settings_files=on --write_settings_files=off OA -c OA
Info: Found 1 design units, including 1 entities, in source file RG2.v
    Info: Found entity 1: RG2
Info: Found 1 design units, including 1 entities, in source file Mux1.v
    Info: Found entity 1: Mux1
Info: Found 1 design units, including 1 entities, in source file Decode.v
    Info: Found entity 1: Decode
Warning: Entity "Mult2" obtained from "C:/Users/user/OneDrive/Рабочий стол/Лабораторные работы/quartus НЕ МОИ ЛАБЫ/4 lab Кокорин/Mult2.v" instead of from Quartus II megafunction library
Info: Found 1 design units, including 1 entities, in source file Mult2.v
    Info: Found entity 1: Mult2
Info: Found 1 design units, including 1 entities, in source file My_Xor.v
    Info: Found entity 1: My_Xor
Info: Found 1 design units, including 1 entities, in source file Sum.v
    Info: Found entity 1: Sum
Info: Found 1 design units, including 1 entities, in source file RG3.v
    Info: Found entity 1: RG3
Info: Found 1 design units, including 1 entities, in source file My_Mux2.v
    Info: Found entity 1: My_Mux2
Info: Found 1 design units, including 1 entities, in source file Shift1.v
    Info: Found entity 1: Shift1
Info: Found 1 design units, including 1 entities, in source file Counter.v
    Info: Found entity 1: Counter
Info: Found 1 design units, including 1 entities, in source file OA.bdf
    Info: Found entity 1: OA
Info: Found 1 design units, including 1 entities, in source file SDvig.v
    Info: Found entity 1: SDvig
Info: Found 1 design units, including 1 entities, in source file OR_2r.v
    Info: Found entity 1: OR_2r
Info: Found 1 design units, including 1 entities, in source file Mux_Rg3.v
    Info: Found entity 1: Mux_Rg3
Info: Found 1 design units, including 1 entities, in source file UA.v
    Info: Found entity 1: block_name
Info: Elaborating entity "OA" for the top level hierarchy
Info: Elaborating entity "block_name" for hierarchy "block_name:inst8"
Warning (10762): Verilog HDL Case Statement warning at UA.v(46): can't check case statement for completeness because the case expression has too many possible states
Info: Elaborating entity "Counter" for hierarchy "Counter:inst29"
Info: Elaborating entity "lpm_counter" for hierarchy "Counter:inst29|lpm_counter:lpm_counter_component"
Info: Elaborated megafunction instantiation "Counter:inst29|lpm_counter:lpm_counter_component"
Info: Instantiated megafunction "Counter:inst29|lpm_counter:lpm_counter_component" with the following parameter:
    Info: Parameter "lpm_direction" = "UP"
    Info: Parameter "lpm_port_updown" = "PORT_UNUSED"
    Info: Parameter "lpm_type" = "LPM_COUNTER"
    Info: Parameter "lpm_width" = "4"
Info: Found 1 design units, including 1 entities, in source file db/cntr_cri.tdf
    Info: Found entity 1: cntr_cri
Info: Elaborating entity "cntr_cri" for hierarchy "Counter:inst29|lpm_counter:lpm_counter_component|cntr_cri:auto_generated"
Warning: Using design file Or32.tdf, which is not specified as a design file for the current project, but contains definitions for 1 design units and 1 entities in project
    Info: Found entity 1: Or32
Info: Elaborating entity "Or32" for hierarchy "Or32:inst21"
Info: Elaborating entity "lpm_or" for hierarchy "Or32:inst21|lpm_or:lpm_or_component"
Info: Elaborated megafunction instantiation "Or32:inst21|lpm_or:lpm_or_component"
Info: Instantiated megafunction "Or32:inst21|lpm_or:lpm_or_component" with the following parameter:
    Info: Parameter "LPM_TYPE" = "LPM_OR"
    Info: Parameter "LPM_WIDTH" = "1"
    Info: Parameter "LPM_SIZE" = "16"
Info: Elaborating entity "RG2" for hierarchy "RG2:inst5"
Info: Elaborating entity "lpm_ff" for hierarchy "RG2:inst5|lpm_ff:lpm_ff_component"
Info: Elaborated megafunction instantiation "RG2:inst5|lpm_ff:lpm_ff_component"
Info: Instantiated megafunction "RG2:inst5|lpm_ff:lpm_ff_component" with the following parameter:
    Info: Parameter "lpm_fftype" = "DFF"
    Info: Parameter "lpm_type" = "LPM_FF"
    Info: Parameter "lpm_width" = "16"
Info: Elaborating entity "RG3" for hierarchy "RG3:inst25"
Info: Elaborating entity "lpm_ff" for hierarchy "RG3:inst25|lpm_ff:lpm_ff_component"
Info: Elaborated megafunction instantiation "RG3:inst25|lpm_ff:lpm_ff_component"
Info: Instantiated megafunction "RG3:inst25|lpm_ff:lpm_ff_component" with the following parameter:
    Info: Parameter "lpm_fftype" = "DFF"
    Info: Parameter "lpm_type" = "LPM_FF"
    Info: Parameter "lpm_width" = "17"
Info: Elaborating entity "Mux_Rg3" for hierarchy "Mux_Rg3:inst19"
Info: Elaborating entity "lpm_mux" for hierarchy "Mux_Rg3:inst19|lpm_mux:lpm_mux_component"
Info: Elaborated megafunction instantiation "Mux_Rg3:inst19|lpm_mux:lpm_mux_component"
Info: Instantiated megafunction "Mux_Rg3:inst19|lpm_mux:lpm_mux_component" with the following parameter:
    Info: Parameter "lpm_size" = "2"
    Info: Parameter "lpm_type" = "LPM_MUX"
    Info: Parameter "lpm_width" = "17"
    Info: Parameter "lpm_widths" = "1"
Info: Found 1 design units, including 1 entities, in source file db/mux_lrc.tdf
    Info: Found entity 1: mux_lrc
Info: Elaborating entity "mux_lrc" for hierarchy "Mux_Rg3:inst19|lpm_mux:lpm_mux_component|mux_lrc:auto_generated"
Info: Elaborating entity "Sum" for hierarchy "Sum:inst24"
Info: Elaborating entity "lpm_add_sub" for hierarchy "Sum:inst24|lpm_add_sub:lpm_add_sub_component"
Info: Elaborated megafunction instantiation "Sum:inst24|lpm_add_sub:lpm_add_sub_component"
Info: Instantiated megafunction "Sum:inst24|lpm_add_sub:lpm_add_sub_component" with the following parameter:
    Info: Parameter "lpm_direction" = "ADD"
    Info: Parameter "lpm_hint" = "ONE_INPUT_IS_CONSTANT=NO,CIN_USED=YES"
    Info: Parameter "lpm_representation" = "UNSIGNED"
    Info: Parameter "lpm_type" = "LPM_ADD_SUB"
    Info: Parameter "lpm_width" = "17"
Info: Found 1 design units, including 1 entities, in source file db/add_sub_v3i.tdf
    Info: Found entity 1: add_sub_v3i
Info: Elaborating entity "add_sub_v3i" for hierarchy "Sum:inst24|lpm_add_sub:lpm_add_sub_component|add_sub_v3i:auto_generated"
Info: Elaborating entity "Decode" for hierarchy "Decode:inst11"
Info: Elaborating entity "lpm_decode" for hierarchy "Decode:inst11|lpm_decode:lpm_decode_component"
Info: Elaborated megafunction instantiation "Decode:inst11|lpm_decode:lpm_decode_component"
Info: Instantiated megafunction "Decode:inst11|lpm_decode:lpm_decode_component" with the following parameter:
    Info: Parameter "lpm_decodes" = "8"
    Info: Parameter "lpm_pipeline" = "1"
    Info: Parameter "lpm_type" = "LPM_DECODE"
    Info: Parameter "lpm_width" = "3"
Info: Found 1 design units, including 1 entities, in source file db/decode_4sh.tdf
    Info: Found entity 1: decode_4sh
Info: Elaborating entity "decode_4sh" for hierarchy "Decode:inst11|lpm_decode:lpm_decode_component|decode_4sh:auto_generated"
Info: Elaborating entity "Mux1" for hierarchy "Mux1:inst10"
Info: Elaborating entity "lpm_mux" for hierarchy "Mux1:inst10|lpm_mux:lpm_mux_component"
Info: Elaborated megafunction instantiation "Mux1:inst10|lpm_mux:lpm_mux_component"
Info: Instantiated megafunction "Mux1:inst10|lpm_mux:lpm_mux_component" with the following parameter:
    Info: Parameter "lpm_size" = "2"
    Info: Parameter "lpm_type" = "LPM_MUX"
    Info: Parameter "lpm_width" = "16"
    Info: Parameter "lpm_widths" = "1"
Info: Found 1 design units, including 1 entities, in source file db/mux_krc.tdf
    Info: Found entity 1: mux_krc
Info: Elaborating entity "mux_krc" for hierarchy "Mux1:inst10|lpm_mux:lpm_mux_component|mux_krc:auto_generated"
Info: Elaborating entity "SDvig" for hierarchy "SDvig:inst13"
Info: Elaborating entity "lpm_clshift" for hierarchy "SDvig:inst13|lpm_clshift:lpm_clshift_component"
Info: Elaborated megafunction instantiation "SDvig:inst13|lpm_clshift:lpm_clshift_component"
Info: Instantiated megafunction "SDvig:inst13|lpm_clshift:lpm_clshift_component" with the following parameter:
    Info: Parameter "lpm_shifttype" = "LOGICAL"
    Info: Parameter "lpm_type" = "LPM_CLSHIFT"
    Info: Parameter "lpm_width" = "16"
    Info: Parameter "lpm_widthdist" = "2"
Info: Found 1 design units, including 1 entities, in source file db/lpm_clshift_ujc.tdf
    Info: Found entity 1: lpm_clshift_ujc
Info: Elaborating entity "lpm_clshift_ujc" for hierarchy "SDvig:inst13|lpm_clshift:lpm_clshift_component|lpm_clshift_ujc:auto_generated"
Info: Elaborating entity "Mult2" for hierarchy "Mult2:inst22"
Info: Elaborating entity "lpm_mux" for hierarchy "Mult2:inst22|lpm_mux:lpm_mux_component"
Info: Elaborated megafunction instantiation "Mult2:inst22|lpm_mux:lpm_mux_component"
Info: Instantiated megafunction "Mult2:inst22|lpm_mux:lpm_mux_component" with the following parameter:
    Info: Parameter "lpm_size" = "4"
    Info: Parameter "lpm_type" = "LPM_MUX"
    Info: Parameter "lpm_width" = "17"
    Info: Parameter "lpm_widths" = "2"
Info: Found 1 design units, including 1 entities, in source file db/mux_orc.tdf
    Info: Found entity 1: mux_orc
Info: Elaborating entity "mux_orc" for hierarchy "Mult2:inst22|lpm_mux:lpm_mux_component|mux_orc:auto_generated"
Info: Elaborating entity "My_Xor" for hierarchy "My_Xor:inst23"
Info: Elaborating entity "lpm_xor" for hierarchy "My_Xor:inst23|lpm_xor:lpm_xor_component"
Info: Elaborated megafunction instantiation "My_Xor:inst23|lpm_xor:lpm_xor_component"
Info: Instantiated megafunction "My_Xor:inst23|lpm_xor:lpm_xor_component" with the following parameter:
    Info: Parameter "lpm_size" = "2"
    Info: Parameter "lpm_type" = "LPM_XOR"
    Info: Parameter "lpm_width" = "15"
Info: Elaborating entity "Shift1" for hierarchy "Shift1:inst28"
Info: Elaborating entity "lpm_clshift" for hierarchy "Shift1:inst28|lpm_clshift:lpm_clshift_component"
Info: Elaborated megafunction instantiation "Shift1:inst28|lpm_clshift:lpm_clshift_component"
Info: Instantiated megafunction "Shift1:inst28|lpm_clshift:lpm_clshift_component" with the following parameter:
    Info: Parameter "lpm_shifttype" = "LOGICAL"
    Info: Parameter "lpm_type" = "LPM_CLSHIFT"
    Info: Parameter "lpm_width" = "17"
    Info: Parameter "lpm_widthdist" = "2"
Info: Found 1 design units, including 1 entities, in source file db/lpm_clshift_vjc.tdf
    Info: Found entity 1: lpm_clshift_vjc
Info: Elaborating entity "lpm_clshift_vjc" for hierarchy "Shift1:inst28|lpm_clshift:lpm_clshift_component|lpm_clshift_vjc:auto_generated"
Warning: Output pins are stuck at VCC or GND
    Warning (13410): Pin "Y[7]" is stuck at GND
    Warning (13410): Pin "Y[4]" is stuck at GND
    Warning (13410): Pin "PRS" is stuck at GND
    Warning (13410): Pin "result[0]" is stuck at GND


