Flow report for lab_1
Fri Apr 29 13:44:37 2016
Quartus II Version 9.1 Build 350 03/24/2010 Service Pack 2 SJ Web Edition


---------------------
; Table of Contents ;
---------------------
  1. Legal Notice
  2. Flow Summary
  3. Flow Settings
  4. Flow Non-Default Global Settings
  5. Flow Elapsed Time
  6. Flow OS Summary
  7. Flow Log



----------------
; Legal Notice ;
----------------
Copyright (C) 1991-2010 Altera Corporation
Your use of Altera Corporation's design tools, logic functions 
and other software and tools, and its AMPP partner logic 
functions, and any output files from any of the foregoing 
(including device programming or simulation files), and any 
associated documentation or information are expressly subject 
to the terms and conditions of the Altera Program License 
Subscription Agreement, Altera MegaCore Function License 
Agreement, or other applicable license agreement, including, 
without limitation, that your use is for the sole purpose of 
programming logic devices manufactured by Altera and sold by 
Altera or its authorized distributors.  Please refer to the 
applicable agreement for further details.



+-----------------------------------------------------------------------------------+
; Flow Summary                                                                      ;
+------------------------------------+----------------------------------------------+
; Flow Status                        ; Successful - Fri Apr 29 13:44:36 2016        ;
; Quartus II Version                 ; 9.1 Build 350 03/24/2010 SP 2 SJ Web Edition ;
; Revision Name                      ; lab_1                                        ;
; Top-level Entity Name              ; lab_1                                        ;
; Family                             ; Cyclone III                                  ;
; Device                             ; EP3C5E144C8                                  ;
; Timing Models                      ; Final                                        ;
; Met timing requirements            ; N/A                                          ;
; Total logic elements               ; 213 / 5,136 ( 4 % )                          ;
;     Total combinational functions  ; 213 / 5,136 ( 4 % )                          ;
;     Dedicated logic registers      ; 94 / 5,136 ( 2 % )                           ;
; Total registers                    ; 94                                           ;
; Total pins                         ; 55 / 95 ( 58 % )                             ;
; Total virtual pins                 ; 0                                            ;
; Total memory bits                  ; 0 / 423,936 ( 0 % )                          ;
; Embedded Multiplier 9-bit elements ; 0 / 46 ( 0 % )                               ;
; Total PLLs                         ; 0 / 2 ( 0 % )                                ;
+------------------------------------+----------------------------------------------+


+-----------------------------------------+
; Flow Settings                           ;
+-------------------+---------------------+
; Option            ; Setting             ;
+-------------------+---------------------+
; Start date & time ; 04/29/2016 13:44:22 ;
; Main task         ; Compilation         ;
; Revision Name     ; lab_1               ;
+-------------------+---------------------+


+--------------------------------------------------------------------------------------------------------------------+
; Flow Non-Default Global Settings                                                                                   ;
+------------------------------------+--------------------------------+---------------+-------------+----------------+
; Assignment Name                    ; Value                          ; Default Value ; Entity Name ; Section Id     ;
+------------------------------------+--------------------------------+---------------+-------------+----------------+
; COMPILER_SIGNATURE_ID              ; 18111110781225.146192666204212 ; --            ; --          ; --             ;
; IP_TOOL_NAME                       ; LPM_FF                         ; --            ; --          ; --             ;
; IP_TOOL_NAME                       ; LPM_SHIFTREG                   ; --            ; --          ; --             ;
; IP_TOOL_NAME                       ; LPM_SHIFTREG                   ; --            ; --          ; --             ;
; IP_TOOL_NAME                       ; LPM_SHIFTREG                   ; --            ; --          ; --             ;
; IP_TOOL_NAME                       ; LPM_ADD_SUB                    ; --            ; --          ; --             ;
; IP_TOOL_NAME                       ; LPM_ADD_SUB                    ; --            ; --          ; --             ;
; IP_TOOL_NAME                       ; LPM_MUX                        ; --            ; --          ; --             ;
; IP_TOOL_NAME                       ; LPM_COUNTER                    ; --            ; --          ; --             ;
; IP_TOOL_NAME                       ; LPM_COUNTER                    ; --            ; --          ; --             ;
; IP_TOOL_NAME                       ; LPM_OR                         ; --            ; --          ; --             ;
; IP_TOOL_NAME                       ; LPM_OR                         ; --            ; --          ; --             ;
; IP_TOOL_VERSION                    ; 9.0                            ; --            ; --          ; --             ;
; IP_TOOL_VERSION                    ; 9.0                            ; --            ; --          ; --             ;
; IP_TOOL_VERSION                    ; 9.0                            ; --            ; --          ; --             ;
; IP_TOOL_VERSION                    ; 9.0                            ; --            ; --          ; --             ;
; IP_TOOL_VERSION                    ; 9.0                            ; --            ; --          ; --             ;
; IP_TOOL_VERSION                    ; 9.0                            ; --            ; --          ; --             ;
; IP_TOOL_VERSION                    ; 9.0                            ; --            ; --          ; --             ;
; IP_TOOL_VERSION                    ; 9.0                            ; --            ; --          ; --             ;
; IP_TOOL_VERSION                    ; 9.0                            ; --            ; --          ; --             ;
; IP_TOOL_VERSION                    ; 9.0                            ; --            ; --          ; --             ;
; IP_TOOL_VERSION                    ; 9.0                            ; --            ; --          ; --             ;
; MAX_CORE_JUNCTION_TEMP             ; 85                             ; --            ; --          ; --             ;
; MIN_CORE_JUNCTION_TEMP             ; 0                              ; --            ; --          ; --             ;
; MISC_FILE                          ; RG4.tdf                        ; --            ; --          ; --             ;
; MISC_FILE                          ; RG4.bsf                        ; --            ; --          ; --             ;
; MISC_FILE                          ; RG4.inc                        ; --            ; --          ; --             ;
; MISC_FILE                          ; RG1.tdf                        ; --            ; --          ; --             ;
; MISC_FILE                          ; RG1.bsf                        ; --            ; --          ; --             ;
; MISC_FILE                          ; RG1.inc                        ; --            ; --          ; --             ;
; MISC_FILE                          ; RG2.tdf                        ; --            ; --          ; --             ;
; MISC_FILE                          ; RG2.bsf                        ; --            ; --          ; --             ;
; MISC_FILE                          ; RG2.inc                        ; --            ; --          ; --             ;
; MISC_FILE                          ; RG3.tdf                        ; --            ; --          ; --             ;
; MISC_FILE                          ; RG3.bsf                        ; --            ; --          ; --             ;
; MISC_FILE                          ; RG3.inc                        ; --            ; --          ; --             ;
; MISC_FILE                          ; SM1.tdf                        ; --            ; --          ; --             ;
; MISC_FILE                          ; SM1.bsf                        ; --            ; --          ; --             ;
; MISC_FILE                          ; SM1.inc                        ; --            ; --          ; --             ;
; MISC_FILE                          ; SM2.tdf                        ; --            ; --          ; --             ;
; MISC_FILE                          ; SM2.bsf                        ; --            ; --          ; --             ;
; MISC_FILE                          ; SM2.inc                        ; --            ; --          ; --             ;
; MISC_FILE                          ; MS1.tdf                        ; --            ; --          ; --             ;
; MISC_FILE                          ; MS1.bsf                        ; --            ; --          ; --             ;
; MISC_FILE                          ; MS1.inc                        ; --            ; --          ; --             ;
; MISC_FILE                          ; CT1.tdf                        ; --            ; --          ; --             ;
; MISC_FILE                          ; CT1.bsf                        ; --            ; --          ; --             ;
; MISC_FILE                          ; CT1.inc                        ; --            ; --          ; --             ;
; MISC_FILE                          ; CT2.tdf                        ; --            ; --          ; --             ;
; MISC_FILE                          ; CT2.bsf                        ; --            ; --          ; --             ;
; MISC_FILE                          ; CT2.inc                        ; --            ; --          ; --             ;
; MISC_FILE                          ; OR_9.tdf                       ; --            ; --          ; --             ;
; MISC_FILE                          ; OR_9.bsf                       ; --            ; --          ; --             ;
; MISC_FILE                          ; OR_9.inc                       ; --            ; --          ; --             ;
; MISC_FILE                          ; OR_10.tdf                      ; --            ; --          ; --             ;
; MISC_FILE                          ; OR_10.bsf                      ; --            ; --          ; --             ;
; MISC_FILE                          ; OR_10.inc                      ; --            ; --          ; --             ;
; NOMINAL_CORE_SUPPLY_VOLTAGE        ; 1.2V                           ; --            ; --          ; --             ;
; PARTITION_COLOR                    ; 16764057                       ; --            ; --          ; Top            ;
; PARTITION_NETLIST_TYPE             ; SOURCE                         ; --            ; --          ; Top            ;
; USE_GENERATED_PHYSICAL_CONSTRAINTS ; Off                            ; --            ; --          ; eda_blast_fpga ;
+------------------------------------+--------------------------------+---------------+-------------+----------------+


+-------------------------------------------------------------------------------------------------------------------------------+
; Flow Elapsed Time                                                                                                             ;
+---------------------------+--------------+-------------------------+---------------------+------------------------------------+
; Module Name               ; Elapsed Time ; Average Processors Used ; Peak Virtual Memory ; Total CPU Time (on all processors) ;
+---------------------------+--------------+-------------------------+---------------------+------------------------------------+
; Analysis & Synthesis      ; 00:00:03     ; 1.0                     ; 224 MB              ; 00:00:02                           ;
; Fitter                    ; 00:00:05     ; 1.0                     ; 253 MB              ; 00:00:03                           ;
; TimeQuest Timing Analyzer ; 00:00:02     ; 1.0                     ; 223 MB              ; 00:00:02                           ;
; Assembler                 ; 00:00:01     ; 1.0                     ; 203 MB              ; 00:00:01                           ;
; Total                     ; 00:00:10     ; --                      ; --                  ; 00:00:07                           ;
+---------------------------+--------------+-------------------------+---------------------+------------------------------------+


+--------------------------------------------------------------------------------------------+
; Flow OS Summary                                                                            ;
+---------------------------+------------------+---------------+------------+----------------+
; Module Name               ; Machine Hostname ; OS Name       ; OS Version ; Processor type ;
+---------------------------+------------------+---------------+------------+----------------+
; Analysis & Synthesis      ; PC1-239-3        ; Windows Vista ; 6.1        ; x86_64         ;
; Fitter                    ; PC1-239-3        ; Windows Vista ; 6.1        ; x86_64         ;
; Assembler                 ; PC1-239-3        ; Windows Vista ; 6.1        ; x86_64         ;
; TimeQuest Timing Analyzer ; PC1-239-3        ; Windows Vista ; 6.1        ; x86_64         ;
+---------------------------+------------------+---------------+------------+----------------+


------------
; Flow Log ;
------------
quartus_map --read_settings_files=on --write_settings_files=off lab_1 -c lab_1
quartus_fit --read_settings_files=off --write_settings_files=off lab_1 -c lab_1
quartus_asm --read_settings_files=off --write_settings_files=off lab_1 -c lab_1
quartus_sta lab_1 -c lab_1



