VER------------------------------------------------- 

Windows 95. [Version 4.00.1111]

MEM-------------------------------------------------

Тип памяти         Размер     Занято    Свободно
----------------  --------   --------   --------
Обычная               640K        47K       593K
Верхняя               155K       155K         0K
Зарезервировано       384K       384K         0K
Память XMS         15 205K        93K    15 112K
----------------  --------   --------   --------
Всего памяти:      16 384K       679K    15 705K

Ниже 1 Мбайт:         795K       201K       593K

Максимально допустимый размер программы:        593K  (607 520 байт)  
Наибольший свободный блок верхней памяти:         0K        (0 байт)  
Резидентная часть MS-DOS загружена в сегмент HMA.
CHKDSK----------------------------------------------

CHKDSK НЕ выполнена проверка данного диска.
Воспользуйтесь SCANDISK для определения и исправления ошибок этого диска.

Серийный номер тома: 3C5B-10F4

1 067 212 800 байт всего на диске
  179 752 960 байт доступно на диске

Размер кластера:                     4 096 байт
Всего кластеров на диске:          260 550
Доступно кластеров на диске:        43 885

Объем памяти:       655 360 байт
Свободно:           607 936 байт

Вместо команды CHKDSK в данном случае рекомендуется обратиться к программе 
SCANDISK.  SCANDISK обладает более широкими возможностями по проверке диска и
устранению возникших проблем.

CONFIG----------------------------------------------
