Analysis & Synthesis report for divvv
Tue Apr 13 21:52:33 2021
Quartus II Version 9.1 Build 350 03/24/2010 Service Pack 2 SJ Web Edition


---------------------
; Table of Contents ;
---------------------
  1. Legal Notice
  2. Analysis & Synthesis Summary
  3. Analysis & Synthesis Settings
  4. Parallel Compilation
  5. Analysis & Synthesis Source Files Read
  6. Analysis & Synthesis Resource Usage Summary
  7. Analysis & Synthesis Resource Utilization by Entity
  8. Registers Removed During Synthesis
  9. General Register Statistics
 10. Inverted Register Statistics
 11. Multiplexer Restructuring Statistics (Restructuring Performed)
 12. Source assignments for st2:inst22|lpm_counter:lpm_counter_component
 13. Source assignments for CT1:inst9|lpm_counter:lpm_counter_component
 14. Parameter Settings for User Entity Instance: RG2:inst3|lpm_ff:lpm_ff_component
 15. Parameter Settings for User Entity Instance: SM1:inst2|lpm_add_sub:lpm_add_sub_component
 16. Parameter Settings for User Entity Instance: XOR11:inst1|lpm_xor:lpm_xor_component
 17. Parameter Settings for User Entity Instance: RG1:inst|lpm_shiftreg:lpm_shiftreg_component
 18. Parameter Settings for User Entity Instance: st2:inst22|lpm_counter:lpm_counter_component
 19. Parameter Settings for User Entity Instance: sm2:inst19|lpm_add_sub:lpm_add_sub_component
 20. Parameter Settings for User Entity Instance: rg4:inst21|lpm_ff:lpm_ff_component
 21. Parameter Settings for User Entity Instance: xor8:inst40|lpm_xor:lpm_xor_component
 22. Parameter Settings for User Entity Instance: CT1:inst9|lpm_counter:lpm_counter_component
 23. Parameter Settings for User Entity Instance: RG3:inst7|lpm_shiftreg:lpm_shiftreg_component
 24. Parameter Settings for User Entity Instance: xor3:inst45|lpm_xor:lpm_xor_component
 25. Parameter Settings for User Entity Instance: orr:inst8|LPM_OR:lpm_or_component
 26. Parameter Settings for User Entity Instance: xor8:inst49|lpm_xor:lpm_xor_component
 27. lpm_shiftreg Parameter Settings by Entity Instance
 28. Analysis & Synthesis Messages



----------------
; Legal Notice ;
----------------
Copyright (C) 1991-2010 Altera Corporation
Your use of Altera Corporation's design tools, logic functions 
and other software and tools, and its AMPP partner logic 
functions, and any output files from any of the foregoing 
(including device programming or simulation files), and any 
associated documentation or information are expressly subject 
to the terms and conditions of the Altera Program License 
Subscription Agreement, Altera MegaCore Function License 
Agreement, or other applicable license agreement, including, 
without limitation, that your use is for the sole purpose of 
programming logic devices manufactured by Altera and sold by 
Altera or its authorized distributors.  Please refer to the 
applicable agreement for further details.



+-----------------------------------------------------------------------------------+
; Analysis & Synthesis Summary                                                      ;
+------------------------------------+----------------------------------------------+
; Analysis & Synthesis Status        ; Successful - Tue Apr 13 21:52:30 2021        ;
; Quartus II Version                 ; 9.1 Build 350 03/24/2010 SP 2 SJ Web Edition ;
; Revision Name                      ; divvv                                        ;
; Top-level Entity Name              ; divvv                                        ;
; Family                             ; Cyclone III                                  ;
; Total logic elements               ; 190                                          ;
;     Total combinational functions  ; 174                                          ;
;     Dedicated logic registers      ; 91                                           ;
; Total registers                    ; 91                                           ;
; Total pins                         ; 60                                           ;
; Total virtual pins                 ; 0                                            ;
; Total memory bits                  ; 0                                            ;
; Embedded Multiplier 9-bit elements ; 0                                            ;
; Total PLLs                         ; 0                                            ;
+------------------------------------+----------------------------------------------+


+----------------------------------------------------------------------------------------------------------------------+
; Analysis & Synthesis Settings                                                                                        ;
+----------------------------------------------------------------------------+--------------------+--------------------+
; Option                                                                     ; Setting            ; Default Value      ;
+----------------------------------------------------------------------------+--------------------+--------------------+
; Device                                                                     ; EP3C5E144C8        ;                    ;
; Top-level entity name                                                      ; divvv              ; divvv              ;
; Family name                                                                ; Cyclone III        ; Stratix II         ;
; Use Generated Physical Constraints File                                    ; Off                ;                    ;
; Use smart compilation                                                      ; Off                ; Off                ;
; Enable parallel Assembler and TimeQuest Timing Analyzer during compilation ; On                 ; On                 ;
; Enable compact report table                                                ; Off                ; Off                ;
; Restructure Multiplexers                                                   ; Auto               ; Auto               ;
; Create Debugging Nodes for IP Cores                                        ; Off                ; Off                ;
; Preserve fewer node names                                                  ; On                 ; On                 ;
; Disable OpenCore Plus hardware evaluation                                  ; Off                ; Off                ;
; Verilog Version                                                            ; Verilog_2001       ; Verilog_2001       ;
; VHDL Version                                                               ; VHDL_1993          ; VHDL_1993          ;
; State Machine Processing                                                   ; Auto               ; Auto               ;
; Safe State Machine                                                         ; Off                ; Off                ;
; Extract Verilog State Machines                                             ; On                 ; On                 ;
; Extract VHDL State Machines                                                ; On                 ; On                 ;
; Ignore Verilog initial constructs                                          ; Off                ; Off                ;
; Iteration limit for constant Verilog loops                                 ; 5000               ; 5000               ;
; Iteration limit for non-constant Verilog loops                             ; 250                ; 250                ;
; Add Pass-Through Logic to Inferred RAMs                                    ; On                 ; On                 ;
; Parallel Synthesis                                                         ; Off                ; Off                ;
; DSP Block Balancing                                                        ; Auto               ; Auto               ;
; NOT Gate Push-Back                                                         ; On                 ; On                 ;
; Power-Up Don't Care                                                        ; On                 ; On                 ;
; Remove Redundant Logic Cells                                               ; Off                ; Off                ;
; Remove Duplicate Registers                                                 ; On                 ; On                 ;
; Ignore CARRY Buffers                                                       ; Off                ; Off                ;
; Ignore CASCADE Buffers                                                     ; Off                ; Off                ;
; Ignore GLOBAL Buffers                                                      ; Off                ; Off                ;
; Ignore ROW GLOBAL Buffers                                                  ; Off                ; Off                ;
; Ignore LCELL Buffers                                                       ; Off                ; Off                ;
; Ignore SOFT Buffers                                                        ; On                 ; On                 ;
; Limit AHDL Integers to 32 Bits                                             ; Off                ; Off                ;
; Optimization Technique                                                     ; Balanced           ; Balanced           ;
; Carry Chain Length                                                         ; 70                 ; 70                 ;
; Auto Carry Chains                                                          ; On                 ; On                 ;
; Auto Open-Drain Pins                                                       ; On                 ; On                 ;
; Perform WYSIWYG Primitive Resynthesis                                      ; Off                ; Off                ;
; Auto ROM Replacement                                                       ; On                 ; On                 ;
; Auto RAM Replacement                                                       ; On                 ; On                 ;
; Auto DSP Block Replacement                                                 ; On                 ; On                 ;
; Auto Shift Register Replacement                                            ; Auto               ; Auto               ;
; Auto Clock Enable Replacement                                              ; On                 ; On                 ;
; Strict RAM Replacement                                                     ; Off                ; Off                ;
; Allow Synchronous Control Signals                                          ; On                 ; On                 ;
; Force Use of Synchronous Clear Signals                                     ; Off                ; Off                ;
; Auto RAM Block Balancing                                                   ; On                 ; On                 ;
; Auto RAM to Logic Cell Conversion                                          ; Off                ; Off                ;
; Auto Resource Sharing                                                      ; Off                ; Off                ;
; Allow Any RAM Size For Recognition                                         ; Off                ; Off                ;
; Allow Any ROM Size For Recognition                                         ; Off                ; Off                ;
; Allow Any Shift Register Size For Recognition                              ; Off                ; Off                ;
; Use LogicLock Constraints during Resource Balancing                        ; On                 ; On                 ;
; Ignore translate_off and synthesis_off directives                          ; Off                ; Off                ;
; Timing-Driven Synthesis                                                    ; Off                ; Off                ;
; Show Parameter Settings Tables in Synthesis Report                         ; On                 ; On                 ;
; Ignore Maximum Fan-Out Assignments                                         ; Off                ; Off                ;
; Synchronization Register Chain Length                                      ; 2                  ; 2                  ;
; PowerPlay Power Optimization                                               ; Normal compilation ; Normal compilation ;
; HDL message level                                                          ; Level2             ; Level2             ;
; Suppress Register Optimization Related Messages                            ; Off                ; Off                ;
; Number of Removed Registers Reported in Synthesis Report                   ; 5000               ; 5000               ;
; Number of Inverted Registers Reported in Synthesis Report                  ; 100                ; 100                ;
; Clock MUX Protection                                                       ; On                 ; On                 ;
; Auto Gated Clock Conversion                                                ; Off                ; Off                ;
; Block Design Naming                                                        ; Auto               ; Auto               ;
; SDC constraint protection                                                  ; Off                ; Off                ;
; Synthesis Effort                                                           ; Auto               ; Auto               ;
; Shift Register Replacement - Allow Asynchronous Clear Signal               ; On                 ; On                 ;
; Analysis & Synthesis Message Level                                         ; Medium             ; Medium             ;
; Disable Register Merging Across Hierarchies                                ; Auto               ; Auto               ;
; Resource Aware Inference For Block RAM                                     ; On                 ; On                 ;
+----------------------------------------------------------------------------+--------------------+--------------------+


Parallel compilation was disabled, but you have multiple processors available. Enable parallel compilation to reduce compilation time.
+-------------------------------------+
; Parallel Compilation                ;
+----------------------------+--------+
; Processors                 ; Number ;
+----------------------------+--------+
; Number detected on machine ; 4      ;
; Maximum allowed            ; 1      ;
+----------------------------+--------+


+------------------------------------------------------------------------------------------------------------------------------------------------------------+
; Analysis & Synthesis Source Files Read                                                                                                                     ;
+----------------------------------+-----------------+------------------------------------+------------------------------------------------------------------+
; File Name with User-Entered Path ; Used in Netlist ; File Type                          ; File Name with Absolute Path                                     ;
+----------------------------------+-----------------+------------------------------------+------------------------------------------------------------------+
; divvv.bdf                        ; yes             ; User Block Diagram/Schematic File  ; E:/DivO/divvv.bdf                                                ;
; orr.vhd                          ; yes             ; User Wizard-Generated File         ; E:/DivO/orr.vhd                                                  ;
; sm2.vhd                          ; yes             ; User Wizard-Generated File         ; E:/DivO/sm2.vhd                                                  ;
; UA.v                             ; yes             ; User Verilog HDL File              ; E:/DivO/UA.v                                                     ;
; rg4.vhd                          ; yes             ; User Wizard-Generated File         ; E:/DivO/rg4.vhd                                                  ;
; st2.vhd                          ; yes             ; User Wizard-Generated File         ; E:/DivO/st2.vhd                                                  ;
; rg2.tdf                          ; yes             ; Auto-Found Wizard-Generated File   ; E:/DivO/rg2.tdf                                                  ;
; lpm_ff.inc                       ; yes             ; Auto-Found AHDL File               ; f:/altera/91sp2/quartus/libraries/megafunctions/lpm_ff.inc       ;
; lpm_ff.tdf                       ; yes             ; Megafunction                       ; f:/altera/91sp2/quartus/libraries/megafunctions/lpm_ff.tdf       ;
; sm1.tdf                          ; yes             ; Auto-Found Wizard-Generated File   ; E:/DivO/sm1.tdf                                                  ;
; lpm_add_sub.inc                  ; yes             ; Megafunction                       ; f:/altera/91sp2/quartus/libraries/megafunctions/lpm_add_sub.inc  ;
; lpm_add_sub.tdf                  ; yes             ; Megafunction                       ; f:/altera/91sp2/quartus/libraries/megafunctions/lpm_add_sub.tdf  ;
; db/add_sub_q3i.tdf               ; yes             ; Auto-Generated Megafunction        ; E:/DivO/db/add_sub_q3i.tdf                                       ;
; xor11.tdf                        ; yes             ; Auto-Found Wizard-Generated File   ; E:/DivO/xor11.tdf                                                ;
; lpm_xor.inc                      ; yes             ; Auto-Found AHDL File               ; f:/altera/91sp2/quartus/libraries/megafunctions/lpm_xor.inc      ;
; lpm_xor.tdf                      ; yes             ; Megafunction                       ; f:/altera/91sp2/quartus/libraries/megafunctions/lpm_xor.tdf      ;
; rg1.tdf                          ; yes             ; Auto-Found Wizard-Generated File   ; E:/DivO/rg1.tdf                                                  ;
; lpm_shiftreg.inc                 ; yes             ; Auto-Found AHDL File               ; f:/altera/91sp2/quartus/libraries/megafunctions/lpm_shiftreg.inc ;
; lpm_shiftreg.tdf                 ; yes             ; Megafunction                       ; f:/altera/91sp2/quartus/libraries/megafunctions/lpm_shiftreg.tdf ;
; lpm_counter.tdf                  ; yes             ; Megafunction                       ; f:/altera/91sp2/quartus/libraries/megafunctions/lpm_counter.tdf  ;
; lpm_counter.inc                  ; yes             ; Megafunction                       ; f:/altera/91sp2/quartus/libraries/megafunctions/lpm_counter.inc  ;
; db/cntr_qhi.tdf                  ; yes             ; Auto-Generated Megafunction        ; E:/DivO/db/cntr_qhi.tdf                                          ;
; db/add_sub_7hi.tdf               ; yes             ; Auto-Generated Megafunction        ; E:/DivO/db/add_sub_7hi.tdf                                       ;
; xor8.vhd                         ; yes             ; Auto-Found Wizard-Generated File   ; E:/DivO/xor8.vhd                                                 ;
; ct1.tdf                          ; yes             ; Auto-Found Wizard-Generated File   ; E:/DivO/ct1.tdf                                                  ;
; db/cntr_6cj.tdf                  ; yes             ; Auto-Generated Megafunction        ; E:/DivO/db/cntr_6cj.tdf                                          ;
; rg3.tdf                          ; yes             ; Auto-Found Wizard-Generated File   ; E:/DivO/rg3.tdf                                                  ;
; xor3.vhd                         ; yes             ; Auto-Found Wizard-Generated File   ; E:/DivO/xor3.vhd                                                 ;
; lpm_or.tdf                       ; yes             ; Megafunction                       ; f:/altera/91sp2/quartus/libraries/megafunctions/lpm_or.tdf       ;
+----------------------------------+-----------------+------------------------------------+------------------------------------------------------------------+


+---------------------------------------------------------+
; Analysis & Synthesis Resource Usage Summary             ;
+---------------------------------------------+-----------+
; Resource                                    ; Usage     ;
+---------------------------------------------+-----------+
; Estimated Total logic elements              ; 190       ;
;                                             ;           ;
; Total combinational functions               ; 174       ;
; Logic element usage by number of LUT inputs ;           ;
;     -- 4 input functions                    ; 55        ;
;     -- 3 input functions                    ; 66        ;
;     -- <=2 input functions                  ; 53        ;
;                                             ;           ;
; Logic elements by mode                      ;           ;
;     -- normal mode                          ; 139       ;
;     -- arithmetic mode                      ; 35        ;
;                                             ;           ;
; Total registers                             ; 91        ;
;     -- Dedicated logic registers            ; 91        ;
;     -- I/O registers                        ; 0         ;
;                                             ;           ;
; I/O pins                                    ; 60        ;
; Maximum fan-out node                        ; clk~input ;
; Maximum fan-out                             ; 58        ;
; Total fan-out                               ; 941       ;
; Average fan-out                             ; 2.44      ;
+---------------------------------------------+-----------+


+---------------------------------------------------------------------------------------------------------------------------------------------------------------------------------------------------------------------------------------------------------+
; Analysis & Synthesis Resource Utilization by Entity                                                                                                                                                                                                     ;
+---------------------------------------------+-------------------+--------------+-------------+--------------+---------+-----------+------+--------------+--------------------------------------------------------------------------------+--------------+
; Compilation Hierarchy Node                  ; LC Combinationals ; LC Registers ; Memory Bits ; DSP Elements ; DSP 9x9 ; DSP 18x18 ; Pins ; Virtual Pins ; Full Hierarchy Name                                                            ; Library Name ;
+---------------------------------------------+-------------------+--------------+-------------+--------------+---------+-----------+------+--------------+--------------------------------------------------------------------------------+--------------+
; |divvv                                      ; 174 (11)          ; 91 (5)       ; 0           ; 0            ; 0       ; 0         ; 60   ; 0            ; |divvv                                                                         ; work         ;
;    |CT1:inst9|                              ; 6 (0)             ; 5 (0)        ; 0           ; 0            ; 0       ; 0         ; 0    ; 0            ; |divvv|CT1:inst9                                                               ; work         ;
;       |lpm_counter:lpm_counter_component|   ; 6 (0)             ; 5 (0)        ; 0           ; 0            ; 0       ; 0         ; 0    ; 0            ; |divvv|CT1:inst9|lpm_counter:lpm_counter_component                             ; work         ;
;          |cntr_6cj:auto_generated|          ; 6 (6)             ; 5 (5)        ; 0           ; 0            ; 0       ; 0         ; 0    ; 0            ; |divvv|CT1:inst9|lpm_counter:lpm_counter_component|cntr_6cj:auto_generated     ; work         ;
;    |RG1:inst|                               ; 20 (0)            ; 20 (0)       ; 0           ; 0            ; 0       ; 0         ; 0    ; 0            ; |divvv|RG1:inst                                                                ; work         ;
;       |lpm_shiftreg:lpm_shiftreg_component| ; 20 (20)           ; 20 (20)      ; 0           ; 0            ; 0       ; 0         ; 0    ; 0            ; |divvv|RG1:inst|lpm_shiftreg:lpm_shiftreg_component                            ; work         ;
;    |RG2:inst3|                              ; 0 (0)             ; 21 (0)       ; 0           ; 0            ; 0       ; 0         ; 0    ; 0            ; |divvv|RG2:inst3                                                               ; work         ;
;       |lpm_ff:lpm_ff_component|             ; 0 (0)             ; 21 (21)      ; 0           ; 0            ; 0       ; 0         ; 0    ; 0            ; |divvv|RG2:inst3|lpm_ff:lpm_ff_component                                       ;              ;
;    |RG3:inst7|                              ; 1 (0)             ; 10 (0)       ; 0           ; 0            ; 0       ; 0         ; 0    ; 0            ; |divvv|RG3:inst7                                                               ; work         ;
;       |lpm_shiftreg:lpm_shiftreg_component| ; 1 (1)             ; 10 (10)      ; 0           ; 0            ; 0       ; 0         ; 0    ; 0            ; |divvv|RG3:inst7|lpm_shiftreg:lpm_shiftreg_component                           ; work         ;
;    |SM1:inst2|                              ; 22 (0)            ; 0 (0)        ; 0           ; 0            ; 0       ; 0         ; 0    ; 0            ; |divvv|SM1:inst2                                                               ; work         ;
;       |lpm_add_sub:lpm_add_sub_component|   ; 22 (0)            ; 0 (0)        ; 0           ; 0            ; 0       ; 0         ; 0    ; 0            ; |divvv|SM1:inst2|lpm_add_sub:lpm_add_sub_component                             ; work         ;
;          |add_sub_q3i:auto_generated|       ; 22 (22)           ; 0 (0)        ; 0           ; 0            ; 0       ; 0         ; 0    ; 0            ; |divvv|SM1:inst2|lpm_add_sub:lpm_add_sub_component|add_sub_q3i:auto_generated  ; work         ;
;    |UA:inst33|                              ; 71 (71)           ; 20 (20)      ; 0           ; 0            ; 0       ; 0         ; 0    ; 0            ; |divvv|UA:inst33                                                               ;              ;
;    |XOR11:inst1|                            ; 20 (0)            ; 0 (0)        ; 0           ; 0            ; 0       ; 0         ; 0    ; 0            ; |divvv|XOR11:inst1                                                             ; work         ;
;       |lpm_xor:lpm_xor_component|           ; 20 (20)           ; 0 (0)        ; 0           ; 0            ; 0       ; 0         ; 0    ; 0            ; |divvv|XOR11:inst1|lpm_xor:lpm_xor_component                                   ; work         ;
;    |rg4:inst21|                             ; 0 (0)             ; 5 (0)        ; 0           ; 0            ; 0       ; 0         ; 0    ; 0            ; |divvv|rg4:inst21                                                              ; work         ;
;       |lpm_ff:lpm_ff_component|             ; 0 (0)             ; 5 (5)        ; 0           ; 0            ; 0       ; 0         ; 0    ; 0            ; |divvv|rg4:inst21|lpm_ff:lpm_ff_component                                      ; work         ;
;    |sm2:inst19|                             ; 7 (0)             ; 0 (0)        ; 0           ; 0            ; 0       ; 0         ; 0    ; 0            ; |divvv|sm2:inst19                                                              ; work         ;
;       |lpm_add_sub:lpm_add_sub_component|   ; 7 (0)             ; 0 (0)        ; 0           ; 0            ; 0       ; 0         ; 0    ; 0            ; |divvv|sm2:inst19|lpm_add_sub:lpm_add_sub_component                            ; work         ;
;          |add_sub_7hi:auto_generated|       ; 7 (7)             ; 0 (0)        ; 0           ; 0            ; 0       ; 0         ; 0    ; 0            ; |divvv|sm2:inst19|lpm_add_sub:lpm_add_sub_component|add_sub_7hi:auto_generated ; work         ;
;    |st2:inst22|                             ; 11 (0)            ; 5 (0)        ; 0           ; 0            ; 0       ; 0         ; 0    ; 0            ; |divvv|st2:inst22                                                              ; work         ;
;       |lpm_counter:lpm_counter_component|   ; 11 (0)            ; 5 (0)        ; 0           ; 0            ; 0       ; 0         ; 0    ; 0            ; |divvv|st2:inst22|lpm_counter:lpm_counter_component                            ; work         ;
;          |cntr_qhi:auto_generated|          ; 11 (11)           ; 5 (5)        ; 0           ; 0            ; 0       ; 0         ; 0    ; 0            ; |divvv|st2:inst22|lpm_counter:lpm_counter_component|cntr_qhi:auto_generated    ; work         ;
;    |xor3:inst45|                            ; 1 (0)             ; 0 (0)        ; 0           ; 0            ; 0       ; 0         ; 0    ; 0            ; |divvv|xor3:inst45                                                             ; work         ;
;       |lpm_xor:lpm_xor_component|           ; 1 (1)             ; 0 (0)        ; 0           ; 0            ; 0       ; 0         ; 0    ; 0            ; |divvv|xor3:inst45|lpm_xor:lpm_xor_component                                   ; work         ;
;    |xor8:inst40|                            ; 4 (0)             ; 0 (0)        ; 0           ; 0            ; 0       ; 0         ; 0    ; 0            ; |divvv|xor8:inst40                                                             ; work         ;
;       |lpm_xor:lpm_xor_component|           ; 4 (4)             ; 0 (0)        ; 0           ; 0            ; 0       ; 0         ; 0    ; 0            ; |divvv|xor8:inst40|lpm_xor:lpm_xor_component                                   ; work         ;
+---------------------------------------------+-------------------+--------------+-------------+--------------+---------+-----------+------+--------------+--------------------------------------------------------------------------------+--------------+
Note: For table entries with two numbers listed, the numbers in parentheses indicate the number of resources of the given type used by the specific entity alone. The numbers listed outside of parentheses indicate the total resources of the given type used by the specific entity and all of its sub-entities in the hierarchy.


+---------------------------------------------------------------------------------+
; Registers Removed During Synthesis                                              ;
+----------------------------------------+----------------------------------------+
; Register name                          ; Reason for Removal                     ;
+----------------------------------------+----------------------------------------+
; UA:inst33|pc[5..31]                    ; Stuck at GND due to stuck port data_in ;
; Total Number of Removed Registers = 27 ;                                        ;
+----------------------------------------+----------------------------------------+


+------------------------------------------------------+
; General Register Statistics                          ;
+----------------------------------------------+-------+
; Statistic                                    ; Value ;
+----------------------------------------------+-------+
; Total registers                              ; 91    ;
; Number of registers using Synchronous Clear  ; 42    ;
; Number of registers using Synchronous Load   ; 19    ;
; Number of registers using Asynchronous Clear ; 14    ;
; Number of registers using Asynchronous Load  ; 0     ;
; Number of registers using Clock Enable       ; 47    ;
; Number of registers using Preset             ; 0     ;
+----------------------------------------------+-------+


+--------------------------------------------------+
; Inverted Register Statistics                     ;
+----------------------------------------+---------+
; Inverted Register                      ; Fan out ;
+----------------------------------------+---------+
; UA:inst33|pc[0]                        ; 30      ;
; Total number of inverted registers = 1 ;         ;
+----------------------------------------+---------+


+------------------------------------------------------------------------------------------------------------------------------------------+
; Multiplexer Restructuring Statistics (Restructuring Performed)                                                                           ;
+--------------------+-----------+---------------+----------------------+------------------------+------------+----------------------------+
; Multiplexer Inputs ; Bus Width ; Baseline Area ; Area if Restructured ; Saving if Restructured ; Registered ; Example Multiplexer Output ;
+--------------------+-----------+---------------+----------------------+------------------------+------------+----------------------------+
; 36:1               ; 11 bits   ; 264 LEs       ; 121 LEs              ; 143 LEs                ; Yes        ; |divvv|UA:inst33|y[11]     ;
+--------------------+-----------+---------------+----------------------+------------------------+------------+----------------------------+


+---------------------------------------------------------------------+
; Source assignments for st2:inst22|lpm_counter:lpm_counter_component ;
+---------------------------+-------+------+--------------------------+
; Assignment                ; Value ; From ; To                       ;
+---------------------------+-------+------+--------------------------+
; SUPPRESS_DA_RULE_INTERNAL ; a101  ; -    ; -                        ;
; SUPPRESS_DA_RULE_INTERNAL ; s102  ; -    ; -                        ;
; SUPPRESS_DA_RULE_INTERNAL ; s103  ; -    ; -                        ;
+---------------------------+-------+------+--------------------------+


+--------------------------------------------------------------------+
; Source assignments for CT1:inst9|lpm_counter:lpm_counter_component ;
+---------------------------+-------+------+-------------------------+
; Assignment                ; Value ; From ; To                      ;
+---------------------------+-------+------+-------------------------+
; SUPPRESS_DA_RULE_INTERNAL ; a101  ; -    ; -                       ;
; SUPPRESS_DA_RULE_INTERNAL ; s102  ; -    ; -                       ;
; SUPPRESS_DA_RULE_INTERNAL ; s103  ; -    ; -                       ;
+---------------------------+-------+------+-------------------------+


+--------------------------------------------------------------------------------+
; Parameter Settings for User Entity Instance: RG2:inst3|lpm_ff:lpm_ff_component ;
+------------------------+-------------+-----------------------------------------+
; Parameter Name         ; Value       ; Type                                    ;
+------------------------+-------------+-----------------------------------------+
; LPM_WIDTH              ; 21          ; Untyped                                 ;
; LPM_AVALUE             ; UNUSED      ; Untyped                                 ;
; LPM_SVALUE             ; UNUSED      ; Untyped                                 ;
; LPM_FFTYPE             ; DFF         ; Untyped                                 ;
; DEVICE_FAMILY          ; Cyclone III ; Untyped                                 ;
; CBXI_PARAMETER         ; NOTHING     ; Untyped                                 ;
; AUTO_CARRY_CHAINS      ; ON          ; AUTO_CARRY                              ;
; IGNORE_CARRY_BUFFERS   ; OFF         ; IGNORE_CARRY                            ;
; AUTO_CASCADE_CHAINS    ; ON          ; AUTO_CASCADE                            ;
; IGNORE_CASCADE_BUFFERS ; OFF         ; IGNORE_CASCADE                          ;
+------------------------+-------------+-----------------------------------------+
Note: In order to hide this table in the UI and the text report file, please set the "Show Parameter Settings Tables in Synthesis Report" option in "Analysis and Synthesis Settings -> More Settings" to "Off".


+------------------------------------------------------------------------------------------+
; Parameter Settings for User Entity Instance: SM1:inst2|lpm_add_sub:lpm_add_sub_component ;
+------------------------+-------------+---------------------------------------------------+
; Parameter Name         ; Value       ; Type                                              ;
+------------------------+-------------+---------------------------------------------------+
; LPM_WIDTH              ; 21          ; Untyped                                           ;
; LPM_REPRESENTATION     ; UNSIGNED    ; Untyped                                           ;
; LPM_DIRECTION          ; ADD         ; Untyped                                           ;
; ONE_INPUT_IS_CONSTANT  ; NO          ; Untyped                                           ;
; LPM_PIPELINE           ; 0           ; Untyped                                           ;
; MAXIMIZE_SPEED         ; 5           ; Untyped                                           ;
; REGISTERED_AT_END      ; 0           ; Untyped                                           ;
; OPTIMIZE_FOR_SPEED     ; 5           ; Untyped                                           ;
; USE_CS_BUFFERS         ; 1           ; Untyped                                           ;
; CARRY_CHAIN            ; MANUAL      ; Untyped                                           ;
; CARRY_CHAIN_LENGTH     ; 48          ; CARRY_CHAIN_LENGTH                                ;
; DEVICE_FAMILY          ; Cyclone III ; Untyped                                           ;
; USE_WYS                ; OFF         ; Untyped                                           ;
; STYLE                  ; FAST        ; Untyped                                           ;
; CBXI_PARAMETER         ; add_sub_q3i ; Untyped                                           ;
; AUTO_CARRY_CHAINS      ; ON          ; AUTO_CARRY                                        ;
; IGNORE_CARRY_BUFFERS   ; OFF         ; IGNORE_CARRY                                      ;
; AUTO_CASCADE_CHAINS    ; ON          ; AUTO_CASCADE                                      ;
; IGNORE_CASCADE_BUFFERS ; OFF         ; IGNORE_CASCADE                                    ;
+------------------------+-------------+---------------------------------------------------+
Note: In order to hide this table in the UI and the text report file, please set the "Show Parameter Settings Tables in Synthesis Report" option in "Analysis and Synthesis Settings -> More Settings" to "Off".


+------------------------------------------------------------------------------------+
; Parameter Settings for User Entity Instance: XOR11:inst1|lpm_xor:lpm_xor_component ;
+----------------+-------+-----------------------------------------------------------+
; Parameter Name ; Value ; Type                                                      ;
+----------------+-------+-----------------------------------------------------------+
; LPM_WIDTH      ; 21    ; Untyped                                                   ;
; LPM_SIZE       ; 2     ; Untyped                                                   ;
+----------------+-------+-----------------------------------------------------------+
Note: In order to hide this table in the UI and the text report file, please set the "Show Parameter Settings Tables in Synthesis Report" option in "Analysis and Synthesis Settings -> More Settings" to "Off".


+-------------------------------------------------------------------------------------------+
; Parameter Settings for User Entity Instance: RG1:inst|lpm_shiftreg:lpm_shiftreg_component ;
+------------------------+-------------+----------------------------------------------------+
; Parameter Name         ; Value       ; Type                                               ;
+------------------------+-------------+----------------------------------------------------+
; LPM_WIDTH              ; 20          ; Untyped                                            ;
; LPM_DIRECTION          ; RIGHT       ; Untyped                                            ;
; LPM_AVALUE             ; UNUSED      ; Untyped                                            ;
; LPM_SVALUE             ; UNUSED      ; Untyped                                            ;
; DEVICE_FAMILY          ; Cyclone III ; Untyped                                            ;
; AUTO_CARRY_CHAINS      ; ON          ; AUTO_CARRY                                         ;
; IGNORE_CARRY_BUFFERS   ; OFF         ; IGNORE_CARRY                                       ;
; AUTO_CASCADE_CHAINS    ; ON          ; AUTO_CASCADE                                       ;
; IGNORE_CASCADE_BUFFERS ; OFF         ; IGNORE_CASCADE                                     ;
+------------------------+-------------+----------------------------------------------------+
Note: In order to hide this table in the UI and the text report file, please set the "Show Parameter Settings Tables in Synthesis Report" option in "Analysis and Synthesis Settings -> More Settings" to "Off".


+-------------------------------------------------------------------------------------------+
; Parameter Settings for User Entity Instance: st2:inst22|lpm_counter:lpm_counter_component ;
+------------------------+-------------+----------------------------------------------------+
; Parameter Name         ; Value       ; Type                                               ;
+------------------------+-------------+----------------------------------------------------+
; AUTO_CARRY_CHAINS      ; ON          ; AUTO_CARRY                                         ;
; IGNORE_CARRY_BUFFERS   ; OFF         ; IGNORE_CARRY                                       ;
; AUTO_CASCADE_CHAINS    ; ON          ; AUTO_CASCADE                                       ;
; IGNORE_CASCADE_BUFFERS ; OFF         ; IGNORE_CASCADE                                     ;
; LPM_WIDTH              ; 5           ; Signed Integer                                     ;
; LPM_DIRECTION          ; DEFAULT     ; Untyped                                            ;
; LPM_MODULUS            ; 0           ; Untyped                                            ;
; LPM_AVALUE             ; UNUSED      ; Untyped                                            ;
; LPM_SVALUE             ; UNUSED      ; Untyped                                            ;
; LPM_PORT_UPDOWN        ; PORT_USED   ; Untyped                                            ;
; DEVICE_FAMILY          ; Cyclone III ; Untyped                                            ;
; CARRY_CHAIN            ; MANUAL      ; Untyped                                            ;
; CARRY_CHAIN_LENGTH     ; 48          ; CARRY_CHAIN_LENGTH                                 ;
; NOT_GATE_PUSH_BACK     ; ON          ; NOT_GATE_PUSH_BACK                                 ;
; CARRY_CNT_EN           ; SMART       ; Untyped                                            ;
; LABWIDE_SCLR           ; ON          ; Untyped                                            ;
; USE_NEW_VERSION        ; TRUE        ; Untyped                                            ;
; CBXI_PARAMETER         ; cntr_qhi    ; Untyped                                            ;
+------------------------+-------------+----------------------------------------------------+
Note: In order to hide this table in the UI and the text report file, please set the "Show Parameter Settings Tables in Synthesis Report" option in "Analysis and Synthesis Settings -> More Settings" to "Off".


+-------------------------------------------------------------------------------------------+
; Parameter Settings for User Entity Instance: sm2:inst19|lpm_add_sub:lpm_add_sub_component ;
+------------------------+-------------+----------------------------------------------------+
; Parameter Name         ; Value       ; Type                                               ;
+------------------------+-------------+----------------------------------------------------+
; LPM_WIDTH              ; 5           ; Signed Integer                                     ;
; LPM_REPRESENTATION     ; UNSIGNED    ; Untyped                                            ;
; LPM_DIRECTION          ; ADD         ; Untyped                                            ;
; ONE_INPUT_IS_CONSTANT  ; NO          ; Untyped                                            ;
; LPM_PIPELINE           ; 0           ; Untyped                                            ;
; MAXIMIZE_SPEED         ; 5           ; Untyped                                            ;
; REGISTERED_AT_END      ; 0           ; Untyped                                            ;
; OPTIMIZE_FOR_SPEED     ; 5           ; Untyped                                            ;
; USE_CS_BUFFERS         ; 1           ; Untyped                                            ;
; CARRY_CHAIN            ; MANUAL      ; Untyped                                            ;
; CARRY_CHAIN_LENGTH     ; 48          ; CARRY_CHAIN_LENGTH                                 ;
; DEVICE_FAMILY          ; Cyclone III ; Untyped                                            ;
; USE_WYS                ; OFF         ; Untyped                                            ;
; STYLE                  ; FAST        ; Untyped                                            ;
; CBXI_PARAMETER         ; add_sub_7hi ; Untyped                                            ;
; AUTO_CARRY_CHAINS      ; ON          ; AUTO_CARRY                                         ;
; IGNORE_CARRY_BUFFERS   ; OFF         ; IGNORE_CARRY                                       ;
; AUTO_CASCADE_CHAINS    ; ON          ; AUTO_CASCADE                                       ;
; IGNORE_CASCADE_BUFFERS ; OFF         ; IGNORE_CASCADE                                     ;
+------------------------+-------------+----------------------------------------------------+
Note: In order to hide this table in the UI and the text report file, please set the "Show Parameter Settings Tables in Synthesis Report" option in "Analysis and Synthesis Settings -> More Settings" to "Off".


+---------------------------------------------------------------------------------+
; Parameter Settings for User Entity Instance: rg4:inst21|lpm_ff:lpm_ff_component ;
+------------------------+-------------+------------------------------------------+
; Parameter Name         ; Value       ; Type                                     ;
+------------------------+-------------+------------------------------------------+
; LPM_WIDTH              ; 5           ; Signed Integer                           ;
; LPM_AVALUE             ; UNUSED      ; Untyped                                  ;
; LPM_SVALUE             ; UNUSED      ; Untyped                                  ;
; LPM_FFTYPE             ; DFF         ; Untyped                                  ;
; DEVICE_FAMILY          ; Cyclone III ; Untyped                                  ;
; CBXI_PARAMETER         ; NOTHING     ; Untyped                                  ;
; AUTO_CARRY_CHAINS      ; ON          ; AUTO_CARRY                               ;
; IGNORE_CARRY_BUFFERS   ; OFF         ; IGNORE_CARRY                             ;
; AUTO_CASCADE_CHAINS    ; ON          ; AUTO_CASCADE                             ;
; IGNORE_CASCADE_BUFFERS ; OFF         ; IGNORE_CASCADE                           ;
+------------------------+-------------+------------------------------------------+
Note: In order to hide this table in the UI and the text report file, please set the "Show Parameter Settings Tables in Synthesis Report" option in "Analysis and Synthesis Settings -> More Settings" to "Off".


+------------------------------------------------------------------------------------+
; Parameter Settings for User Entity Instance: xor8:inst40|lpm_xor:lpm_xor_component ;
+----------------+-------+-----------------------------------------------------------+
; Parameter Name ; Value ; Type                                                      ;
+----------------+-------+-----------------------------------------------------------+
; LPM_WIDTH      ; 4     ; Signed Integer                                            ;
; LPM_SIZE       ; 2     ; Signed Integer                                            ;
+----------------+-------+-----------------------------------------------------------+
Note: In order to hide this table in the UI and the text report file, please set the "Show Parameter Settings Tables in Synthesis Report" option in "Analysis and Synthesis Settings -> More Settings" to "Off".


+------------------------------------------------------------------------------------------+
; Parameter Settings for User Entity Instance: CT1:inst9|lpm_counter:lpm_counter_component ;
+------------------------+-------------+---------------------------------------------------+
; Parameter Name         ; Value       ; Type                                              ;
+------------------------+-------------+---------------------------------------------------+
; AUTO_CARRY_CHAINS      ; ON          ; AUTO_CARRY                                        ;
; IGNORE_CARRY_BUFFERS   ; OFF         ; IGNORE_CARRY                                      ;
; AUTO_CASCADE_CHAINS    ; ON          ; AUTO_CASCADE                                      ;
; IGNORE_CASCADE_BUFFERS ; OFF         ; IGNORE_CASCADE                                    ;
; LPM_WIDTH              ; 5           ; Untyped                                           ;
; LPM_DIRECTION          ; UP          ; Untyped                                           ;
; LPM_MODULUS            ; 0           ; Untyped                                           ;
; LPM_AVALUE             ; UNUSED      ; Untyped                                           ;
; LPM_SVALUE             ; UNUSED      ; Untyped                                           ;
; LPM_PORT_UPDOWN        ; PORT_UNUSED ; Untyped                                           ;
; DEVICE_FAMILY          ; Cyclone III ; Untyped                                           ;
; CARRY_CHAIN            ; MANUAL      ; Untyped                                           ;
; CARRY_CHAIN_LENGTH     ; 48          ; CARRY_CHAIN_LENGTH                                ;
; NOT_GATE_PUSH_BACK     ; ON          ; NOT_GATE_PUSH_BACK                                ;
; CARRY_CNT_EN           ; SMART       ; Untyped                                           ;
; LABWIDE_SCLR           ; ON          ; Untyped                                           ;
; USE_NEW_VERSION        ; TRUE        ; Untyped                                           ;
; CBXI_PARAMETER         ; cntr_6cj    ; Untyped                                           ;
+------------------------+-------------+---------------------------------------------------+
Note: In order to hide this table in the UI and the text report file, please set the "Show Parameter Settings Tables in Synthesis Report" option in "Analysis and Synthesis Settings -> More Settings" to "Off".


+--------------------------------------------------------------------------------------------+
; Parameter Settings for User Entity Instance: RG3:inst7|lpm_shiftreg:lpm_shiftreg_component ;
+------------------------+-------------+-----------------------------------------------------+
; Parameter Name         ; Value       ; Type                                                ;
+------------------------+-------------+-----------------------------------------------------+
; LPM_WIDTH              ; 10          ; Untyped                                             ;
; LPM_DIRECTION          ; LEFT        ; Untyped                                             ;
; LPM_AVALUE             ; UNUSED      ; Untyped                                             ;
; LPM_SVALUE             ; UNUSED      ; Untyped                                             ;
; DEVICE_FAMILY          ; Cyclone III ; Untyped                                             ;
; AUTO_CARRY_CHAINS      ; ON          ; AUTO_CARRY                                          ;
; IGNORE_CARRY_BUFFERS   ; OFF         ; IGNORE_CARRY                                        ;
; AUTO_CASCADE_CHAINS    ; ON          ; AUTO_CASCADE                                        ;
; IGNORE_CASCADE_BUFFERS ; OFF         ; IGNORE_CASCADE                                      ;
+------------------------+-------------+-----------------------------------------------------+
Note: In order to hide this table in the UI and the text report file, please set the "Show Parameter Settings Tables in Synthesis Report" option in "Analysis and Synthesis Settings -> More Settings" to "Off".


+------------------------------------------------------------------------------------+
; Parameter Settings for User Entity Instance: xor3:inst45|lpm_xor:lpm_xor_component ;
+----------------+-------+-----------------------------------------------------------+
; Parameter Name ; Value ; Type                                                      ;
+----------------+-------+-----------------------------------------------------------+
; LPM_WIDTH      ; 1     ; Signed Integer                                            ;
; LPM_SIZE       ; 3     ; Signed Integer                                            ;
+----------------+-------+-----------------------------------------------------------+
Note: In order to hide this table in the UI and the text report file, please set the "Show Parameter Settings Tables in Synthesis Report" option in "Analysis and Synthesis Settings -> More Settings" to "Off".


+--------------------------------------------------------------------------------+
; Parameter Settings for User Entity Instance: orr:inst8|LPM_OR:lpm_or_component ;
+------------------------+-------------+-----------------------------------------+
; Parameter Name         ; Value       ; Type                                    ;
+------------------------+-------------+-----------------------------------------+
; AUTO_CARRY_CHAINS      ; ON          ; AUTO_CARRY                              ;
; IGNORE_CARRY_BUFFERS   ; OFF         ; IGNORE_CARRY                            ;
; AUTO_CASCADE_CHAINS    ; ON          ; AUTO_CASCADE                            ;
; IGNORE_CASCADE_BUFFERS ; OFF         ; IGNORE_CASCADE                          ;
; LPM_WIDTH              ; 1           ; Signed Integer                          ;
; LPM_SIZE               ; 4           ; Signed Integer                          ;
; CARRY_CHAIN_LENGTH     ; 48          ; CARRY_CHAIN_LENGTH                      ;
; CARRY_CHAIN            ; MANUAL      ; Untyped                                 ;
; CASCADE_CHAIN          ; MANUAL      ; Untyped                                 ;
; DEVICE_FAMILY          ; Cyclone III ; Untyped                                 ;
+------------------------+-------------+-----------------------------------------+
Note: In order to hide this table in the UI and the text report file, please set the "Show Parameter Settings Tables in Synthesis Report" option in "Analysis and Synthesis Settings -> More Settings" to "Off".


+------------------------------------------------------------------------------------+
; Parameter Settings for User Entity Instance: xor8:inst49|lpm_xor:lpm_xor_component ;
+----------------+-------+-----------------------------------------------------------+
; Parameter Name ; Value ; Type                                                      ;
+----------------+-------+-----------------------------------------------------------+
; LPM_WIDTH      ; 4     ; Signed Integer                                            ;
; LPM_SIZE       ; 2     ; Signed Integer                                            ;
+----------------+-------+-----------------------------------------------------------+
Note: In order to hide this table in the UI and the text report file, please set the "Show Parameter Settings Tables in Synthesis Report" option in "Analysis and Synthesis Settings -> More Settings" to "Off".


+----------------------------------------------------------------------------+
; lpm_shiftreg Parameter Settings by Entity Instance                         ;
+----------------------------+-----------------------------------------------+
; Name                       ; Value                                         ;
+----------------------------+-----------------------------------------------+
; Number of entity instances ; 2                                             ;
; Entity Instance            ; RG1:inst|lpm_shiftreg:lpm_shiftreg_component  ;
;     -- LPM_WIDTH           ; 20                                            ;
;     -- LPM_DIRECTION       ; RIGHT                                         ;
; Entity Instance            ; RG3:inst7|lpm_shiftreg:lpm_shiftreg_component ;
;     -- LPM_WIDTH           ; 10                                            ;
;     -- LPM_DIRECTION       ; LEFT                                          ;
+----------------------------+-----------------------------------------------+


+-------------------------------+
; Analysis & Synthesis Messages ;
+-------------------------------+
Info: *******************************************************************
Info: Running Quartus II Analysis & Synthesis
    Info: Version 9.1 Build 350 03/24/2010 Service Pack 2 SJ Web Edition
    Info: Processing started: Tue Apr 13 21:51:16 2021
Info: Command: quartus_map --read_settings_files=on --write_settings_files=off divvv -c divvv
Info: Found 1 design units, including 1 entities, in source file divvv.bdf
    Info: Found entity 1: divvv
Info: Found 2 design units, including 1 entities, in source file orr.vhd
    Info: Found design unit 1: orr-SYN
    Info: Found entity 1: orr
Info: Found 2 design units, including 1 entities, in source file sm2.vhd
    Info: Found design unit 1: sm2-SYN
    Info: Found entity 1: sm2
Info: Found 2 design units, including 1 entities, in source file ct2.vhd
    Info: Found design unit 1: ct2-SYN
    Info: Found entity 1: ct2
Info: Found 1 design units, including 1 entities, in source file ua.v
    Info: Found entity 1: UA
Info: Found 2 design units, including 1 entities, in source file rg4.vhd
    Info: Found design unit 1: rg4-SYN
    Info: Found entity 1: rg4
Info: Found 2 design units, including 1 entities, in source file st2.vhd
    Info: Found design unit 1: st2-SYN
    Info: Found entity 1: st2
Info: Elaborating entity "divvv" for the top level hierarchy
Info: Elaborating entity "UA" for hierarchy "UA:inst33"
Warning (10762): Verilog HDL Case Statement warning at UA.v(47): can't check case statement for completeness because the case expression has too many possible states
Warning: Using design file rg2.tdf, which is not specified as a design file for the current project, but contains definitions for 1 design units and 1 entities in project
    Info: Found entity 1: RG2
Info: Elaborating entity "RG2" for hierarchy "RG2:inst3"
Info: Elaborating entity "lpm_ff" for hierarchy "RG2:inst3|lpm_ff:lpm_ff_component"
Info: Elaborated megafunction instantiation "RG2:inst3|lpm_ff:lpm_ff_component"
Info: Instantiated megafunction "RG2:inst3|lpm_ff:lpm_ff_component" with the following parameter:
    Info: Parameter "LPM_TYPE" = "LPM_FF"
    Info: Parameter "LPM_WIDTH" = "21"
    Info: Parameter "LPM_FFTYPE" = "DFF"
Warning: Using design file sm1.tdf, which is not specified as a design file for the current project, but contains definitions for 1 design units and 1 entities in project
    Info: Found entity 1: SM1
Info: Elaborating entity "SM1" for hierarchy "SM1:inst2"
Info: Elaborating entity "lpm_add_sub" for hierarchy "SM1:inst2|lpm_add_sub:lpm_add_sub_component"
Info: Elaborated megafunction instantiation "SM1:inst2|lpm_add_sub:lpm_add_sub_component"
Info: Instantiated megafunction "SM1:inst2|lpm_add_sub:lpm_add_sub_component" with the following parameter:
    Info: Parameter "LPM_TYPE" = "LPM_ADD_SUB"
    Info: Parameter "LPM_HINT" = "ONE_INPUT_IS_CONSTANT=NO,CIN_USED=YES"
    Info: Parameter "LPM_WIDTH" = "21"
    Info: Parameter "LPM_REPRESENTATION" = "UNSIGNED"
    Info: Parameter "LPM_DIRECTION" = "ADD"
Info: Found 1 design units, including 1 entities, in source file db/add_sub_q3i.tdf
    Info: Found entity 1: add_sub_q3i
Info: Elaborating entity "add_sub_q3i" for hierarchy "SM1:inst2|lpm_add_sub:lpm_add_sub_component|add_sub_q3i:auto_generated"
Warning: Using design file xor11.tdf, which is not specified as a design file for the current project, but contains definitions for 1 design units and 1 entities in project
    Info: Found entity 1: XOR11
Info: Elaborating entity "XOR11" for hierarchy "XOR11:inst1"
Info: Elaborating entity "lpm_xor" for hierarchy "XOR11:inst1|lpm_xor:lpm_xor_component"
Info: Elaborated megafunction instantiation "XOR11:inst1|lpm_xor:lpm_xor_component"
Info: Instantiated megafunction "XOR11:inst1|lpm_xor:lpm_xor_component" with the following parameter:
    Info: Parameter "LPM_TYPE" = "LPM_XOR"
    Info: Parameter "LPM_WIDTH" = "21"
    Info: Parameter "LPM_SIZE" = "2"
Warning: Using design file rg1.tdf, which is not specified as a design file for the current project, but contains definitions for 1 design units and 1 entities in project
    Info: Found entity 1: RG1
Info: Elaborating entity "RG1" for hierarchy "RG1:inst"
Info: Elaborating entity "lpm_shiftreg" for hierarchy "RG1:inst|lpm_shiftreg:lpm_shiftreg_component"
Info: Elaborated megafunction instantiation "RG1:inst|lpm_shiftreg:lpm_shiftreg_component"
Info: Instantiated megafunction "RG1:inst|lpm_shiftreg:lpm_shiftreg_component" with the following parameter:
    Info: Parameter "LPM_TYPE" = "LPM_SHIFTREG"
    Info: Parameter "LPM_WIDTH" = "20"
    Info: Parameter "LPM_DIRECTION" = "RIGHT"
Info: Elaborating entity "st2" for hierarchy "st2:inst22"
Info: Elaborating entity "lpm_counter" for hierarchy "st2:inst22|lpm_counter:lpm_counter_component"
Info: Elaborated megafunction instantiation "st2:inst22|lpm_counter:lpm_counter_component"
Info: Instantiated megafunction "st2:inst22|lpm_counter:lpm_counter_component" with the following parameter:
    Info: Parameter "lpm_direction" = "UNUSED"
    Info: Parameter "lpm_port_updown" = "PORT_USED"
    Info: Parameter "lpm_type" = "LPM_COUNTER"
    Info: Parameter "lpm_width" = "5"
Info: Found 1 design units, including 1 entities, in source file db/cntr_qhi.tdf
    Info: Found entity 1: cntr_qhi
Info: Elaborating entity "cntr_qhi" for hierarchy "st2:inst22|lpm_counter:lpm_counter_component|cntr_qhi:auto_generated"
Info: Elaborating entity "sm2" for hierarchy "sm2:inst19"
Info: Elaborating entity "lpm_add_sub" for hierarchy "sm2:inst19|lpm_add_sub:lpm_add_sub_component"
Info: Elaborated megafunction instantiation "sm2:inst19|lpm_add_sub:lpm_add_sub_component"
Info: Instantiated megafunction "sm2:inst19|lpm_add_sub:lpm_add_sub_component" with the following parameter:
    Info: Parameter "lpm_direction" = "ADD"
    Info: Parameter "lpm_hint" = "ONE_INPUT_IS_CONSTANT=NO,CIN_USED=YES"
    Info: Parameter "lpm_representation" = "UNSIGNED"
    Info: Parameter "lpm_type" = "LPM_ADD_SUB"
    Info: Parameter "lpm_width" = "5"
Info: Found 1 design units, including 1 entities, in source file db/add_sub_7hi.tdf
    Info: Found entity 1: add_sub_7hi
Info: Elaborating entity "add_sub_7hi" for hierarchy "sm2:inst19|lpm_add_sub:lpm_add_sub_component|add_sub_7hi:auto_generated"
Info: Elaborating entity "rg4" for hierarchy "rg4:inst21"
Info: Elaborating entity "lpm_ff" for hierarchy "rg4:inst21|lpm_ff:lpm_ff_component"
Info: Elaborated megafunction instantiation "rg4:inst21|lpm_ff:lpm_ff_component"
Info: Instantiated megafunction "rg4:inst21|lpm_ff:lpm_ff_component" with the following parameter:
    Info: Parameter "lpm_fftype" = "DFF"
    Info: Parameter "lpm_type" = "LPM_FF"
    Info: Parameter "lpm_width" = "5"
Warning: Entity "xor8" obtained from "E:/DivO/xor8.vhd" instead of from Quartus II megafunction library
Warning: Using design file xor8.vhd, which is not specified as a design file for the current project, but contains definitions for 2 design units and 1 entities in project
    Info: Found design unit 1: xor8-SYN
    Info: Found entity 1: xor8
Info: Elaborating entity "xor8" for hierarchy "xor8:inst40"
Info: Elaborating entity "lpm_xor" for hierarchy "xor8:inst40|lpm_xor:lpm_xor_component"
Info: Elaborated megafunction instantiation "xor8:inst40|lpm_xor:lpm_xor_component"
Info: Instantiated megafunction "xor8:inst40|lpm_xor:lpm_xor_component" with the following parameter:
    Info: Parameter "LPM_WIDTH" = "4"
    Info: Parameter "LPM_SIZE" = "2"
    Info: Parameter "LPM_TYPE" = "LPM_XOR"
    Info: Parameter "LPM_HINT" = "UNUSED"
Warning: Using design file ct1.tdf, which is not specified as a design file for the current project, but contains definitions for 1 design units and 1 entities in project
    Info: Found entity 1: CT1
Info: Elaborating entity "CT1" for hierarchy "CT1:inst9"
Info: Elaborating entity "lpm_counter" for hierarchy "CT1:inst9|lpm_counter:lpm_counter_component"
Info: Elaborated megafunction instantiation "CT1:inst9|lpm_counter:lpm_counter_component"
Info: Instantiated megafunction "CT1:inst9|lpm_counter:lpm_counter_component" with the following parameter:
    Info: Parameter "LPM_TYPE" = "LPM_COUNTER"
    Info: Parameter "LPM_WIDTH" = "5"
    Info: Parameter "LPM_DIRECTION" = "UP"
    Info: Parameter "LPM_PORT_UPDOWN" = "PORT_UNUSED"
Info: Found 1 design units, including 1 entities, in source file db/cntr_6cj.tdf
    Info: Found entity 1: cntr_6cj
Info: Elaborating entity "cntr_6cj" for hierarchy "CT1:inst9|lpm_counter:lpm_counter_component|cntr_6cj:auto_generated"
Warning: Using design file rg3.tdf, which is not specified as a design file for the current project, but contains definitions for 1 design units and 1 entities in project
    Info: Found entity 1: RG3
Info: Elaborating entity "RG3" for hierarchy "RG3:inst7"
Info: Elaborating entity "lpm_shiftreg" for hierarchy "RG3:inst7|lpm_shiftreg:lpm_shiftreg_component"
Info: Elaborated megafunction instantiation "RG3:inst7|lpm_shiftreg:lpm_shiftreg_component"
Info: Instantiated megafunction "RG3:inst7|lpm_shiftreg:lpm_shiftreg_component" with the following parameter:
    Info: Parameter "LPM_TYPE" = "LPM_SHIFTREG"
    Info: Parameter "LPM_WIDTH" = "10"
    Info: Parameter "LPM_DIRECTION" = "LEFT"
Warning: Entity "xor3" obtained from "E:/DivO/xor3.vhd" instead of from Quartus II megafunction library
Warning: Using design file xor3.vhd, which is not specified as a design file for the current project, but contains definitions for 2 design units and 1 entities in project
    Info: Found design unit 1: xor3-SYN
    Info: Found entity 1: xor3
Info: Elaborating entity "xor3" for hierarchy "xor3:inst45"
Info: Elaborating entity "lpm_xor" for hierarchy "xor3:inst45|lpm_xor:lpm_xor_component"
Info: Elaborated megafunction instantiation "xor3:inst45|lpm_xor:lpm_xor_component"
Info: Instantiated megafunction "xor3:inst45|lpm_xor:lpm_xor_component" with the following parameter:
    Info: Parameter "LPM_WIDTH" = "1"
    Info: Parameter "LPM_SIZE" = "3"
    Info: Parameter "LPM_TYPE" = "LPM_XOR"
    Info: Parameter "LPM_HINT" = "UNUSED"
Info: Elaborating entity "orr" for hierarchy "orr:inst8"
Info: Elaborating entity "LPM_OR" for hierarchy "orr:inst8|LPM_OR:lpm_or_component"
Info: Elaborated megafunction instantiation "orr:inst8|LPM_OR:lpm_or_component"
Info: Instantiated megafunction "orr:inst8|LPM_OR:lpm_or_component" with the following parameter:
    Info: Parameter "LPM_WIDTH" = "1"
    Info: Parameter "LPM_SIZE" = "4"
    Info: Parameter "LPM_TYPE" = "LPM_OR"
    Info: Parameter "LPM_HINT" = "UNUSED"
Info: Implemented 254 device resources after synthesis - the final resource count might be different
    Info: Implemented 17 input pins
    Info: Implemented 43 output pins
    Info: Implemented 194 logic cells
Info: Quartus II Analysis & Synthesis was successful. 0 errors, 11 warnings
    Info: Peak virtual memory: 254 megabytes
    Info: Processing ended: Tue Apr 13 21:52:44 2021
    Info: Elapsed time: 00:01:28
    Info: Total CPU time (on all processors): 00:00:14


