Analysis & Synthesis report for UA
Wed May 19 09:14:14 2021
Quartus II Version 9.0 Build 132 02/25/2009 SJ Full Version


---------------------
; Table of Contents ;
---------------------
  1. Legal Notice
  2. Analysis & Synthesis Summary
  3. Analysis & Synthesis Settings
  4. Source assignments for ct4:UAinst|lpm_counter:lpm_counter_component
  5. Parameter Settings for User Entity Instance: dc4:UAinst1|lpm_decode:lpm_decode_component
  6. Parameter Settings for User Entity Instance: ct4:UAinst|lpm_counter:lpm_counter_component
  7. Parameter Settings for User Entity Instance: reg:UAinst2|lpm_ff:lpm_ff_component
  8. Analysis & Synthesis Messages



----------------
; Legal Notice ;
----------------
Copyright (C) 1991-2009 Altera Corporation
Your use of Altera Corporation's design tools, logic functions 
and other software and tools, and its AMPP partner logic 
functions, and any output files from any of the foregoing 
(including device programming or simulation files), and any 
associated documentation or information are expressly subject 
to the terms and conditions of the Altera Program License 
Subscription Agreement, Altera MegaCore Function License 
Agreement, or other applicable license agreement, including, 
without limitation, that your use is for the sole purpose of 
programming logic devices manufactured by Altera and sold by 
Altera or its authorized distributors.  Please refer to the 
applicable agreement for further details.



+-------------------------------------------------------------------------------+
; Analysis & Synthesis Summary                                                  ;
+------------------------------------+------------------------------------------+
; Analysis & Synthesis Status        ; Failed - Wed May 19 09:14:14 2021        ;
; Quartus II Version                 ; 9.0 Build 132 02/25/2009 SJ Full Version ;
; Revision Name                      ; UA                                       ;
; Top-level Entity Name              ; UA                                       ;
; Family                             ; Cyclone III                              ;
; Total logic elements               ; N/A until Partition Merge                ;
;     Total combinational functions  ; N/A until Partition Merge                ;
;     Dedicated logic registers      ; N/A until Partition Merge                ;
; Total registers                    ; N/A until Partition Merge                ;
; Total pins                         ; N/A until Partition Merge                ;
; Total virtual pins                 ; N/A until Partition Merge                ;
; Total memory bits                  ; N/A until Partition Merge                ;
; Embedded Multiplier 9-bit elements ; N/A until Partition Merge                ;
; Total PLLs                         ; N/A until Partition Merge                ;
+------------------------------------+------------------------------------------+


+----------------------------------------------------------------------------------------------------------+
; Analysis & Synthesis Settings                                                                            ;
+----------------------------------------------------------------+--------------------+--------------------+
; Option                                                         ; Setting            ; Default Value      ;
+----------------------------------------------------------------+--------------------+--------------------+
; Device                                                         ; EP3C5E144C8        ;                    ;
; Top-level entity name                                          ; UA                 ; UA                 ;
; Family name                                                    ; Cyclone III        ; Stratix II         ;
; Use Generated Physical Constraints File                        ; Off                ;                    ;
; Use smart compilation                                          ; Off                ; Off                ;
; Restructure Multiplexers                                       ; Auto               ; Auto               ;
; Create Debugging Nodes for IP Cores                            ; Off                ; Off                ;
; Preserve fewer node names                                      ; On                 ; On                 ;
; Disable OpenCore Plus hardware evaluation                      ; Off                ; Off                ;
; Verilog Version                                                ; Verilog_2001       ; Verilog_2001       ;
; VHDL Version                                                   ; VHDL93             ; VHDL93             ;
; State Machine Processing                                       ; Auto               ; Auto               ;
; Safe State Machine                                             ; Off                ; Off                ;
; Extract Verilog State Machines                                 ; On                 ; On                 ;
; Extract VHDL State Machines                                    ; On                 ; On                 ;
; Ignore Verilog initial constructs                              ; Off                ; Off                ;
; Iteration limit for constant Verilog loops                     ; 5000               ; 5000               ;
; Iteration limit for non-constant Verilog loops                 ; 250                ; 250                ;
; Add Pass-Through Logic to Inferred RAMs                        ; On                 ; On                 ;
; Parallel Synthesis                                             ; Off                ; Off                ;
; DSP Block Balancing                                            ; Auto               ; Auto               ;
; NOT Gate Push-Back                                             ; On                 ; On                 ;
; Power-Up Don't Care                                            ; On                 ; On                 ;
; Remove Redundant Logic Cells                                   ; Off                ; Off                ;
; Remove Duplicate Registers                                     ; On                 ; On                 ;
; Ignore CARRY Buffers                                           ; Off                ; Off                ;
; Ignore CASCADE Buffers                                         ; Off                ; Off                ;
; Ignore GLOBAL Buffers                                          ; Off                ; Off                ;
; Ignore ROW GLOBAL Buffers                                      ; Off                ; Off                ;
; Ignore LCELL Buffers                                           ; Off                ; Off                ;
; Ignore SOFT Buffers                                            ; On                 ; On                 ;
; Limit AHDL Integers to 32 Bits                                 ; Off                ; Off                ;
; Optimization Technique                                         ; Balanced           ; Balanced           ;
; Carry Chain Length                                             ; 70                 ; 70                 ;
; Auto Carry Chains                                              ; On                 ; On                 ;
; Auto Open-Drain Pins                                           ; On                 ; On                 ;
; Perform WYSIWYG Primitive Resynthesis                          ; Off                ; Off                ;
; Auto ROM Replacement                                           ; On                 ; On                 ;
; Auto RAM Replacement                                           ; On                 ; On                 ;
; Auto DSP Block Replacement                                     ; On                 ; On                 ;
; Auto Shift Register Replacement                                ; Auto               ; Auto               ;
; Auto Clock Enable Replacement                                  ; On                 ; On                 ;
; Strict RAM Replacement                                         ; Off                ; Off                ;
; Allow Synchronous Control Signals                              ; On                 ; On                 ;
; Force Use of Synchronous Clear Signals                         ; Off                ; Off                ;
; Auto RAM Block Balancing                                       ; On                 ; On                 ;
; Auto RAM to Logic Cell Conversion                              ; Off                ; Off                ;
; Auto Resource Sharing                                          ; Off                ; Off                ;
; Allow Any RAM Size For Recognition                             ; Off                ; Off                ;
; Allow Any ROM Size For Recognition                             ; Off                ; Off                ;
; Allow Any Shift Register Size For Recognition                  ; Off                ; Off                ;
; Use LogicLock Constraints during Resource Balancing            ; On                 ; On                 ;
; Ignore translate_off and synthesis_off directives              ; Off                ; Off                ;
; Timing-Driven Synthesis                                        ; Off                ; Off                ;
; Show Parameter Settings Tables in Synthesis Report             ; On                 ; On                 ;
; Ignore Maximum Fan-Out Assignments                             ; Off                ; Off                ;
; Synchronization Register Chain Length                          ; 2                  ; 2                  ;
; PowerPlay Power Optimization                                   ; Normal compilation ; Normal compilation ;
; HDL message level                                              ; Level2             ; Level2             ;
; Suppress Register Optimization Related Messages                ; Off                ; Off                ;
; Number of Removed Registers Reported in Synthesis Report       ; 100                ; 100                ;
; Number of Inverted Registers Reported in Synthesis Report      ; 100                ; 100                ;
; Clock MUX Protection                                           ; On                 ; On                 ;
; Auto Gated Clock Conversion                                    ; Off                ; Off                ;
; Block Design Naming                                            ; Auto               ; Auto               ;
; SDC constraint protection                                      ; Off                ; Off                ;
; Synthesis Effort                                               ; Auto               ; Auto               ;
; Allows Asynchronous Clear Usage For Shift Register Replacement ; On                 ; On                 ;
; Analysis & Synthesis Message Level                             ; Medium             ; Medium             ;
+----------------------------------------------------------------+--------------------+--------------------+


+---------------------------------------------------------------------+
; Source assignments for ct4:UAinst|lpm_counter:lpm_counter_component ;
+---------------------------+-------+------+--------------------------+
; Assignment                ; Value ; From ; To                       ;
+---------------------------+-------+------+--------------------------+
; SUPPRESS_DA_RULE_INTERNAL ; a101  ; -    ; -                        ;
; SUPPRESS_DA_RULE_INTERNAL ; s102  ; -    ; -                        ;
; SUPPRESS_DA_RULE_INTERNAL ; s103  ; -    ; -                        ;
+---------------------------+-------+------+--------------------------+


+------------------------------------------------------------------------------------------+
; Parameter Settings for User Entity Instance: dc4:UAinst1|lpm_decode:lpm_decode_component ;
+------------------------+-------------+---------------------------------------------------+
; Parameter Name         ; Value       ; Type                                              ;
+------------------------+-------------+---------------------------------------------------+
; LPM_WIDTH              ; 4           ; Signed Integer                                    ;
; LPM_DECODES            ; 16          ; Signed Integer                                    ;
; LPM_PIPELINE           ; 0           ; Untyped                                           ;
; CASCADE_CHAIN          ; MANUAL      ; Untyped                                           ;
; DEVICE_FAMILY          ; Cyclone III ; Untyped                                           ;
; CBXI_PARAMETER         ; decode_lbf  ; Untyped                                           ;
; AUTO_CARRY_CHAINS      ; ON          ; AUTO_CARRY                                        ;
; IGNORE_CARRY_BUFFERS   ; OFF         ; IGNORE_CARRY                                      ;
; AUTO_CASCADE_CHAINS    ; ON          ; AUTO_CASCADE                                      ;
; IGNORE_CASCADE_BUFFERS ; OFF         ; IGNORE_CASCADE                                    ;
+------------------------+-------------+---------------------------------------------------+
Note: In order to hide this table in the UI and the text report file, please set the "Show Parameter Settings Tables in Synthesis Report" option in "Analysis and Synthesis Settings -> More Settings" to "Off".


+-------------------------------------------------------------------------------------------+
; Parameter Settings for User Entity Instance: ct4:UAinst|lpm_counter:lpm_counter_component ;
+------------------------+-------------+----------------------------------------------------+
; Parameter Name         ; Value       ; Type                                               ;
+------------------------+-------------+----------------------------------------------------+
; AUTO_CARRY_CHAINS      ; ON          ; AUTO_CARRY                                         ;
; IGNORE_CARRY_BUFFERS   ; OFF         ; IGNORE_CARRY                                       ;
; AUTO_CASCADE_CHAINS    ; ON          ; AUTO_CASCADE                                       ;
; IGNORE_CASCADE_BUFFERS ; OFF         ; IGNORE_CASCADE                                     ;
; LPM_WIDTH              ; 4           ; Signed Integer                                     ;
; LPM_DIRECTION          ; DEFAULT     ; Untyped                                            ;
; LPM_MODULUS            ; 0           ; Untyped                                            ;
; LPM_AVALUE             ; UNUSED      ; Untyped                                            ;
; LPM_SVALUE             ; UNUSED      ; Untyped                                            ;
; LPM_PORT_UPDOWN        ; PORT_USED   ; Untyped                                            ;
; DEVICE_FAMILY          ; Cyclone III ; Untyped                                            ;
; CARRY_CHAIN            ; MANUAL      ; Untyped                                            ;
; CARRY_CHAIN_LENGTH     ; 48          ; CARRY_CHAIN_LENGTH                                 ;
; NOT_GATE_PUSH_BACK     ; ON          ; NOT_GATE_PUSH_BACK                                 ;
; CARRY_CNT_EN           ; SMART       ; Untyped                                            ;
; LABWIDE_SCLR           ; ON          ; Untyped                                            ;
; USE_NEW_VERSION        ; TRUE        ; Untyped                                            ;
; CBXI_PARAMETER         ; cntr_4ii    ; Untyped                                            ;
+------------------------+-------------+----------------------------------------------------+
Note: In order to hide this table in the UI and the text report file, please set the "Show Parameter Settings Tables in Synthesis Report" option in "Analysis and Synthesis Settings -> More Settings" to "Off".


+----------------------------------------------------------------------------------+
; Parameter Settings for User Entity Instance: reg:UAinst2|lpm_ff:lpm_ff_component ;
+------------------------+-------------+-------------------------------------------+
; Parameter Name         ; Value       ; Type                                      ;
+------------------------+-------------+-------------------------------------------+
; LPM_WIDTH              ; 9           ; Signed Integer                            ;
; LPM_AVALUE             ; UNUSED      ; Untyped                                   ;
; LPM_SVALUE             ; UNUSED      ; Untyped                                   ;
; LPM_FFTYPE             ; DFF         ; Untyped                                   ;
; DEVICE_FAMILY          ; Cyclone III ; Untyped                                   ;
; CBXI_PARAMETER         ; NOTHING     ; Untyped                                   ;
; AUTO_CARRY_CHAINS      ; ON          ; AUTO_CARRY                                ;
; IGNORE_CARRY_BUFFERS   ; OFF         ; IGNORE_CARRY                              ;
; AUTO_CASCADE_CHAINS    ; ON          ; AUTO_CASCADE                              ;
; IGNORE_CASCADE_BUFFERS ; OFF         ; IGNORE_CASCADE                            ;
+------------------------+-------------+-------------------------------------------+
Note: In order to hide this table in the UI and the text report file, please set the "Show Parameter Settings Tables in Synthesis Report" option in "Analysis and Synthesis Settings -> More Settings" to "Off".


+-------------------------------+
; Analysis & Synthesis Messages ;
+-------------------------------+
Info: *******************************************************************
Info: Running Quartus II Analysis & Synthesis
    Info: Version 9.0 Build 132 02/25/2009 SJ Full Version
    Info: Processing started: Wed May 19 09:14:13 2021
Info: Command: quartus_map --read_settings_files=on --write_settings_files=off UA -c UA
Info: Found 1 design units, including 1 entities, in source file UA.bdf
    Info: Found entity 1: UA
Info: Elaborating entity "UA" for the top level hierarchy
Warning: Using design file dc4.vhd, which is not specified as a design file for the current project, but contains definitions for 2 design units and 1 entities in project
    Info: Found design unit 1: dc4-SYN
    Info: Found entity 1: dc4
Info: Elaborating entity "dc4" for hierarchy "dc4:UAinst1"
Info: Elaborating entity "lpm_decode" for hierarchy "dc4:UAinst1|lpm_decode:lpm_decode_component"
Info: Elaborated megafunction instantiation "dc4:UAinst1|lpm_decode:lpm_decode_component"
Info: Instantiated megafunction "dc4:UAinst1|lpm_decode:lpm_decode_component" with the following parameter:
    Info: Parameter "lpm_decodes" = "16"
    Info: Parameter "lpm_type" = "LPM_DECODE"
    Info: Parameter "lpm_width" = "4"
Info: Found 1 design units, including 1 entities, in source file db/decode_lbf.tdf
    Info: Found entity 1: decode_lbf
Info: Elaborating entity "decode_lbf" for hierarchy "dc4:UAinst1|lpm_decode:lpm_decode_component|decode_lbf:auto_generated"
Warning: Using design file ct4.vhd, which is not specified as a design file for the current project, but contains definitions for 2 design units and 1 entities in project
    Info: Found design unit 1: ct4-SYN
    Info: Found entity 1: ct4
Info: Elaborating entity "ct4" for hierarchy "ct4:UAinst"
Info: Elaborating entity "lpm_counter" for hierarchy "ct4:UAinst|lpm_counter:lpm_counter_component"
Info: Elaborated megafunction instantiation "ct4:UAinst|lpm_counter:lpm_counter_component"
Info: Instantiated megafunction "ct4:UAinst|lpm_counter:lpm_counter_component" with the following parameter:
    Info: Parameter "lpm_direction" = "UNUSED"
    Info: Parameter "lpm_port_updown" = "PORT_USED"
    Info: Parameter "lpm_type" = "LPM_COUNTER"
    Info: Parameter "lpm_width" = "4"
Info: Found 1 design units, including 1 entities, in source file db/cntr_4ii.tdf
    Info: Found entity 1: cntr_4ii
Info: Elaborating entity "cntr_4ii" for hierarchy "ct4:UAinst|lpm_counter:lpm_counter_component|cntr_4ii:auto_generated"
Warning: Using design file reg.vhd, which is not specified as a design file for the current project, but contains definitions for 2 design units and 1 entities in project
    Info: Found design unit 1: reg-SYN
    Info: Found entity 1: reg
Info: Elaborating entity "reg" for hierarchy "reg:UAinst2"
Info: Elaborating entity "lpm_ff" for hierarchy "reg:UAinst2|lpm_ff:lpm_ff_component"
Info: Elaborated megafunction instantiation "reg:UAinst2|lpm_ff:lpm_ff_component"
Info: Instantiated megafunction "reg:UAinst2|lpm_ff:lpm_ff_component" with the following parameter:
    Info: Parameter "lpm_fftype" = "DFF"
    Info: Parameter "lpm_type" = "LPM_FF"
    Info: Parameter "lpm_width" = "9"
Error: Port "aclr" does not exist in macrofunction "UAinst"
Error: Quartus II Analysis & Synthesis was unsuccessful. 1 error, 3 warnings
    Error: Peak virtual memory: 244 megabytes
    Error: Processing ended: Wed May 19 09:14:14 2021
    Error: Elapsed time: 00:00:01
    Error: Total CPU time (on all processors): 00:00:01


