c:\users\user\source\repos\3-я лабораторная\3-я лабораторная\debug\vc142.pdb
c:\users\user\source\repos\3-я лабораторная\3-я лабораторная\debug\vc142.idb
c:\users\user\source\repos\3-я лабораторная\3-я лабораторная\debug\3-я лабораторная.obj
c:\users\user\source\repos\3-я лабораторная\3-я лабораторная\debug\consoleapplication3.obj
c:\users\user\onedrive\рабочий стол\3-я лабораторная\3-я лабораторная\debug\vc142.pdb
c:\users\user\onedrive\рабочий стол\3-я лабораторная\3-я лабораторная\debug\vc142.idb
c:\users\user\onedrive\рабочий стол\3-я лабораторная\3-я лабораторная\debug\3-я лабораторная.obj
c:\users\user\source\repos\3-я лабораторная\debug\3-я лабораторная.exe
c:\users\user\source\repos\3-я лабораторная\debug\3-я лабораторная.ilk
c:\users\user\source\repos\3-я лабораторная\debug\3-я лабораторная.pdb
c:\users\user\onedrive\рабочий стол\3-я лабораторная\debug\3-я лабораторная.exe
c:\users\user\onedrive\рабочий стол\3-я лабораторная\debug\3-я лабораторная.ilk
c:\users\user\onedrive\рабочий стол\3-я лабораторная\debug\3-я лабораторная.pdb
c:\users\user\source\repos\3-я лабораторная\3-я лабораторная\debug\ww.obj
c:\users\user\onedrive\рабочий стол\3-я лабораторная\3-я лабораторная\debug\consoleapplication3.obj
c:\users\user\onedrive\рабочий стол\3-я лабораторная\3-я лабораторная\debug\prog1.obj
c:\users\user\onedrive\рабочий стол\3-я лабораторная\3-я лабораторная\debug\prog2.obj
c:\users\user\onedrive\рабочий стол\3-я лабораторная\3-я лабораторная\debug\source.obj
c:\users\user\onedrive\рабочий стол\3-я лабораторная\3-я лабораторная\debug\ww.obj
c:\users\user\onedrive\рабочий стол\3-я лабораторная\3-я лабораторная\debug\второй.obj
c:\users\user\onedrive\рабочий стол\3-я лабораторная\3-я лабораторная\debug\3-я лабораторная.tlog\cl.command.1.tlog
c:\users\user\onedrive\рабочий стол\3-я лабораторная\3-я лабораторная\debug\3-я лабораторная.tlog\cl.read.1.tlog
c:\users\user\onedrive\рабочий стол\3-я лабораторная\3-я лабораторная\debug\3-я лабораторная.tlog\cl.write.1.tlog
c:\users\user\onedrive\рабочий стол\3-я лабораторная\3-я лабораторная\debug\3-я лабораторная.tlog\link.command.1.tlog
c:\users\user\onedrive\рабочий стол\3-я лабораторная\3-я лабораторная\debug\3-я лабораторная.tlog\link.read.1.tlog
c:\users\user\onedrive\рабочий стол\3-я лабораторная\3-я лабораторная\debug\3-я лабораторная.tlog\link.write.1.tlog
c:\users\user\onedrive\рабочий стол\3-я лабораторная\3-я лабораторная\debug\3-я лабораторная.tlog\masm.read.1u.tlog
c:\users\user\onedrive\рабочий стол\3-я лабораторная\3-я лабораторная\debug\3-я лабораторная.tlog\masm.write.1u.tlog
