  3-я лабораторная.cpp
C:\Users\user\OneDrive\Рабочий стол\5-я лаб\3-я лабораторная\3-я лабораторная.cpp(422,27): warning C4244: =: преобразование "TCHAR" в "char", возможна потеря данных
C:\Users\user\OneDrive\Рабочий стол\5-я лаб\3-я лабораторная\3-я лабораторная.cpp(435,26): warning C4244: аргумент: преобразование "TCHAR" в "const _Elem", возможна потеря данных
          with
          [
              _Elem=char
          ]
C:\Users\user\OneDrive\Рабочий стол\5-я лаб\3-я лабораторная\3-я лабораторная.cpp(438,28): warning C4244: аргумент: преобразование "TCHAR" в "_Elem", возможна потеря данных
          with
          [
              _Elem=char
          ]
C:\Users\user\OneDrive\Рабочий стол\5-я лаб\3-я лабораторная\3-я лабораторная.cpp(441,29): warning C4244: аргумент: преобразование "TCHAR" в "_Elem", возможна потеря данных
          with
          [
              _Elem=char
          ]
C:\Users\user\OneDrive\Рабочий стол\5-я лаб\3-я лабораторная\3-я лабораторная.cpp(444,30): warning C4244: аргумент: преобразование "TCHAR" в "_Elem", возможна потеря данных
          with
          [
              _Elem=char
          ]
C:\Users\user\OneDrive\Рабочий стол\5-я лаб\3-я лабораторная\3-я лабораторная.cpp(484,42): warning C4244: аргумент: преобразование "TCHAR" в "_Elem", возможна потеря данных
          with
          [
              _Elem=char
          ]
C:\Users\user\OneDrive\Рабочий стол\5-я лаб\3-я лабораторная\3-я лабораторная.cpp(487,43): warning C4244: аргумент: преобразование "TCHAR" в "_Elem", возможна потеря данных
          with
          [
              _Elem=char
          ]
C:\Users\user\OneDrive\Рабочий стол\5-я лаб\3-я лабораторная\3-я лабораторная.cpp(490,41): warning C4244: аргумент: преобразование "TCHAR" в "_Elem", возможна потеря данных
          with
          [
              _Elem=char
          ]
  3-я лабораторная.vcxproj -> C:\Users\user\OneDrive\Рабочий стол\5-я лаб\Debug\3-я лабораторная.exe
